69.1714
69.1213
69.0759
69.0406
69.0021
68.9646
68.9378
68.919
68.8998
68.8857
68.8755
68.8659
68.857
68.8455
68.8314
68.8229
68.8147
68.806
68.7975
68.795
68.7836
68.7655
68.7452
68.7271
68.7121
68.6883
68.6591
68.6256
68.5931
68.5615
68.5368
68.508
68.478
68.4471
68.4165
68.3872
68.3552
68.3219
68.2865
68.2398
68.19
68.1383
68.0859
68.037
67.9918
67.9413
67.8988
67.853
67.8148
67.7723
67.7281
67.6841
67.6441
67.6014
67.5484
67.4994
67.4522
67.4026
67.3572
67.3111
67.2817
67.2598
67.2348
67.1995
67.166
67.1342
67.0965
67.0548
67.0123
66.9701
66.9254
66.8837
66.8444
66.8034
66.7632
66.7219
66.6776
66.6335
66.5866
66.5368
66.4973
66.4651
66.4371
66.4073
66.3749
66.3479
66.3291
66.3092
66.2959
66.2797
66.2564
66.2376
66.2204
66.2006
66.1786
66.1589
66.1427
66.1276
66.1117
66.1012
66.0916
66.0909
66.0952
66.0989
66.0981
66.1036
66.1035
66.11
66.1113
66.114
66.123
66.1333
66.1414
66.1494
66.1587
66.1727
66.186
66.2054
66.2237
66.2444
66.265
66.2864
66.3069
66.3304
66.3539
66.3768
66.4018
66.4274
66.4524
66.4765
66.5007
66.5234
66.5424
66.5606
66.5851
66.607
66.623
66.6429
66.6597
66.6739
66.6864
66.6975
66.7112
66.725
66.7409
66.7609
66.7817
66.8036
66.8234
66.8404
66.8591
66.8769
66.8949
66.9158
66.9343
66.9536
66.9713
66.9889
67.0084
67.0239
67.042
67.0535
67.0554
67.0584
67.0601
67.0629
67.063
67.0595
67.056
67.0557
67.0533
67.0503
67.046
67.0443
67.0438
67.0415
67.0387
67.0308
67.0214
67.0128
67.0056
66.999
66.9949
66.9898
66.9829
66.9765
