54.23
54.41
54.31
54.27
54.59
55.66
56.06
56.53
57.13
56.73
58.19
58.02
57.76
58.02
57.87
57.93
57.56
57.98
58.07
58.11
56.9
57.13
58.01
58.76
59.62
59.07
57.87
56.84
58.5
58.79
60.21
62.09
62.06
62.9
63.76
64.64
65.34
64.26
63.13
62.1
63.63
63.84
63.86
63.28
62.9
63.17
63.5
64.4
65.06
65.4
65.72
66.02
66.56
67.07
66.4
66.06
66.23
64.21
64.24
65.01
65.54
65.64
66.29
66.96
67.48
66.96
67.32
67.75
68.51
68.71
67.8
67.38
67.36
66.63
66.98
66.65
67.45
66.4
66.4
65.19
65.07
65.87
67.94
68.96
69.84
69.84
69.84
70.27
71.62
71.09
68.77
69.94
70.01
69.1
68.05
69.8
70.74
71.43
72.31
72.46
