50.2066
50.2194
50.2294
50.2221
50.2061
50.1912
50.1797
50.1688
50.1583
50.1416
50.1198
50.0989
50.082
50.0711
50.0579
50.043
50.026
50.0081
49.9901
49.9784
49.9646
49.9533
49.9568
49.9646
49.9823
50.0116
50.0478
50.0822
50.1006
50.1254
50.1364
50.1433
50.1457
50.1473
50.1539
50.1488
50.1434
50.1393
50.1357
50.1272
50.1218
50.114
50.1032
50.0927
50.0833
50.0788
50.0748
50.0708
50.0638
50.0513
50.0422
50.0283
50.0171
50.0038
49.9904
49.9902
49.9896
49.9864
49.9887
49.9854
49.9792
49.9744
49.9699
49.9717
49.9806
49.9902
49.9974
50.0008
50.0037
50.0053
50.0088
50.0148
50.0186
50.0249
50.0321
50.035
50.0362
50.0414
50.0514
50.0551
50.0627
50.0687
50.0559
50.0439
50.0326
50.0114
49.981
49.9525
49.9302
49.9033
49.88
49.8599
49.8377
49.8177
49.7982
49.7841
49.7692
49.7514
49.7339
49.7186
49.6992
49.6835
49.6686
49.6551
49.6401
49.6312
49.6256
49.6198
49.6209
49.6334
49.6476
49.6719
49.6882
49.7057
49.7332
49.7592
49.7914
49.8174
49.842
49.867
49.8923
49.9183
49.9478
49.978
50.0097
50.0383
50.065
50.0933
50.1215
50.1493
50.1768
50.2041
50.2317
50.2576
50.2827
50.3101
50.3411
50.3719
50.3971
50.4256
50.4501
50.4736
50.5027
50.5312
50.5611
50.5887
50.6149
50.6412
50.6645
50.6902
50.7172
50.7429
50.7696
50.7956
50.8203
50.8444
50.8683
50.9013
50.9309
50.9586
50.9876
51.0157
51.0456
51.0753
51.1074
51.1331
51.1552
51.1757
51.1938
51.2048
51.2106
51.2181
51.2253
51.2338
51.2326
51.2314
51.2228
51.2193
51.2147
51.2085
51.2008
51.191
51.1797
51.1708
51.1618
51.1518
51.1448
51.1353
51.1265
51.118
51.1092
51.0986
51.0862
51.0749
51.0647
