99.7715
99.8453
99.9196
99.9361
99.952
99.9669
99.968
99.9876
100.0186
100.0543
100.0803
100.1012
100.1068
100.1197
100.1288
100.1368
100.1379
100.1333
100.1269
100.1312
100.1587
100.1872
100.2297
100.2904
100.353
100.419
100.4767
100.555
100.6414
100.7112
100.7737
100.8252
100.8987
100.9675
101.0325
101.089
101.137
101.1891
101.243
101.2931
101.3425
101.3955
101.4485
101.502
101.553
101.6035
101.6537
101.7545
101.8179
101.8557
101.8864
101.9234
101.9472
101.9613
101.975
102.0009
102.038
102.0671
102.0926
102.1135
102.1356
102.1809
102.2187
102.2399
102.2762
102.3131
102.3384
102.3591
102.3792
102.4034
102.4204
102.4359
102.4624
102.4758
102.473
102.4656
102.4524
102.4339
102.4106
102.395
102.3533
102.2997
102.2291
102.1429
102.0527
101.9609
101.8782
101.7762
101.6715
101.5691
101.477
101.3876
101.2894
101.1969
101.1134
101.0385
100.9525
100.8618
100.7655
100.6718
100.5887
100.4796
100.3761
100.2627
100.1443
100.0215
99.9065
99.7348
99.6028
99.518
99.4366
99.3505
99.2763
99.2147
99.1658
99.1229
99.0662
99.0159
98.9739
98.9318
98.9035
98.8734
98.8569
98.846
98.8152
98.7787
98.7458
98.7209
98.6888
98.6597
98.6417
98.6335
98.6146
98.6048
98.614
98.6246
98.6451
98.6777
98.723
98.7571
98.8067
98.8459
98.8721
98.9014
98.9403
98.9708
98.9978
99.0272
99.0613
99.089
99.1117
99.1411
99.1753
99.2116
99.2446
99.2781
99.3156
99.3591
99.4108
99.4621
99.5019
99.5701
99.6369
99.7157
99.8289
99.9489
100.0814
100.2113
100.3468
100.4625
100.5675
100.6677
100.7565
100.8395
100.919
100.9867
101.0644
101.1379
101.218
101.2935
101.3548
101.4098
101.4611
101.5148
101.5722
101.6299
101.6889
101.7492
