174.3666
174.3327
174.2939
174.2644
174.2329
174.1999
174.169
174.1359
174.0912
174.0491
174.0071
173.9598
173.9096
173.8588
173.8084
173.7574
173.7092
173.6598
173.6085
173.5593
173.5057
173.4423
173.3595
173.2738
173.1742
173.0766
172.9878
172.9006
172.8428
172.7896
172.7211
172.6527
172.5782
172.4975
172.4236
172.3422
172.2638
172.185
172.1018
172.0167
171.9348
171.8491
171.7602
171.6769
171.5959
171.5145
171.4347
171.3469
171.2568
171.2048
171.1519
171.0904
171.029
170.9756
170.9255
170.8913
170.8551
170.8234
170.7924
170.7675
170.7454
170.7175
170.6966
170.6696
170.6456
170.6273
170.6031
170.5809
170.5666
170.5501
170.5366
170.5268
170.5193
170.5119
170.5059
170.5004
170.4858
170.4666
170.4381
170.4077
170.3865
170.3752
170.3946
170.4114
170.437
170.4652
170.4855
170.5046
170.5161
170.5225
170.5391
170.5526
170.5644
170.5812
170.5998
170.6176
170.6266
170.6374
170.6564
170.6741
170.6877
170.705
170.718
170.734
170.7498
170.7673
170.7791
170.7966
170.81
170.7892
170.7728
170.7644
170.7504
170.7307
170.7179
170.6992
170.6795
170.6599
170.6441
170.6269
170.608
170.5848
170.5575
170.5324
170.506
170.4781
170.4531
170.4278
170.3981
170.368
170.3557
170.3473
170.3597
170.3824
170.4105
170.4434
170.4809
170.5214
170.5736
170.6302
170.6838
170.7333
170.7727
170.8126
170.8583
170.8998
170.9381
170.9783
171.0183
171.0596
171.0959
171.1336
171.174
171.2157
171.255
171.2957
171.3474
171.3996
171.4501
171.5012
171.5551
171.6164
171.6857
171.7525
171.8218
171.8972
171.9681
172.0327
172.1084
172.1823
172.2497
172.3237
172.3997
172.474
172.5459
172.618
172.6955
172.7681
172.8404
172.9154
172.9875
173.0642
173.1399
173.2197
173.3061
173.3926
173.4786
173.5658
173.649
173.7372
173.8089
173.8762
173.925
173.9613
173.9969
174.0235
174.0548
174.0852
174.1122
