95.3366
95.3514
95.3666
95.3879
95.4113
95.4306
95.4496
95.4636
95.4829
95.5047
95.5223
95.5343
95.5483
95.5607
95.5728
95.5867
95.5966
95.6075
95.6201
95.6405
95.6681
95.6953
95.7215
95.7467
95.7664
95.7859
95.8047
95.8157
95.8189
95.8258
95.8374
95.8574
95.8846
95.9139
95.9496
95.981
96.0014
96.0242
96.0457
96.0734
96.1014
96.1247
96.145
96.166
96.1892
96.2252
96.2504
96.285
96.3277
96.3604
96.374
96.3934
96.4121
96.4146
96.3983
96.3831
96.3733
96.3749
96.3783
96.3793
96.3821
96.3908
96.3961
96.4016
96.4056
96.4089
96.4121
96.4166
96.4174
96.4109
96.4092
96.4151
96.4236
96.4275
96.4297
96.4307
96.4252
96.4167
96.4
96.3727
96.3426
96.3132
96.2848
96.2624
96.246
96.2276
96.2106
96.1981
96.1869
96.1742
96.1584
96.1385
96.1107
96.0857
96.054
96.0196
95.996
95.97
95.9472
95.9402
95.9319
95.9265
95.9177
95.9075
95.8984
95.8835
95.8745
95.8575
95.824
95.8034
95.7996
95.7939
95.7864
95.7899
95.8173
95.8331
95.8449
95.849
95.8452
95.8467
95.8402
95.83
95.8149
95.7972
95.788
95.7719
95.751
95.7292
95.704
95.6773
95.6541
95.6246
95.5881
95.5631
95.5386
95.5089
95.4822
95.4556
95.4391
95.4235
95.405
95.3877
95.3683
95.3468
95.3243
95.3087
95.2882
95.2655
95.242
95.2217
95.1988
95.1577
95.131
95.1065
95.0855
95.0705
95.0546
95.0329
95.0119
94.9718
94.9432
94.9193
94.9095
94.9013
94.894
94.884
94.8719
94.8615
94.854
94.8559
94.8584
94.8622
94.8655
94.8693
94.8709
94.8736
94.8749
94.8805
94.8877
94.8946
94.9043
94.9119
94.9225
94.9287
94.9295
94.9388
