84.6876
84.6735
84.6547
84.6417
84.6215
84.5968
84.571
84.5499
84.5368
84.528
84.5186
84.508
84.4974
84.489
84.4863
84.4786
84.4718
84.4683
84.4703
84.484
84.5077
84.5243
84.5495
84.5816
84.6161
84.6633
84.7236
84.7703
84.801
84.8366
84.8772
84.9295
84.9892
85.039
85.0883
85.145
85.2051
85.2643
85.3061
85.3405
85.378
85.4175
85.4575
85.5014
85.5542
85.6007
85.6312
85.6462
85.6575
85.6737
85.6863
85.6954
85.7188
85.7524
85.8186
85.864
85.9012
85.9457
85.993
86.042
86.0975
86.1625
86.222
86.2735
86.323
86.3737
86.4258
86.4744
86.519
86.5522
86.583
86.6163
86.6462
86.6707
86.6899
86.707
86.7221
86.7311
86.7491
86.7514
86.7433
86.7385
86.7258
86.7125
86.6966
86.6698
86.64
86.6093
86.5828
86.5566
86.5273
86.4931
86.4623
86.4313
86.4014
86.3691
86.339
86.3093
86.2922
86.2809
86.2588
86.2373
86.207
86.1737
86.1358
86.1054
86.0929
86.0994
86.1015
86.0955
86.0907
86.0865
86.0739
86.0648
86.0536
86.0502
86.0514
86.0507
86.0444
86.0484
86.0464
86.0445
86.0387
86.0299
86.0255
86.0209
86.0155
86.009
86.0069
86.012
86.02
86.0295
86.0401
86.0508
86.067
86.0883
86.1159
86.1414
86.1477
86.1656
86.1785
86.188
86.1975
86.2109
86.2292
86.2457
86.2582
86.2719
86.2846
86.2896
86.2936
86.3007
86.3058
86.3145
86.3196
86.3273
86.3343
86.3391
86.3413
86.3414
86.3617
86.3771
86.3998
86.4246
86.4537
86.4788
86.5078
86.5274
86.5518
86.5822
86.6166
86.6513
86.6859
86.7167
86.7445
86.766
86.7925
86.8127
86.8378
86.8497
86.866
86.8855
86.9045
86.9265
86.9463
86.9688
