56.0648
56.0603
56.0553
56.0449
56.0361
56.0281
56.018
56.0073
55.9923
55.9788
55.9654
55.9537
55.9416
55.9311
55.9197
55.9094
55.897
55.8857
55.8764
55.8664
55.8597
55.849
55.8398
55.8336
55.8263
55.8189
55.8167
55.8095
55.7987
55.7967
55.7975
55.8001
55.8065
55.8155
55.8241
55.8327
55.8394
55.8429
55.8462
55.8494
55.8512
55.8539
55.8569
55.8589
55.862
55.8656
55.8721
55.8763
55.8838
55.8911
55.8965
55.8997
55.9059
55.9037
55.8949
55.8837
55.8769
55.8687
55.8619
55.8564
55.8523
55.8502
55.8492
55.8499
55.8521
55.8562
55.8598
55.8637
55.8717
55.8791
55.8854
55.8921
55.9012
55.9058
55.9073
55.9114
55.9155
55.9218
55.9268
55.9298
55.9287
55.9309
55.9317
55.9308
55.9311
55.9286
55.9203
55.9164
55.9128
55.9095
55.9031
55.8931
55.8793
55.8577
55.8367
55.8139
55.7917
55.7694
55.7441
55.7176
55.7027
55.6859
55.6675
55.6483
55.6255
55.6032
55.582
55.5618
55.5382
55.5132
55.4913
55.4716
55.4496
55.4346
55.4242
55.4159
55.4051
55.3977
55.3901
55.3802
55.3666
55.3516
55.336
55.3186
55.3005
55.2833
55.2688
55.2532
55.2347
55.2162
55.1967
55.1787
55.1566
55.1364
55.1191
55.098
55.0767
55.0521
55.0286
55.0076
54.9875
54.9681
54.9494
54.9288
54.9078
54.889
54.8723
54.8549
54.838
54.8207
54.8076
54.7994
54.7859
54.7813
54.7738
54.7687
54.7651
54.7623
54.7632
54.7662
54.7581
54.7507
54.7441
54.7379
54.7332
54.7265
54.7168
54.7064
54.6961
54.6862
54.6758
54.6668
54.6572
54.6502
54.6439
54.6367
54.6303
54.6213
54.6109
54.6034
54.5975
54.593
54.5875
54.5827
54.5784
54.572
54.5648
54.5576
