147.7773
147.7615
147.7454
147.7336
147.7219
147.7088
147.6966
147.682
147.6666
147.6573
147.6471
147.6352
147.6247
147.6129
147.6008
147.588
147.5749
147.5627
147.5507
147.5394
147.5339
147.5279
147.5236
147.5241
147.5235
147.5227
147.5249
147.5249
147.5205
147.5165
147.5155
147.5145
147.5182
147.5279
147.5362
147.5424
147.5442
147.546
147.5417
147.5362
147.5314
147.5245
147.5193
147.517
147.5159
147.521
147.5188
147.5167
147.5165
147.5176
147.5156
147.5109
147.5084
147.4704
147.452
147.4434
147.4453
147.4609
147.4678
147.4738
147.477
147.4772
147.478
147.4733
147.4683
147.4631
147.4572
147.4433
147.4358
147.4255
147.4169
147.4074
147.4135
147.4215
147.4065
147.4106
147.4131
147.4171
147.4133
147.4068
147.3952
147.3885
147.3864
147.3841
147.387
147.3865
147.3865
147.3803
147.3761
147.3738
147.3706
147.3676
147.3598
147.3453
147.3324
147.3188
147.3059
147.2944
147.2802
147.2672
147.2614
147.2581
147.2379
147.2264
147.2207
147.2203
147.2248
147.2338
147.2318
147.2258
147.2222
147.224
147.224
147.246
147.2695
147.2867
147.3029
147.3201
147.3362
147.3485
147.3613
147.374
147.3862
147.4035
147.4176
147.4348
147.457
147.4829
147.5043
147.5171
147.5357
147.56
147.5698
147.5797
147.6188
147.6388
147.6593
147.6707
147.6935
147.7163
147.7391
147.7601
147.7774
147.7891
147.795
147.8051
147.8161
147.8258
147.8383
147.8465
147.8537
147.855
147.8571
147.8672
147.8666
147.8677
147.8733
147.8787
147.8873
147.8963
147.9002
147.9213
147.9608
147.996
148.028
148.0545
148.0835
148.1115
148.1407
148.1735
148.206
148.241
148.275
148.314
148.3583
148.3988
148.4382
148.4716
148.5084
148.5459
148.583
148.6212
148.6627
148.7022
148.7466
148.7923
148.8316
148.8758
