178.7204
178.6704
178.6204
178.5807
178.5437
178.5475
178.5811
178.591
178.6268
178.6681
178.7195
178.7692
178.8366
178.9053
178.9538
178.9836
179.0333
179.0684
179.095
179.114
179.1509
179.1931
179.2573
179.3181
179.3025
179.2688
179.1969
179.1226
179.0222
178.8834
178.7798
178.6991
178.6035
178.4876
178.3617
178.2232
178.0902
177.9621
177.8333
177.6962
177.5484
177.4002
177.2468
177.0902
176.9247
176.7505
176.5724
176.3897
176.2035
175.9888
175.7798
175.6097
175.4502
175.2816
175.1183
174.9628
174.8074
174.6298
174.464
174.285
174.083
173.8845
173.694
173.5367
173.3867
173.2061
173.0341
172.8682
172.7096
172.5369
172.3514
172.1755
171.9916
171.8126
171.6357
171.4557
171.2444
171.0402
170.8786
170.7262
170.5661
170.4094
170.2379
170.0814
170.0199
169.9777
169.9602
169.9481
169.944
169.9646
169.9645
169.9556
169.9668
169.9878
170.0221
170.0674
170.1019
170.1402
170.1787
170.2237
170.2703
170.3103
170.3595
170.415
170.4679
170.5322
170.593
170.6456
170.7218
170.8545
170.9654
171.0469
171.1215
171.1989
171.3038
171.4083
171.51
171.5919
171.6787
171.7673
171.8612
171.961
172.0511
172.1287
172.213
172.3038
172.3876
172.4713
172.5443
172.6146
172.7043
172.7945
172.8845
172.9704
173.0519
173.134
173.2527
173.3695
173.4365
173.4941
173.5596
173.6185
173.6805
173.725
173.7561
173.7863
173.8197
173.851
173.882
173.9243
173.9653
174.0051
174.0434
174.0772
174.102
174.1232
174.1488
174.1661
174.1725
174.1807
174.186
174.1983
174.2031
174.213
174.2251
174.2319
174.2509
174.2707
174.2565
174.2118
174.1747
174.1589
174.1279
174.0961
174.0264
173.9642
173.9065
173.8731
173.8358
173.8064
173.7926
173.7706
173.7553
173.7399
173.7222
173.7017
173.6824
173.6507
173.6286
173.6193
173.6073
173.588
173.57
173.5467
173.5315
