87.2426
87.1784
87.1084
87.0535
87.0002
86.9469
86.8938
86.8441
86.7987
86.7568
86.71
86.6686
86.6279
86.5837
86.5386
86.5008
86.4593
86.4175
86.3747
86.335
86.2963
86.253
86.2195
86.184
86.1472
86.1088
86.0752
86.0448
86.0248
85.9989
85.9833
85.9661
85.9437
85.9268
85.9123
85.9043
85.8929
85.8783
85.8655
85.8505
85.8322
85.8187
85.8051
85.7919
85.7779
85.7641
85.7516
85.7396
85.7251
85.7024
85.6807
85.6451
85.6057
85.57
85.5394
85.5015
85.4628
85.4345
85.4082
85.3954
85.392
85.3948
85.4023
85.3986
85.3981
85.3995
85.4045
85.4094
85.4049
85.3984
85.4036
85.4029
85.4003
85.398
85.3979
85.3961
85.3992
85.4033
85.3968
85.3761
85.3566
85.3421
85.3135
85.2877
85.2631
85.2434
85.2201
85.2031
85.1847
85.1712
85.157
85.1453
85.1397
85.129
85.1184
85.1041
85.0903
85.0771
85.0616
85.0456
85.0321
85.0154
84.9967
84.9724
84.9517
84.9407
84.9304
84.9226
84.9132
84.9122
84.9101
84.9184
84.9309
84.9364
84.9346
84.9383
84.9414
84.9544
84.9697
84.9707
84.9769
84.9815
84.9873
84.9908
84.9916
84.9867
84.9807
84.9759
84.9716
84.9666
84.9479
84.9384
84.9301
84.9206
84.9108
84.8956
84.8763
84.8558
84.8491
84.853
84.8537
84.8537
84.8595
84.8606
84.8689
84.8787
84.8847
84.8857
84.8904
84.8973
84.9047
84.9066
84.9056
84.9027
84.903
84.9025
84.9042
84.9142
84.9237
84.9417
84.9576
84.9716
84.9926
85.0174
85.0381
85.0507
85.0614
85.0687
85.088
85.1088
85.1256
85.1323
85.1351
85.1394
85.1488
85.1597
85.1657
85.1652
85.1677
85.1741
85.1821
85.1904
85.196
85.204
85.2127
85.2257
85.2399
85.2515
85.261
85.2711
85.292
85.3088
85.3228
85.3388
85.3549
