39.7661
39.7733
39.7788
39.7852
39.7893
39.7934
39.7988
39.8039
39.806
39.8096
39.8127
39.8154
39.8181
39.8204
39.8235
39.8276
39.8302
39.8331
39.8357
39.8377
39.8298
39.8213
39.8048
39.7868
39.7664
39.7473
39.7312
39.7128
39.6943
39.6771
39.6608
39.6473
39.6345
39.6227
39.6121
39.6015
39.5907
39.5802
39.5704
39.5612
39.5514
39.5399
39.5283
39.5181
39.5081
39.4972
39.485
39.4706
39.4511
39.4342
39.4177
39.4035
39.3913
39.3805
39.3687
39.3572
39.3363
39.3186
39.3044
39.2918
39.2773
39.2647
39.2532
39.2417
39.2286
39.2177
39.2073
39.1964
39.1864
39.177
39.1677
39.159
39.1498
39.1384
39.1275
39.1173
39.1057
39.0953
39.0859
39.0771
39.0775
39.0783
39.0867
39.0965
39.1083
39.1198
39.1281
39.1374
39.1456
39.1531
39.161
39.1673
39.1731
39.1782
39.1831
39.1868
39.1913
39.1952
39.1984
39.2016
39.2039
39.2066
39.2084
39.2093
39.2088
39.2102
39.2129
39.2182
39.2286
39.2351
39.241
39.2448
39.2473
39.2484
39.2515
39.2542
39.2577
39.2617
39.2636
39.2646
39.2679
39.2695
39.2707
39.2704
39.273
39.2746
39.2765
39.279
39.2827
39.2856
39.2887
39.2913
39.2948
39.3008
39.3077
39.3127
39.3179
39.3207
39.3227
39.3248
39.3267
39.3287
39.3315
39.334
39.3374
39.3393
39.342
39.3438
39.3466
39.3494
39.3508
39.3498
39.347
39.3458
39.3475
39.3482
39.349
39.35
39.3503
39.3504
39.3511
39.3516
39.3518
39.3518
39.3532
39.3531
39.3529
39.3517
39.3502
39.3503
39.3506
39.3504
39.3503
39.3509
39.3509
39.3507
39.3498
39.3505
39.3486
39.3471
39.3451
39.3457
39.3452
39.3456
39.3461
39.3453
39.3424
39.3401
39.3366
39.3336
39.3299
