111.3934
111.3895
111.3899
111.3805
111.3733
111.3678
111.3623
111.3603
111.3596
111.3596
111.3608
111.365
111.3718
111.3723
111.3779
111.3893
111.4073
111.4242
111.4413
111.4563
111.4715
111.4857
111.5006
111.5156
111.5071
111.4951
111.4858
111.4787
111.4726
111.4772
111.4702
111.4702
111.4692
111.46
111.4457
111.4382
111.4335
111.4315
111.4254
111.4202
111.4157
111.4106
111.4035
111.3983
111.3901
111.382
111.3698
111.3571
111.343
111.3345
111.3248
111.3166
111.3041
111.292
111.2818
111.2791
111.2781
111.2828
111.2843
111.2809
111.2762
111.271
111.2672
111.2649
111.2619
111.2564
111.2519
111.2472
111.2412
111.2369
111.2329
111.2266
111.218
111.21
111.1969
111.177
111.1566
111.1377
111.1207
111.103
111.0838
111.0645
111.0412
111.018
111.0122
111.0097
111.0054
111.0027
111.0032
110.9982
110.9909
110.9822
110.9721
110.9658
110.9637
110.9597
110.954
110.9452
110.9408
110.9373
110.9332
110.9302
110.9289
110.9284
110.9312
110.9242
110.9265
110.9257
110.9307
110.9301
110.9341
110.9351
110.9378
110.9398
110.9368
110.9261
110.9136
110.8986
110.888
110.8811
110.8746
110.867
110.8596
110.8516
110.8433
110.834
110.8246
110.815
110.8084
110.7997
110.8007
110.8007
110.7981
110.801
110.8026
110.8032
110.8042
110.8035
110.8005
110.7975
110.7928
110.7895
110.7875
110.784
110.7842
110.7887
110.792
110.7945
110.7955
110.7963
110.7967
110.7945
110.7897
110.7846
110.7781
110.7698
110.7625
110.7552
110.7466
110.7381
110.7297
110.7197
110.7107
110.697
110.6835
110.677
110.659
110.6442
110.6259
110.6076
110.5884
110.5709
110.5556
110.5417
110.5292
110.5198
110.5105
110.5017
110.4908
110.4792
110.4679
110.4585
110.4477
110.4382
110.4295
110.424
110.4107
110.3963
110.3811
110.366
110.3453
110.3289
110.3187
110.3007
110.2865
110.2722
110.2582
110.247
110.2355
