235.1137
235.2074
235.2762
235.354
235.4352
235.5332
235.614
235.7087
235.8095
235.9
235.9794
236.0269
236.0775
236.1229
236.1607
236.2029
236.2515
236.2988
236.3569
236.4439
236.5291
236.5932
236.6716
236.7525
236.8409
236.9213
237.0204
237.1074
237.1633
237.1997
237.2086
237.2197
237.2256
237.2591
237.2988
237.3434
237.3816
237.4221
237.4126
237.4119
237.3972
237.3926
237.3671
237.3531
237.3521
237.3416
237.2354
237.1521
237.0681
236.981
236.8883
236.8086
236.7304
236.6771
236.6573
236.6616
236.6511
236.6377
236.6364
236.6314
236.6396
236.672
236.679
236.6893
236.6766
236.662
236.6376
236.5921
236.5465
236.5008
236.4793
236.4795
236.4682
236.4673
236.4624
236.4242
236.3862
236.3494
236.3035
236.22
236.1166
236.0222
235.9165
235.7978
235.6707
235.5407
235.4065
235.254
235.1155
234.9706
234.8181
234.6535
234.488
234.3035
234.1126
233.9262
233.7281
233.5008
233.3636
233.2085
233.0475
232.8842
232.7611
232.6528
232.5481
232.453
232.4603
232.4465
232.4334
232.4128
232.4093
232.3864
232.3644
232.3314
232.2909
232.2509
232.206
232.1624
232.1251
232.0917
232.0659
232.0364
232.0077
231.9834
231.9679
231.9559
231.9509
231.9532
231.9529
231.9514
231.9513
231.9648
231.9779
231.9861
232.0009
232.0495
232.099
232.1302
232.1808
232.2327
232.2908
232.3475
232.4137
232.4731
232.5242
232.574
232.6295
232.6863
232.7339
232.778
232.8315
232.8957
232.9567
233.0235
233.0905
233.1535
233.2191
233.2989
233.3311
233.3742
233.4439
233.5373
233.6098
233.677
233.7607
233.8285
233.884
233.9388
233.9764
234.0207
234.0817
234.1377
234.1945
234.2613
234.351
234.437
234.5382
234.6253
234.7036
234.7868
234.8627
234.9463
235.0258
235.1122
235.1993
