123.3842
123.423
123.469
123.493
123.5122
123.5242
123.5459
123.581
123.6072
123.6255
123.6421
123.6621
123.6793
123.6892
123.7063
123.7258
123.7444
123.7653
123.7792
123.7987
123.8142
123.8262
123.84
123.8564
123.8476
123.8572
123.8726
123.8967
123.8929
123.9012
123.9301
123.9553
123.9762
123.9902
124.0086
124.0269
124.0289
124.0358
124.0418
124.0418
124.0425
124.0405
124.0388
124.0399
124.0437
124.0509
124.0574
124.0569
124.0561
124.0679
124.0777
124.0876
124.0859
124.0869
124.1013
124.1268
124.1501
124.1729
124.2048
124.2382
124.2723
124.3001
124.3261
124.3547
124.3994
124.4499
124.4902
124.5289
124.5697
124.6152
124.6651
124.7081
124.7505
124.7965
124.8378
124.8794
124.9404
124.9935
125.044
125.0806
125.1276
125.186
125.25
125.3115
125.3885
125.4515
125.5051
125.5543
125.6015
125.645
125.6813
125.7143
125.762
125.813
125.869
125.9216
125.9728
126.0259
126.079
126.134
126.1903
126.2446
126.2968
126.3514
126.4054
126.4564
126.5061
126.5521
126.6041
126.6486
126.7013
126.7483
126.7933
126.836
126.8725
126.901
126.9277
126.9499
126.9724
126.9933
127.012
127.032
127.0523
127.0721
127.0864
127.0964
127.1059
127.1078
127.1083
127.1053
127.1173
127.1351
127.1646
127.1909
127.2104
127.2246
127.2189
127.2271
127.2407
127.2592
127.2723
127.2788
127.2746
127.2729
127.2781
127.2795
127.2853
127.2901
127.2991
127.309
127.3208
127.333
127.3387
127.3435
127.3433
127.3461
127.3534
127.3636
127.3766
127.385
127.4002
127.419
127.4307
127.4388
127.4437
127.447
127.4498
127.4575
127.4592
127.4562
127.4428
127.4326
127.4258
127.4203
127.4146
127.4026
127.3951
127.3936
127.3919
127.3993
127.4074
127.4129
127.4188
127.4266
127.4365
127.4532
127.4871
127.5232
127.5512
127.5835
127.6094
127.6346
127.6524
127.6631
127.6809
127.7008
127.7292
127.7541
127.778
