63.8536
63.8547
63.8497
63.8428
63.8414
63.8432
63.8389
63.835
63.8332
63.831
63.8275
63.8204
63.811
63.8027
63.7977
63.7934
63.7902
63.7871
63.7859
63.7872
63.7835
63.7845
63.7865
63.7861
63.7878
63.7878
63.7879
63.7891
63.783
63.7755
63.7665
63.758
63.7498
63.7392
63.7264
63.7162
63.7057
63.695
63.6859
63.6758
63.665
63.656
63.6422
63.6297
63.6176
63.6057
63.5861
63.5604
63.5377
63.5149
63.4907
63.4662
63.4386
63.4097
63.3832
63.3541
63.33
63.3078
63.2853
63.263
63.2382
63.2142
63.197
63.1781
63.1617
63.1416
63.1236
63.1038
63.0823
63.0648
63.0448
63.029
63.0112
62.9943
62.9763
62.9571
62.9389
62.9213
62.9044
62.8843
62.8683
62.8489
62.8296
62.8132
62.7946
62.7759
62.7583
62.7399
62.7219
62.7056
62.6909
62.6781
62.6678
62.6583
62.6527
62.6454
62.6369
62.6282
62.6153
62.6018
62.5872
62.5741
62.5654
62.5564
62.5471
62.5381
62.5369
62.5407
62.5419
62.5474
62.5536
62.5616
62.5711
62.5767
62.5834
62.5914
62.6001
62.6066
62.6149
62.6242
62.6346
62.644
62.652
62.6616
62.6716
62.6818
62.6915
62.7029
62.7142
62.7228
62.7335
62.7405
62.7486
62.7528
62.7605
62.7689
62.7769
62.7835
62.7899
62.7964
62.8038
62.8108
62.8175
62.823
62.8297
62.8352
62.841
62.8455
62.851
62.8571
62.8641
62.8693
62.8738
62.8796
62.8858
62.8921
62.9025
62.9145
62.9315
62.9416
62.9486
62.9556
62.9617
62.9637
62.964
62.9598
62.9553
62.9525
62.9512
62.9435
62.9335
62.9242
62.9145
62.9036
62.8919
62.8778
62.8614
62.8468
62.8313
62.8154
62.7966
62.7754
62.7541
62.7309
62.7074
