75.4449
75.4736
75.5039
75.5409
75.5769
75.6121
75.6499
75.6856
75.7186
75.754
75.7932
75.8332
75.8712
75.9099
75.9457
75.9857
76.0268
76.0664
76.1058
76.1463
76.1898
76.2308
76.2737
76.312
76.3524
76.3884
76.4199
76.4506
76.4793
76.5044
76.5304
76.5547
76.5784
76.6016
76.6231
76.6444
76.6634
76.6784
76.6938
76.7094
76.7228
76.7329
76.7416
76.7539
76.7641
76.7734
76.7804
76.7869
76.7941
76.8012
76.8051
76.8136
76.8231
76.8334
76.8461
76.8539
76.8611
76.8658
76.8679
76.8684
76.8662
76.8645
76.8614
76.8542
76.8475
76.8434
76.8342
76.8256
76.8188
76.8118
76.8058
76.7996
76.7906
76.7844
76.7759
76.7637
76.7485
76.7348
76.7194
76.7007
76.6785
76.6585
76.6345
76.6192
76.6035
76.5914
76.584
76.578
76.5744
76.5706
76.5657
76.5592
76.551
76.5448
76.5397
76.5336
76.5265
76.5199
76.5161
76.5064
76.4947
76.4833
76.4734
76.4629
76.4534
76.4484
76.4446
76.4419
76.4407
76.4372
76.4374
76.4339
76.4286
76.4237
76.4194
76.4157
76.4141
76.4101
76.4068
76.4036
76.402
76.3991
76.3968
76.3934
76.3915
76.3907
76.3904
76.3895
76.3908
76.3925
76.3928
76.3961
76.4028
76.404
76.4081
76.4128
76.4215
76.4276
76.435
76.4444
76.454
76.4642
76.4767
76.4883
76.4974
76.5051
76.5119
76.5177
76.5255
76.5344
76.5395
76.5447
76.5464
76.5486
76.55
76.5506
76.5526
76.5547
76.5536
76.558
76.5632
76.57
76.5745
76.5788
76.5822
76.5845
76.587
76.5882
76.5891
76.5938
76.5971
76.5988
76.601
76.6038
76.6049
76.6079
76.6108
76.6186
76.6243
76.6297
76.6335
76.6379
76.6399
76.6423
76.6415
76.6378
76.6356
76.6353
76.6316
76.6283
