10.4735
10.4845
10.4959
10.5077
10.5202
10.5313
10.5432
10.5555
10.5682
10.582
10.5967
10.6106
10.6252
10.6372
10.6502
10.6629
10.6759
10.6882
10.6999
10.7104
10.7198
10.7293
10.7394
10.7495
10.7593
10.7699
10.78
10.7831
10.7891
10.7949
10.7998
10.8052
10.809
10.8129
10.8175
10.8216
10.8253
10.8284
10.8313
10.8344
10.8374
10.8403
10.8431
10.8457
10.8482
10.8512
10.8537
10.8552
10.8562
10.8567
10.8559
10.8557
10.8552
10.8541
10.853
10.8517
10.8515
10.851
10.8507
10.8502
10.8491
10.8472
10.8459
10.8449
10.8442
10.8438
10.8432
10.842
10.8407
10.8392
10.837
10.8351
10.8321
10.8284
10.8253
10.8222
10.8189
10.8145
10.8099
10.8061
10.8033
10.8002
10.7972
10.7947
10.7922
10.789
10.7863
10.7828
10.7793
10.7756
10.7716
10.7677
10.7635
10.7589
10.7539
10.75
10.7461
10.7424
10.7385
10.7333
10.728
10.7235
10.7194
10.7154
10.711
10.7066
10.702
10.6979
10.6942
10.6909
10.6886
10.6861
10.6835
10.6814
10.6797
10.6784
10.6764
10.6746
10.6728
10.6712
10.6694
10.6671
10.6649
10.6612
10.6587
10.6559
10.6525
10.6489
10.6456
10.642
10.6387
10.6361
10.6339
10.6328
10.6314
10.6304
10.6296
10.6294
10.6293
10.6291
10.629
10.6288
10.6287
10.6286
10.6285
10.6279
10.6276
10.6276
10.6279
10.6283
10.6275
10.6274
10.6274
10.6279
10.6281
10.628
10.6293
10.6303
10.6318
10.6341
10.6365
10.638
10.6389
10.6395
10.6403
10.6406
10.6408
10.6412
10.6414
10.6424
10.6431
10.6435
10.6439
10.6443
10.6447
10.6451
10.6463
10.6477
10.6492
10.6509
10.6526
10.6543
10.6554
10.6581
10.6592
10.6601
10.6613
10.6631
10.6649
10.6667
