180.4989
180.5241
180.5119
180.4844
180.4768
180.4836
180.4883
180.4848
180.4802
180.4724
180.4602
180.4514
180.4482
180.4534
180.4599
180.4761
180.5112
180.546
180.5922
180.6329
180.6704
180.7591
180.8495
180.9398
181.0047
181.0785
181.1465
181.1972
181.2477
181.2397
181.2265
181.2075
181.2009
181.1796
181.1733
181.1602
181.1467
181.1285
181.1047
181.0619
181.0319
180.991
180.9749
180.9566
180.921
180.8836
180.8467
180.8014
180.7461
180.7091
180.6912
180.6649
180.6452
180.6446
180.6282
180.6157
180.6126
180.6018
180.5977
180.5978
180.6019
180.6111
180.6278
180.6533
180.6599
180.6482
180.6324
180.6216
180.6178
180.6148
180.6099
180.6021
180.5941
180.5747
180.5564
180.5192
180.4757
180.4373
180.3917
180.3538
180.3141
180.2194
180.1263
180.0306
179.9628
179.8811
179.8058
179.7414
179.6876
179.6417
179.6148
179.5918
179.5611
179.5311
179.5016
179.4798
179.4599
179.4534
179.4416
179.4333
179.4321
179.4299
179.4093
179.3732
179.3555
179.3434
179.3359
179.3386
179.343
179.3308
179.3018
179.2857
179.2704
179.2645
179.269
179.293
179.3071
179.3391
179.3729
179.4034
179.4417
179.4787
179.5143
179.5478
179.5885
179.6337
179.6817
179.7305
179.7757
179.8215
179.8719
179.9228
179.9688
180.0221
180.0745
180.1468
180.2106
180.269
180.335
180.3855
180.4416
180.5033
180.563
180.6275
180.6847
180.741
180.7955
180.853
180.9023
180.9518
181.0003
181.0558
181.115
181.1719
181.2301
181.2862
181.3377
181.3819
181.429
181.477
181.5168
181.5576
181.6074
181.6688
181.7168
181.7759
181.8348
181.8894
181.9442
182.0078
182.07
182.1262
182.1725
182.1977
182.2136
182.2164
182.231
182.2387
182.24
182.2471
182.2444
182.2426
182.2428
182.2392
182.2347
182.2307
182.2227
182.2103
182.2003
182.1832
