83.7866
83.7959
83.8034
83.8116
83.8281
83.8449
83.8648
83.8837
83.8972
83.9087
83.9142
83.921
83.926
83.9338
83.9408
83.95
83.9583
83.9698
83.9827
83.9958
84.0058
84.013
84.0202
84.0355
84.0515
84.0688
84.0862
84.1053
84.1212
84.1343
84.1455
84.1543
84.1615
84.1677
84.1759
84.1846
84.1929
84.2004
84.2054
84.2108
84.2151
84.2186
84.2221
84.2261
84.2266
84.2306
84.2354
84.2434
84.2479
84.2533
84.2565
84.2596
84.2628
84.2806
84.2945
84.3051
84.3197
84.3308
84.3385
84.3417
84.3407
84.339
84.3379
84.3369
84.3343
84.3356
84.3363
84.3402
84.3463
84.353
84.3604
84.3651
84.3668
84.366
84.3602
84.3497
84.3426
84.337
84.3265
84.3153
84.3066
84.301
84.3016
84.2896
84.2786
84.2658
84.2541
84.2433
84.2295
84.2175
84.2062
84.198
84.1905
84.185
84.179
84.1733
84.1653
84.1565
84.1517
84.1485
84.1475
84.1547
84.1592
84.1633
84.17
84.1708
84.1733
84.1743
84.1747
84.1752
84.1728
84.1737
84.1751
84.1765
84.18
84.1829
84.1831
84.1851
84.1876
84.1911
84.1963
84.201
84.2068
84.2181
84.2266
84.2387
84.2612
84.2788
84.2957
84.3132
84.3304
84.3476
84.3696
84.3909
84.4177
84.4484
84.4759
84.5017
84.5317
84.5599
84.5874
84.614
84.6357
84.66
84.6816
84.707
84.7305
84.7551
84.781
84.8049
84.8275
84.8454
84.8669
84.8838
84.903
84.9208
84.9423
84.9657
84.9827
84.9957
85.0065
85.0074
85.0122
85.0159
85.0192
85.0245
85.025
85.0255
85.0284
85.0312
85.0374
85.0415
85.046
85.052
85.0597
85.0674
85.0763
85.0869
85.0988
85.1075
85.1146
85.1208
85.1253
85.1242
85.1262
85.1239
85.1128
85.1058
85.1033
85.0988
85.0928
