175.5209
175.4806
175.4354
175.3521
175.2825
175.1779
175.0845
175.0031
174.9214
174.8385
174.7624
174.6848
174.5922
174.5089
174.4056
174.3085
174.2124
174.1196
174.0105
173.8977
173.7815
173.6516
173.5451
173.4324
173.3181
173.2204
173.1134
172.9902
172.8751
172.764
172.6422
172.5541
172.4525
172.3665
172.286
172.2132
172.1484
172.0768
172.0108
171.9406
171.8574
171.7514
171.633
171.5224
171.4
171.2748
171.1393
171.0235
170.8579
170.6867
170.5055
170.3362
170.148
169.9401
169.7237
169.52
169.333
169.1485
168.9536
168.7641
168.5609
168.3713
168.1906
168.0299
167.8868
167.7441
167.5781
167.4255
167.2688
167.1173
166.9746
166.841
166.7094
166.5669
166.4238
166.304
166.1766
166.0529
165.9424
165.8416
165.7584
165.6844
165.6034
165.5207
165.4454
165.3644
165.3017
165.2571
165.2035
165.1515
165.0925
165.0361
164.9954
164.9609
164.9394
164.9281
164.9143
164.8915
164.8771
164.8776
164.8805
164.8892
164.8675
164.8502
164.829
164.8068
164.7888
164.7397
164.7515
164.769
164.7997
164.8136
164.8431
164.9174
164.9951
165.0802
165.1357
165.1775
165.2418
165.3155
165.3966
165.467
165.5312
165.5883
165.6327
165.6699
165.7099
165.7322
165.7648
165.7948
165.824
165.8637
165.9014
165.9487
166.0147
166.0684
166.1265
166.1764
166.2286
166.2721
166.3313
166.398
166.4702
166.5644
166.6492
166.733
166.822
166.9145
167.0125
167.1066
167.2171
167.3265
167.4256
167.5111
167.5947
167.6889
167.7844
167.8784
167.9658
168.0398
168.1113
168.1843
168.2969
168.396
168.5086
168.6319
168.7614
168.9102
169.0627
169.2027
169.3422
169.4706
169.5998
169.6965
169.8096
169.909
170.0213
170.1372
170.24
170.346
170.4558
170.566
170.6793
170.7872
170.898
171.0076
171.118
171.2356
171.3438
171.4504
171.5542
171.6517
171.7415
171.829
