59.3462
59.3743
59.3998
59.4237
59.4486
59.4732
59.5011
59.5295
59.5616
59.5882
59.6142
59.6382
59.6686
59.7011
59.7305
59.7593
59.7851
59.8117
59.8381
59.8667
59.8909
59.9109
59.9296
59.9491
59.9661
59.9855
60.0048
60.0278
60.053
60.0766
60.1009
60.1264
60.1537
60.1812
60.2035
60.2226
60.2363
60.2483
60.2577
60.2677
60.2778
60.2857
60.2878
60.2892
60.2914
60.2997
60.3037
60.306
60.3063
60.306
60.3057
60.3042
60.2962
60.2807
60.2647
60.2444
60.2214
60.1988
60.1781
60.1599
60.1455
60.1274
60.1111
60.0959
60.0819
60.0674
60.0485
60.0302
60.0109
59.9975
59.9872
59.9875
59.9835
59.9735
59.9631
59.9521
59.9441
59.9325
59.9219
59.9079
59.8967
59.89
59.8869
59.8847
59.883
59.8751
59.8657
59.8532
59.8404
59.8261
59.8087
59.7908
59.7704
59.7489
59.73
59.7138
59.7021
59.6913
59.6785
59.6635
59.647
59.636
59.6312
59.628
59.6245
59.6182
59.6167
59.6188
59.6207
59.6177
59.6146
59.613
59.6186
59.6283
59.6333
59.6353
59.6376
59.6402
59.6418
59.642
59.6398
59.6391
59.6369
59.6345
59.6296
59.6307
59.6329
59.6392
59.6464
59.6547
59.6596
59.6569
59.6567
59.6588
59.6647
59.6687
59.6717
59.6776
59.6835
59.691
59.7
59.71
59.7195
59.7282
59.7402
59.7537
59.7679
59.7826
59.7968
59.8117
59.8274
59.8431
59.8531
59.8653
59.8766
59.885
59.8904
59.897
59.9034
59.9123
59.9227
59.9288
59.9295
59.9279
59.9226
59.9149
59.9066
59.8961
59.8852
59.8769
59.8694
59.8623
59.8553
59.848
59.839
59.8316
59.8247
59.8179
59.8119
59.8059
59.8023
59.7973
59.7943
59.7919
59.7924
59.7869
59.7815
59.7711
