44.295
44.2795
44.2651
44.2543
44.2461
44.2398
44.2326
44.2266
44.2206
44.2153
44.21
44.2052
44.1997
44.1955
44.1917
44.1885
44.1867
44.1837
44.1795
44.1752
44.1698
44.1633
44.1565
44.1503
44.1441
44.1397
44.1342
44.1288
44.1232
44.1187
44.116
44.1153
44.1155
44.1159
44.1176
44.1177
44.1152
44.1124
44.111
44.1088
44.1077
44.1073
44.1064
44.1056
44.1037
44.1043
44.104
44.106
44.1092
44.1108
44.1133
44.1162
44.1161
44.1151
44.1136
44.1162
44.1212
44.1267
44.1311
44.1333
44.1377
44.1397
44.1411
44.1406
44.1387
44.1369
44.1352
44.1332
44.1312
44.1275
44.124
44.1224
44.1202
44.117
44.1144
44.1109
44.1057
44.0985
44.0944
44.0924
44.0919
44.0912
44.09
44.0875
44.0847
44.08
44.077
44.075
44.0737
44.0727
44.0715
44.0687
44.0648
44.0621
44.0599
44.0596
44.0597
44.0609
44.0634
44.0617
44.0577
44.0544
44.0508
44.0452
44.0382
44.0289
44.0201
44.0094
43.9992
43.9904
43.981
43.9705
43.9615
43.9535
43.946
43.9352
43.9253
43.915
43.9047
43.8952
43.8846
43.8742
43.8632
43.8515
43.8405
43.8305
43.8217
43.8114
43.8011
43.7913
43.7821
43.7728
43.763
43.7535
43.7425
43.7325
43.7226
43.714
43.7025
43.6896
43.678
43.6678
43.6603
43.6525
43.6456
43.6395
43.6335
43.6271
43.621
43.6135
43.6072
43.5987
43.5932
43.5848
43.5778
43.5742
43.5712
43.5683
43.5627
43.5602
43.563
43.5629
43.5647
43.5691
43.5751
43.5804
43.5866
43.5952
43.6034
43.6119
43.6213
43.6297
43.6395
43.652
43.6643
43.6775
43.6893
43.7003
43.711
43.7215
43.7322
43.7434
43.7546
43.7663
43.7772
43.7867
