101.5311
101.5265
101.5268
101.4921
101.4313
101.3921
101.3531
101.3106
101.2746
101.2337
101.1989
101.169
101.1379
101.1045
101.0772
101.0472
101.0227
100.9912
100.9655
100.9402
100.9172
100.8943
100.8758
100.866
100.8495
100.8228
100.8028
100.7767
100.7477
100.7104
100.6727
100.648
100.6211
100.6046
100.5805
100.5425
100.5084
100.4756
100.4364
100.3986
100.3567
100.3191
100.2673
100.2199
100.1731
100.1332
100.1034
100.0749
100.0419
100.0092
99.9864
99.9517
99.9134
99.8797
99.8456
99.8099
99.7866
99.7757
99.7668
99.755
99.7356
99.7189
99.6976
99.6929
99.702
99.69
99.6736
99.655
99.6352
99.6209
99.6009
99.581
99.5591
99.5336
99.5026
99.4675
99.4296
99.394
99.3686
99.3583
99.3303
99.2966
99.2546
99.2036
99.161
99.1232
99.081
99.0448
99.0085
98.9751
98.9496
98.9185
98.8936
98.863
98.839
98.8144
98.7852
98.7548
98.73
98.7059
98.6823
98.6583
98.6387
98.6107
98.584
98.5624
98.534
98.5093
98.4884
98.4766
98.4567
98.4552
98.4577
98.4623
98.4612
98.4593
98.4578
98.4657
98.4649
98.4559
98.4524
98.4502
98.4467
98.4466
98.4506
98.4576
98.4657
98.4797
98.4835
98.4842
98.4849
98.4837
98.4892
98.4981
98.5077
98.5224
98.5396
98.5619
98.5732
98.5734
98.5886
98.6071
98.623
98.647
98.67
98.6951
98.7139
98.7321
98.7496
98.7694
98.7906
98.8142
98.8382
98.8614
98.8804
98.9026
98.9234
98.9482
98.9731
98.9957
99.0182
99.0397
99.0666
99.1001
99.1334
99.1564
99.1778
99.2006
99.2237
99.2427
99.2778
99.3084
99.3309
99.3584
99.3749
99.3901
99.3997
99.4052
99.4247
99.4462
99.4697
99.4877
99.5071
99.5286
99.5507
99.5732
99.5924
99.6088
99.6316
99.6562
99.68
99.7066
99.7302
99.7533
99.7768
