66.3101
66.2924
66.2567
66.2282
66.2079
66.1837
66.1666
66.1547
66.1449
66.1381
66.1356
66.1337
66.1317
66.1342
66.1348
66.1317
66.131
66.1324
66.1346
66.1382
66.1496
66.1529
66.1543
66.1584
66.1636
66.1679
66.1751
66.1786
66.1831
66.1949
66.2094
66.2261
66.2435
66.2608
66.2773
66.2933
66.3107
66.327
66.3411
66.3522
66.3607
66.3685
66.3758
66.3848
66.3974
66.4123
66.4252
66.4354
66.4401
66.4459
66.4525
66.4578
66.4644
66.4724
66.4711
66.4701
66.4634
66.4582
66.4542
66.4491
66.4425
66.4516
66.4714
66.4848
66.4946
66.5058
66.5123
66.5149
66.5165
66.513
66.5078
66.4993
66.4876
66.4736
66.4653
66.4581
66.4496
66.4419
66.4354
66.43
66.4152
66.4072
66.404
66.394
66.3835
66.372
66.3571
66.3442
66.3312
66.3179
66.3052
66.297
66.2882
66.2787
66.268
66.2557
66.2427
66.2306
66.2159
66.2008
66.1833
66.159
66.1355
66.1095
66.087
66.0657
66.0449
66.0299
66.0199
66.0077
65.9932
65.9762
65.9562
65.938
65.9252
65.9122
65.9001
65.8879
65.8761
65.8638
65.8529
65.8416
65.8313
65.8208
65.8098
65.7995
65.7893
65.7804
65.7718
65.7658
65.7603
65.7583
65.7574
65.7541
65.7463
65.7409
65.7321
65.7263
65.7181
65.7059
65.6931
65.6772
65.6615
65.6481
65.6359
65.6234
65.6134
65.6037
65.5926
65.5823
65.5719
65.5579
65.5451
65.5346
65.5243
65.5132
65.5017
65.4911
65.4827
65.4742
65.4702
65.4735
65.4752
65.4784
65.4782
65.4762
65.4727
65.4676
65.4634
65.4591
65.4594
65.4604
65.4616
65.4617
65.4606
65.4594
65.4578
65.4567
65.4525
65.4475
65.4417
65.4351
65.4272
65.4181
65.4096
65.3987
65.3862
