55.228
55.2401
55.2447
55.2562
55.2671
55.2809
55.2899
55.2986
55.3107
55.32
55.3296
55.3381
55.3465
55.3525
55.3578
55.3646
55.3693
55.3705
55.3675
55.3671
55.3661
55.3668
55.3627
55.3636
55.3771
55.3846
55.3941
55.4021
55.3944
55.3971
55.4129
55.4245
55.4375
55.4529
55.467
55.4829
55.498
55.5114
55.5249
55.5384
55.5501
55.5606
55.5719
55.5841
55.5958
55.6065
55.6171
55.6292
55.6399
55.6439
55.6497
55.6489
55.6492
55.6526
55.6576
55.6541
55.6567
55.6522
55.6412
55.6323
55.6216
55.6143
55.6071
55.6008
55.602
55.6018
55.6046
55.6084
55.6104
55.6138
55.616
55.6184
55.619
55.6237
55.6287
55.6327
55.6415
55.6515
55.677
55.7047
55.7244
55.7454
55.77
55.7889
55.795
55.808
55.8218
55.8385
55.8571
55.8718
55.8857
55.9022
55.9182
55.9294
55.9437
55.957
55.9709
55.9854
55.999
56.0129
56.0249
56.0394
56.0513
56.067
56.073
56.0842
56.0963
56.1064
56.1173
56.1343
56.1489
56.1719
56.1944
56.2147
56.2337
56.2533
56.2713
56.2955
56.3218
56.3441
56.3676
56.3864
56.4095
56.4334
56.4515
56.466
56.4782
56.4894
56.5018
56.512
56.5143
56.525
56.5349
56.5439
56.5532
56.5584
56.5599
56.5595
56.5458
56.5276
56.5148
56.5015
56.487
56.4716
56.4599
56.4441
56.4267
56.406
56.386
56.3688
56.3503
56.3308
56.3121
56.2961
56.2753
56.2567
56.2407
56.222
56.2035
56.1897
56.1785
56.1657
56.1569
56.145
56.1457
56.1409
56.1355
56.1305
56.1365
56.1415
56.1457
56.1485
56.1512
56.1557
56.1614
56.1679
56.1732
56.1783
56.1853
56.1915
56.1948
56.1982
56.1978
56.1957
56.1961
56.1994
56.2042
56.2091
56.2127
56.2168
56.2291
56.2315
56.2366
56.2425
56.2451
