136.5612
136.5136
136.4607
136.4071
136.3582
136.2946
136.2126
136.1115
136.0198
135.9354
135.8617
135.7823
135.7063
135.6388
135.5732
135.5047
135.4308
135.3585
135.2792
135.1955
135.1205
135.0393
134.9648
134.8989
134.8329
134.7671
134.7002
134.6469
134.5914
134.5358
134.4842
134.4347
134.3887
134.3508
134.3065
134.2662
134.2272
134.1821
134.1413
134.1066
134.072
134.0411
134.0103
133.9781
133.9345
133.894
133.8458
133.8114
133.7733
133.7441
133.7139
133.663
133.6001
133.5401
133.4885
133.4278
133.3773
133.3043
133.2138
133.1321
133.0981
133.0549
133.0146
132.9735
132.9426
132.9196
132.9111
132.9269
132.9417
132.9553
132.96
132.9651
132.9589
132.9462
132.9274
132.9249
132.9449
132.9731
132.9739
132.9829
132.966
132.9336
132.9039
132.86
132.8184
132.79
132.756
132.7098
132.666
132.6123
132.5595
132.5168
132.4726
132.409
132.3523
132.2912
132.2239
132.1639
132.1004
132.0374
131.9797
131.916
131.8339
131.7305
131.6281
131.5195
131.4211
131.3412
131.2611
131.1788
131.0943
131.0243
130.9651
130.901
130.8232
130.7564
130.6818
130.642
130.6176
130.594
130.5648
130.5288
130.4935
130.4572
130.4122
130.3706
130.3279
130.2796
130.226
130.1633
130.084
130.0066
129.9291
129.8513
129.7845
129.712
129.6143
129.5186
129.4547
129.3822
129.3276
129.288
129.243
129.1943
129.1449
129.0879
129.0295
128.9755
128.9166
128.869
128.8165
128.7599
128.7025
128.6543
128.6045
128.5476
128.5035
128.4463
128.3876
128.343
128.3245
128.3049
128.3108
128.3405
128.3743
128.3984
128.4227
128.4223
128.4315
128.4318
128.4438
128.4658
128.4903
128.5166
128.5427
128.5745
128.5989
128.6082
128.6284
128.648
128.6586
128.6724
128.697
128.7221
128.7516
128.7815
128.813
128.84
128.8695
128.901
128.9483
129.0005
129.055
129.1103
129.1608
