66.1719
66.2292
66.2923
66.3615
66.435
66.5054
66.5741
66.6418
66.7128
66.7844
66.8583
66.9301
66.9981
67.0634
67.1292
67.1993
67.2704
67.3376
67.4026
67.4679
67.5341
67.6017
67.6736
67.7436
67.8151
67.8816
67.9531
68.0204
68.0774
68.1371
68.2007
68.2652
68.3258
68.391
68.4522
68.5103
68.5741
68.636
68.6902
68.7419
68.7905
68.8376
68.8826
68.9279
68.9701
69.0138
69.0555
69.096
69.1328
69.1673
69.2009
69.2358
69.2659
69.2913
69.3162
69.3379
69.3571
69.3417
69.3126
69.2868
69.2718
69.2456
69.2137
69.1754
69.13
69.0895
69.0476
69.0051
68.9603
68.9128
68.8624
68.8107
68.7611
68.7172
68.6772
68.6353
68.5982
68.5698
68.551
68.544
68.5441
68.5404
68.5281
68.5188
68.5113
68.5126
68.5091
68.5051
68.5116
68.5137
68.5102
68.5091
68.5086
68.4976
68.4864
68.4722
68.4541
68.4349
68.4139
68.3984
68.3807
68.3645
68.3471
68.3259
68.3081
68.2797
68.2551
68.2355
68.2205
68.2126
68.2063
68.195
68.1829
68.1753
68.1649
68.1587
68.1554
68.1707
68.1977
68.225
68.2454
68.2657
68.286
68.301
68.3168
68.332
68.3463
68.3603
68.3765
68.3947
68.4084
68.4271
68.4607
68.4814
68.5015
68.5167
68.5225
68.529
68.5291
68.5185
68.5002
68.4859
68.4795
68.473
68.4626
68.448
68.4295
68.4133
68.3947
68.3777
68.363
68.3423
68.3213
68.3021
68.2816
68.2644
68.2451
68.2208
68.2012
68.1879
68.1837
68.1729
68.172
68.1803
68.1895
68.2107
68.2242
68.2338
68.2582
68.277
68.302
68.3274
68.3548
68.3833
68.4148
68.4445
68.4762
68.511
68.5435
68.5717
68.5983
68.6279
68.6553
68.6861
68.7174
68.7511
68.7839
68.8176
68.8499
68.8832
68.9222
68.9599
68.9811
69.0127
69.0369
