102.1493
102.1838
102.1978
102.1925
102.1967
102.2068
102.212
102.2123
102.2132
102.2205
102.23
102.2435
102.2538
102.2598
102.2733
102.2818
102.2912
102.303
102.32
102.34
102.365
102.3983
102.4283
102.458
102.479
102.5085
102.5406
102.568
102.5903
102.6213
102.6555
102.6919
102.7289
102.7621
102.7811
102.802
102.8186
102.8282
102.8364
102.8459
102.8517
102.8509
102.8524
102.8559
102.863
102.8707
102.8849
102.904
102.9277
102.9345
102.939
102.946
102.9554
102.9652
102.9652
102.9642
102.9758
102.9941
103.0046
103.015
103.0285
103.0411
103.0681
103.1063
103.1359
103.1603
103.1795
103.1989
103.2185
103.2369
103.2499
103.2567
103.262
103.2661
103.2685
103.2775
103.2877
103.2981
103.3016
103.3036
103.3059
103.2984
103.2927
103.2917
103.2921
103.2812
103.2672
103.2581
103.2486
103.2397
103.2297
103.2167
103.2042
103.1965
103.1893
103.1797
103.1697
103.1648
103.1625
103.1573
103.1448
103.1339
103.1103
103.0913
103.0684
103.0464
103.0266
103.0049
102.9784
102.9668
102.9526
102.9361
102.9184
102.8978
102.8748
102.8544
102.8333
102.8079
102.7843
102.7603
102.7321
102.7036
102.6771
102.6511
102.623
102.5966
102.5733
102.5509
102.5324
102.5136
102.4951
102.4828
102.4737
102.464
102.4542
102.4389
102.4239
102.405
102.3952
102.3867
102.3703
102.3437
102.3149
102.2859
102.2665
102.2507
102.2337
102.2153
102.1965
102.178
102.1605
102.1475
102.1348
102.1215
102.1104
102.0947
102.0812
102.0664
102.0532
102.0425
102.0397
102.0368
102.0436
102.0563
102.0696
102.0805
102.0928
102.103
102.1121
102.1208
102.1318
102.1492
102.1695
102.1944
102.2175
102.2427
102.2684
102.2954
102.3235
102.3517
102.3863
102.4201
102.4529
102.4849
102.5179
102.5479
102.5767
102.6041
