83.1648
83.1933
83.2174
83.2439
83.2699
83.2917
83.3122
83.3302
83.3482
83.3582
83.3672
83.3819
83.3897
83.3971
83.4019
83.4113
83.4172
83.4193
83.4198
83.4222
83.4233
83.4212
83.4136
83.4059
83.3839
83.3667
83.3491
83.3376
83.327
83.3192
83.3121
83.2851
83.2588
83.2386
83.22
83.2007
83.1809
83.1573
83.1375
83.1158
83.095
83.0723
83.0472
83.0197
82.9921
82.9601
82.9301
82.8971
82.8679
82.8397
82.8112
82.7836
82.7542
82.7274
82.7051
82.6916
82.6726
82.6581
82.6496
82.6417
82.6328
82.6237
82.6156
82.6118
82.6078
82.6093
82.6086
82.6074
82.6049
82.6045
82.6005
82.5905
82.5785
82.5691
82.5605
82.549
82.5386
82.5241
82.5205
82.5155
82.507
82.4981
82.4918
82.4868
82.4941
82.4984
82.5012
82.504
82.5088
82.5071
82.5114
82.5173
82.5218
82.5242
82.5261
82.5283
82.5356
82.5422
82.5467
82.5487
82.5528
82.5572
82.5618
82.5667
82.5723
82.5867
82.598
82.6177
82.636
82.6495
82.6657
82.685
82.7033
82.7216
82.7387
82.7512
82.7656
82.7786
82.7911
82.8049
82.8191
82.829
82.8349
82.8362
82.839
82.8422
82.8468
82.8533
82.8597
82.8628
82.8785
82.8967
82.9079
82.9176
82.9256
82.9354
82.9454
82.9601
82.9678
82.9732
82.9818
82.997
83.0124
83.0274
83.0417
83.0545
83.0714
83.0847
83.0967
83.1093
83.1189
83.1321
83.1441
83.1582
83.1706
83.1827
83.1896
83.1992
83.2117
83.2252
83.2392
83.2456
83.2487
83.2569
83.2624
83.2599
83.2606
83.2546
83.2524
83.2509
83.2496
83.2424
83.2346
83.2242
83.2135
83.2042
83.1942
83.1877
83.1803
83.174
83.1667
83.1615
83.1575
83.1592
83.1591
83.1567
83.1576
83.1574
83.1556
83.1549
83.1449
83.1317
83.1289
83.1257
83.1241
83.1237
83.1207
83.1186
83.115
