108.25
108.2469
108.2432
108.2237
108.2135
108.2252
108.2377
108.2448
108.2562
108.2635
108.2777
108.2802
108.2756
108.2771
108.2759
108.2671
108.2557
108.2452
108.2315
108.2214
108.2124
108.2114
108.2207
108.2327
108.2884
108.3318
108.3601
108.3978
108.4198
108.4421
108.4791
108.5084
108.5429
108.5779
108.6071
108.6459
108.6804
108.7084
108.7398
108.7666
108.7877
108.8118
108.8288
108.852
108.877
108.8964
108.9166
108.9399
108.971
108.9909
109.0106
109.0394
109.0784
109.1235
109.1664
109.209
109.2425
109.2915
109.2974
109.291
109.2914
109.2917
109.29
109.2765
109.27
109.2592
109.2459
109.2414
109.2357
109.2342
109.2325
109.23
109.234
109.2364
109.2492
109.2707
109.3073
109.3388
109.382
109.422
109.4646
109.5068
109.5516
109.5941
109.6033
109.6415
109.686
109.7208
109.7637
109.8145
109.8647
109.9123
109.9481
109.9881
110.0251
110.0538
110.0855
110.1222
110.1637
110.207
110.2544
110.3101
110.3608
110.4091
110.4586
110.5101
110.5721
110.6181
110.6541
110.6848
110.7258
110.7521
110.7622
110.7763
110.7983
110.8133
110.8275
110.8638
110.9165
110.9628
110.9997
111.0328
111.0686
111.1068
111.1388
111.1596
111.1709
111.173
111.175
111.173
111.1693
111.1686
111.1568
111.1505
111.1401
111.1263
111.0946
111.0818
111.065
111.0516
111.0277
111.0046
110.9649
110.9249
110.8722
110.8021
110.736
110.6707
110.6025
110.5352
110.4691
110.4052
110.3417
110.2767
110.2219
110.1744
110.1283
110.0873
110.0454
109.9651
109.8733
109.7656
109.6719
109.5681
109.4692
109.3845
109.2811
109.1983
109.2133
109.2483
109.2848
109.3163
109.3673
109.3957
109.4221
109.4654
109.5037
109.5324
109.581
109.6364
109.6996
109.767
109.842
109.9181
109.9996
110.0956
110.1991
110.3084
110.4154
110.5283
110.6407
110.755
110.8714
110.9725
111.0638
