53.1877
53.1037
53.0207
52.9502
52.8865
52.8375
52.8003
52.7643
52.7342
52.7
52.6733
52.658
52.65
52.6403
52.6134
52.5833
52.5607
52.5362
52.5077
52.4727
52.4457
52.4295
52.4198
52.4073
52.3848
52.3554
52.3161
52.2786
52.2212
52.1543
52.1028
52.0519
52.0017
51.958
51.9192
51.8766
51.8281
51.7852
51.7472
51.6992
51.6502
51.5994
51.5519
51.5051
51.4562
51.4055
51.3566
51.3039
51.2533
51.1939
51.1359
51.1002
51.0638
51.0332
51.001
50.9832
50.9662
50.9636
50.9637
50.9544
50.9415
50.9322
50.9132
50.9035
50.895
50.8777
50.8652
50.8452
50.8289
50.8113
50.7908
50.763
50.7302
50.7071
50.6819
50.6562
50.6237
50.5877
50.5585
50.5223
50.4838
50.4475
50.4136
50.383
50.3623
50.3505
50.3463
50.3418
50.3446
50.3522
50.3602
50.3687
50.3728
50.3733
50.3732
50.3727
50.38
50.3866
50.3872
50.3983
50.4151
50.4282
50.4402
50.4668
50.4897
50.5212
50.5509
50.582
50.618
50.6681
50.7149
50.7419
50.7719
50.799
50.8388
50.8748
50.905
50.9227
50.9415
50.9641
50.9891
51.0102
51.0362
51.0559
51.0839
51.112
51.1362
51.1634
51.1903
51.2175
51.2405
51.2705
51.3035
51.327
51.3498
51.3681
51.3936
51.4235
51.4472
51.4754
51.508
51.5374
51.5668
51.5904
51.6132
51.6337
51.65
51.661
51.6729
51.6915
51.7074
51.7172
51.7307
51.7447
51.7574
51.7712
51.7793
51.7881
51.7969
51.804
51.8055
51.8119
51.8198
51.817
51.8174
51.8123
51.8091
51.8066
51.7978
51.7835
51.7692
51.7501
51.7276
51.7019
51.6671
51.6339
51.6043
51.5765
51.5493
51.5238
51.4978
51.4695
51.4422
51.4186
51.3941
51.371
51.3488
51.3236
51.3006
51.2811
51.2632
51.2427
51.2244
51.2051
51.1888
