71.1183
71.1417
71.165
71.1813
71.1972
71.2112
71.2213
71.232
71.242
71.2568
71.2756
71.2948
71.3135
71.3347
71.3515
71.3695
71.3857
71.4024
71.4203
71.4393
71.4611
71.4866
71.5133
71.5405
71.564
71.5888
71.613
71.6352
71.6588
71.6817
71.7075
71.7365
71.7646
71.7926
71.8213
71.8485
71.8723
71.8964
71.919
71.9417
71.9622
71.9815
71.9975
72.0165
72.036
72.0576
72.0726
72.0867
72.0998
72.1114
72.1202
72.1285
72.1202
72.0994
72.0899
72.0831
72.0787
72.0739
72.0701
72.0704
72.0688
72.0722
72.0761
72.0809
72.0881
72.0969
72.1062
72.1166
72.1268
72.1342
72.1438
72.1592
72.1754
72.1932
72.2121
72.2312
72.2519
72.2676
72.2831
72.2957
72.3051
72.3087
72.3117
72.3149
72.3187
72.3212
72.3238
72.3273
72.3256
72.3217
72.3146
72.3017
72.2854
72.2685
72.2538
72.2418
72.2281
72.211
72.1927
72.1674
72.1402
72.1154
72.0925
72.0683
72.046
72.0238
72.0055
71.9868
71.9656
71.9424
71.9209
71.9008
71.8969
71.9025
71.9025
71.8965
71.8884
71.8798
71.8664
71.8514
71.8371
71.821
71.8059
71.7909
71.7762
71.7652
71.7524
71.7387
71.7294
71.7174
71.7049
71.6869
71.6662
71.643
71.6212
71.5982
71.5735
71.5538
71.5309
71.5092
71.4875
71.4687
71.4489
71.4264
71.4061
71.3871
71.3658
71.3438
71.3231
71.3024
71.2829
71.2679
71.2547
71.2388
71.2171
71.1996
71.185
71.1734
71.1645
71.1639
71.1747
71.1837
71.1882
71.1919
71.1965
71.202
71.2109
71.22
71.2299
71.2415
71.251
71.259
71.2677
71.2777
71.2854
71.294
71.303
71.314
71.327
71.3414
71.3562
71.3695
71.3807
71.3935
71.4054
71.412
