183.3199
183.2629
183.1908
183.1348
183.097
183.0492
183.0154
182.9781
182.9475
182.9347
182.9172
182.8913
182.8796
182.8461
182.8088
182.7868
182.7625
182.7285
182.7006
182.6412
182.5719
182.5119
182.4589
182.4182
182.3959
182.371
182.37
182.3927
182.4322
182.469
182.5018
182.5278
182.5744
182.6202
182.6645
182.7082
182.7606
182.8096
182.8563
182.9038
182.9507
182.9958
183.0457
183.0787
183.1243
183.1822
183.2461
183.294
183.3548
183.4118
183.4667
183.5309
183.5995
183.6712
183.7444
183.8175
183.8899
183.9697
184.0439
184.1242
184.1964
184.257
184.323
184.3739
184.4337
184.499
184.5577
184.615
184.6708
184.7149
184.7573
184.7913
184.8162
184.8427
184.883
184.9132
184.9427
184.9792
185.0168
185.085
185.1658
185.2425
185.3037
185.3554
185.3977
185.4457
185.4704
185.5009
185.5354
185.5714
185.6016
185.6423
185.6748
185.705
185.7248
185.7403
185.7597
185.7957
185.8302
185.8603
185.91
185.9652
186.0043
186.0487
186.0888
186.1123
186.1344
186.1762
186.203
186.2342
186.2573
186.2785
186.31
186.3385
186.368
186.4032
186.4308
186.453
186.4775
186.4913
186.5088
186.5277
186.5597
186.6018
186.6146
186.6335
186.6535
186.6877
186.7172
186.761
186.7999
186.8609
186.9244
186.9874
187.043
187.1022
187.1567
187.2135
187.2652
187.3208
187.3705
187.4226
187.4941
187.5637
187.6292
187.6914
187.7597
187.8254
187.8904
187.9545
188.015
188.0678
188.1351
188.2005
188.2692
188.3387
188.4089
188.4641
188.5186
188.5812
188.6201
188.6586
188.7076
188.752
188.7968
188.8423
188.8828
188.9219
188.9584
188.9955
189.0371
189.0741
189.1078
189.1506
189.1986
189.2245
189.2655
189.3066
189.3485
189.397
189.448
189.5028
189.544
189.5758
189.6241
189.6716
189.7134
189.7571
