173.9792
174.0899
174.1936
174.2678
174.3003
174.3308
174.3868
174.4539
174.5139
174.5633
174.6184
174.6823
174.7456
174.8129
174.8826
174.9624
175.0398
175.1133
175.1901
175.2706
175.3549
175.4386
175.5446
175.6515
175.7907
175.9395
176.0813
176.2139
176.3334
176.4534
176.555
176.6366
176.7159
176.7979
176.8811
176.9631
177.0423
177.1233
177.2052
177.2823
177.3564
177.4188
177.4767
177.5389
177.5957
177.6504
177.7057
177.765
177.8186
177.8731
177.9373
177.999
178.0616
178.1223
178.1723
178.2424
178.3159
178.3622
178.3963
178.4502
178.5004
178.5399
178.5898
178.6638
178.7569
178.8302
178.8807
178.9288
178.9841
179.034
179.0725
179.1074
179.1389
179.157
179.1812
179.2088
179.2446
179.2841
179.3106
179.3193
179.3181
179.3064
179.2601
179.2265
179.1654
179.0944
179.0212
178.9516
178.878
178.7952
178.721
178.6538
178.5805
178.5155
178.4549
178.3905
178.3285
178.2658
178.2045
178.1369
178.0678
178.0085
177.9493
177.8896
177.8285
177.7563
177.704
177.6348
177.5746
177.523
177.4598
177.3911
177.3325
177.2721
177.2026
177.13
177.062
176.9892
176.9128
176.8283
176.7398
176.655
176.5741
176.4972
176.4278
176.3603
176.2915
176.2253
176.1573
176.0908
176.0295
175.9722
175.913
175.8657
175.8113
175.7528
175.6844
175.6108
175.5508
175.5078
175.4664
175.4551
175.462
175.4563
175.4482
175.4462
175.4523
175.4615
175.4729
175.4959
175.5234
175.5554
175.5931
175.6256
175.654
175.68
175.7102
175.7388
175.7635
175.7874
175.8127
175.832
175.8526
175.8731
175.8911
175.9232
175.9364
175.9632
175.9886
176.0027
175.9971
175.9879
175.9744
175.9601
175.9578
175.9681
175.965
175.9675
175.9793
175.9796
175.9905
176.0015
176.0039
176.0044
176.005
175.9955
175.9945
175.9923
175.9918
175.996
176.0028
176.0102
176.0207
176.0277
176.0321
