164.0554
164.0154
163.946
163.8585
163.7782
163.7086
163.6311
163.5424
163.4632
163.4026
163.3446
163.2964
163.2527
163.2107
163.1751
163.1279
163.0781
163.0406
163.0122
162.9931
163.0187
163.0678
163.1002
163.1271
163.1621
163.2012
163.2486
163.2802
163.3034
163.3237
163.3646
163.4121
163.4437
163.4797
163.5137
163.538
163.5698
163.6147
163.657
163.6863
163.716
163.729
163.7306
163.7318
163.7358
163.7431
163.7553
163.7692
163.7817
163.8059
163.8291
163.8552
163.891
163.9358
163.9752
164.0415
164.0942
164.14
164.1715
164.2157
164.252
164.3367
164.4516
164.5421
164.6242
164.6997
164.7788
164.8537
164.9153
164.9658
165.0157
165.0658
165.1088
165.1615
165.2207
165.276
165.3382
165.396
165.4592
165.5172
165.5271
165.5067
165.5034
165.5097
165.4983
165.491
165.4785
165.4847
165.4804
165.4769
165.464
165.4552
165.4524
165.4539
165.4495
165.445
165.433
165.4124
165.3762
165.3621
165.3647
165.3662
165.3769
165.3986
165.4283
165.4654
165.5019
165.5458
165.5892
165.6304
165.6899
165.7472
165.799
165.8554
165.918
165.9687
166.0292
166.0944
166.1559
166.2104
166.2676
166.324
166.379
166.4409
166.5075
166.579
166.657
166.7308
166.813
166.894
166.983
167.075
167.1697
167.254
167.3227
167.3987
167.455
167.5269
167.596
167.6656
167.7345
167.8005
167.8662
167.9324
167.9967
168.054
168.1129
168.1687
168.2289
168.2842
168.3379
168.3869
168.4372
168.4871
168.537
168.5898
168.6441
168.6981
168.7701
168.8128
168.8404
168.8774
168.9192
168.9416
168.9591
168.9747
168.9886
168.9944
168.9907
168.9978
168.9989
169.0039
169.0132
169.0045
168.9943
168.9887
168.9843
168.9774
168.9839
168.9879
168.9958
169.0012
169.0053
169.0093
169.0029
168.9942
168.9775
