150.3613
150.3436
150.3241
150.3151
150.3071
150.3064
150.3114
150.3226
150.3276
150.3339
150.3517
150.3752
150.4014
150.4212
150.4416
150.4572
150.4694
150.4804
150.486
150.4843
150.4818
150.4715
150.4463
150.4068
150.3601
150.3191
150.2736
150.2296
150.1746
150.1201
150.0645
150.0118
149.9478
149.8934
149.8411
149.7933
149.7411
149.6903
149.6374
149.5869
149.5364
149.4859
149.4484
149.4098
149.3766
149.3486
149.3179
149.304
149.2857
149.279
149.2651
149.2411
149.224
149.2058
149.185
149.1543
149.137
149.1216
149.1155
149.1067
149.0875
149.059
149.0305
148.999
148.9659
148.9309
148.8962
148.8667
148.8359
148.8133
148.7906
148.7629
148.7314
148.7027
148.6661
148.6354
148.6064
148.5549
148.5027
148.4507
148.402
148.3435
148.2987
148.2698
148.2409
148.2088
148.1807
148.1488
148.1116
148.0783
148.0448
148.0149
147.9899
147.9569
147.9194
147.8791
147.8386
147.7991
147.7577
147.7198
147.687
147.6508
147.6033
147.5528
147.497
147.4426
147.3881
147.3263
147.273
147.2113
147.1585
147.1141
147.0627
147.0151
146.9703
146.9356
146.9051
146.8806
146.8483
146.8181
146.7855
146.7513
146.7203
146.6835
146.6481
146.6081
146.5708
146.536
146.4987
146.4568
146.4078
146.3613
146.32
146.2817
146.2627
146.2419
146.2297
146.2359
146.2427
146.2514
146.2577
146.2728
146.2956
146.3103
146.324
146.3342
146.3478
146.3609
146.3807
146.396
146.4104
146.4175
146.4205
146.4196
146.418
146.4058
146.3964
146.3932
146.3921
146.3922
146.3857
146.3814
146.371
146.3671
146.3638
146.3603
146.3598
146.3531
146.3444
146.3409
146.3354
146.3314
146.3292
146.3237
146.3238
146.3216
146.3154
146.3008
146.2883
146.2798
146.269
146.2658
146.2616
146.2661
146.2667
146.2718
146.2831
146.288
146.2974
146.3115
146.3371
146.363
146.3854
