1168.0167
1167.6411
1167.2759
1167.0905
1166.8671
1166.6943
1166.711
1166.5525
1166.6082
1166.704
1166.865
1167.0156
1167.2887
1167.5148
1167.6285
1167.695
1167.7686
1167.7764
1167.6999
1167.6784
1167.74
1167.797
1168.086
1168.2943
1168.4026
1168.4129
1168.2274
1168.1076
1167.7854
1167.1904
1166.641
1166.2549
1165.7819
1165.2969
1164.8261
1164.3383
1163.8651
1163.4586
1163.1254
1162.7431
1162.2966
1161.8761
1161.4102
1160.8947
1160.3018
1159.7016
1159.1436
1158.4726
1157.7756
1157.0019
1156.2128
1155.7372
1155.281
1154.7756
1154.3766
1154.0704
1153.738
1153.5487
1153.2962
1152.9902
1152.5992
1152.2179
1151.8549
1151.5279
1151.3
1151.0294
1150.8246
1150.6182
1150.42
1150.1608
1149.8632
1149.5857
1149.2002
1148.8758
1148.5739
1148.2367
1147.8294
1147.4759
1147.2743
1147.0148
1146.7407
1146.5301
1146.0862
1145.739
1145.4668
1145.2996
1145.3218
1145.3475
1145.3729
1145.5991
1145.774
1145.7962
1145.8657
1145.8755
1145.8888
1145.9858
1146.0058
1146.0451
1146.0092
1146.0431
1146.1309
1146.2237
1146.2951
1146.5158
1146.8396
1147.1588
1147.4405
1147.7803
1148.2582
1148.794
1149.3285
1149.5627
1149.8072
1150.1164
1150.4994
1150.7547
1151.0535
1151.2741
1151.5483
1151.8115
1152.1148
1152.4311
1152.7332
1153.0069
1153.3527
1153.7008
1153.9911
1154.3036
1154.6209
1154.9766
1155.3225
1155.6809
1156.1011
1156.4356
1156.7467
1157.0513
1157.4478
1157.8216
1158.0162
1158.273
1158.5597
1158.8137
1159.1017
1159.3503
1159.5855
1159.9
1160.1607
1160.3857
1160.5879
1160.8474
1161.0975
1161.4045
1161.7297
1162.0742
1162.364
1162.6216
1162.9165
1163.1647
1163.4114
1163.6433
1163.8486
1164.0464
1164.3035
1164.4755
1164.6464
1164.8412
1165.0204
1165.2034
1165.3143
1165.4316
1165.5648
1165.7707
1165.9707
1166.1239
1166.1083
1166.1159
1166.1235
1166.1608
1166.1435
1166.1853
1166.2598
1166.26
1166.2778
1166.3
1166.3325
1166.348
1166.3315
1166.2537
1166.2313
1166.2387
1166.2453
1166.2668
1166.2761
1166.2486
1166.3
