52.4948
52.5222
52.548
52.5648
52.5803
52.6019
52.6216
52.6394
52.6606
52.6803
52.6936
52.7029
52.7113
52.7238
52.7376
52.7499
52.7641
52.7806
52.7968
52.8116
52.8171
52.8174
52.8211
52.8219
52.8178
52.8226
52.8288
52.8396
52.8494
52.8585
52.8658
52.8749
52.8849
52.8925
52.8999
52.9071
52.9107
52.9149
52.9131
52.9114
52.9181
52.9266
52.9347
52.9427
52.9509
52.9586
52.9651
52.9756
52.9742
52.9707
52.9713
52.9737
52.9787
52.9823
52.9876
52.9746
52.9506
52.9298
52.909
52.8898
52.8788
52.8723
52.8685
52.863
52.8563
52.8436
52.8316
52.8204
52.8076
52.7964
52.788
52.7781
52.7639
52.7489
52.7374
52.7214
52.7076
52.6939
52.6787
52.6646
52.6604
52.6599
52.6567
52.6556
52.6552
52.6499
52.6426
52.6319
52.6207
52.6148
52.6076
52.5975
52.5845
52.5728
52.5596
52.5442
52.5254
52.5032
52.4834
52.4631
52.4352
52.4077
52.3826
52.3591
52.3381
52.3128
52.2876
52.2599
52.2439
52.2273
52.2071
52.184
52.1593
52.1396
52.1231
52.1083
52.0983
52.0861
52.0753
52.0676
52.058
52.0485
52.0387
52.0298
52.0205
52.0123
52.0043
51.9963
51.9854
51.9736
51.9612
51.9532
51.948
51.9433
51.9358
51.9346
51.9306
51.9236
51.9173
51.9108
51.9029
51.8988
51.8933
51.8901
51.8885
51.8868
51.8864
51.8833
51.8815
51.8775
51.8713
51.8668
51.8689
51.8654
51.8626
51.8637
51.8671
51.8741
51.8785
51.8815
51.8918
51.8984
51.9014
51.9051
51.9052
51.9081
51.9149
51.9241
51.9324
51.9404
51.9506
51.9604
51.9681
51.9741
51.9797
51.9871
51.9934
52.0006
52.0059
52.0144
52.0265
52.0385
52.0535
52.0707
52.0865
52.0993
52.1103
52.1233
52.1412
52.1591
52.1773
52.1902
