148.66
147.86
143.3
139.13
143.77
148.12
150.68
149.41
145.84
149.95
153.03
150.56
151.91
157.56
153.67
147.3
147.59
148.11
148.01
142.59
138.2
141.84
148.01
155.19
153.51
153.26
150.6
144.28
144.09
137.29
138.31
130.09
129.58
130.4
133.5
136.83
132.43
136.45
132.0
126.0
126.79
124.27
125.87
130.68
125.2
125.5
130.86
132.68
130.47
128.23
125.5
126.19
124.26
121.51
123.52
122.83
121.99
122.68
125.48
126.1
130.68
129.28
125.06
125.01
119.85
119.94
120.42
121.79
124.7
129.51
128.64
129.12
127.89
129.12
132.06
128.54
121.39
120.17
119.55
116.7
118.76
125.76
126.3
128.04
130.08
133.27
130.73
130.5
137.63
129.74
126.19
126.53
124.98
126.57
126.0
124.65
125.58
121.38
121.26
124.5
