230.6994
230.7964
230.8356
230.8609
230.9214
230.9642
231.0071
231.0549
231.1028
231.1302
231.1607
231.1915
231.2132
231.2342
231.27
231.3137
231.364
231.412
231.4885
231.5797
231.6611
231.7055
231.7729
231.8358
231.8871
231.9292
231.9678
231.9865
231.9792
231.9645
231.9188
231.8513
231.7782
231.7085
231.6184
231.5253
231.4338
231.3176
231.211
231.0937
230.9601
230.8301
230.6754
230.5301
230.3876
230.2356
230.0774
229.8972
229.7097
229.5224
229.3262
229.1226
228.9336
228.7464
228.5852
228.4445
228.317
228.2031
228.0964
227.967
227.863
227.7839
227.6929
227.5834
227.4705
227.3569
227.2284
227.0895
226.966
226.8597
226.7483
226.643
226.5109
226.3672
226.2194
226.0709
225.9154
225.7626
225.6077
225.4331
225.276
225.1465
225.0095
224.8659
224.7352
224.614
224.5119
224.4195
224.3319
224.2531
224.1663
224.0911
224.023
223.9599
223.9066
223.8494
223.7896
223.7254
223.6641
223.6176
223.5609
223.5031
223.4536
223.4135
223.3773
223.351
223.3286
223.3545
223.389
223.4261
223.4546
223.4845
223.4996
223.5073
223.515
223.5265
223.5483
223.5719
223.5911
223.6194
223.6457
223.6713
223.7007
223.7292
223.7619
223.7984
223.8424
223.8782
223.9094
223.9381
223.9619
223.9746
224.0078
224.0461
224.0988
224.1475
224.22
224.3053
224.3575
224.396
224.4359
224.4714
224.5117
224.5685
224.6155
224.659
224.7034
224.7495
224.796
224.85
224.9008
224.9523
225.004
225.0555
225.1095
225.1615
225.2152
225.271
225.3217
225.3681
225.4239
225.4769
225.5232
225.566
225.6067
225.665
225.709
225.7171
225.7323
225.7495
225.7751
225.8057
225.8375
225.8659
225.8912
225.916
225.9418
225.9649
225.9916
226.0109
226.0423
226.0868
226.1357
226.1915
226.2384
226.2762
226.3127
