142.8636
142.8657
142.8681
142.8745
142.8792
142.8837
142.8764
142.8693
142.8658
142.864
142.8589
142.8521
142.8418
142.8358
142.8362
142.8424
142.8393
142.8356
142.8386
142.8377
142.8261
142.8225
142.818
142.8177
142.8171
142.8142
142.8211
142.8413
142.8695
142.8939
142.9078
142.918
142.9348
142.9515
142.9625
142.9673
142.975
142.9773
142.9768
142.9782
142.9797
142.9825
142.9882
142.9891
142.9947
142.9994
143.0135
143.0123
143.0083
143.009
143.0108
143.0138
143.0215
143.0278
143.0316
143.0409
143.0539
143.061
143.0603
143.0555
143.0475
143.0344
143.0232
143.0067
142.9877
142.9651
142.9511
142.9294
142.9013
142.8709
142.8365
142.7939
142.7559
142.7154
142.6639
142.6115
142.5689
142.533
142.4992
142.4679
142.4465
142.4119
142.3788
142.3419
142.3024
142.2629
142.2242
142.1845
142.1435
142.1027
142.0726
142.0438
142.0074
141.9724
141.9416
141.9109
141.8793
141.8613
141.8439
141.8234
141.7933
141.7618
141.7308
141.7138
141.6976
141.6755
141.6494
141.6377
141.6309
141.6224
141.6132
141.605
141.5945
141.5901
141.5826
141.5762
141.572
141.5693
141.5666
141.5654
141.5632
141.5634
141.5638
141.5634
141.5518
141.5366
141.5286
141.5248
141.5228
141.518
141.5209
141.5331
141.5409
141.5513
141.5684
141.5883
141.6019
141.6087
141.6152
141.6195
141.6254
141.633
141.6384
141.644
141.6507
141.6585
141.6624
141.6656
141.6723
141.6806
141.6851
141.6839
141.6778
141.6643
141.6498
141.6357
141.6125
141.5734
141.538
141.506
141.4757
141.4469
141.4177
141.3764
141.3324
141.2909
141.2485
141.2059
141.1625
141.1135
141.0662
141.0232
140.9799
140.9403
140.8984
140.8564
140.8165
140.7669
140.708
140.6497
140.5941
140.5339
140.4741
140.4146
140.3633
140.3185
140.2701
140.2234
140.1759
140.1313
