43.7997
43.7498
43.6979
43.6513
43.61
43.5665
43.5268
43.4865
43.447
43.4085
43.3711
43.337
43.3061
43.2758
43.2432
43.2105
43.1802
43.1476
43.112
43.075
43.0261
42.9751
42.9196
42.8631
42.8117
42.7612
42.7137
42.6716
42.6398
42.6059
42.568
42.5298
42.494
42.4551
42.4173
42.38
42.3468
42.3096
42.2726
42.2362
42.1952
42.155
42.1162
42.0766
42.0384
41.9966
41.9568
41.9175
41.8724
41.8219
41.7754
41.7253
41.6794
41.6322
41.5885
41.5504
41.5135
41.4802
41.4532
41.4275
41.4007
41.3732
41.3476
41.3183
41.2909
41.2663
41.2398
41.2106
41.1829
41.1563
41.1277
41.0992
41.0705
41.0465
41.0218
40.9968
40.9774
40.9542
40.9331
40.9139
40.9084
40.9064
40.9068
40.9083
40.9076
40.9064
40.9018
40.8969
40.8933
40.8868
40.8812
40.8792
40.8762
40.8735
40.8698
40.8653
40.8624
40.8589
40.8555
40.8547
40.8519
40.85
40.8465
40.8417
40.8385
40.8383
40.8425
40.8431
40.8509
40.8664
40.8768
40.89
40.9052
40.9232
40.937
40.9498
40.9622
40.9743
40.9874
41.0023
41.0175
41.0322
41.0443
41.0533
41.0595
41.0653
41.0751
41.0896
41.106
41.1235
41.1435
41.1623
41.1821
41.195
41.209
41.2221
41.231
41.2418
41.2519
41.2617
41.2686
41.2705
41.2766
41.285
41.2906
41.2956
41.3027
41.308
41.3128
41.3183
41.3232
41.3275
41.3395
41.3518
41.3692
41.3862
41.4032
41.4199
41.432
41.4449
41.46
41.471
41.4851
41.501
41.5148
41.5246
41.5303
41.5397
41.5457
41.5499
41.5569
41.5646
41.5701
41.579
41.5896
41.5981
41.609
41.6185
41.6257
41.6318
41.6343
41.6341
41.6351
41.6386
41.6417
41.6452
41.6451
41.6431
41.6387
41.6322
41.6239
41.6152
41.606
