48.2165
48.244
48.2641
48.2865
48.3021
48.3183
48.3335
48.3418
48.3555
48.3691
48.3866
48.4061
48.4248
48.4477
48.4682
48.4864
48.5023
48.5207
48.5392
48.556
48.5687
48.581
48.5974
48.6084
48.619
48.6324
48.6476
48.6536
48.6558
48.6579
48.6631
48.6734
48.6863
48.6967
48.7052
48.7126
48.7237
48.7399
48.7548
48.7686
48.7794
48.7916
48.8043
48.8152
48.8269
48.8375
48.8464
48.8527
48.8592
48.862
48.8604
48.8578
48.8568
48.8499
48.8411
48.8318
48.8139
48.7981
48.7799
48.7611
48.7398
48.7258
48.7183
48.7059
48.6965
48.6859
48.6753
48.6679
48.6573
48.6468
48.635
48.6239
48.6116
48.5934
48.5721
48.5523
48.5364
48.5216
48.5061
48.4884
48.4669
48.4426
48.415
48.3889
48.3624
48.3359
48.3089
48.2814
48.2507
48.2187
48.1862
48.1544
48.1207
48.0865
48.0534
48.0222
47.989
47.9547
47.9196
47.8864
47.8605
47.8362
47.8117
47.7883
47.7643
47.7403
47.7173
47.6945
47.671
47.6618
47.6556
47.6486
47.6401
47.6305
47.6245
47.6191
47.614
47.6071
47.6022
47.5977
47.5922
47.5841
47.5746
47.5659
47.5577
47.5496
47.5425
47.5343
47.5271
47.5212
47.5146
47.5086
47.5032
47.5038
47.5076
47.5144
47.5221
47.5266
47.5331
47.5416
47.5597
47.5802
47.6019
47.6247
47.6477
47.6687
47.6906
47.7128
47.7361
47.7591
47.7805
47.8001
47.8202
47.844
47.866
47.889
47.912
47.9338
47.9553
47.9769
47.9938
48.0144
48.0356
48.0526
48.0669
48.0865
48.1125
48.1452
48.1813
48.2049
48.2292
48.2574
48.2815
48.3024
48.3196
48.3363
48.3561
48.3753
48.3922
48.4042
48.4167
48.4287
48.4456
48.4672
48.4884
48.5093
48.5261
48.5396
