161.5053
161.5257
161.5422
161.5598
161.5879
161.6115
161.6388
161.6559
161.6743
161.695
161.7154
161.7368
161.7626
161.7837
161.8097
161.8339
161.8611
161.8868
161.914
161.9312
161.9337
161.939
161.9524
161.9654
161.9729
161.983
161.9917
161.9709
161.9645
161.9487
161.9219
161.9044
161.8896
161.8689
161.8473
161.8243
161.8074
161.7823
161.7473
161.7088
161.6659
161.6262
161.5957
161.5667
161.542
161.5208
161.4954
161.4752
161.463
161.4492
161.4294
161.403
161.3742
161.3619
161.3585
161.3607
161.3571
161.3569
161.3504
161.3381
161.3266
161.3277
161.3249
161.3159
161.3037
161.2923
161.2819
161.2747
161.2668
161.2613
161.2501
161.2342
161.2159
161.2114
161.2059
161.2071
161.2013
161.2017
161.1937
161.2062
161.2315
161.2575
161.2719
161.2856
161.3043
161.316
161.334
161.3475
161.3642
161.3831
161.4046
161.4277
161.4462
161.4689
161.4894
161.5047
161.5227
161.5347
161.5577
161.5814
161.6009
161.6209
161.6369
161.6589
161.6849
161.7049
161.7183
161.7242
161.7277
161.726
161.7275
161.7344
161.738
161.7428
161.7506
161.7576
161.764
161.7661
161.7695
161.7783
161.7836
161.7864
161.7877
161.7992
161.8171
161.8287
161.8363
161.8458
161.8567
161.8675
161.8769
161.8974
161.922
161.9319
161.9432
161.95
161.9629
161.9697
161.9834
161.9876
161.9924
161.9954
162.0018
162.0085
162.011
162.0207
162.0239
162.0272
162.031
162.0373
162.0382
162.035
162.0313
162.0275
162.027
162.0335
162.033
162.039
162.0364
162.035
162.0324
162.028
162.026
162.0179
162.0075
161.9984
161.9913
161.9856
161.9808
161.9805
161.9788
161.9758
161.9798
161.9864
161.9904
161.9959
162.0048
162.0123
162.0084
162.0018
161.9994
161.9992
162.0041
161.9978
161.9806
161.9723
161.9683
161.9651
161.9567
