90.2856
90.2441
90.2075
90.1736
90.1431
90.1201
90.0961
90.0798
90.0663
90.0574
90.0526
90.0492
90.0467
90.0425
90.0342
90.0274
90.0207
90.0119
90.0052
90.0072
90.0021
89.9947
89.9834
89.9712
89.9556
89.9357
89.9171
89.8889
89.8601
89.8342
89.8071
89.7778
89.7527
89.7236
89.6937
89.6601
89.6294
89.6001
89.5714
89.5375
89.5029
89.4699
89.4359
89.4025
89.3685
89.3319
89.2929
89.2503
89.2111
89.1718
89.1319
89.0938
89.0623
89.0277
89.002
88.9813
88.9582
88.9338
88.9138
88.8909
88.8784
88.8778
88.8736
88.8668
88.8625
88.8568
88.8458
88.831
88.8168
88.7997
88.7828
88.7533
88.7248
88.7018
88.6783
88.6523
88.6274
88.5994
88.57
88.5308
88.496
88.4643
88.4385
88.416
88.3948
88.3783
88.3618
88.3453
88.33
88.314
88.2984
88.2859
88.273
88.2599
88.245
88.2337
88.2202
88.2031
88.186
88.1725
88.1557
88.1354
88.121
88.1082
88.0982
88.0895
88.0854
88.0849
88.0921
88.1002
88.1107
88.1179
88.122
88.1268
88.1334
88.1432
88.1524
88.1604
88.1695
88.1803
88.192
88.2032
88.2144
88.2252
88.2359
88.2497
88.266
88.2852
88.3022
88.3175
88.3313
88.3545
88.3756
88.3921
88.4143
88.4341
88.4548
88.4836
88.513
88.539
88.5659
88.5867
88.6072
88.6294
88.6544
88.6777
88.705
88.7327
88.7585
88.783
88.8071
88.8301
88.8525
88.8751
88.8978
88.9177
88.9385
88.9611
88.9828
89.0014
89.0234
89.0489
89.0725
89.095
89.1168
89.137
89.1576
89.1771
89.1863
89.1949
89.2018
89.2126
89.2237
89.2347
89.2456
89.2523
89.2607
89.2719
89.2809
89.2919
89.3027
89.3142
89.3247
89.335
89.3452
89.3544
89.3635
