24.1016
24.0858
24.0698
24.0508
24.0295
24.0098
23.9907
23.9713
23.9498
23.9303
23.9088
23.8876
23.8671
23.8467
23.8248
23.8036
23.7829
23.7628
23.7425
23.7229
23.7011
23.6788
23.6514
23.6319
23.6145
23.5984
23.5837
23.5731
23.5653
23.5534
23.5411
23.5276
23.516
23.506
23.4965
23.4851
23.4754
23.4657
23.4562
23.4482
23.4392
23.4312
23.4231
23.4153
23.4076
23.3995
23.3906
23.3826
23.3772
23.3741
23.3706
23.3666
23.364
23.3631
23.3659
23.3693
23.3748
23.379
23.3864
23.3934
23.4012
23.4086
23.4168
23.4261
23.4356
23.4444
23.4531
23.4624
23.4727
23.4817
23.4911
23.5
23.5083
23.5158
23.5235
23.53
23.5426
23.5521
23.5616
23.5727
23.5842
23.598
23.6161
23.6281
23.6387
23.6476
23.6567
23.6634
23.6667
23.6722
23.6788
23.6853
23.6922
23.6989
23.7055
23.7137
23.7213
23.7298
23.7368
23.7428
23.75
23.7561
23.7628
23.7698
23.7744
23.7788
23.7838
23.7891
23.7914
23.7934
23.7962
23.8003
23.8033
23.8068
23.8069
23.8064
23.8059
23.8058
23.8053
23.8048
23.8033
23.8018
23.8014
23.8004
23.8002
23.8
23.8003
23.8005
23.8058
23.8114
23.8189
23.8248
23.8304
23.8344
23.835
23.8366
23.8319
23.8304
23.8312
23.8332
23.8351
23.8347
23.8353
23.8352
23.8354
23.8356
23.834
23.8316
23.8306
23.8285
23.8265
23.8248
23.8222
23.8199
23.8177
23.8169
23.8154
23.8138
23.8156
23.8186
23.8202
23.8221
23.8249
23.8273
23.8296
23.8315
23.8333
23.834
23.8357
23.836
23.8366
23.8368
23.8375
23.8374
23.8368
23.8362
23.8352
23.8344
23.8331
23.832
23.8311
23.8304
23.8312
23.832
23.8378
23.8423
23.8468
23.8499
23.848
23.8471
23.8445
23.8433
23.8425
23.8433
23.8483
23.8536
23.8585
