63.0809
63.0974
63.1123
63.1288
63.1523
63.1776
63.2066
63.2363
63.2631
63.2884
63.3104
63.3326
63.3594
63.3854
63.4149
63.4425
63.4715
63.4954
63.5142
63.536
63.5545
63.5716
63.582
63.5922
63.5858
63.584
63.5805
63.5835
63.5881
63.593
63.5851
63.5823
63.5771
63.5702
63.5652
63.5593
63.5531
63.5458
63.5366
63.5245
63.5106
63.4962
63.4797
63.4643
63.4532
63.4412
63.4302
63.4202
63.4082
63.4007
63.3917
63.3887
63.3874
63.3936
63.3988
63.4086
63.4259
63.4438
63.4614
63.4761
63.4884
63.4951
63.5019
63.5092
63.5135
63.5177
63.5174
63.5179
63.5185
63.5203
63.5245
63.5295
63.5347
63.5389
63.5385
63.5375
63.5335
63.5338
63.5345
63.5268
63.5264
63.527
63.5318
63.5335
63.5459
63.5607
63.5777
63.589
63.6004
63.6104
63.6237
63.6369
63.6534
63.6704
63.6889
63.7062
63.7247
63.7441
63.766
63.7877
63.8107
63.832
63.8501
63.8666
63.8845
63.9014
63.9122
63.9199
63.932
63.9415
63.9525
63.9566
63.9583
63.955
63.9573
63.957
63.9525
63.9465
63.9383
63.9304
63.9228
63.916
63.9107
63.903
63.8932
63.8843
63.8788
63.872
63.8637
63.8565
63.8618
63.8608
63.8677
63.8735
63.8789
63.8873
63.8973
63.9087
63.9239
63.9426
63.9584
63.974
63.9915
64.009
64.028
64.0433
64.0568
64.0696
64.0838
64.0974
64.1064
64.1163
64.1252
64.1348
64.1443
64.1543
64.1629
64.1778
64.1907
64.2163
64.2448
64.2819
64.3202
64.3521
64.382
64.4116
64.444
64.4828
64.5181
64.5497
64.5774
64.6029
64.6302
64.6572
64.6799
64.7026
64.7263
64.7518
64.7751
64.8
64.8262
64.8514
64.8726
64.8952
64.919
64.9432
64.9697
65.0014
65.0369
65.0717
65.0952
65.1247
65.1467
65.1675
65.1905
65.2108
65.2335
65.2571
65.2762
