181.5632
181.5616
181.5885
181.6109
181.6488
181.6816
181.7103
181.7343
181.7573
181.7751
181.7863
181.789
181.7897
181.7981
181.8096
181.8171
181.8206
181.8168
181.81
181.8058
181.8081
181.8075
181.8039
181.7927
181.7812
181.7793
181.7755
181.7631
181.7523
181.7519
181.7541
181.752
181.7372
181.7227
181.6921
181.6763
181.6648
181.6524
181.636
181.6285
181.6215
181.61
181.602
181.6003
181.5983
181.6056
181.6096
181.6141
181.6119
181.5918
181.5581
181.5254
181.4868
181.456
181.4088
181.3385
181.2647
181.2002
181.1533
181.1088
181.0615
181.0248
180.9759
180.9357
180.8875
180.8342
180.7818
180.74
180.7035
180.6635
180.6185
180.5758
180.532
180.483
180.4405
180.3881
180.3441
180.291
180.24
180.1833
180.1251
180.0695
180.0192
179.9737
179.9243
179.8698
179.8205
179.7706
179.7146
179.6591
179.6062
179.5614
179.5244
179.4857
179.4531
179.4204
179.3864
179.3525
179.3218
179.2853
179.2468
179.206
179.1688
179.1243
179.0809
179.0372
178.997
178.9637
178.9349
178.9251
178.9486
178.9577
178.9735
178.9931
179.0142
179.0438
179.077
179.117
179.1502
179.1898
179.2352
179.2805
179.3303
179.3821
179.4368
179.4926
179.5455
179.5952
179.6412
179.6874
179.7389
179.7887
179.8366
179.8872
179.9297
179.9851
180.0347
180.0997
180.1672
180.2419
180.3116
180.3757
180.4376
180.4952
180.5528
180.6105
180.667
180.7314
180.7976
180.8605
180.9235
180.9833
181.0392
181.0917
181.1504
181.2116
181.2733
181.3362
181.3942
181.4526
181.5113
181.5753
181.636
181.707
181.7631
181.8218
181.8763
181.9264
181.9864
182.0554
182.1046
182.171
182.2268
182.2813
182.3351
182.3846
182.4357
182.4757
182.5257
182.5654
182.5974
182.6367
182.6713
182.7103
182.7475
182.7838
182.8195
182.851
182.8843
