264.6198
264.5908
264.5608
264.533
264.5151
264.5032
264.4897
264.4759
264.4476
264.4061
264.3516
264.2817
264.2203
264.1771
264.1298
264.0873
264.035
263.968
263.9015
263.8541
263.8203
263.7863
263.7583
263.7123
263.6153
263.5152
263.4392
263.3584
263.3299
263.3074
263.2821
263.2769
263.2506
263.2066
263.1851
263.1439
263.102
263.0738
263.0552
263.0322
263.0272
263.0502
263.0841
263.1135
263.1512
263.1888
263.2315
263.2684
263.3013
263.3348
263.3804
263.4179
263.4834
263.5587
263.6438
263.7697
263.8933
264.0002
264.1179
264.2301
264.3691
264.5023
264.6385
264.7921
264.9404
265.0753
265.2066
265.3346
265.4891
265.6615
265.8495
266.0612
266.2567
266.4177
266.5779
266.7423
266.8967
267.0552
267.2168
267.3461
267.4552
267.578
267.7078
267.8367
268.0036
268.179
268.3316
268.4989
268.6687
268.832
268.9888
269.129
269.2719
269.4309
269.5915
269.7575
269.886
270.0095
270.1354
270.2693
270.3846
270.4744
270.5603
270.6718
270.7852
270.9522
271.0819
271.1879
271.2854
271.3721
271.4684
271.5672
271.6357
271.7074
271.7792
271.8337
271.8843
271.9285
271.9672
272.0155
272.0481
272.0805
272.1228
272.157
272.1908
272.2292
272.2552
272.2939
272.3211
272.3414
272.3829
272.4111
272.4566
272.5333
272.613
272.6916
272.7736
272.87
272.9715
273.0869
273.225
273.3456
273.4658
273.5971
273.7442
273.8793
274.0136
274.1389
274.2531
274.3691
274.4697
274.5742
274.6797
274.7808
274.8773
274.9648
275.0642
275.1654
275.2618
275.3058
275.3576
275.4376
275.5078
275.5724
275.6283
275.6365
275.679
275.7445
275.8165
275.879
275.924
275.9848
276.0428
276.0837
276.1202
276.139
276.1676
276.1889
276.2101
276.2306
276.2466
276.2692
276.2822
276.3025
276.3423
276.3883
276.4418
276.5123
276.5625
276.6178
276.6479
276.6779
276.7138
276.7477
276.7857
276.8352
276.9142
276.992
277.059
