111.8778
111.8773
111.8747
111.8758
111.8779
111.8766
111.8732
111.8742
111.8734
111.8724
111.8725
111.869
111.8653
111.8609
111.8511
111.8452
111.8466
111.8433
111.8353
111.8295
111.8223
111.8201
111.8251
111.8339
111.8439
111.8585
111.878
111.8979
111.9139
111.9355
111.9673
111.9971
112.0266
112.0566
112.0944
112.1359
112.1828
112.2291
112.2681
112.308
112.3408
112.3751
112.4042
112.428
112.4594
112.488
112.5198
112.558
112.5939
112.6295
112.662
112.6954
112.7206
112.7408
112.7583
112.771
112.788
112.7961
112.7873
112.786
112.7918
112.7975
112.8012
112.8107
112.8225
112.8357
112.8496
112.8596
112.8715
112.8851
112.9025
112.9187
112.9344
112.9527
112.9702
112.9883
113.0098
113.0345
113.0605
113.0926
113.1148
113.1291
113.1345
113.139
113.1423
113.1427
113.1435
113.1473
113.1474
113.1384
113.1177
113.1041
113.0853
113.0654
113.0429
113.012
112.9727
112.9354
112.9037
112.8697
112.8412
112.8165
112.7919
112.7719
112.7488
112.7329
112.7146
112.6929
112.6725
112.6539
112.6415
112.6354
112.6376
112.6423
112.6483
112.6596
112.6663
112.6821
112.7076
112.7341
112.7593
112.7875
112.823
112.849
112.8716
112.8917
112.909
112.9236
112.9365
112.9459
112.9487
112.9572
112.9592
112.9504
112.9489
112.9446
112.9243
112.9131
112.9
112.8788
112.8658
112.8577
112.8474
112.8289
112.8155
112.8004
112.7804
112.7565
112.7348
112.7146
112.6968
112.6753
112.6589
112.6431
112.6236
112.6107
112.6003
112.5877
112.5775
112.5738
112.5743
112.5688
112.5673
112.5666
112.5618
112.5494
112.5386
112.5263
112.5208
112.515
112.4962
112.4767
112.4607
112.4507
112.4413
112.4348
112.425
112.4208
112.4195
112.4134
112.4097
112.4052
112.396
112.387
112.38
112.3755
112.3768
112.381
112.3862
112.3952
112.406
112.4135
112.4287
112.4492
112.464
