89.3696
89.3897
89.4057
89.423
89.4497
89.4799
89.5055
89.5272
89.5459
89.5624
89.5812
89.5986
89.6157
89.6301
89.6427
89.6574
89.6727
89.6884
89.7039
89.7242
89.7531
89.7823
89.8092
89.8373
89.8657
89.896
89.9278
89.9551
89.9869
90.0193
90.0459
90.0784
90.1096
90.1401
90.1723
90.2026
90.2309
90.2591
90.2861
90.3154
90.3437
90.3734
90.4056
90.4375
90.473
90.5101
90.548
90.581
90.6107
90.6404
90.6642
90.6915
90.7139
90.7408
90.7643
90.7865
90.8118
90.8397
90.8655
90.8958
90.9192
90.9409
90.9589
90.9748
90.9844
90.9946
91.0054
91.0184
91.0347
91.0496
91.0638
91.0813
91.0937
91.1133
91.1384
91.1583
91.1736
91.1888
91.2059
91.2203
91.2266
91.2308
91.236
91.2367
91.2356
91.2328
91.2276
91.2241
91.2192
91.2171
91.2167
91.2141
91.2117
91.2136
91.2107
91.2101
91.2097
91.2127
91.2096
91.2029
91.1989
91.1988
91.1953
91.1879
91.1769
91.1672
91.1559
91.148
91.1421
91.1398
91.1407
91.1407
91.1426
91.141
91.1449
91.1453
91.1443
91.1404
91.1344
91.1218
91.1138
91.1092
91.1003
91.0933
91.0903
91.0847
91.0744
91.0627
91.0517
91.0442
91.0366
91.0309
91.0289
91.0213
91.0093
91.0034
91.0039
91.0032
91.0016
90.998
90.996
90.9955
90.9937
90.9943
90.9968
90.999
91.0022
91.0041
91.0031
90.9945
90.9837
90.9732
90.9624
90.955
90.9447
90.9352
90.9288
90.9195
90.9157
90.9165
90.9128
90.9117
90.9085
90.9083
90.907
90.9026
90.9
90.899
90.9008
90.8991
90.8994
90.8988
90.899
90.8999
90.9027
90.9055
90.9104
90.9157
90.922
90.9283
90.9349
90.9378
90.9456
90.955
90.9626
