97.2277
97.2331
97.2293
97.2297
97.2336
97.2334
97.2342
97.2377
97.2497
97.2632
97.2783
97.2971
97.3197
97.342
97.3585
97.3735
97.3937
97.4152
97.4417
97.482
97.5118
97.5415
97.5661
97.5976
97.6286
97.6618
97.6931
97.7183
97.7458
97.7744
97.8006
97.8243
97.8468
97.8669
97.8885
97.9098
97.9318
97.9518
97.966
97.9808
97.9886
97.9964
98.0054
98.0199
98.0353
98.0591
98.089
98.1155
98.1432
98.17
98.1987
98.2307
98.2655
98.2921
98.3236
98.3534
98.378
98.4003
98.4183
98.4381
98.4743
98.5239
98.5677
98.6051
98.6378
98.67
98.7
98.7277
98.7506
98.7689
98.7882
98.8069
98.822
98.8392
98.8575
98.8762
98.8918
98.9073
98.9207
98.9193
98.9218
98.9207
98.9276
98.9256
98.9266
98.9253
98.9264
98.9251
98.9199
98.9118
98.9043
98.8991
98.8941
98.8863
98.8753
98.865
98.8511
98.8302
98.8129
98.798
98.7881
98.7793
98.7781
98.7758
98.7777
98.7733
98.7637
98.7554
98.7414
98.7312
98.7157
98.6957
98.6743
98.6543
98.6402
98.63
98.6237
98.6115
98.6023
98.5913
98.5777
98.5613
98.5429
98.5306
98.5181
98.5081
98.4998
98.4891
98.4827
98.4797
98.4782
98.477
98.4768
98.4777
98.4811
98.4876
98.4929
98.4959
98.5006
98.5056
98.5106
98.5175
98.5225
98.5283
98.5342
98.5385
98.5468
98.5545
98.5637
98.5732
98.583
98.5939
98.6044
98.6135
98.6227
98.6315
98.6413
98.6581
98.674
98.689
98.7052
98.7254
98.731
98.7384
98.7415
98.7467
98.7483
98.7535
98.7683
98.7817
98.8018
98.8205
98.838
98.8557
98.871
98.8876
98.9016
98.9161
98.9321
98.9486
98.9639
98.9828
99.0023
99.017
99.0318
