171.6902
171.6576
171.6258
171.5943
171.5292
171.4532
171.3547
171.2494
171.1554
171.0598
170.9575
170.8553
170.759
170.6586
170.5592
170.4452
170.3392
170.2399
170.1514
170.1169
170.1064
170.1878
170.2478
170.3342
170.4107
170.4939
170.5866
170.6691
170.6828
170.7287
170.7739
170.8308
170.9012
170.9502
170.9951
171.0422
171.0926
171.1327
171.1482
171.1587
171.1471
171.1431
171.1434
171.1469
171.1452
171.1426
171.1226
171.1163
171.1185
171.1182
171.1305
171.1494
171.1616
171.1636
171.1744
171.1961
171.2206
171.2549
171.2808
171.3173
171.3787
171.4612
171.5345
171.5828
171.6487
171.7054
171.7616
171.8092
171.8649
171.9158
171.9762
172.0215
172.0532
172.0634
172.0982
172.1377
172.1717
172.2005
172.2138
172.1818
172.1118
171.9442
171.8065
171.6428
171.4877
171.3157
171.1301
170.937
170.766
170.599
170.4305
170.2722
170.1157
169.9554
169.7775
169.609
169.434
169.2478
169.1062
168.9753
168.8499
168.7239
168.5781
168.4339
168.304
168.1852
168.0808
167.9833
167.8873
167.8455
167.7812
167.7157
167.6702
167.6277
167.5902
167.5458
167.506
167.4605
167.4193
167.3798
167.341
167.3161
167.2919
167.2823
167.2748
167.2734
167.2799
167.2899
167.3045
167.3179
167.3394
167.3762
167.4154
167.4827
167.5222
167.5718
167.631
167.7022
167.7917
167.884
167.9913
168.1137
168.2463
168.376
168.5035
168.6455
168.7945
168.9464
169.0792
169.2054
169.3213
169.4468
169.5661
169.6883
169.8254
169.9572
170.0883
170.2395
170.3679
170.4993
170.6362
170.7817
170.9452
171.1028
171.2496
171.4032
171.5492
171.6671
171.7864
171.8642
171.9671
172.0551
172.1367
172.2239
172.2928
172.3682
172.4493
172.5325
172.6127
172.6854
172.7629
172.8383
172.9033
172.9673
173.0267
