691.3545
691.4935
691.5975
691.4032
691.287
691.2461
691.1812
691.225
691.2696
691.3462
691.3312
691.2665
691.1777
691.0604
690.9528
690.7883
690.5891
690.3553
690.147
689.9225
689.8044
689.6885
689.6123
689.6442
689.5875
689.6221
689.6651
689.8062
690.0026
690.1253
690.281
690.3598
690.526
690.7464
690.9065
691.046
691.0842
691.1054
691.1618
691.248
691.3468
691.449
691.617
691.8201
692.0116
692.2805
692.5584
693.4561
694.1428
694.7755
695.3887
696.0499
696.6324
697.1456
697.579
698.1873
698.763
699.2885
699.7689
700.2155
700.709
701.3715
701.9608
702.4799
703.1115
703.599
704.0509
704.4809
704.8559
705.2962
705.7117
706.202
706.7368
707.1067
707.5107
707.9624
708.3224
708.7226
709.083
709.4745
709.7308
709.9402
710.0111
709.9813
710.0489
710.0369
710.0676
710.0314
709.9999
709.9979
710.0215
710.0252
709.9822
709.9224
709.9117
709.921
709.886
709.836
709.7559
709.7517
709.7214
709.6584
709.5657
709.4015
709.2705
709.094
708.9879
708.1905
707.6572
707.1833
706.7236
706.309
705.988
705.8054
705.6804
705.5059
705.3387
705.1579
705.0721
705.0118
704.9551
704.8945
704.9263
704.9585
704.8598
704.8255
704.8559
704.9362
705.0398
705.1501
705.3267
705.4898
705.5563
705.781
706.0149
706.1639
706.3819
706.5175
706.7363
706.8809
707.1278
707.2873
707.4471
707.6579
707.9103
708.0692
708.188
708.3333
708.5034
708.6159
708.6635
708.7238
708.8115
708.8583
708.9145
708.9807
709.1151
709.2593
709.412
709.5048
709.6208
709.8022
710.015
710.2476
710.4729
710.7072
710.9314
711.2057
711.4477
711.6525
711.8503
712.0123
712.1802
712.3141
712.3662
712.3987
712.4222
712.4692
712.5097
712.5049
712.4678
712.4352
712.3588
712.2863
712.252
712.2337
712.202
