261.2658
261.2491
261.2308
261.2391
261.2376
261.2503
261.2638
261.2784
261.2893
261.2913
261.2969
261.3015
261.3151
261.3283
261.3553
261.3784
261.4057
261.4287
261.4457
261.4612
261.4854
261.5071
261.5121
261.5265
261.5412
261.5651
261.6044
261.6477
261.6764
261.6909
261.7224
261.7653
261.79
261.8226
261.8521
261.8784
261.8936
261.9143
261.9313
261.9501
261.9645
261.9823
262.0005
262.0326
262.0577
262.0835
262.1115
262.1474
262.1857
262.2164
262.2454
262.2771
262.3141
262.3546
262.4013
262.4504
262.5085
262.5628
262.6248
262.6788
262.716
262.7648
262.8146
262.8622
262.9129
262.9648
263.016
263.0661
263.1151
263.1698
263.2226
263.2771
263.3152
263.3572
263.3787
263.3936
263.4106
263.4237
263.4402
263.4546
263.474
263.487
263.515
263.5398
263.5544
263.5542
263.544
263.5369
263.5204
263.4929
263.457
263.4186
263.3914
263.3656
263.3457
263.3339
263.3264
263.3105
263.305
263.3152
263.3236
263.3431
263.363
263.378
263.4029
263.4275
263.4447
263.4602
263.4767
263.498
263.5166
263.5293
263.5431
263.5506
263.5528
263.5558
263.5558
263.5598
263.5639
263.578
263.6001
263.6101
263.6197
263.6304
263.6674
263.7025
263.7366
263.7594
263.7917
263.8209
263.8585
263.8949
263.9486
263.9923
264.0512
264.1161
264.1787
264.2359
264.2939
264.366
264.4309
264.4981
264.566
264.6313
264.6978
264.7637
264.832
264.8984
264.9596
265.0269
265.0991
265.1752
265.2256
265.2806
265.3302
265.3799
265.4259
265.4731
265.5149
265.5339
265.5586
265.5776
265.5894
265.5955
265.5957
265.5962
265.5977
265.5981
265.5911
265.5866
265.5912
265.5943
265.604
265.6082
265.6119
265.6149
265.6212
265.6305
265.6557
265.6763
265.6919
265.7106
265.7237
265.7396
265.7422
265.7383
265.7361
265.7467
265.7477
265.7517
265.7389
