140.33
141.83
141.831
142.25
143.26
146.85
148.0
149.69
150.42
150.48
152.64
151.84
150.31
151.6
150.85
152.36
151.33
152.82
153.5
153.8
149.1
149.6
152.16
154.37
156.8
155.2
151.25
147.5
153.1
154.0
158.535
163.51
164.1
166.98
169.64
172.75
174.3
171.11
167.06
164.35
169.15
170.25
170.65
168.738
167.0
168.0
168.92
171.5
173.37
175.56
176.02
176.7
177.75
179.25
176.151
175.3
175.68
167.5
166.79
169.45
169.567
170.74
172.57
173.61
177.3
176.03
177.61
178.75
181.36
182.601
180.348
177.97
178.51
175.3
176.28
175.45
177.08
173.05
173.26
169.3
168.58
171.11
177.59
181.811
183.58
183.31
182.06
184.0
187.0
185.1
181.05
185.4
184.0
181.15
176.736
183.12
184.67
186.611
188.8
189.37
