26.4669
26.4612
26.4558
26.4474
26.4395
26.4334
26.4271
26.4216
26.4148
26.4056
26.3966
26.3881
26.3798
26.3716
26.3645
26.3569
26.3491
26.3415
26.334
26.3261
26.3189
26.3083
26.2978
26.2853
26.2776
26.274
26.2709
26.2705
26.2746
26.2815
26.288
26.2926
26.2982
26.3036
26.3104
26.3166
26.3237
26.3313
26.3382
26.3455
26.3518
26.3578
26.3644
26.3721
26.3792
26.3864
26.3921
26.3998
26.4085
26.4166
26.4251
26.4332
26.4392
26.4467
26.4582
26.4699
26.481
26.4912
26.5019
26.5134
26.5241
26.5347
26.5449
26.5563
26.5684
26.5794
26.5903
26.6016
26.6133
26.6258
26.6375
26.6493
26.6607
26.6718
26.6819
26.6874
26.6927
26.6979
26.7036
26.7084
26.7148
26.7256
26.7363
26.7489
26.7571
26.7618
26.767
26.77
26.7735
26.7738
26.7721
26.7707
26.7682
26.7675
26.7655
26.7646
26.7633
26.7612
26.7591
26.7565
26.7551
26.7535
26.753
26.7486
26.7449
26.7413
26.7401
26.7369
26.7336
26.7299
26.7256
26.7226
26.7215
26.72
26.7163
26.7131
26.7117
26.7113
26.7113
26.7101
26.7095
26.708
26.7068
26.7058
26.7043
26.7028
26.701
26.6993
26.6979
26.6975
26.6961
26.6946
26.6934
26.693
26.6931
26.6977
26.7021
26.7054
26.7078
26.7114
26.7141
26.7159
26.7179
26.7195
26.7213
26.7228
26.7238
26.725
26.725
26.7258
26.7264
26.728
26.7297
26.7309
26.7322
26.7332
26.7341
26.7377
26.7397
26.7412
26.7427
26.744
26.7431
26.7449
26.7456
26.7459
26.7456
26.7456
26.7451
26.7449
26.745
26.7446
26.7443
26.7433
26.7428
26.7413
26.7386
26.7366
26.7337
26.7314
26.7292
26.7272
26.7258
26.7242
26.722
26.7205
26.7194
26.7178
26.7153
26.7122
26.7099
26.7078
26.7056
26.7031
26.7006
26.6978
