38.34
38.69
38.51
38.73
38.55
39.2
39.045
39.18
38.98
38.89
39.25
39.62
39.49
39.37
38.98
38.86
38.23
38.4
38.61
38.4
38.52
38.51
38.5
38.52
38.37
37.98
38.32
37.92
38.25
38.7
38.96
38.84
38.61
38.82
39.11
38.94
39.2
39.36
39.17
38.62
39.04
39.14
39.13
38.61
38.59
38.68
38.8
39.19
39.47
39.21
39.04
39.07
39.5
40.12
40.18
40.55
40.6
40.41
39.96
40.19
40.59
40.68
41.34
41.5
41.74
42.01
41.88
41.87
42.18
42.28
42.12
42.31
42.34
42.58
42.89
42.71
42.7
42.46
42.37
41.31
41.54
41.33
41.75
41.94
41.45
41.53
41.58
41.54
41.6
41.91
41.62
41.64
41.83
40.9
40.91
41.18
40.66
41.29
41.34
41.23
