65.4206
65.399
65.3844
65.3727
65.3629
65.3634
65.3659
65.3753
65.3809
65.3819
65.3851
65.3888
65.391
65.3957
65.3973
65.4017
65.4048
65.4076
65.4103
65.4129
65.4132
65.4067
65.4026
65.3964
65.3942
65.3925
65.3875
65.3826
65.3808
65.375
65.3681
65.3623
65.3568
65.3489
65.3426
65.3366
65.3284
65.3179
65.3039
65.2877
65.2709
65.2567
65.2396
65.2219
65.2021
65.1771
65.1609
65.1431
65.1275
65.107
65.0887
65.0683
65.0523
65.0378
65.0229
65.0022
64.9781
64.9546
64.9336
64.9129
64.9029
64.8973
64.8881
64.877
64.8659
64.8511
64.8351
64.8152
64.7951
64.7739
64.7495
64.7254
64.7003
64.6672
64.64
64.6135
64.5887
64.5641
64.5373
64.5067
64.4793
64.458
64.4307
64.4013
64.3742
64.3473
64.3235
64.2987
64.2759
64.2552
64.2313
64.2088
64.1873
64.1667
64.1457
64.1275
64.1089
64.0874
64.064
64.0445
64.024
64.0019
63.9811
63.9611
63.9435
63.933
63.9152
63.9021
63.891
63.8845
63.8727
63.8622
63.8515
63.8389
63.8285
63.8175
63.809
63.7978
63.7873
63.778
63.7705
63.7631
63.7566
63.7526
63.7488
63.7457
63.7425
63.7401
63.7381
63.7363
63.7355
63.7349
63.736
63.7415
63.7472
63.754
63.7592
63.7625
63.7652
63.7686
63.7674
63.7675
63.7739
63.7839
63.7932
63.8037
63.8142
63.8256
63.836
63.846
63.8549
63.8638
63.8735
63.8813
63.8898
63.897
63.9035
63.9122
63.9237
63.9357
63.9527
63.9679
63.9844
64.0019
64.0148
64.0272
64.0373
64.0445
64.047
64.0483
64.0565
64.0636
64.0686
64.0753
64.0811
64.0884
64.0942
64.1003
64.1058
64.1117
64.1147
64.1224
64.1294
64.1351
64.1406
