19.9664
19.9646
19.9634
19.9586
19.9556
19.9513
19.9464
19.9432
19.9388
19.9373
19.9358
19.933
19.9288
19.926
19.9233
19.9214
19.9197
19.9189
19.9185
19.9199
19.9222
19.9213
19.9182
19.9157
19.904
19.8985
19.8941
19.8879
19.8851
19.8848
19.8833
19.8818
19.8794
19.8769
19.8749
19.8746
19.875
19.8761
19.8787
19.8793
19.8811
19.8852
19.8912
19.8972
19.9021
19.9091
19.9148
19.9189
19.9239
19.9312
19.9389
19.9452
19.9518
19.9591
19.9661
19.9752
19.9847
19.9936
20.0023
20.0107
20.018
20.0223
20.0263
20.0328
20.0386
20.0445
20.0507
20.0564
20.061
20.0628
20.0648
20.0693
20.074
20.0795
20.085
20.0919
20.0985
20.1057
20.1169
20.127
20.1369
20.1464
20.1604
20.1743
20.1999
20.2186
20.2353
20.2543
20.2698
20.2833
20.2976
20.312
20.3252
20.3411
20.3558
20.3698
20.3844
20.3993
20.4158
20.4336
20.4489
20.4648
20.4804
20.499
20.5188
20.533
20.544
20.5583
20.5709
20.5809
20.5925
20.6048
20.6163
20.6248
20.6323
20.6383
20.6445
20.6523
20.6573
20.661
20.6651
20.6707
20.6767
20.683
20.6917
20.7016
20.7113
20.7211
20.7301
20.7382
20.7464
20.7514
20.7522
20.7508
20.7501
20.7484
20.7505
20.7521
20.7479
20.7415
20.7317
20.7242
20.7148
20.704
20.6911
20.6801
20.6683
20.6561
20.6466
20.6378
20.6298
20.6216
20.6145
20.6061
20.5976
20.59
20.5803
20.5727
20.5627
20.5612
20.5649
20.5684
20.5712
20.5714
20.5699
20.5714
20.5776
20.582
20.5906
20.5985
20.6039
20.6106
20.6169
20.6231
20.6317
20.6419
20.6509
20.6577
20.6666
20.6737
20.6802
20.6886
20.6941
20.6986
20.7076
20.7143
20.7149
20.7141
20.715
20.7154
20.7128
20.7137
20.7187
20.725
20.7318
20.7372
20.7386
20.7405
20.7449
