46.9427
46.993
47.0446
47.0944
47.1463
47.1969
47.2432
47.2895
47.3356
47.3831
47.4311
47.479
47.5232
47.5638
47.6045
47.6478
47.6921
47.7334
47.7756
47.8185
47.8615
47.905
47.9543
48.0041
48.0526
48.0979
48.1485
48.1982
48.245
48.2929
48.3452
48.3961
48.4477
48.4981
48.5486
48.5981
48.6507
48.704
48.7573
48.8081
48.8543
48.899
48.9413
48.9823
49.0203
49.0595
49.0945
49.1318
49.1693
49.2093
49.2473
49.2782
49.3033
49.334
49.3702
49.4003
49.4292
49.4393
49.4292
49.4297
49.4255
49.418
49.4084
49.399
49.3902
49.3874
49.3883
49.3879
49.3882
49.3884
49.3894
49.3905
49.3927
49.4008
49.4096
49.4163
49.4341
49.4581
49.4848
49.5096
49.5354
49.5624
49.5853
49.6104
49.6323
49.6592
49.6794
49.7009
49.7233
49.742
49.7574
49.7737
49.7885
49.8033
49.8168
49.8317
49.8411
49.8496
49.857
49.8653
49.8755
49.8851
49.8957
49.908
49.9208
49.9287
49.9388
49.9515
49.9661
49.9789
49.9932
50.0108
50.0322
50.051
50.062
50.0713
50.0801
50.0946
50.1249
50.1463
50.1653
50.1862
50.2078
50.2292
50.2465
50.258
50.2685
50.2752
50.2828
50.288
50.2919
50.2944
50.298
50.3025
50.305
50.3073
50.298
50.2865
50.2709
50.2562
50.2403
50.2228
50.2038
50.1827
50.1674
50.1514
50.136
50.1199
50.1047
50.0906
50.0745
50.0584
50.0437
50.0288
50.0131
49.9952
49.9775
49.9569
49.9372
49.9204
49.9045
49.8912
49.8782
49.8637
49.8505
49.8425
49.8334
49.824
49.8159
49.8064
49.7913
49.7789
49.7641
49.7484
49.7361
49.7244
49.7134
49.7039
49.6939
49.6824
49.6726
49.6616
49.6517
49.6423
49.6345
49.629
49.6235
49.6224
49.6197
49.6191
49.6191
49.6231
49.6275
49.6285
49.6308
