57.4926
57.5066
57.5223
57.5373
57.5545
57.5735
57.5903
57.6126
57.6335
57.6553
57.6826
57.7161
57.7422
57.7722
57.7999
57.8292
57.8567
57.8841
57.911
57.9356
57.9664
58.0169
58.0726
58.1246
58.1736
58.2194
58.2679
58.3194
58.3722
58.4146
58.4532
58.4929
58.5317
58.5758
58.6185
58.6637
58.7072
58.7468
58.7867
58.8256
58.8629
58.9015
58.9375
58.9708
59.0073
59.0414
59.083
59.1202
59.1527
59.2025
59.2459
59.2835
59.3163
59.3348
59.3546
59.368
59.3819
59.4019
59.4382
59.4747
59.5076
59.5365
59.5695
59.5967
59.6192
59.6417
59.6629
59.6797
59.6967
59.7169
59.7366
59.7601
59.7969
59.8336
59.8756
59.9161
59.9638
60.018
60.0681
60.1308
60.1864
60.2274
60.2637
60.3
60.3391
60.3819
60.4211
60.4552
60.4929
60.5326
60.5736
60.6177
60.6618
60.7023
60.7452
60.7848
60.8233
60.8637
60.9048
60.948
60.9923
61.028
61.0626
61.1096
61.1541
61.1992
61.2409
61.2869
61.3371
61.3744
61.4087
61.4439
61.4836
61.5397
61.5894
61.6281
61.6622
61.6991
61.7341
61.7674
61.7956
61.8266
61.8571
61.8879
61.921
61.9556
61.9813
62.0035
62.0288
62.053
62.072
62.0874
62.094
62.0995
62.1007
62.1039
62.1025
62.0933
62.0863
62.0698
62.0563
62.039
62.0224
62.0099
61.9967
61.98
61.9638
61.9497
61.9329
61.9139
61.8944
61.8734
61.8545
61.837
61.8158
61.7961
61.778
61.757
61.7371
61.7155
61.6953
61.683
61.6837
61.6784
61.6717
61.6729
61.6809
61.6885
61.6983
61.703
61.7136
61.733
61.7471
61.7608
61.7815
61.8008
61.823
61.843
61.8673
61.8907
61.9165
61.9409
61.9674
61.9937
62.0261
62.057
62.0935
62.135
