336.5176
336.5309
336.5156
336.5013
336.4861
336.4833
336.4784
336.4838
336.4878
336.4929
336.4973
336.5001
336.5023
336.5079
336.5124
336.5183
336.5185
336.5212
336.5257
336.5228
336.518
336.5265
336.536
336.5425
336.5398
336.5288
336.514
336.4917
336.4717
336.4555
336.4473
336.4273
336.4102
336.3877
336.3563
336.3287
336.2948
336.2585
336.2197
336.175
336.1272
336.0697
336.0072
335.9396
335.8749
335.8063
335.7351
335.6624
335.5878
335.5141
335.4511
335.3843
335.3211
335.2526
335.1963
335.1333
335.0703
334.9983
334.933
334.8625
334.7906
334.7153
334.6691
334.6181
334.5636
334.5045
334.4525
334.3975
334.3348
334.272
334.211
334.1503
334.0881
334.0226
333.9535
333.8805
333.8263
333.7635
333.6961
333.6281
333.5665
333.4975
333.43
333.3643
333.312
333.2655
333.2211
333.1831
333.1373
333.0988
333.0526
333.0121
332.9721
332.935
332.9
332.8623
332.8308
332.8026
332.7795
332.7536
332.7293
332.707
332.672
332.6505
332.6212
332.599
332.5804
332.5665
332.5558
332.5438
332.5193
332.5003
332.4745
332.4572
332.438
332.4152
332.3928
332.3698
332.3465
332.3302
332.3192
332.3136
332.3056
332.3126
332.3147
332.3234
332.3252
332.3281
332.3322
332.3364
332.3387
332.3442
332.3496
332.3552
332.3622
332.374
332.3713
332.3733
332.3793
332.3867
332.3733
332.3548
332.3438
332.3362
332.3238
332.3082
332.293
332.2768
332.2672
332.2582
332.2537
332.2502
332.2433
332.2346
332.2247
332.2187
332.2125
332.2048
332.1967
332.1933
332.1905
332.188
332.2017
332.2075
332.2163
332.2232
332.2255
332.2253
332.2337
332.2537
332.2805
332.3012
332.3218
332.339
332.3537
332.3705
332.3877
332.401
332.4133
332.4302
332.441
332.447
332.4515
332.447
332.4488
332.44
332.4353
332.4307
332.4302
332.432
332.4353
332.4352
332.4353
332.4354
