219.5119
219.4554
219.4047
219.3937
219.3971
219.4207
219.4664
219.5021
219.5342
219.5713
219.5992
219.6172
219.6304
219.6537
219.6727
219.6923
219.7167
219.7378
219.768
219.8035
219.8403
219.8647
219.8945
219.9032
219.9253
219.9462
219.9681
219.9937
220.0137
220.0488
220.0798
220.0891
220.1034
220.1181
220.1212
220.1262
220.1236
220.1323
220.1354
220.1326
220.13
220.1283
220.1287
220.1278
220.1178
220.1061
220.1014
220.1065
220.1075
220.1157
220.1208
220.1217
220.128
220.1333
220.1673
220.1863
220.197
220.2105
220.2283
220.2468
220.2617
220.2772
220.2843
220.2938
220.3028
220.3097
220.3209
220.3336
220.3487
220.3614
220.3768
220.3896
220.3975
220.3981
220.3961
220.4039
220.4166
220.4332
220.4476
220.4599
220.4684
220.4926
220.5157
220.5494
220.5651
220.58
220.5912
220.5971
220.6148
220.6287
220.6424
220.6632
220.6837
220.7042
220.727
220.7463
220.7607
220.7707
220.7843
220.8053
220.8318
220.855
220.8801
220.8966
220.9186
220.9477
220.9735
220.9927
221.0141
221.0329
221.0521
221.0682
221.0913
221.114
221.1245
221.1385
221.158
221.1751
221.1853
221.2006
221.2217
221.2314
221.2314
221.2294
221.2241
221.2196
221.2513
221.2805
221.3364
221.3969
221.4698
221.5486
221.6383
221.7481
221.8451
221.9432
222.0361
222.1321
222.2274
222.3258
222.4196
222.5168
222.6067
222.7088
222.8078
222.9043
223.0108
223.1163
223.2069
223.2984
223.3916
223.4792
223.5682
223.65
223.7327
223.7849
223.8492
223.9094
223.9644
224.0146
224.0685
224.1263
224.1771
224.2329
224.289
224.3379
224.3857
224.4234
224.4601
224.4941
224.5207
224.5432
224.569
224.5996
224.6249
224.6562
224.6881
224.7224
224.7607
224.7922
224.8373
224.8923
224.9587
225.0245
225.09
225.1505
225.1793
225.2195
225.2449
225.2572
225.2504
225.2399
225.2277
225.2019
225.1962
