41.6075
41.6475
41.6857
41.7198
41.7538
41.789
41.8236
41.8581
41.8918
41.9262
41.9612
41.996
42.0282
42.0594
42.0904
42.1233
42.1558
42.1846
42.2153
42.2478
42.2795
42.3106
42.3463
42.3821
42.4198
42.4606
42.5002
42.5383
42.5745
42.6132
42.6537
42.6892
42.7233
42.7587
42.7953
42.8312
42.8696
42.9097
42.9473
42.9826
43.0145
43.044
43.0741
43.1024
43.1274
43.1528
43.1769
43.2035
43.2283
43.2542
43.2793
43.2964
43.3147
43.3337
43.354
43.3722
43.3897
43.3853
43.374
43.3683
43.3623
43.3525
43.344
43.3365
43.3298
43.327
43.3256
43.3249
43.3253
43.3266
43.3272
43.3278
43.3307
43.3373
43.3449
43.3506
43.3658
43.3831
43.4046
43.4222
43.4418
43.4626
43.4778
43.4943
43.5094
43.5219
43.5359
43.5519
43.5704
43.5858
43.6011
43.6176
43.6348
43.6503
43.6648
43.6788
43.6896
43.7008
43.7126
43.7266
43.7442
43.7627
43.7829
43.8026
43.8237
43.8424
43.86
43.8781
43.896
43.9113
43.9278
43.9523
43.9735
43.9933
44.0103
44.0243
44.0394
44.0656
44.095
44.1211
44.1456
44.1673
44.1898
44.2121
44.2318
44.249
44.2641
44.2765
44.2893
44.3006
44.3094
44.3185
44.3321
44.3445
44.3566
44.369
44.3726
44.3805
44.383
44.394
44.4026
44.4101
44.4163
44.4203
44.4256
44.431
44.4355
44.4381
44.44
44.4436
44.4461
44.448
44.4515
44.4535
44.4525
44.4514
44.4506
44.4441
44.4379
44.4352
44.4373
44.4378
44.4366
44.4378
44.4376
44.4401
44.4438
44.4465
44.4523
44.4573
44.4551
44.4536
44.4523
44.4531
44.4556
44.4567
44.4564
44.458
44.4622
44.4652
44.4679
44.471
44.4734
44.4764
44.48
44.4847
44.4905
44.4982
44.5039
44.5108
44.5195
44.53
44.5369
44.5433
44.5496
