57.5458
57.5757
57.607
57.6371
57.667
57.6958
57.7252
57.7547
57.7878
57.8173
57.8492
57.8802
57.9088
57.9369
57.9663
57.9989
58.0301
58.062
58.0951
58.1288
58.163
58.1952
58.2249
58.2522
58.2739
58.2904
58.3029
58.3207
58.3354
58.3539
58.362
58.3669
58.3695
58.3709
58.3686
58.3644
58.3554
58.3489
58.3421
58.3339
58.3253
58.3165
58.3035
58.2842
58.2682
58.255
58.2407
58.2276
58.2136
58.2031
58.1939
58.1896
58.1856
58.1842
58.1837
58.1889
58.1972
58.2036
58.2109
58.2176
58.2213
58.2227
58.2219
58.2212
58.2191
58.2149
58.2091
58.2041
58.1963
58.1936
58.1858
58.1793
58.1735
58.1655
58.1583
58.1495
58.1345
58.1245
58.1086
58.0946
58.086
58.0773
58.0724
58.0691
58.0699
58.0761
58.0864
58.0904
58.0967
58.1039
58.1135
58.1259
58.1392
58.1543
58.1717
58.1897
58.21
58.2282
58.2465
58.265
58.2834
58.3007
58.3199
58.3428
58.3646
58.3848
58.4088
58.4332
58.4602
58.4818
58.5033
58.5221
58.5382
58.5514
58.5645
58.5776
58.5892
58.5998
58.6108
58.6204
58.6321
58.6405
58.6473
58.6499
58.6523
58.6573
58.6634
58.6699
58.6766
58.6823
58.6909
58.7028
58.7113
58.7195
58.7303
58.7425
58.7611
58.7741
58.7891
58.8043
58.813
58.8195
58.8257
58.831
58.8368
58.8414
58.8448
58.8507
58.8553
58.8601
58.8661
58.8703
58.8741
58.8766
58.8794
58.8823
58.8858
58.8853
58.8868
58.885
58.8833
58.8823
58.8798
58.8785
58.8768
58.8751
58.8695
58.8637
58.8539
58.8464
58.8386
58.8284
58.82
58.812
58.8037
58.7953
58.7859
58.7788
58.772
58.7655
58.7595
58.7553
58.753
58.7527
58.7547
58.7535
58.7538
58.755
58.7572
58.7552
58.7542
58.7505
58.7505
58.7515
58.7503
58.7485
58.747
58.7456
58.7459
