320.7051
320.7747
320.8312
320.8454
320.7799
320.7414
320.7303
320.7258
320.7015
320.6562
320.626
320.5948
320.577
320.5853
320.583
320.5882
320.5882
320.5685
320.5477
320.5229
320.4976
320.4789
320.4665
320.4535
320.4557
320.4303
320.4336
320.4219
320.4026
320.3819
320.3204
320.2644
320.1857
320.1335
320.1036
320.0678
320.0309
320.0035
320.0093
320.0149
319.9998
319.9744
319.9093
319.8298
319.7472
319.6763
319.6122
319.5497
319.4803
319.4028
319.3343
319.3109
319.2853
319.2533
319.2145
319.1997
319.1644
319.1566
319.1381
319.1318
319.1112
319.0912
319.0789
319.1071
319.1873
319.2323
319.2464
319.2645
319.299
319.3366
319.3483
319.3575
319.3518
319.3324
319.3313
319.3311
319.3213
319.3224
319.3216
319.3144
319.2919
319.2614
319.1908
319.1574
319.0848
319.0373
318.9481
318.8656
318.7593
318.6429
318.5604
318.4914
318.4376
318.3718
318.3029
318.2392
318.17
318.0881
317.9768
317.854
317.7336
317.6185
317.5266
317.4806
317.4307
317.352
317.3092
317.2659
317.2375
317.2565
317.2657
317.2319
317.1945
317.1719
317.1949
317.1966
317.2394
317.276
317.3167
317.3658
317.4424
317.5283
317.6156
317.6934
317.7939
317.8888
317.9942
318.0864
318.1818
318.279
318.3913
318.5193
318.6597
318.7966
318.9207
319.0373
319.1607
319.2808
319.3992
319.5195
319.6511
319.8154
320.0111
320.1467
320.2804
320.4316
320.5917
320.7596
320.9521
321.1612
321.3785
321.5958
321.8218
322.0699
322.3231
322.5702
322.8338
323.108
323.3743
323.648
323.9175
324.1853
324.4485
324.6667
324.8737
325.0995
325.2918
325.4793
325.6255
325.7683
325.857
325.9656
326.0763
326.1699
326.2261
326.3059
326.3366
326.3698
326.4202
326.4485
326.4582
326.4756
326.4804
326.4846
326.4753
326.466
326.4563
326.45
326.4528
326.461
326.4682
326.4831
326.4894
326.4799
326.4757
