54.6606
54.6734
54.6719
54.6731
54.6753
54.6772
54.677
54.6731
54.6705
54.6699
54.6717
54.6763
54.6783
54.6815
54.6825
54.6812
54.6811
54.6818
54.6851
54.6886
54.7007
54.7119
54.7258
54.732
54.7424
54.7534
54.7646
54.7721
54.7781
54.7881
54.7968
54.8043
54.8136
54.8174
54.821
54.8285
54.8355
54.8395
54.8436
54.848
54.8488
54.85
54.8488
54.8496
54.8523
54.8554
54.8563
54.8616
54.8675
54.8691
54.8702
54.8717
54.8726
54.8759
54.8798
54.8837
54.8889
54.8896
54.8856
54.8831
54.8799
54.8887
54.9066
54.9217
54.9326
54.9426
54.9539
54.9626
54.9692
54.9716
54.9719
54.9693
54.9697
54.9676
54.9652
54.9567
54.9521
54.9465
54.9401
54.9336
54.9167
54.8974
54.8768
54.8626
54.8476
54.8301
54.813
54.7965
54.7819
54.7649
54.7468
54.7305
54.7129
54.6969
54.6798
54.6618
54.6441
54.6272
54.6076
54.5861
54.5619
54.5377
54.5172
54.4961
54.4776
54.4638
54.4524
54.4367
54.4203
54.4102
54.4052
54.3977
54.3902
54.377
54.3654
54.3551
54.3425
54.3323
54.3261
54.3193
54.3117
54.3044
54.2983
54.292
54.2848
54.278
54.2707
54.2657
54.2622
54.262
54.264
54.2681
54.2717
54.2767
54.2823
54.2958
54.3052
54.3135
54.3257
54.3357
54.3427
54.3537
54.3627
54.3708
54.3766
54.3837
54.3918
54.3996
54.4078
54.4162
54.4241
54.432
54.4391
54.4461
54.4542
54.4604
54.4663
54.473
54.4801
54.4885
54.4995
54.5102
54.5232
54.5369
54.5471
54.5537
54.5606
54.5695
54.5781
54.5862
54.5917
54.6007
54.6082
54.6181
54.6255
54.6341
54.645
54.6545
54.6623
54.6713
54.6821
54.6949
54.7055
54.7137
54.7234
54.733
54.7431
54.7524
