501.9634
501.9201
501.8551
501.7757
501.7251
501.6563
501.5623
501.4511
501.3699
501.2806
501.2626
501.2416
501.2113
501.2012
501.1542
501.1078
501.0846
501.1058
501.1345
501.299
501.5013
501.7216
501.9351
502.1334
502.3352
502.5204
502.668
502.7631
502.9026
503.0912
503.2335
503.3768
503.5129
503.6527
503.7797
503.9286
504.0971
504.2487
504.3816
504.5138
504.6186
504.7189
504.8217
504.9594
505.1106
505.2751
505.4478
505.585
505.7368
505.9264
506.1196
506.3308
506.5463
506.7923
507.0333
507.2626
507.4638
507.6158
507.7577
507.9001
508.1774
508.4975
508.7867
509.0687
509.3254
509.594
509.8374
510.0801
510.3051
510.5386
510.7434
510.8676
511.0384
511.2057
511.4342
511.6506
511.8648
512.056
512.2434
512.3227
512.3579
512.3716
512.4056
512.4297
512.4727
512.5265
512.6203
512.706
512.7727
512.8217
512.8802
512.9214
512.9716
512.9883
513.0044
513.0068
512.9988
512.9674
512.9704
512.9943
513.0029
513.0076
513.0566
513.0811
513.0915
513.1173
513.1587
513.1964
513.2133
513.2197
513.2238
513.2217
513.2171
513.2118
513.2245
513.2537
513.3077
513.3465
513.3988
513.4615
513.5246
513.5787
513.6302
513.6807
513.7323
513.8036
513.874
513.9491
514.0411
514.1124
514.2004
514.3692
514.478
514.5677
514.6001
514.6603
514.705
514.7201
514.7482
514.7428
514.7239
514.7117
514.7028
514.7032
514.6906
514.6751
514.6563
514.6335
514.6135
514.5715
514.5444
514.5181
514.4856
514.4854
514.4693
514.4597
514.4573
514.4553
514.4334
514.4244
514.3949
514.3884
514.3572
514.34
514.3305
514.3021
514.269
514.2784
514.3258
514.3534
514.3979
514.4218
514.4627
514.4979
514.5336
514.5614
514.5801
514.6138
514.6395
514.6693
514.7016
514.7464
514.7943
514.8336
514.8614
