40.036
40.0315
40.0293
40.033
40.0369
40.0371
40.037
40.0367
40.0347
40.0346
40.0333
40.0325
40.0318
40.0302
40.0285
40.0275
40.0262
40.0227
40.0198
40.0162
40.0117
40.0064
39.9972
39.9881
39.9823
39.9756
39.9685
39.9642
39.9582
39.9527
39.9447
39.9385
39.9329
39.9275
39.9213
39.9145
39.9079
39.8996
39.8913
39.8838
39.8764
39.8687
39.8604
39.8522
39.8433
39.8351
39.8306
39.8275
39.8218
39.8202
39.8217
39.8223
39.8216
39.8248
39.8306
39.8384
39.8474
39.857
39.8674
39.8772
39.8876
39.8982
39.9074
39.9143
39.9217
39.9297
39.9368
39.9454
39.9538
39.9619
39.971
39.9747
39.9773
39.9822
39.9897
39.9974
40.0041
40.0111
40.0183
40.0281
40.0395
40.0505
40.0656
40.0798
40.0906
40.1026
40.1146
40.1268
40.1387
40.15
40.1625
40.1731
40.1826
40.191
40.2
40.2091
40.217
40.2248
40.2302
40.2355
40.24
40.2439
40.2488
40.2529
40.2573
40.2607
40.261
40.259
40.257
40.2501
40.2401
40.2295
40.2197
40.2105
40.1994
40.1863
40.1725
40.1594
40.1459
40.1316
40.1174
40.1039
40.09
40.0784
40.0652
40.0505
40.0361
40.0209
40.0063
39.9922
39.9768
39.9666
39.9576
39.9471
39.9341
39.9203
39.9081
39.8956
39.8832
39.87
39.8563
39.8441
39.831
39.8195
39.8072
39.7943
39.782
39.7708
39.7603
39.7515
39.7409
39.7281
39.7187
39.7101
39.6993
39.6896
39.6819
39.6749
39.67
39.6661
39.663
39.6602
39.6559
39.6526
39.6489
39.6453
39.641
39.6376
39.6345
39.6329
39.6307
39.6288
39.6265
39.623
39.6197
39.6165
39.6164
39.6157
39.6146
39.6143
39.614
39.6122
39.6102
39.6058
39.602
39.6003
39.5992
39.5996
39.6006
39.6027
