60.8312
60.8284
60.8314
60.8342
60.8342
60.8422
60.8492
60.8542
60.8605
60.8663
60.8731
60.8799
60.8892
60.9002
60.9112
60.9221
60.9343
60.9472
60.9624
60.9759
60.9888
61.003
61.0167
61.0241
61.0289
61.0299
61.0345
61.0395
61.0468
61.0493
61.0518
61.0559
61.062
61.0702
61.0761
61.0809
61.0859
61.0902
61.0944
61.098
61.1038
61.1085
61.1134
61.118
61.1224
61.1264
61.1281
61.1295
61.1322
61.1362
61.1419
61.1479
61.1553
61.1663
61.1775
61.1893
61.1972
61.2
61.2042
61.2058
61.2057
61.2058
61.207
61.2125
61.2192
61.2274
61.236
61.2462
61.2569
61.269
61.2802
61.2912
61.3021
61.3129
61.3251
61.3311
61.3382
61.3475
61.3561
61.3575
61.3544
61.3524
61.3521
61.3578
61.3679
61.3814
61.3873
61.3911
61.3957
61.3997
61.4022
61.4037
61.4036
61.4057
61.4066
61.4058
61.4061
61.407
61.4101
61.4136
61.417
61.4232
61.4264
61.429
61.4203
61.4124
61.403
61.3902
61.3766
61.3636
61.3507
61.3374
61.3172
61.2974
61.2777
61.2593
61.2441
61.2321
61.2182
61.2051
61.1919
61.1762
61.1602
61.1464
61.1329
61.1166
61.0989
61.083
61.0643
61.0532
61.0392
61.0254
61.0125
61.0015
60.9928
60.9914
60.9873
60.9804
60.9739
60.9758
60.9831
60.9915
60.9986
61.0045
61.008
61.0122
61.0193
61.0266
61.0329
61.0403
61.0476
61.0529
61.0594
61.0642
61.0675
61.0716
61.0741
61.0766
61.0819
61.0864
61.0874
61.0879
61.094
61.102
61.1205
61.1344
61.1501
61.1667
61.18
61.1903
61.1989
61.2087
61.2237
61.2347
61.2458
61.2552
61.2643
61.2727
61.2817
61.2887
61.2966
61.3061
61.3151
61.3205
61.3256
61.3361
61.3469
61.3556
61.3674
61.3732
61.382
61.3904
61.3974
61.4038
61.4049
61.4038
61.4037
61.4045
