191.5514
191.614
191.6392
191.6715
191.7067
191.7338
191.7508
191.7603
191.7814
191.8156
191.8526
191.8923
191.9313
191.9784
192.0216
192.0621
192.1145
192.1783
192.2512
192.3287
192.435
192.5395
192.6677
192.7877
192.9141
193.0712
193.2174
193.3561
193.4816
193.6156
193.745
193.8725
194.0055
194.1255
194.2318
194.3387
194.4326
194.5259
194.6146
194.7009
194.7647
194.8258
194.8808
194.9451
195.0186
195.0959
195.1764
195.261
195.3395
195.4119
195.4858
195.5688
195.6499
195.7119
195.7769
195.8538
195.9334
195.9896
196.0326
196.072
196.112
196.1948
196.3009
196.3912
196.4748
196.5467
196.6119
196.6842
196.7504
196.8056
196.86
196.9075
196.9535
196.9905
197.0339
197.0715
197.1069
197.1308
197.1503
197.1765
197.181
197.184
197.1706
197.159
197.1408
197.09
197.0468
197.0093
196.9817
196.9519
196.9097
196.8679
196.8231
196.7772
196.7396
196.7041
196.6713
196.6393
196.6031
196.566
196.5442
196.5237
196.4963
196.4665
196.4363
196.4222
196.4053
196.3787
196.3646
196.362
196.3672
196.3493
196.3218
196.2855
196.2468
196.2133
196.1728
196.1427
196.1137
196.096
196.0775
196.0598
196.0421
196.0272
196.0116
195.9973
195.9858
195.9726
195.9591
195.9444
195.9334
195.9243
195.9199
195.9249
195.9261
195.9389
195.9603
195.9855
195.9953
195.9943
195.9858
195.9762
195.9657
195.959
195.9498
195.9505
195.9538
195.9585
195.9625
195.9585
195.9595
195.962
195.9645
195.9745
195.9825
195.9882
195.9975
196.0077
196.0162
196.0303
196.0438
196.0501
196.0656
196.0946
196.133
196.161
196.1882
196.219
196.2526
196.2753
196.2923
196.3179
196.3625
196.431
196.4949
196.5498
196.6146
196.686
196.754
196.8208
196.8914
196.9546
197.0211
197.084
197.1443
197.206
197.268
197.329
197.3878
