27.6089
27.5652
27.5227
27.4771
27.4321
27.3871
27.3436
27.3012
27.2591
27.2177
27.1744
27.1298
27.0872
27.0449
27.0043
26.9645
26.9239
26.8827
26.8406
26.803
26.7613
26.7197
26.6768
26.635
26.5934
26.5518
26.5088
26.4679
26.4382
26.4103
26.3834
26.3628
26.3389
26.317
26.2953
26.2729
26.2513
26.2329
26.2163
26.2019
26.1915
26.1798
26.1652
26.1513
26.1401
26.1288
26.1142
26.1018
26.0943
26.0885
26.0823
26.0793
26.071
26.0559
26.0454
26.0396
26.0313
26.027
26.0222
26.0184
26.0147
26.0136
26.0121
26.016
26.0199
26.027
26.0308
26.0339
26.0366
26.0391
26.0415
26.0476
26.0492
26.0436
26.0343
26.0261
26.0163
26.0073
26.0006
25.9902
25.9826
25.9753
25.9679
25.959
25.9494
25.9368
25.9256
25.914
25.901
25.8876
25.8753
25.8612
25.847
25.8327
25.8156
25.8003
25.7834
25.7643
25.753
25.7383
25.7243
25.7086
25.6923
25.6744
25.655
25.6359
25.6208
25.6057
25.5886
25.573
25.5568
25.5389
25.5248
25.5144
25.5013
25.4891
25.4767
25.4631
25.4493
25.4344
25.4192
25.4028
25.3845
25.3643
25.3434
25.3203
25.2983
25.2742
25.2522
25.2323
25.2157
25.1962
25.1804
25.1725
25.1672
25.1596
25.153
25.1466
25.139
25.1317
25.125
25.1178
25.1111
25.105
25.1011
25.1009
25.0993
25.0987
25.0983
25.0983
25.0983
25.0961
25.0965
25.0985
25.102
25.1028
25.1038
25.1069
25.1024
25.1011
25.107
25.1142
25.1197
25.1279
25.1336
25.14
25.1455
25.1497
25.155
25.1608
25.1693
25.179
25.1885
25.1965
25.2046
25.2132
25.2205
25.2273
25.234
25.2419
25.2515
25.2628
25.2751
25.2879
25.2998
25.3116
25.3232
