109.56
108.97
110.22
111.62
109.75
112.0
112.72
113.5
114.09
114.11
113.85
115.15
114.43
113.58
113.57
115.12
121.72
120.61
119.93
119.28
118.42
118.71
119.32
119.1
118.37
117.34
115.98
115.39
116.38
116.38
117.28
116.85
115.94
116.47
116.38
115.89
115.78
116.07
115.61
116.33
117.5
118.11
118.48
118.25
119.07
120.29
121.26
120.98
121.37
121.32
121.33
120.6
119.43
119.81
116.25
116.39
116.22
116.51
116.29
116.42
118.5
119.0
118.31
118.94
120.09
121.55
120.97
122.31
123.09
123.79
123.32
124.66
125.09
125.08
125.4
125.1
125.28
124.89
123.45
120.66
118.71
118.82
119.86
121.94
122.0
120.62
121.56
120.51
118.47
117.91
117.5
116.93
116.91
114.41
113.45
114.79
114.58
114.71
115.05
115.19
