52.1088
52.1096
52.1093
52.1072
52.1037
52.0987
52.0933
52.0898
52.0853
52.0833
52.0812
52.0818
52.0827
52.0838
52.0838
52.0849
52.0863
52.088
52.0894
52.0901
52.0893
52.0881
52.0775
52.0671
52.0554
52.0426
52.0285
52.0166
52.0123
52.0095
52.0083
52.0022
51.9961
51.9932
51.9887
51.9845
51.981
51.9783
51.9735
51.9676
51.9628
51.9581
51.9528
51.9487
51.9446
51.94
51.9365
51.9318
51.9295
51.928
51.9289
51.9272
51.9244
51.9237
51.9208
51.923
51.924
51.9225
51.918
51.9137
51.9084
51.905
51.905
51.9046
51.9041
51.9043
51.9046
51.9043
51.905
51.9042
51.9027
51.899
51.896
51.8935
51.8918
51.8894
51.88
51.8703
51.8648
51.8583
51.8529
51.8474
51.8483
51.8499
51.8509
51.8556
51.8616
51.8663
51.8704
51.8747
51.8818
51.8881
51.8914
51.8914
51.8947
51.8958
51.8968
51.8976
51.8992
51.9026
51.9052
51.9072
51.9086
51.9132
51.9196
51.9257
51.9352
51.9464
51.9548
51.9658
51.9742
51.9881
52.0029
52.0161
52.0307
52.0422
52.0524
52.0642
52.0795
52.0933
52.1087
52.121
52.1303
52.1392
52.1489
52.1571
52.1646
52.1706
52.1757
52.179
52.1883
52.2
52.2067
52.214
52.2213
52.2288
52.2425
52.2566
52.2656
52.2775
52.2885
52.2986
52.3121
52.3277
52.3444
52.3605
52.3762
52.3921
52.4086
52.4234
52.4344
52.4471
52.46
52.4731
52.4844
52.4977
52.5092
52.5225
52.5388
52.5498
52.5637
52.5768
52.5908
52.601
52.6107
52.6208
52.6249
52.6289
52.6352
52.6389
52.6429
52.6445
52.6457
52.6458
52.647
52.6487
52.6539
52.6567
52.6594
52.6644
52.6718
52.6797
52.6869
52.6934
52.6989
52.7054
52.7102
52.719
52.7274
52.7363
52.7403
52.7419
52.7478
52.7543
52.7608
52.7676
52.7745
52.7802
52.7864
