124.954
124.9392
124.9201
124.9199
124.9207
124.9218
124.9159
124.9092
124.9005
124.8932
124.8845
124.8765
124.8718
124.8704
124.8661
124.8628
124.8603
124.8531
124.8483
124.848
124.8431
124.8308
124.8193
124.8038
124.7933
124.7984
124.8115
124.8109
124.8156
124.8221
124.8339
124.853
124.876
124.8992
124.9183
124.9326
124.9393
124.9505
124.96
124.9722
124.9869
125.0069
125.021
125.0379
125.0485
125.0682
125.0895
125.1125
125.1353
125.1563
125.1812
125.2042
125.2207
125.2415
125.2631
125.2905
125.3175
125.346
125.374
125.3982
125.4298
125.4574
125.4853
125.5078
125.5277
125.5545
125.5837
125.6137
125.6432
125.673
125.7078
125.7438
125.793
125.8369
125.8805
125.9274
125.9652
125.9993
126.0393
126.0777
126.1199
126.1727
126.2252
126.2798
126.3288
126.365
126.3955
126.44
126.4827
126.5245
126.5647
126.6013
126.6356
126.6719
126.7147
126.7642
126.8098
126.8615
126.9018
126.9271
126.9607
126.9864
127.0129
127.0295
127.0442
127.0477
127.0498
127.0561
127.0488
127.0508
127.0492
127.0508
127.0557
127.0556
127.0571
127.0551
127.0536
127.0496
127.0438
127.0413
127.0322
127.0216
127.0074
126.9978
126.9891
126.9703
126.9485
126.9218
126.8958
126.8711
126.8438
126.8174
126.7714
126.7214
126.6781
126.628
126.5827
126.5393
126.4977
126.4511
126.4072
126.3598
126.3099
126.2632
126.2184
126.1716
126.1254
126.0799
126.0367
125.9857
125.9232
125.8622
125.8004
125.7409
125.6789
125.6121
125.5536
125.4881
125.4306
125.3891
125.3288
125.2797
125.2373
125.2062
125.1848
125.1612
125.1392
125.1076
125.0933
125.0737
125.0527
125.031
125.0123
124.9932
124.978
124.9612
124.9425
124.9219
124.9
124.8792
124.8585
124.839
124.8239
124.8024
124.777
