75.5182
75.5457
75.574
75.5837
75.5713
75.5723
75.5747
75.5743
75.5643
75.5565
75.5469
75.5449
75.5513
75.5574
75.5639
75.5694
75.5731
75.5754
75.5784
75.5914
75.605
75.6114
75.6409
75.6724
75.7026
75.7314
75.7689
75.8094
75.8369
75.8613
75.8857
75.9133
75.9408
75.9691
75.9948
76.0178
76.042
76.0684
76.0939
76.1214
76.1462
76.1687
76.1837
76.1949
76.2046
76.2188
76.2366
76.2565
76.2687
76.2807
76.2874
76.2965
76.3104
76.327
76.3476
76.3716
76.3926
76.4166
76.4499
76.4726
76.4889
76.5015
76.5137
76.5377
76.5867
76.6254
76.6573
76.6918
76.7319
76.7681
76.7995
76.8238
76.843
76.8628
76.88
76.8941
76.9012
76.9109
76.9244
76.9352
76.9456
76.9608
76.9493
76.9365
76.922
76.908
76.8893
76.8662
76.8481
76.834
76.8196
76.8073
76.7913
76.7726
76.7596
76.7438
76.7244
76.7034
76.6824
76.6538
76.6155
76.56
76.5075
76.4658
76.4208
76.3788
76.3375
76.3004
76.2693
76.237
76.2143
76.1961
76.1771
76.1528
76.1219
76.0892
76.0567
76.027
75.992
75.9628
75.9332
75.9065
75.8795
75.854
75.8226
75.7903
75.7605
75.7301
75.6984
75.6712
75.6466
75.6241
75.6048
75.5864
75.5704
75.5604
75.5607
75.5594
75.5579
75.5529
75.5509
75.5444
75.5379
75.5274
75.5217
75.5179
75.5102
75.5054
75.4951
75.4829
75.4721
75.4628
75.4568
75.4528
75.4477
75.4417
75.4343
75.4283
75.4214
75.419
75.4242
75.4503
75.4776
75.4926
75.5132
75.5343
75.5526
75.565
75.5739
75.5843
75.5952
75.6022
75.607
75.6147
75.6284
75.6387
75.6546
75.666
75.6798
75.6972
75.7145
75.7347
75.7573
75.7772
75.8014
75.8256
75.8446
75.8639
75.8807
75.8992
75.9126
