32.2863
32.2909
32.2962
32.298
32.2997
32.3028
32.3064
32.3083
32.3108
32.312
32.3128
32.3135
32.3134
32.3139
32.315
32.3155
32.3157
32.3169
32.3181
32.32
32.3208
32.3207
32.3202
32.3179
32.3147
32.3099
32.3047
32.2991
32.2953
32.2907
32.2876
32.2827
32.2772
32.272
32.2673
32.2633
32.259
32.2547
32.2508
32.2461
32.2416
32.2367
32.2319
32.2289
32.2254
32.2226
32.2201
32.2164
32.2134
32.2106
32.2075
32.2065
32.2044
32.204
32.2034
32.206
32.2062
32.2081
32.2087
32.211
32.2131
32.2144
32.2164
32.2175
32.2195
32.2224
32.2246
32.2262
32.2279
32.2303
32.2324
32.2343
32.2355
32.2376
32.2406
32.2444
32.2493
32.2531
32.2557
32.2585
32.2628
32.2683
32.2733
32.2788
32.2804
32.2839
32.2892
32.296
32.3033
32.3097
32.317
32.3245
32.3319
32.3389
32.3464
32.3533
32.3611
32.369
32.3764
32.3839
32.3925
32.4017
32.4109
32.4167
32.4192
32.4251
32.4325
32.4391
32.4459
32.4531
32.4611
32.4669
32.4731
32.4761
32.4792
32.4807
32.4833
32.4855
32.4877
32.4883
32.4889
32.4873
32.4865
32.4858
32.4848
32.4836
32.4828
32.4838
32.4847
32.485
32.4905
32.4945
32.4978
32.4995
32.5002
32.4991
32.4956
32.4922
32.4903
32.4883
32.486
32.4831
32.4796
32.4764
32.4782
32.4797
32.4802
32.4796
32.4774
32.4751
32.4723
32.4705
32.469
32.4689
32.4682
32.4682
32.4694
32.4703
32.4706
32.4721
32.4711
32.4709
32.4701
32.4734
32.4803
32.4826
32.4826
32.4835
32.4846
32.486
32.4856
32.4847
32.4844
32.4851
32.4865
32.4871
32.4878
32.4889
32.4894
32.4901
32.491
32.4917
32.4916
32.4921
32.4926
32.4927
32.4932
32.4924
32.4938
32.4943
32.4908
32.4908
32.4921
32.494
32.4953
32.4983
32.5029
32.5073
32.5121
