34.7016
34.7256
34.753
34.7743
34.7967
34.8193
34.8421
34.8639
34.8873
34.9093
34.9294
34.9488
34.966
34.983
34.9993
35.0143
35.0306
35.0492
35.0686
35.0876
35.1079
35.1263
35.1413
35.1565
35.1667
35.1773
35.1875
35.1992
35.2123
35.2233
35.2316
35.2399
35.2491
35.2579
35.2703
35.2841
35.2964
35.3089
35.3198
35.33
35.3409
35.353
35.3624
35.3717
35.3817
35.3911
35.4012
35.4097
35.4174
35.4278
35.4369
35.4494
35.4639
35.4767
35.4912
35.5081
35.5236
35.5331
35.5418
35.55
35.559
35.5691
35.5738
35.5802
35.5851
35.5891
35.5934
35.5976
35.6009
35.6046
35.6074
35.611
35.614
35.6154
35.6167
35.6174
35.6143
35.6112
35.6116
35.6154
35.6179
35.6183
35.6195
35.6195
35.626
35.6318
35.6378
35.6433
35.6473
35.651
35.6546
35.6589
35.6629
35.6654
35.6666
35.6673
35.6683
35.6692
35.6713
35.6745
35.6778
35.6798
35.6841
35.6893
35.6939
35.698
35.7052
35.714
35.7241
35.7289
35.7349
35.7382
35.7376
35.7382
35.7373
35.7353
35.7358
35.7377
35.7392
35.7407
35.7413
35.7392
35.7375
35.7356
35.7344
35.7347
35.7346
35.7366
35.7372
35.7368
35.7375
35.737
35.7367
35.7378
35.7403
35.7446
35.7505
35.7538
35.7525
35.7482
35.7439
35.741
35.7397
35.7385
35.7357
35.7327
35.7295
35.7241
35.7195
35.7149
35.7111
35.7078
35.7048
35.7028
35.7012
35.6988
35.6968
35.6943
35.6909
35.6857
35.6809
35.678
35.6745
35.671
35.6678
35.6672
35.6626
35.6592
35.6554
35.6539
35.6506
35.6474
35.6459
35.6442
35.6429
35.6415
35.6392
35.6365
35.6333
35.6304
35.6271
35.6244
35.6221
35.6199
35.6197
35.6182
35.6148
35.6108
35.6069
35.6047
35.6022
35.5999
35.5981
35.5956
35.5914
35.5844
35.579
35.5746
35.571
