70.3067
70.3158
70.3336
70.3368
70.3263
70.3131
70.3027
70.2919
70.2839
70.2754
70.2652
70.2601
70.2566
70.2609
70.255
70.2479
70.2439
70.2393
70.2363
70.2325
70.2345
70.2342
70.2407
70.2422
70.2532
70.2536
70.2594
70.2632
70.2615
70.2613
70.2507
70.2413
70.2363
70.2327
70.2273
70.221
70.2127
70.2018
70.1902
70.1732
70.1568
70.1418
70.1272
70.1125
70.0973
70.0812
70.0661
70.0506
70.0342
70.0233
70.0136
70.0023
69.9984
69.9926
69.9845
69.9798
69.9718
69.9783
69.9753
69.9733
69.9716
69.9687
69.9617
69.967
69.9805
69.9915
70.0027
70.0159
70.0289
70.0392
70.0456
70.0495
70.05
70.0466
70.0447
70.0435
70.0444
70.052
70.0502
70.0533
70.0521
70.0453
70.0336
70.0289
70.0165
70.0162
70.0139
70.0115
70.0098
70.0059
70.0061
70.0029
69.9963
69.9886
69.9796
69.9716
69.9636
69.9583
69.9539
69.9493
69.9428
69.9369
69.9311
69.9259
69.9161
69.9056
69.8945
69.8831
69.8796
69.8721
69.8653
69.8592
69.8497
69.841
69.8456
69.8493
69.8523
69.8471
69.8415
69.8313
69.8285
69.8267
69.8259
69.8224
69.821
69.8195
69.8212
69.8232
69.8253
69.8283
69.8312
69.8349
69.8394
69.8442
69.8504
69.8546
69.8566
69.8536
69.8605
69.8639
69.8702
69.88
69.8895
69.8954
69.9034
69.91
69.9113
69.9166
69.928
69.9435
69.957
69.9726
69.991
70.0125
70.03
70.0443
70.0573
70.0688
70.0781
70.0895
70.102
70.115
70.1261
70.1385
70.1566
70.1754
70.1949
70.2121
70.2199
70.2239
70.2318
70.2356
70.2401
70.2436
70.2388
70.2371
70.2356
70.2349
70.2433
70.2508
70.2549
70.2535
70.251
70.2515
70.2519
70.2512
70.2476
70.2436
70.2414
70.2409
70.2415
70.2436
70.2459
70.2459
70.2476
