36.1706
36.184
36.1949
36.2051
36.21
36.2111
36.2106
36.2171
36.2235
36.2301
36.2382
36.2464
36.2557
36.2647
36.2749
36.2867
36.3002
36.3111
36.3222
36.333
36.3464
36.3601
36.3717
36.3852
36.4025
36.4221
36.4461
36.4726
36.4947
36.5147
36.5344
36.5556
36.5751
36.5979
36.6195
36.6435
36.6685
36.6923
36.7158
36.7391
36.7603
36.783
36.8047
36.8283
36.8496
36.8715
36.8925
36.9153
36.9366
36.9609
36.9838
37.0069
37.0221
37.0398
37.0603
37.0769
37.0977
37.1085
37.1128
37.1185
37.1263
37.1369
37.1503
37.1655
37.1833
37.2038
37.2248
37.2436
37.2631
37.2816
37.3003
37.3183
37.3349
37.3516
37.3681
37.3843
37.4035
37.4267
37.4511
37.4757
37.4871
37.4947
37.5036
37.5086
37.5157
37.5203
37.521
37.5207
37.5258
37.531
37.5328
37.5342
37.5313
37.528
37.5257
37.5187
37.5126
37.5057
37.4971
37.4877
37.4811
37.4712
37.4596
37.4455
37.4418
37.4389
37.4406
37.4423
37.4464
37.4513
37.4533
37.4556
37.4612
37.4612
37.4598
37.4609
37.4589
37.4579
37.4615
37.4645
37.4682
37.4677
37.4665
37.4648
37.4623
37.4598
37.4583
37.4585
37.4567
37.4479
37.4378
37.4314
37.4242
37.4171
37.4087
37.3991
37.3839
37.3669
37.3478
37.3266
37.3169
37.3099
37.3014
37.296
37.2848
37.2733
37.2593
37.2473
37.2378
37.2266
37.2172
37.2057
37.1969
37.1864
37.1753
37.1663
37.1556
37.1462
37.1449
37.1496
37.1507
37.155
37.1665
37.1777
37.1812
37.187
37.189
37.2028
37.2155
37.2348
37.2617
37.2852
37.3134
37.3442
37.3721
37.3999
37.4283
37.4603
37.4959
37.5298
37.5624
37.5982
37.6332
37.6704
37.705
37.7386
37.7695
37.7971
37.8252
37.8596
37.8957
37.9315
37.9698
38.0059
