36.8814
36.8994
36.9182
36.9366
36.9579
36.9752
36.9929
37.0111
37.0284
37.0429
37.0554
37.0692
37.0829
37.0989
37.1172
37.1348
37.1531
37.1718
37.1893
37.2092
37.2288
37.2506
37.2654
37.2794
37.2927
37.3097
37.3322
37.3553
37.3828
37.4132
37.4425
37.4708
37.4992
37.527
37.5555
37.5841
37.612
37.6414
37.6688
37.6948
37.7198
37.7435
37.7675
37.7871
37.8096
37.8288
37.8475
37.8644
37.8843
37.9078
37.9302
37.9528
37.9758
37.994
38.0138
38.04
38.0673
38.082
38.0922
38.1023
38.1117
38.1203
38.1283
38.1355
38.1437
38.1551
38.1648
38.1729
38.1801
38.1891
38.1986
38.2056
38.2109
38.2136
38.2137
38.215
38.2107
38.2082
38.2042
38.1998
38.1973
38.1942
38.1984
38.2051
38.2128
38.2189
38.2199
38.2238
38.2257
38.2275
38.2298
38.2305
38.2317
38.2323
38.2347
38.2365
38.2388
38.2405
38.2424
38.2443
38.2445
38.2458
38.2454
38.2485
38.2485
38.2495
38.249
38.2503
38.2511
38.2493
38.2489
38.2464
38.2408
38.2401
38.2394
38.2351
38.2297
38.226
38.2244
38.2211
38.2197
38.2171
38.2128
38.2086
38.2043
38.2015
38.1989
38.1954
38.1933
38.1894
38.1909
38.1929
38.1922
38.1928
38.1948
38.1952
38.2012
38.2055
38.2085
38.2107
38.2113
38.2106
38.21
38.2065
38.2057
38.2022
38.1989
38.1933
38.1874
38.18
38.1728
38.1656
38.1571
38.1503
38.1427
38.1365
38.1295
38.1245
38.119
38.1166
38.1153
38.115
38.1134
38.1098
38.1063
38.1026
38.0974
38.0919
38.0853
38.078
38.0687
38.0602
38.0545
38.0473
38.0404
38.0329
38.027
38.0209
38.0134
38.0072
38.0
37.9922
37.9845
37.9775
37.9732
37.9689
37.9641
37.9578
37.9515
37.945
37.9337
37.923
37.9168
37.9112
37.9065
37.9045
37.9019
37.8985
37.8978
