45.452
45.4852
45.5183
45.5493
45.5801
45.6105
45.6421
45.6737
45.7054
45.7351
45.7623
45.789
45.8146
45.8416
45.8661
45.8926
45.9195
45.9482
45.9764
46.0064
46.0367
46.0649
46.1004
46.1393
46.1706
46.2059
46.2393
46.2729
46.3023
46.3343
46.3634
46.3898
46.415
46.4405
46.4672
46.4939
46.522
46.5509
46.5794
46.6099
46.6386
46.6676
46.6946
46.7219
46.7488
46.7753
46.8011
46.8265
46.8519
46.8749
46.8979
46.9167
46.9364
46.9537
46.9658
46.9575
46.9478
46.9421
46.9322
46.9199
46.9105
46.9045
46.901
46.8974
46.8949
46.8916
46.8853
46.8781
46.8726
46.8667
46.8625
46.8602
46.8588
46.8586
46.8605
46.8608
46.8688
46.8738
46.8841
46.8978
46.9136
46.9308
46.9409
46.9509
46.966
46.9802
46.9937
47.003
47.0155
47.0265
47.0363
47.0487
47.0612
47.0731
47.0838
47.0948
47.1015
47.1115
47.1221
47.1351
47.1493
47.1649
47.1827
47.2026
47.2236
47.2421
47.2621
47.2839
47.3077
47.3317
47.3544
47.3812
47.4079
47.4342
47.4662
47.4964
47.5286
47.5626
47.5982
47.6307
47.6604
47.6906
47.7178
47.7458
47.7723
47.7978
47.822
47.8476
47.8731
47.9012
47.9304
47.9592
47.9871
48.0133
48.0391
48.0631
48.0779
48.0952
48.1041
48.1076
48.1061
48.1044
48.1012
48.0957
48.0911
48.0839
48.0804
48.0797
48.0791
48.0787
48.0798
48.0784
48.0785
48.0787
48.077
48.0757
48.0773
48.0753
48.0768
48.0753
48.0719
48.0674
48.059
48.0485
48.0379
48.0303
48.0209
48.0174
48.0126
48.0053
48.0013
47.9979
47.9963
47.9983
47.9989
48.0013
48.0041
48.0073
48.0113
48.0141
48.018
48.0213
48.0242
48.0272
48.0301
48.0329
48.0356
48.0367
48.0379
48.0384
48.0383
48.0386
48.0394
48.0409
