4.1216
4.1194
4.1174
4.1143
4.1118
4.1097
4.1074
4.1056
4.1043
4.1026
4.1008
4.0989
4.0973
4.0963
4.0954
4.0934
4.0919
4.091
4.0897
4.088
4.0858
4.0828
4.0789
4.0745
4.0701
4.0659
4.0621
4.0586
4.0556
4.0526
4.0489
4.0444
4.0403
4.0362
4.0319
4.0277
4.0233
4.0198
4.016
4.0124
4.0092
4.0058
4.0027
3.9992
3.9955
3.9916
3.9871
3.9825
3.9784
3.974
3.9704
3.9664
3.9622
3.9576
3.9539
3.9501
3.9461
3.9425
3.9389
3.936
3.9329
3.9305
3.9279
3.9264
3.9245
3.9222
3.9203
3.9174
3.9149
3.9123
3.9099
3.9078
3.9054
3.9038
3.9022
3.9012
3.9
3.8984
3.8973
3.8965
3.8964
3.8978
3.9
3.9022
3.9045
3.9068
3.9086
3.9106
3.9123
3.9135
3.9146
3.916
3.917
3.9178
3.9189
3.9201
3.9219
3.9237
3.9253
3.927
3.9274
3.9286
3.9297
3.9311
3.9329
3.9351
3.9378
3.9402
3.9427
3.9447
3.9459
3.9467
3.9476
3.9484
3.9486
3.9491
3.9496
3.9501
3.9511
3.9524
3.9536
3.9546
3.9555
3.9555
3.9555
3.9558
3.9565
3.9574
3.9576
3.9586
3.9596
3.9599
3.9602
3.9598
3.9592
3.9585
3.9574
3.9562
3.955
3.9538
3.9519
3.9489
3.9459
3.9431
3.9396
3.9363
3.9326
3.9286
3.9248
3.9212
3.9175
3.9138
3.9114
3.9092
3.9074
3.9055
3.9034
3.9013
3.8987
3.8968
3.8964
3.8951
3.8937
3.8929
3.8917
3.89
3.888
3.8865
3.8849
3.8837
3.883
3.8828
3.8826
3.8829
3.8835
3.8841
3.885
3.8863
3.8872
3.8882
3.8896
3.8913
3.8924
3.8939
3.895
3.8957
3.8964
3.8971
3.8981
3.8985
3.8989
3.8995
3.9
3.9006
