80.3088
80.3079
80.3135
80.3153
80.3137
80.3113
80.3112
80.3123
80.314
80.3151
80.3168
80.3176
80.3169
80.3166
80.3178
80.3191
80.3233
80.3269
80.33
80.3326
80.3353
80.3365
80.3323
80.3272
80.3195
80.311
80.3057
80.2999
80.2959
80.2959
80.29
80.2846
80.278
80.2695
80.264
80.2603
80.2596
80.2546
80.2503
80.2435
80.2361
80.2271
80.2183
80.2081
80.1995
80.1923
80.1845
80.1768
80.1683
80.1621
80.1581
80.1566
80.149
80.1476
80.1478
80.1533
80.1578
80.1601
80.1635
80.1648
80.165
80.166
80.1656
80.1649
80.1653
80.167
80.1692
80.1693
80.1701
80.1703
80.1702
80.1715
80.1735
80.1751
80.1751
80.174
80.1438
80.1167
80.0783
80.0444
80.0049
79.9639
79.9322
79.9032
79.8733
79.8408
79.8062
79.7677
79.7293
79.6928
79.6576
79.6217
79.5874
79.5557
79.5238
79.4923
79.46
79.4325
79.4057
79.3798
79.3526
79.3226
79.2949
79.2736
79.2521
79.2307
79.2041
79.1789
79.1599
79.1374
79.1177
79.0947
79.0767
79.0507
79.0201
78.9887
78.9574
78.9276
78.8974
78.8706
78.8407
78.8101
78.7751
78.7419
78.7103
78.6796
78.6474
78.6177
78.5885
78.556
78.526
78.4934
78.4611
78.4273
78.396
78.3637
78.3597
78.3517
78.3559
78.3564
78.3611
78.3697
78.3727
78.3745
78.3801
78.3902
78.3985
78.4117
78.4258
78.4397
78.4545
78.4698
78.483
78.4957
78.5091
78.5219
78.5331
78.5389
78.5434
78.5551
78.57
78.59
78.6055
78.6182
78.6301
78.643
78.664
78.6863
78.6995
78.713
78.7198
78.7281
78.7338
78.741
78.7513
78.7626
78.7744
78.7834
78.7933
78.8037
78.8173
78.8305
78.8457
78.8608
78.8781
78.8683
78.8864
78.9031
78.9229
78.9464
78.967
78.9911
79.0106
79.0306
79.049
79.0683
79.087
79.1065
79.1257
