322.8522
322.8455
322.8537
322.9469
323.0872
323.2254
323.3603
323.525
323.6946
323.876
324.067
324.2339
324.3973
324.5531
324.6957
324.8451
324.9957
325.1492
325.3067
325.4322
325.5685
325.7257
325.8347
325.8953
325.9818
325.9961
325.9931
325.9866
325.9831
325.9718
326.0183
326.0922
326.1606
326.2187
326.2603
326.3097
326.3702
326.4353
326.5162
326.609
326.684
326.7492
326.8163
326.8873
326.9539
327.0253
327.0693
327.128
327.177
327.1368
327.1437
327.193
327.2735
327.396
327.5004
327.6151
327.755
327.8733
327.9667
328.0571
328.1414
328.2601
328.3912
328.515
328.6437
328.7631
328.8901
329.0345
329.1552
329.2719
329.3986
329.5157
329.6379
329.7663
329.8936
330.0397
330.025
330.0458
330.187
330.3533
330.5081
330.6479
330.8229
331.0214
331.1808
331.4156
331.6676
331.8933
332.124
332.3244
332.5482
332.7954
333.0265
333.2592
333.4911
333.7065
333.8779
334.0356
334.1887
334.3234
334.4374
334.572
334.701
334.7996
334.9405
335.0608
335.2112
335.4019
335.5998
335.8168
335.9668
336.0664
336.1208
336.1589
336.2236
336.2708
336.2953
336.3303
336.3958
336.4138
336.4305
336.4264
336.3945
336.3495
336.2872
336.2191
336.1107
335.9883
335.8817
335.7796
335.6489
335.5421
335.3745
335.2037
335.0335
334.8404
334.7946
334.7194
334.5344
334.3367
334.1041
333.8478
333.5925
333.3483
333.1307
332.8903
332.6517
332.4512
332.2285
332.021
331.7883
331.5312
331.2893
331.0443
330.81
330.5756
330.3664
330.143
329.924
329.6812
329.5308
329.366
329.2512
329.1212
328.9826
328.8448
328.6903
328.4984
328.3226
328.2057
328.0408
327.8916
327.7436
327.5549
327.3613
327.1624
326.9461
326.7033
326.475
326.2758
326.086
325.904
325.7314
325.5656
325.4196
325.2771
325.1497
325.0222
324.8976
324.7749
324.6634
324.5426
324.4621
324.3934
324.3286
