200.9704
201.0577
201.1446
201.2255
201.3083
201.3778
201.4396
201.5205
201.6072
201.6884
201.7674
201.8459
201.9282
202.0052
202.0901
202.1926
202.2958
202.3861
202.4758
202.5632
202.6506
202.7377
202.8362
202.9327
203.0661
203.1861
203.3027
203.4224
203.5351
203.652
203.7768
203.9069
204.0445
204.1902
204.348
204.5122
204.692
204.8805
205.0706
205.2583
205.4378
205.6163
205.8073
205.9984
206.1743
206.35
206.5326
206.7376
206.9381
207.1369
207.3245
207.4805
207.6162
207.7465
207.8735
207.9912
208.1161
208.1496
208.1168
208.1263
208.1496
208.171
208.1818
208.1982
208.2182
208.2438
208.259
208.2713
208.2697
208.2793
208.3059
208.344
208.3865
208.4349
208.4696
208.4953
208.5678
208.657
208.733
208.8079
208.8779
208.9396
208.9711
209.0027
208.9652
208.9411
208.9149
208.8986
208.8644
208.826
208.7715
208.7083
208.6336
208.5482
208.4497
208.3426
208.2083
208.074
207.9355
207.8121
207.6919
207.5732
207.4611
207.3311
207.214
207.0943
206.98
206.8593
206.7455
206.6266
206.5165
206.4353
206.3779
206.3229
206.2688
206.2151
206.1672
206.1451
206.1553
206.1329
206.0984
206.0559
206.0219
205.99
205.9457
205.9024
205.8749
205.8316
205.7949
205.7496
205.6989
205.6295
205.5482
205.4724
205.4081
205.3316
205.213
205.1028
205.0086
204.9237
204.8449
204.7708
204.7071
204.6469
204.6224
204.6011
204.5754
204.5419
204.5254
204.5128
204.5034
204.4988
204.4926
204.4891
204.4878
204.4873
204.4873
204.5019
204.5019
204.5088
204.5232
204.5437
204.573
204.6205
204.6568
204.7036
204.7393
204.7799
204.8176
204.8599
204.9072
204.9574
205.0105
205.0657
205.14
205.2109
205.2832
205.3697
205.4604
205.5541
205.637
205.7136
205.7945
205.8789
205.9777
206.0781
206.1732
206.277
206.3855
206.5004
206.6045
206.7124
206.822
206.9205
