73.4007
73.4056
73.4187
73.4319
73.4444
73.4497
73.4575
73.4642
73.4707
73.4747
73.475
73.4745
73.4715
73.473
73.4746
73.4771
73.4835
73.49
73.497
73.503
73.5084
73.5133
73.5171
73.5196
73.5178
73.5199
73.5281
73.5359
73.551
73.5654
73.5842
73.5987
73.611
73.6264
73.6406
73.6546
73.6678
73.6797
73.6902
73.7005
73.7112
73.7205
73.7325
73.745
73.7607
73.7769
73.7915
73.804
73.8214
73.8362
73.8494
73.8608
73.8651
73.8691
73.8759
73.8841
73.8937
73.9058
73.9113
73.9184
73.926
73.9295
73.9302
73.9292
73.9283
73.9299
73.9289
73.9262
73.9216
73.9221
73.9237
73.9238
73.9215
73.919
73.9162
73.91
73.9088
73.9027
73.8897
73.8838
73.8764
73.8697
73.8636
73.8566
73.8524
73.8474
73.8374
73.8304
73.816
73.7992
73.7812
73.762
73.7473
73.7321
73.7186
73.7084
73.6968
73.6867
73.6755
73.6659
73.6546
73.6444
73.6319
73.6196
73.6069
73.5919
73.5771
73.5614
73.5441
73.5276
73.5131
73.503
73.497
73.4959
73.4914
73.4872
73.4848
73.4815
73.4815
73.4803
73.4775
73.477
73.4793
73.4821
73.4835
73.4856
73.4871
73.4883
73.4903
73.4873
73.4891
73.4887
73.4911
73.4888
73.4918
73.499
73.4981
73.4997
73.5072
73.506
73.5047
73.506
73.5048
73.5062
73.5098
73.5114
73.5134
73.5147
73.5187
73.5234
73.5274
73.5324
73.5336
73.5344
73.5334
73.5304
73.5272
73.5217
73.5142
73.506
73.4917
73.4784
73.4679
73.4572
73.4472
73.4387
73.4286
73.4184
73.4086
73.3984
73.3872
73.3747
73.3652
73.3502
73.3386
73.3281
73.3168
73.3075
73.298
73.2895
73.2787
73.2668
73.252
73.237
73.2217
73.2065
73.1882
73.169
73.1545
73.1407
73.1211
73.1029
73.0847
73.0689
73.0509
73.0305
73.01
72.9912
72.9714
