72.3703
72.3897
72.4073
72.413
72.411
72.4079
72.4085
72.4087
72.4145
72.4214
72.428
72.4357
72.4427
72.4493
72.4598
72.4705
72.4824
72.4924
72.5022
72.5103
72.5216
72.5322
72.5471
72.5631
72.5802
72.6054
72.6353
72.6658
72.702
72.7355
72.7652
72.7997
72.8303
72.8592
72.8922
72.9227
72.9535
72.9858
73.0196
73.0534
73.0836
73.1129
73.1379
73.1663
73.1981
73.2295
73.2613
73.2951
73.3274
73.3623
73.3962
73.4271
73.457
73.4906
73.5251
73.5553
73.5895
73.6195
73.6444
73.6706
73.7019
73.7264
73.7531
73.7833
73.8137
73.8451
73.8721
73.9031
73.93
73.9565
73.9842
74.0123
74.0373
74.063
74.0886
74.1143
74.1428
74.1736
74.2048
74.2335
74.2594
74.2826
74.3029
74.3242
74.3426
74.3512
74.3556
74.3597
74.3621
74.3656
74.3661
74.362
74.3592
74.3568
74.3552
74.3528
74.3528
74.3514
74.3512
74.3515
74.3503
74.348
74.3472
74.3385
74.3303
74.3242
74.3193
74.3116
74.3009
74.2799
74.2577
74.2409
74.2257
74.2074
74.1844
74.1649
74.1382
74.1107
74.0849
74.0622
74.04
74.0241
74.0059
73.9875
73.9692
73.9504
73.9309
73.9121
73.8927
73.8735
73.8552
73.8357
73.8175
73.7975
73.7752
73.753
73.729
73.7047
73.6819
73.6622
73.6414
73.6227
73.6047
73.5767
73.5549
73.5307
73.5046
73.4811
73.4555
73.4305
73.4077
73.3864
73.3641
73.3413
73.3173
73.2927
73.2708
73.2487
73.2269
73.2056
73.1841
73.1633
73.1426
73.1276
73.1128
73.095
73.0756
73.0574
73.0471
73.0406
73.0315
73.0201
73.0116
73.0013
72.9978
72.9913
72.9895
72.9856
72.9821
72.9782
72.9717
72.9631
72.9572
72.9507
72.9444
72.9342
72.9269
72.9186
72.9089
72.8994
72.8892
72.8767
72.8644
72.8542
72.8449
