138.6519
138.6889
138.7264
138.7497
138.7697
138.7774
138.7916
138.8037
138.8212
138.8351
138.8529
138.8655
138.8721
138.8736
138.8756
138.8761
138.8781
138.881
138.8814
138.8872
138.8929
138.9086
138.9379
138.9602
138.9892
139.0217
139.0539
139.0967
139.1428
139.189
139.2245
139.2705
139.3135
139.3582
139.4057
139.4652
139.5279
139.5978
139.6631
139.7275
139.7873
139.8449
139.8881
139.9328
139.9807
140.0252
140.0762
140.1307
140.1931
140.2623
140.3312
140.4
140.475
140.5592
140.6455
140.7215
140.7987
140.881
140.9597
141.0427
141.1347
141.2137
141.2985
141.4014
141.5094
141.6129
141.7064
141.8067
141.8989
141.9884
142.0745
142.1656
142.2498
142.3423
142.4341
142.5266
142.6155
142.7006
142.7975
142.8903
142.9915
143.0798
143.162
143.2416
143.3171
143.3832
143.4537
143.5107
143.564
143.6171
143.6748
143.7253
143.779
143.8302
143.881
143.9306
143.9766
144.0179
144.0605
144.1006
144.1385
144.1764
144.2242
144.2701
144.3191
144.3679
144.4114
144.4478
144.4784
144.4814
144.4837
144.4953
144.506
144.5035
144.5013
144.4966
144.4866
144.4728
144.4696
144.4668
144.4648
144.4726
144.4799
144.4828
144.4857
144.4896
144.4974
144.5036
144.5108
144.5171
144.526
144.5307
144.5362
144.5339
144.5299
144.5259
144.5329
144.5447
144.5452
144.5524
144.5519
144.556
144.5522
144.5342
144.5148
144.5
144.4844
144.4739
144.464
144.4562
144.4455
144.4409
144.4255
144.4155
144.4053
144.3944
144.3858
144.3778
144.3698
144.3652
144.3624
144.3549
144.3463
144.3432
144.3412
144.3375
144.333
144.3312
144.3415
144.3688
144.3874
144.4086
144.4331
144.4569
144.4768
144.5056
144.5348
144.5636
144.5871
144.6126
144.6341
144.6497
144.6691
144.686
144.7023
144.72
144.737
144.7535
144.7661
144.7801
144.7938
144.8082
144.8258
144.8435
144.8623
