83.89
83.943
83.9486
83.9347
83.9261
83.9172
83.8967
83.8734
83.8547
83.8406
83.8315
83.8288
83.828
83.8311
83.8352
83.833
83.831
83.8296
83.838
83.846
83.8506
83.8805
83.9112
83.9447
83.9747
84.008
84.0466
84.0753
84.1002
84.1297
84.1722
84.2137
84.2545
84.2989
84.3299
84.3649
84.3976
84.4272
84.4597
84.4883
84.52
84.5445
84.5567
84.5575
84.5593
84.5747
84.5923
84.6112
84.6257
84.6402
84.6482
84.6622
84.6835
84.7042
84.7273
84.7608
84.7964
84.833
84.8627
84.8666
84.8726
84.8781
84.9093
84.9568
84.9931
85.0244
85.0521
85.0854
85.1203
85.1428
85.1628
85.1769
85.1847
85.1924
85.1928
85.1902
85.1863
85.1857
85.1858
85.1846
85.1821
85.1483
85.1201
85.0838
85.0511
85.0169
84.9813
84.9442
84.9054
84.8682
84.8313
84.7892
84.7458
84.7043
84.6652
84.6201
84.5724
84.5261
84.4769
84.4268
84.3743
84.3223
84.2723
84.2338
84.2218
84.1984
84.1804
84.1637
84.1495
84.1337
84.1276
84.1203
84.1071
84.1111
84.1144
84.1109
84.1123
84.1108
84.1126
84.1236
84.1329
84.1404
84.1477
84.156
84.1645
84.173
84.1821
84.1921
84.2031
84.2154
84.2328
84.2521
84.2752
84.2948
84.3204
84.3484
84.3828
84.4183
84.4496
84.4803
84.5061
84.5354
84.5538
84.5818
84.6068
84.6295
84.6561
84.6798
84.7028
84.7266
84.7458
84.7635
84.7818
84.7952
84.8153
84.8318
84.8527
84.8723
84.8953
84.917
84.9404
84.9668
85.0043
85.0397
85.0528
85.0652
85.0722
85.0843
85.0968
85.1183
85.1413
85.175
85.2053
85.2225
85.2293
85.2351
85.2414
85.2523
85.2556
85.2599
85.2575
85.2597
85.2623
85.2638
85.2703
85.2774
85.282
85.2913
85.3008
85.3093
85.3176
85.3224
85.3313
85.3401
