35.6914
35.7153
35.7372
35.7636
35.7916
35.8167
35.8468
35.8769
35.9057
35.9346
35.9647
35.9942
36.0248
36.0548
36.0793
36.1068
36.1335
36.1595
36.1863
36.2124
36.2389
36.2658
36.289
36.3124
36.3381
36.3573
36.3757
36.396
36.4132
36.4358
36.4613
36.4893
36.5163
36.5429
36.5717
36.6006
36.6333
36.6651
36.699
36.7306
36.7617
36.7938
36.8236
36.8533
36.8831
36.9148
36.9463
36.9784
37.0108
37.037
37.0609
37.09
37.1245
37.1639
37.1997
37.2375
37.2781
37.297
37.3084
37.3139
37.3255
37.3413
37.357
37.3714
37.388
37.4079
37.4218
37.4365
37.4549
37.4727
37.4896
37.5056
37.5226
37.5425
37.5657
37.5878
37.6259
37.6646
37.7077
37.7579
37.807
37.8565
37.9088
37.9638
38.0171
38.0728
38.1301
38.182
38.2336
38.2822
38.3332
38.3833
38.4345
38.4883
38.5401
38.5933
38.6402
38.6916
38.7445
38.7997
38.8503
38.9035
38.9543
38.9964
39.0395
39.0863
39.1284
39.171
39.209
39.2522
39.295
39.3283
39.3568
39.3848
39.4155
39.4395
39.4624
39.4918
39.5261
39.5564
39.5845
39.6125
39.6406
39.6672
39.6923
39.7159
39.7398
39.763
39.7848
39.808
39.834
39.8607
39.871
39.8864
39.9004
39.908
39.9006
39.893
39.882
39.8635
39.8435
39.8223
39.7994
39.7744
39.7499
39.7284
39.7062
39.6882
39.6729
39.6532
39.6298
39.6063
39.5826
39.5566
39.531
39.5037
39.4801
39.4488
39.4143
39.3729
39.3354
39.2937
39.2554
39.2216
39.1924
39.1571
39.1266
39.0946
39.074
39.0483
39.021
38.9937
38.9634
38.932
38.9013
38.8707
38.8429
38.8132
38.7817
38.7513
38.7203
38.691
38.6626
38.6363
38.6097
38.5831
38.5569
38.5309
38.5043
38.4775
38.4484
38.4192
38.4058
38.3861
38.3664
