138.8115
138.8458
138.8843
138.9373
138.9845
139.0285
139.0708
139.1165
139.1635
139.1985
139.2262
139.2573
139.2908
139.3227
139.3517
139.3844
139.422
139.4643
139.5025
139.5449
139.5845
139.6219
139.652
139.6837
139.7144
139.7579
139.8102
139.8617
139.9159
139.9642
140.0099
140.0496
140.0764
140.1042
140.1243
140.1368
140.1596
140.1794
140.194
140.2022
140.2072
140.205
140.2036
140.1975
140.1961
140.1926
140.1958
140.1914
140.1946
140.2029
140.1988
140.1959
140.1884
140.1851
140.1923
140.2007
140.2152
140.227
140.2382
140.2462
140.2528
140.2495
140.247
140.2322
140.2202
140.2148
140.2102
140.1965
140.1883
140.1873
140.1888
140.1853
140.1778
140.1732
140.1717
140.1673
140.152
140.1348
140.1191
140.1127
140.1029
140.0922
140.0867
140.0789
140.0712
140.0451
140.0171
139.9879
139.963
139.9504
139.9385
139.9275
139.921
139.9136
139.9124
139.9098
139.9016
139.8931
139.8844
139.8831
139.8779
139.8769
139.8722
139.879
139.8829
139.8837
139.8865
139.8967
139.9034
139.9072
139.9231
139.9457
139.9697
139.9928
140.0093
140.0317
140.059
140.092
140.1245
140.1547
140.193
140.2306
140.2668
140.3025
140.3375
140.3625
140.3884
140.422
140.4569
140.4822
140.522
140.5609
140.6175
140.6543
140.6959
140.7307
140.766
140.81
140.8515
140.8845
140.9214
140.9604
141.0079
141.0545
141.1007
141.1529
141.1994
141.2504
141.303
141.3502
141.4033
141.4557
141.5095
141.5617
141.6109
141.6631
141.7113
141.7709
141.828
141.8684
141.8936
141.9207
141.9451
141.9631
141.9834
141.9994
142.0138
142.0237
142.0315
142.0335
142.0327
142.0299
142.0293
142.0211
142.0149
142.0073
141.9973
141.9884
141.9846
141.9843
141.9744
141.9674
141.9557
141.9509
141.9516
141.9568
141.9619
141.9692
141.9711
141.9771
141.9673
141.95
141.9186
141.9063
141.8898
141.8804
141.8824
141.8765
141.8767
