278.2632
278.5368
278.8104
279.0623
279.3716
279.6853
280.0197
280.3576
280.7152
281.0788
281.4409
281.8124
282.1899
282.5419
282.8892
283.2686
283.7169
284.1471
284.6064
285.0867
285.5859
286.0561
286.5169
286.9881
287.5207
288.0783
288.6141
289.1029
289.5778
290.0678
290.6035
291.1269
291.6492
292.152
292.6512
293.1355
293.6335
294.1045
294.5589
295.0247
295.461
295.9061
296.3304
296.7399
297.1585
297.5738
297.9805
298.4103
298.8326
299.207
299.589
300.041
300.4841
300.8962
301.2823
301.4583
301.5775
301.6701
301.8448
302.0315
302.2342
302.4682
302.6929
302.9501
303.1744
303.4372
303.6784
303.9246
304.1839
304.4364
304.6812
304.9155
305.1383
305.4012
305.6469
305.9194
306.1589
306.4104
306.6336
306.9057
307.1847
307.5759
308.0189
308.4992
308.9291
309.3051
309.6756
310.0803
310.4738
310.8232
311.1148
311.4351
311.7452
312.0379
312.3157
312.5995
312.838
313.0829
313.3116
313.5196
313.7138
313.9252
314.1284
314.3457
314.5085
314.722
314.9878
315.1912
315.4043
315.6527
315.898
316.0711
316.2394
316.3876
316.5301
316.6671
316.8075
316.9999
317.1347
317.2408
317.3325
317.4522
317.5967
317.7585
317.8977
318.0232
318.1333
318.2501
318.3481
318.4466
318.5255
318.6521
318.7735
318.8761
318.9914
319.0659
319.0953
319.1216
319.1249
319.0647
318.9681
318.7871
318.5622
318.3059
318.0151
317.7517
317.5003
317.2692
317.0407
316.8139
316.6253
316.4539
316.2689
316.0721
315.8817
315.6579
315.4664
315.2883
315.1356
314.9638
314.8026
314.6535
314.5133
314.3766
314.2866
314.1572
314.0476
313.9951
313.9515
313.9405
313.9222
313.8842
313.8875
313.9408
313.9838
314.0099
314.077
314.0877
314.1303
314.1678
314.1946
314.1949
314.1771
314.1541
314.1583
314.1671
314.1855
314.1895
314.1919
314.2084
314.2439
314.2439
314.2531
