168.8344
168.8723
168.913
168.9464
168.9636
168.982
169.0024
169.0281
169.0498
169.0714
169.0846
169.1023
169.1153
169.1274
169.1393
169.1532
169.1649
169.1764
169.187
169.2014
169.2062
169.204
169.1968
169.192
169.153
169.1233
169.0917
169.0653
169.0417
169.0247
169.0159
168.9916
168.965
168.9395
168.9178
168.8893
168.861
168.8312
168.7957
168.76
168.717
168.6726
168.6275
168.5806
168.5308
168.484
168.4386
168.3906
168.3522
168.3212
168.2942
168.2755
168.2522
168.2267
168.19
168.1596
168.1254
168.0896
168.0391
167.9756
167.9324
167.8753
167.8278
167.7755
167.7385
167.6971
167.6561
167.6139
167.5721
167.5352
167.5037
167.4753
167.444
167.4132
167.3787
167.3405
167.236
167.1296
166.9848
166.8393
166.7015
166.5678
166.4263
166.2927
166.1866
166.0715
165.9479
165.8167
165.6886
165.5596
165.4358
165.3185
165.2044
165.0861
164.9656
164.8453
164.7303
164.6116
164.4876
164.3598
164.2275
164.0961
163.9676
163.8599
163.7513
163.6344
163.5156
163.4079
163.3009
163.1824
163.0623
162.9342
162.8075
162.6855
162.5792
162.4658
162.3688
162.2699
162.1676
162.0698
161.9657
161.8706
161.7656
161.6664
161.557
161.4393
161.3203
161.2016
161.0825
160.956
160.8555
160.7489
160.6503
160.5399
160.4316
160.3201
160.2741
160.2301
160.2333
160.2387
160.2407
160.2434
160.2564
160.2609
160.273
160.2841
160.3032
160.3245
160.3429
160.3532
160.3572
160.3597
160.3628
160.3699
160.3769
160.3819
160.385
160.4094
160.4412
160.4787
160.521
160.5854
160.6441
160.6788
160.7171
160.7641
160.8121
160.8519
160.8904
160.9294
160.9648
161.0044
161.05
161.1022
161.157
161.2149
161.2624
161.31
161.3592
161.4083
161.4625
161.5197
161.5732
161.6258
161.6826
161.7215
161.7571
161.787
161.815
161.8395
161.8306
161.8222
161.8059
161.7982
161.7979
161.8025
161.8044
161.8034
