49.7393
49.7398
49.7407
49.7428
49.7427
49.7442
49.748
49.7554
49.7608
49.7653
49.7668
49.7666
49.766
49.7658
49.7647
49.763
49.7603
49.7584
49.7568
49.7548
49.7533
49.7515
49.7506
49.7441
49.7459
49.7495
49.7533
49.7548
49.757
49.7619
49.7627
49.7642
49.7657
49.7657
49.7662
49.7695
49.7727
49.7735
49.7743
49.7742
49.7738
49.7748
49.7748
49.7743
49.7753
49.7767
49.7787
49.7793
49.7818
49.7882
49.795
49.8
49.8062
49.812
49.8143
49.8165
49.8187
49.8192
49.8195
49.8203
49.8222
49.821
49.8227
49.8242
49.8252
49.8263
49.8247
49.8193
49.8142
49.8111
49.8088
49.8074
49.8073
49.8073
49.8081
49.8091
49.8134
49.8179
49.8186
49.8224
49.8268
49.831
49.8344
49.8438
49.8444
49.8434
49.8417
49.8403
49.838
49.8341
49.8299
49.8257
49.8209
49.8178
49.815
49.8105
49.8063
49.8043
49.8026
49.8014
49.7989
49.7963
49.7943
49.7948
49.7952
49.788
49.7764
49.766
49.757
49.744
49.7296
49.7165
49.7027
49.6904
49.6788
49.6696
49.6618
49.6536
49.6451
49.6402
49.6318
49.6268
49.6185
49.6117
49.6054
49.5987
49.5927
49.5854
49.5801
49.5731
49.5691
49.5638
49.5596
49.5529
49.5451
49.5359
49.5256
49.5161
49.5114
49.5046
49.4971
49.4894
49.4817
49.474
49.4662
49.4581
49.4513
49.4448
49.4397
49.4347
49.4307
49.4277
49.4247
49.4201
49.4152
49.4108
49.4056
49.4001
49.3937
49.3841
49.3781
49.3706
49.3641
49.3557
49.3475
49.3463
49.3503
49.3523
49.3548
49.3575
49.3599
49.366
49.3718
49.3775
49.3852
49.3915
49.3979
49.4046
49.4126
49.4197
49.4276
49.4341
49.441
49.4464
49.4519
49.4581
49.4647
49.4717
49.477
49.4839
49.4869
49.4908
49.4946
49.5004
49.5084
