93.6128
93.6178
93.628
93.6399
93.6425
93.6487
93.6647
93.6834
93.6919
93.7032
93.7135
93.7225
93.7267
93.7355
93.7458
93.7478
93.7512
93.7543
93.756
93.759
93.757
93.7506
93.7425
93.7316
93.6866
93.6405
93.5894
93.5429
93.5085
93.4701
93.428
93.3848
93.3443
93.2981
93.2496
93.205
93.162
93.1161
93.0624
93.017
92.9757
92.9263
92.8807
92.8321
92.7903
92.7475
92.7094
92.6655
92.6264
92.5939
92.5617
92.561
92.5527
92.5485
92.551
92.5643
92.5832
92.6036
92.6374
92.6804
92.7282
92.7744
92.8234
92.8717
92.9273
92.9802
93.0309
93.0802
93.142
93.1965
93.2498
93.3037
93.3605
93.4173
93.4702
93.5262
93.5694
93.6126
93.653
93.6968
93.7451
93.7903
93.8406
93.8903
93.9625
94.0391
94.1235
94.1988
94.2707
94.3484
94.4206
94.4927
94.5652
94.6407
94.7136
94.7834
94.8534
94.9233
94.992
95.0549
95.1127
95.1727
95.2275
95.2847
95.3392
95.3802
95.4243
95.4655
95.5034
95.5334
95.5612
95.5605
95.5649
95.5536
95.5473
95.5288
95.5099
95.4783
95.4389
95.3938
95.3558
95.3099
95.2659
95.2218
95.1717
95.1271
95.0848
95.039
94.993
94.947
94.9143
94.8806
94.8391
94.7896
94.7401
94.693
94.6566
94.6208
94.5865
94.5523
94.5163
94.483
94.4436
94.4066
94.3788
94.3526
94.3211
94.2934
94.2721
94.2481
94.2297
94.2089
94.191
94.1681
94.1488
94.1291
94.1047
94.0859
94.0707
94.0767
94.1047
94.1354
94.1739
94.2309
94.2627
94.3012
94.3316
94.3637
94.4109
94.4583
94.5091
94.5594
94.6128
94.6678
94.7181
94.7776
94.8404
94.9074
94.9695
95.031
95.0837
95.1395
95.1955
95.2533
95.3103
95.3691
95.4243
95.4903
95.5534
95.6198
95.6716
95.7177
95.7688
95.827
95.8853
95.9437
96.0038
96.0625
96.1255
