29.8117
29.8092
29.8071
29.8017
29.794
29.7867
29.7802
29.7704
29.7653
29.7596
29.7521
29.7449
29.7362
29.7269
29.7188
29.7122
29.7063
29.7009
29.6978
29.6932
29.6896
29.6878
29.681
29.6734
29.6642
29.6578
29.652
29.6439
29.6349
29.6279
29.6163
29.6051
29.5949
29.5849
29.5751
29.5651
29.5523
29.5403
29.5289
29.5192
29.5088
29.4994
29.4893
29.4811
29.4725
29.4639
29.4553
29.4455
29.4347
29.4245
29.4109
29.3964
29.38
29.3658
29.3528
29.3357
29.3229
29.3143
29.303
29.2924
29.282
29.275
29.2682
29.2608
29.2548
29.2516
29.2472
29.2452
29.2393
29.2336
29.229
29.2233
29.2176
29.2103
29.2039
29.1956
29.1882
29.1816
29.1717
29.1626
29.1531
29.1421
29.1362
29.1329
29.1324
29.1327
29.1307
29.1296
29.1295
29.1273
29.1241
29.1191
29.1148
29.1108
29.1074
29.1028
29.0997
29.0967
29.0935
29.0883
29.0824
29.0768
29.0704
29.0623
29.0536
29.0424
29.0331
29.0225
29.0124
29.0018
28.9935
28.9858
28.9813
28.9746
28.9679
28.9621
28.957
28.9527
28.9478
28.9449
28.9421
28.9386
28.9347
28.931
28.9276
28.9233
28.9191
28.9146
28.9125
28.9101
28.9081
28.9057
28.9036
28.902
28.8997
28.8991
28.8963
28.8931
28.8917
28.8903
28.8891
28.8873
28.8865
28.8846
28.8813
28.8751
28.8689
28.865
28.8596
28.8539
28.8491
28.8446
28.8395
28.8344
28.8282
28.8222
28.8162
28.8098
28.804
28.7989
28.7939
28.7886
28.7839
28.7803
28.7769
28.7765
28.776
28.7763
28.7764
28.7774
28.7799
28.7844
28.7876
28.7889
28.7889
28.7881
28.7862
28.7847
28.7829
28.7807
28.7783
28.7778
28.7761
28.7739
28.7723
28.7702
28.7687
28.767
28.7628
28.7587
28.7545
28.7507
28.7463
28.7409
28.7347
