87.9141
87.9811
88.0575
88.1361
88.2225
88.2995
88.372
88.4418
88.5098
88.5768
88.6438
88.7083
88.7703
88.8268
88.8815
88.9442
89.012
89.0764
89.1404
89.206
89.2704
89.3326
89.4102
89.4887
89.5736
89.6551
89.7377
89.8134
89.8871
89.9699
90.0612
90.1468
90.2313
90.3168
90.404
90.4867
90.5753
90.6617
90.749
90.8305
90.9068
90.9844
91.0587
91.129
91.1933
91.2587
91.3182
91.3815
91.4403
91.4998
91.5558
91.5908
91.617
91.6468
91.6891
91.7145
91.7428
91.7179
91.6859
91.683
91.6809
91.6842
91.6768
91.6735
91.6706
91.6789
91.6918
91.7105
91.731
91.7532
91.7761
91.8033
91.8332
91.8739
91.9182
91.955
92.0149
92.0757
92.1499
92.2193
92.2823
92.3571
92.4201
92.4883
92.5463
92.6101
92.6728
92.7456
92.8166
92.8736
92.9298
92.9862
93.0401
93.0892
93.1347
93.1856
93.2255
93.2626
93.2937
93.3299
93.3702
93.4076
93.4463
93.4841
93.5264
93.56
93.6044
93.6475
93.6962
93.7417
93.7952
93.8654
93.939
94.0065
94.0615
94.113
94.1634
94.2364
94.3196
94.3869
94.4559
94.5136
94.572
94.6258
94.6714
94.7091
94.7457
94.7806
94.8156
94.8441
94.8676
94.8933
94.9091
94.9243
94.9386
94.9548
94.9416
94.9308
94.9051
94.883
94.8675
94.8442
94.8175
94.7842
94.758
94.7313
94.7056
94.6726
94.6424
94.6168
94.5866
94.5584
94.5322
94.5077
94.4819
94.4529
94.4299
94.3999
94.371
94.3524
94.3342
94.3157
94.3005
94.2974
94.2958
94.3053
94.306
94.311
94.3211
94.3285
94.3178
94.3083
94.2895
94.2732
94.2586
94.2496
94.244
94.2405
94.24
94.2358
94.2323
94.2324
94.2353
94.2411
94.2513
94.2682
94.2848
94.3031
94.3209
94.344
94.3735
94.405
94.4453
94.4845
94.5223
