29.2138
29.2099
29.2053
29.1989
29.1956
29.1928
29.1908
29.1876
29.1841
29.1818
29.1796
29.1763
29.1737
29.1718
29.1745
29.1762
29.1751
29.1745
29.1724
29.1697
29.1672
29.1653
29.1644
29.167
29.1705
29.1718
29.172
29.169
29.1668
29.1673
29.1665
29.1625
29.1558
29.1515
29.1459
29.1416
29.1351
29.1263
29.1184
29.1098
29.0995
29.0914
29.0848
29.0776
29.0727
29.0677
29.064
29.0592
29.0597
29.0611
29.0611
29.0602
29.0562
29.0519
29.0492
29.0547
29.0531
29.0482
29.0456
29.0455
29.0447
29.0407
29.0376
29.0362
29.0336
29.0283
29.0216
29.0183
29.0113
29.0033
28.9951
28.9872
28.9787
28.9689
28.9579
28.9449
28.9353
28.9228
28.9115
28.9029
28.8946
28.8852
28.8769
28.8675
28.8626
28.8616
28.8626
28.8623
28.8598
28.8535
28.8519
28.8501
28.8517
28.8511
28.8517
28.852
28.8527
28.8538
28.8544
28.8554
28.8548
28.8494
28.8431
28.8353
28.8266
28.8182
28.8057
28.7943
28.7791
28.7618
28.7471
28.732
28.7198
28.7096
28.6954
28.6779
28.6656
28.6576
28.6479
28.6364
28.6254
28.6161
28.6072
28.5979
28.5882
28.5816
28.5767
28.5683
28.563
28.5582
28.5524
28.5486
28.5447
28.5434
28.5387
28.536
28.528
28.5204
28.5134
28.5029
28.4916
28.4806
28.4684
28.4537
28.4338
28.4128
28.3915
28.3736
28.3576
28.3431
28.3276
28.3122
28.2971
28.2828
28.269
28.2528
28.2383
28.2265
28.2155
28.2045
28.1953
28.1887
28.1811
28.1751
28.1681
28.1591
28.1541
28.148
28.1408
28.133
28.124
28.1167
28.1122
28.1061
28.099
28.0907
28.083
28.078
28.0713
28.0647
28.0565
28.0485
28.0402
28.0304
28.0229
28.014
28.0026
27.9937
27.9855
27.9775
27.971
27.9638
27.955
