177.6292
177.641
177.6613
177.6963
177.7293
177.7559
177.7841
177.8169
177.8495
177.8822
177.9153
177.9496
177.9788
178.0001
178.0166
178.0526
178.0824
178.1117
178.1449
178.1779
178.2036
178.2262
178.252
178.2803
178.3155
178.3603
178.399
178.4386
178.4808
178.5258
178.5753
178.6322
178.6887
178.7393
178.7855
178.838
178.8886
178.9646
179.0362
179.1082
179.1797
179.2549
179.3221
179.3751
179.4306
179.4889
179.5481
179.6064
179.6669
179.7292
179.7916
179.8476
179.9123
179.963
180.0147
180.0651
180.1176
180.1592
180.2042
180.2494
180.2926
180.3126
180.3149
180.3181
180.3284
180.346
180.3657
180.3875
180.4174
180.4544
180.4893
180.5231
180.5576
180.596
180.6387
180.6643
180.6948
180.7252
180.7518
180.7778
180.8089
180.8444
180.8771
180.9077
180.9372
180.9687
181.0037
181.042
181.0763
181.1119
181.1438
181.1606
181.1734
181.1751
181.1764
181.1732
181.1687
181.141
181.1245
181.1047
181.0815
181.0578
181.044
181.0358
181.025
181.0178
181.0175
181.0207
181.0255
181.0308
181.046
181.0592
181.0726
181.0841
181.0991
181.1038
181.1083
181.1173
181.1271
181.1384
181.1501
181.1759
181.2202
181.2566
181.2883
181.3156
181.3382
181.3572
181.3689
181.3765
181.3867
181.3914
181.3937
181.3829
181.3699
181.3664
181.3602
181.361
181.3663
181.3785
181.3845
181.3827
181.379
181.3889
181.3994
181.3994
181.3954
181.3889
181.3818
181.3785
181.3742
181.3814
181.3896
181.4086
181.4318
181.4586
181.4909
181.4767
181.4639
181.4566
181.4529
181.4507
181.4518
181.4624
181.4772
181.4909
181.5083
181.5192
181.5252
181.5264
181.5183
181.5143
181.5131
181.5081
181.5096
181.5136
181.5133
181.5239
181.5336
181.5354
181.5356
