133.3688
133.3663
133.3634
133.356
133.3517
133.3496
133.3487
133.3443
133.3385
133.3319
133.3257
133.3201
133.3147
133.3056
133.2931
133.2749
133.2585
133.2445
133.2297
133.2129
133.1929
133.1749
133.1495
133.1255
133.0975
133.0695
133.0467
133.0256
133.0061
132.9861
132.9652
132.9465
132.9278
132.9073
132.8823
132.8594
132.8374
132.8156
132.7907
132.7651
132.7442
132.7231
132.7034
132.6842
132.6673
132.651
132.6356
132.6154
132.5991
132.5819
132.5656
132.5541
132.5427
132.5347
132.5275
132.5179
132.5074
132.4957
132.4854
132.4756
132.4683
132.4616
132.4557
132.4486
132.4445
132.4368
132.427
132.4203
132.4128
132.4068
132.4005
132.3932
132.3861
132.3786
132.3728
132.3651
132.355
132.3443
132.3307
132.3138
132.2985
132.285
132.2777
132.2719
132.273
132.2744
132.27
132.2665
132.2631
132.2614
132.2589
132.2584
132.2597
132.2619
132.2684
132.2767
132.2824
132.2882
132.2955
132.3014
132.3071
132.3115
132.3162
132.3225
132.3292
132.3347
132.3378
132.3438
132.3496
132.355
132.3603
132.3611
132.3623
132.3594
132.3556
132.3518
132.347
132.3423
132.3416
132.3411
132.3389
132.3362
132.3337
132.3314
132.328
132.3256
132.3244
132.3215
132.3175
132.3124
132.3119
132.3072
132.307
132.3069
132.3069
132.3092
132.3154
132.3215
132.3288
132.3402
132.3497
132.3579
132.3677
132.3769
132.3862
132.3947
132.404
132.4119
132.4171
132.4227
132.4316
132.4379
132.4435
132.4499
132.4558
132.4598
132.4643
132.4686
132.4701
132.4691
132.4693
132.4709
132.4741
132.4767
132.4807
132.4872
132.4926
132.4991
132.5031
132.5084
132.5141
132.5201
132.5264
132.5333
132.5411
132.5483
132.5559
132.5639
132.5694
132.5733
132.5808
132.5851
132.5898
132.5944
132.5979
132.5994
132.6036
132.608
132.6125
132.6165
132.6172
132.621
132.6188
132.6162
132.6129
132.6081
132.6038
132.5998
132.5959
