231.8034
231.8919
232.0014
232.1173
232.2411
232.3828
232.5345
232.6769
232.8098
232.9468
233.0705
233.2105
233.3549
233.5011
233.6443
233.7869
233.9304
234.0865
234.2362
234.3717
234.5022
234.6265
234.75
234.8564
234.9513
235.089
235.204
235.3289
235.4474
235.5874
235.7269
235.852
235.9807
236.0921
236.202
236.2909
236.3688
236.4348
236.5025
236.557
236.6
236.6262
236.6415
236.6625
236.6787
236.6793
236.6715
236.646
236.6094
236.5856
236.5783
236.571
236.5655
236.5835
236.5963
236.6301
236.6691
236.6965
236.7365
236.7829
236.8272
236.8624
236.9021
236.948
236.9955
237.0235
237.0658
237.1076
237.1566
237.2058
237.2557
237.2872
237.3082
237.3284
237.3619
237.3954
237.4149
237.4272
237.4539
237.4874
237.5072
237.5267
237.5319
237.5399
237.5628
237.5653
237.5926
237.6092
237.6319
237.6549
237.6747
237.6869
237.702
237.7194
237.7382
237.771
237.8131
237.8544
237.9004
237.9459
237.9843
238.0359
238.0866
238.1443
238.2088
238.2526
238.3126
238.3532
238.4217
238.4823
238.5363
238.5876
238.6225
238.6425
238.6678
238.689
238.7119
238.7435
238.7703
238.8053
238.8375
238.8571
238.865
238.8737
238.8811
238.8897
238.9005
238.911
238.9195
238.9277
238.9577
238.984
239.0242
239.0475
239.088
239.1255
239.1693
239.2002
239.2
239.2252
239.2703
239.3169
239.3774
239.4443
239.5019
239.5463
239.5866
239.6404
239.6854
239.7183
239.7559
239.7943
239.8239
239.8546
239.8801
239.9016
239.9189
239.9498
239.9812
239.9654
239.9556
239.9445
239.9427
239.9422
239.9365
239.9462
239.9508
239.9782
239.9882
239.9833
239.9723
239.964
239.9511
239.9416
239.9273
239.9171
239.9136
239.9097
239.9047
239.891
239.88
239.869
239.8629
239.8592
239.8473
239.8687
239.8742
239.8722
239.8712
239.8872
239.8831
239.8804
239.8741
239.8809
239.8811
239.8816
239.8996
239.9216
239.9676
