52.7479
52.7161
52.6841
52.652
52.6193
52.5932
52.5658
52.5359
52.5076
52.4803
52.4536
52.4264
52.4006
52.3826
52.3628
52.3413
52.3199
52.2998
52.2791
52.2564
52.2292
52.1998
52.1625
52.1228
52.0759
52.0274
51.9798
51.9341
51.8961
51.8645
51.8316
51.8031
51.7736
51.7417
51.7107
51.6771
51.6428
51.6105
51.5803
51.5481
51.5148
51.4818
51.4467
51.4117
51.377
51.3408
51.307
51.2695
51.2317
51.1895
51.1475
51.1095
51.0691
51.033
50.9985
50.972
50.9418
50.9221
50.9002
50.8805
50.8664
50.8456
50.8254
50.8048
50.7854
50.7664
50.7474
50.7312
50.7138
50.6967
50.6781
50.66
50.6433
50.6209
50.6009
50.5796
50.5589
50.5383
50.5151
50.496
50.4746
50.4547
50.4444
50.4368
50.4386
50.4419
50.443
50.4442
50.4414
50.4332
50.4256
50.4142
50.4014
50.3901
50.3793
50.3698
50.3593
50.3482
50.3367
50.3258
50.314
50.3034
50.2939
50.282
50.2699
50.2568
50.2421
50.2261
50.213
50.202
50.1956
50.189
50.1879
50.1813
50.1754
50.1669
50.1624
50.1565
50.1525
50.1501
50.1463
50.144
50.141
50.1411
50.1414
50.1408
50.1399
50.1372
50.1335
50.1291
50.1295
50.1301
50.1309
50.1337
50.1392
50.148
50.1535
50.1565
50.1575
50.1558
50.1556
50.1553
50.1511
50.1456
50.1372
50.1296
50.1217
50.1149
50.1081
50.0995
50.0904
50.0828
50.0781
50.0733
50.0687
50.0645
50.06
50.0654
50.0715
50.0752
50.0776
50.0813
50.0832
50.087
50.0943
50.101
50.108
50.1203
50.1308
50.1406
50.1446
50.149
50.152
50.1561
50.1611
50.1654
50.1702
50.175
50.1804
50.1851
50.1898
50.1943
50.1988
50.2007
50.2051
50.2096
50.2184
50.2291
50.2412
50.2527
50.2591
50.2672
50.2731
50.2764
50.2767
50.2754
50.2779
50.2805
50.2859
