172.8986
172.9421
173.0017
173.0526
173.1166
173.1877
173.2571
173.3106
173.3662
173.4203
173.4847
173.5553
173.6299
173.7046
173.777
173.8567
173.9317
174.0055
174.0815
174.1619
174.2349
174.3156
174.4541
174.6005
174.7793
174.9858
175.1794
175.3521
175.5244
175.7003
175.8573
176.0254
176.1992
176.3796
176.5626
176.7442
176.9398
177.126
177.3157
177.5062
177.6813
177.85
178.0228
178.1953
178.3743
178.5545
178.7222
178.8874
179.0549
179.2187
179.3856
179.5396
179.712
179.8793
180.0406
180.1843
180.3338
180.4533
180.5406
180.6448
180.7768
180.9123
181.0376
181.1621
181.2976
181.4384
181.594
181.7507
181.8965
182.0491
182.1898
182.3273
182.4579
182.5967
182.7384
182.88
183.0598
183.2321
183.4366
183.6484
183.8624
184.0568
184.1795
184.3036
184.3806
184.4256
184.4844
184.5607
184.6284
184.702
184.7884
184.8678
184.9355
185.0051
185.0795
185.1638
185.239
185.3258
185.3966
185.465
185.5468
185.6423
185.7335
185.8276
185.9216
186.0257
186.1192
186.2307
186.329
186.4255
186.5245
186.6422
186.739
186.8388
186.9394
187.0504
187.1522
187.2742
187.4014
187.5128
187.6132
187.7142
187.8023
187.8922
187.974
188.0403
188.0889
188.1418
188.1976
188.2429
188.2941
188.3458
188.3986
188.4545
188.4938
188.5089
188.4899
188.4779
188.4314
188.3767
188.3231
188.2895
188.2713
188.2485
188.239
188.2373
188.2333
188.2345
188.2268
188.2123
188.194
188.1842
188.1774
188.1684
188.1476
188.1159
188.0829
188.0374
188.0048
187.9744
187.9368
187.8915
187.8505
187.8029
187.7494
187.683
187.6443
187.5961
187.5522
187.5132
187.4718
187.4237
187.3818
187.3463
187.3226
187.3049
187.2906
187.2736
187.2588
187.2424
187.2281
187.2164
187.2102
187.2031
187.1941
187.1941
187.1983
187.203
187.2065
187.2148
187.2207
187.2295
187.2398
187.238
187.2501
