17.1836
17.1818
17.18
17.1738
17.1667
17.1602
17.1557
17.151
17.1468
17.1436
17.1418
17.1405
17.1381
17.1364
17.1355
17.1345
17.1328
17.1306
17.128
17.1258
17.1242
17.1233
17.1255
17.1267
17.1328
17.1379
17.1424
17.1459
17.1493
17.1526
17.1548
17.1587
17.1619
17.1659
17.1717
17.1767
17.183
17.1892
17.196
17.2031
17.2077
17.2123
17.2162
17.2213
17.2276
17.232
17.2374
17.2433
17.2499
17.2563
17.2645
17.2692
17.2712
17.2749
17.2803
17.2843
17.2906
17.2986
17.3051
17.3122
17.3212
17.33
17.3393
17.3518
17.3641
17.374
17.3833
17.393
17.4025
17.411
17.4195
17.4277
17.4355
17.4436
17.4525
17.462
17.4712
17.482
17.4925
17.5019
17.5114
17.5197
17.5268
17.5352
17.5383
17.543
17.5498
17.556
17.5611
17.5665
17.5718
17.5765
17.5795
17.5818
17.5849
17.5877
17.5895
17.5907
17.592
17.593
17.5946
17.5966
17.5992
17.5996
17.5996
17.6033
17.6073
17.6095
17.6096
17.6111
17.6116
17.6152
17.6214
17.6255
17.6274
17.6295
17.6272
17.6257
17.6251
17.6249
17.6249
17.6263
17.627
17.6284
17.63
17.6318
17.6333
17.6353
17.637
17.6391
17.6416
17.644
17.647
17.6484
17.6492
17.6501
17.652
17.6535
17.656
17.6593
17.6607
17.6642
17.6661
17.6682
17.6709
17.6713
17.6699
17.67
17.669
17.6692
17.672
17.6743
17.6774
17.681
17.683
17.6849
17.6873
17.69
17.6924
17.6948
17.6974
17.7004
17.7032
17.7077
17.7124
17.7149
17.7173
17.7204
17.7324
17.7448
17.7564
17.7708
17.7859
17.8016
17.8193
17.8371
17.8578
17.8773
17.8959
17.9136
17.9298
17.9459
17.9626
17.9779
17.9927
18.0094
18.0268
18.0431
18.0607
18.0771
18.0932
18.1086
18.1239
18.1409
