48.9005
48.9373
48.9765
49.0003
49.017
49.0297
49.045
49.0551
49.0648
49.0748
49.0806
49.0841
49.0891
49.0998
49.1106
49.1206
49.1314
49.1406
49.1463
49.1499
49.1561
49.1636
49.1727
49.1784
49.1956
49.2145
49.2313
49.2488
49.2613
49.2764
49.2919
49.3044
49.3188
49.3363
49.3651
49.3861
49.4061
49.4269
49.4464
49.464
49.4775
49.4907
49.501
49.5148
49.528
49.5395
49.5543
49.5714
49.5874
49.6069
49.6282
49.6459
49.6666
49.6868
49.7062
49.7203
49.7383
49.75
49.7591
49.7689
49.7824
49.7962
49.8079
49.8232
49.8369
49.8459
49.8481
49.8542
49.8595
49.8627
49.8675
49.8743
49.8809
49.8859
49.8904
49.8972
49.9015
49.9092
49.918
49.9275
49.9424
49.9509
49.9604
49.9699
49.9678
49.9601
49.9543
49.9481
49.9456
49.9451
49.9435
49.9419
49.9427
49.9442
49.9454
49.9483
49.9504
49.9514
49.9534
49.9554
49.9571
49.9593
49.9633
49.9663
49.9699
49.9663
49.9621
49.9534
49.945
49.9275
49.9067
49.8887
49.8703
49.8515
49.835
49.8228
49.8028
49.7846
49.7648
49.743
49.725
49.7086
49.6955
49.6843
49.6735
49.6636
49.6553
49.6471
49.637
49.6278
49.6185
49.6056
49.5917
49.5774
49.5622
49.5463
49.5324
49.5162
49.5023
49.49
49.4713
49.4585
49.4423
49.423
49.4048
49.3835
49.3591
49.338
49.3128
49.2835
49.2575
49.2305
49.2005
49.1695
49.1378
49.1049
49.0748
49.0443
49.0123
48.9822
48.9518
48.9215
48.8922
48.8639
48.8344
48.812
48.7881
48.768
48.7505
48.7373
48.7289
48.7218
48.7182
48.7117
48.7065
48.7008
48.704
48.7072
48.711
48.7158
48.7218
48.7295
48.7378
48.7438
48.7498
48.7565
48.767
48.7782
48.7903
48.8022
48.8112
48.8241
48.8389
48.8579
48.8741
