106.2259
106.1706
106.1123
106.0566
106.0
105.9397
105.879
105.8314
105.7912
105.7534
105.7184
105.6847
105.65
105.6084
105.5634
105.5182
105.4704
105.4239
105.3738
105.3281
105.2815
105.235
105.1863
105.1401
105.0963
105.0558
105.0128
104.9759
104.9361
104.8873
104.8486
104.8081
104.7747
104.737
104.7007
104.6615
104.6233
104.5828
104.5404
104.4976
104.4531
104.414
104.3742
104.332
104.2903
104.252
104.2173
104.1777
104.1434
104.1005
104.062
104.0237
103.9939
103.9625
103.9289
103.8885
103.8671
103.8515
103.8405
103.8495
103.8445
103.8513
103.847
103.85
103.8532
103.8596
103.8662
103.8627
103.8502
103.8447
103.8352
103.8243
103.8151
103.8264
103.8412
103.8319
103.8095
103.7747
103.7447
103.708
103.6595
103.6109
103.5657
103.5199
103.4727
103.4195
103.3677
103.3227
103.2794
103.2477
103.2124
103.1815
103.1465
103.1071
103.0588
103.0123
102.9615
102.9107
102.8571
102.7956
102.7266
102.6756
102.6277
102.5757
102.5265
102.4712
102.4205
102.3785
102.3247
102.2744
102.2153
102.1539
102.0904
102.0349
101.9883
101.9479
101.9031
101.8636
101.8233
101.7768
101.7276
101.6733
101.6259
101.577
101.5296
101.48
101.4256
101.3883
101.3523
101.3173
101.2838
101.2474
101.2155
101.1756
101.128
101.1066
101.0978
101.1061
101.109
101.122
101.1472
101.1719
101.1945
101.221
101.2495
101.2782
101.3121
101.3461
101.3785
101.4066
101.4266
101.4453
101.4688
101.5011
101.5318
101.5638
101.5989
101.6475
101.6983
101.7574
101.8291
101.8781
101.9422
102.011
102.0733
102.1278
102.1752
102.2177
102.2617
102.3087
102.3639
102.4151
102.4624
102.5047
102.5549
102.6066
102.6523
102.6952
102.7385
102.7859
102.8332
102.8822
102.9315
102.9762
103.0227
103.069
103.1202
103.1517
103.1834
