37.2593
37.2805
37.3025
37.3237
37.3421
37.3583
37.3751
37.388
37.397
37.4074
37.4186
37.4316
37.4417
37.4509
37.4591
37.4699
37.4786
37.4856
37.492
37.4983
37.5067
37.5168
37.5299
37.5427
37.5575
37.5694
37.5795
37.5904
37.6005
37.6112
37.6194
37.626
37.6299
37.6334
37.6368
37.6397
37.6417
37.6447
37.6461
37.646
37.6442
37.644
37.6441
37.6439
37.6424
37.6409
37.6389
37.6394
37.638
37.6293
37.6185
37.6106
37.6038
37.5992
37.5932
37.5869
37.5803
37.5702
37.5542
37.5402
37.5299
37.5201
37.5104
37.4987
37.4902
37.4837
37.477
37.4721
37.4707
37.468
37.4655
37.4632
37.4621
37.4621
37.4635
37.4645
37.4701
37.4783
37.4884
37.4989
37.5057
37.5118
37.5129
37.5141
37.5134
37.5149
37.516
37.518
37.5198
37.5203
37.5213
37.5241
37.527
37.5282
37.5306
37.532
37.5319
37.5329
37.5333
37.5341
37.5362
37.5392
37.5418
37.544
37.5465
37.5486
37.548
37.5469
37.5468
37.5537
37.5621
37.5672
37.5679
37.5678
37.5678
37.5685
37.5673
37.571
37.5787
37.5828
37.5894
37.5934
37.5956
37.5974
37.5968
37.5939
37.5906
37.5883
37.586
37.5835
37.5815
37.5798
37.5824
37.5845
37.5846
37.5821
37.5758
37.5688
37.5599
37.5491
37.5412
37.5335
37.5287
37.5236
37.5197
37.5154
37.5127
37.5092
37.5064
37.5041
37.5
37.496
37.4923
37.4896
37.4855
37.4811
37.4763
37.4683
37.4606
37.4591
37.4569
37.4531
37.4501
37.4476
37.4441
37.4417
37.4426
37.444
37.4463
37.4485
37.4483
37.4488
37.4517
37.4537
37.4565
37.4585
37.4616
37.4624
37.4646
37.4654
37.4662
37.4674
37.4694
37.471
37.4749
37.4802
37.4864
37.4917
37.4965
37.5
37.5031
37.5062
37.5052
37.5044
37.5044
