28.6489
28.6368
28.6261
28.6129
28.6029
28.5918
28.5799
28.5664
28.5525
28.5377
28.5217
28.5052
28.4894
28.4739
28.46
28.4459
28.4324
28.419
28.4037
28.3877
28.3726
28.3573
28.34
28.3236
28.3029
28.2823
28.2637
28.2444
28.2258
28.2068
28.1923
28.1764
28.1597
28.1414
28.1227
28.1049
28.0874
28.0702
28.053
28.0341
28.0161
27.9999
27.9854
27.9691
27.954
27.9393
27.9251
27.9104
27.8962
27.8845
27.873
27.8636
27.8535
27.8424
27.8316
27.8238
27.8173
27.8117
27.8082
27.8062
27.804
27.8011
27.7975
27.7941
27.7921
27.7883
27.7856
27.7816
27.7787
27.7766
27.7746
27.7731
27.7704
27.7676
27.7649
27.7629
27.7587
27.7536
27.749
27.7433
27.7366
27.7302
27.7261
27.7218
27.7213
27.7216
27.7215
27.7228
27.7244
27.7251
27.7264
27.7281
27.7296
27.7326
27.7361
27.7393
27.7426
27.7461
27.7498
27.7536
27.7576
27.7614
27.763
27.7645
27.7645
27.7668
27.7678
27.7679
27.768
27.7662
27.765
27.7624
27.7594
27.7552
27.7494
27.7427
27.7358
27.7273
27.719
27.7108
27.7027
27.6944
27.6865
27.6786
27.6702
27.6632
27.6561
27.6501
27.6438
27.6368
27.637
27.637
27.6411
27.6438
27.6466
27.6508
27.657
27.6671
27.6763
27.6883
27.7011
27.7123
27.7228
27.7336
27.7469
27.7611
27.7746
27.7871
27.7988
27.812
27.8248
27.8382
27.8525
27.8663
27.8802
27.894
27.9097
27.9245
27.9392
27.9562
27.9753
27.993
28.0111
28.03
28.0501
28.0665
28.0848
28.1038
28.125
28.1458
28.1668
28.1845
28.203
28.2222
28.2415
28.2612
28.2798
28.2988
28.3177
28.3363
28.3547
28.3731
28.3919
28.41
28.4284
28.4455
28.4617
28.4755
28.4884
28.5007
28.5066
28.5134
28.5152
28.5174
28.5189
28.5191
28.5201
28.5184
28.5171
