54.5498
54.6197
54.6857
54.7342
54.76
54.8017
54.845
54.8852
54.9268
54.969
55.0073
55.0455
55.0844
55.1211
55.1587
55.1941
55.2275
55.2512
55.2782
55.3079
55.3395
55.374
55.4123
55.4529
55.5166
55.5779
55.64
55.6941
55.7504
55.8121
55.8683
55.9225
55.9713
56.0201
56.0701
56.1131
56.1581
56.2
56.2348
56.271
56.3059
56.3371
56.3684
56.3956
56.4258
56.4613
56.4924
56.5207
56.5472
56.5767
56.6072
56.6209
56.6379
56.6542
56.6651
56.6822
56.6995
56.7128
56.7267
56.734
56.7397
56.7449
56.7516
56.7635
56.788
56.7986
56.8082
56.8212
56.8345
56.8435
56.8512
56.8607
56.8652
56.8685
56.8737
56.8733
56.8732
56.8754
56.8767
56.8761
56.8748
56.8686
56.8606
56.855
56.8283
56.8028
56.7745
56.7457
56.7176
56.6838
56.6547
56.6254
56.5952
56.5675
56.5431
56.5153
56.4808
56.4439
56.4097
56.377
56.3435
56.3108
56.2793
56.2466
56.2131
56.1845
56.1616
56.1445
56.1281
56.1122
56.0959
56.0958
56.0928
56.0906
56.0919
56.0937
56.0931
56.0906
56.0856
56.0834
56.0822
56.082
56.0808
56.0817
56.0842
56.0861
56.0896
56.0933
56.0969
56.1024
56.1076
56.1132
56.1224
56.1318
56.1391
56.1481
56.1568
56.1651
56.1734
56.183
56.1915
56.2015
56.2092
56.2153
56.225
56.2325
56.2403
56.2453
56.252
56.2603
56.2679
56.2749
56.2801
56.2855
56.2919
56.3034
56.3159
56.3317
56.3467
56.3609
56.3746
56.3895
56.4045
56.4232
56.4435
56.4592
56.4699
56.4788
56.4946
56.5075
56.5168
56.5222
56.5303
56.538
56.5455
56.5528
56.5584
56.5661
56.5744
56.5785
56.5841
56.5883
56.5956
56.6041
56.6109
56.6177
56.6232
56.6259
56.6313
56.6383
56.646
56.6558
56.6632
56.6707
56.679
