146.3646
146.4279
146.4798
146.53
146.5799
146.6265
146.6754
146.7242
146.7714
146.8211
146.8715
146.9239
146.9774
147.0339
147.0949
147.1579
147.222
147.2845
147.3459
147.4089
147.4737
147.5342
147.5842
147.628
147.6691
147.7091
147.749
147.7956
147.8366
147.8755
147.921
147.9641
148.0068
148.0454
148.0802
148.1109
148.1425
148.1722
148.2054
148.237
148.2709
148.297
148.3189
148.3461
148.3769
148.4091
148.4426
148.4752
148.5084
148.5412
148.5767
148.6193
148.6609
148.6957
148.7364
148.7882
148.834
148.8701
148.9044
148.9374
148.9637
148.9841
149.0153
149.0474
149.0797
149.1141
149.147
149.1756
149.2086
149.2386
149.2701
149.2931
149.3157
149.3361
149.3507
149.3639
149.3744
149.3794
149.3948
149.4118
149.4228
149.4364
149.4543
149.4713
149.4795
149.488
149.4972
149.5095
149.5245
149.5423
149.555
149.5622
149.5652
149.5679
149.5688
149.5733
149.5756
149.5756
149.5752
149.5747
149.5743
149.5774
149.5813
149.5736
149.5648
149.5558
149.5446
149.5321
149.5116
149.4956
149.4796
149.4615
149.4432
149.4347
149.423
149.4088
149.3913
149.374
149.3557
149.3352
149.3195
149.3017
149.2796
149.2544
149.2253
149.1953
149.1651
149.1356
149.1044
149.0711
149.0457
149.0122
148.9744
148.9368
148.9096
148.8761
148.8517
148.8271
148.7896
148.7487
148.7129
148.6789
148.6442
148.6119
148.5892
148.5677
148.5536
148.5329
148.5081
148.4849
148.4669
148.4474
148.4262
148.4068
148.386
148.3585
148.3332
148.3084
148.2836
148.2463
148.207
148.1692
148.127
148.097
148.0634
148.0275
147.992
147.9622
147.9397
147.9115
147.8844
147.8538
147.8275
147.7983
147.7657
147.7347
147.7082
147.6801
147.6534
147.6288
147.6
147.5738
147.5471
147.5221
147.5126
147.4988
147.4878
147.482
147.4743
147.47
147.4558
147.4548
147.4559
147.4605
147.4524
147.45
147.441
147.4368
147.4371
