15.2805
15.267
15.2564
15.2457
15.2357
15.2254
15.2158
15.2019
15.1888
15.1725
15.1557
15.1397
15.1244
15.1067
15.0896
15.0712
15.0522
15.0338
15.0157
14.9984
14.9803
14.9591
14.9389
14.9205
14.9013
14.8828
14.8641
14.8451
14.8318
14.8181
14.8032
14.7886
14.7763
14.7686
14.7599
14.7523
14.7432
14.7333
14.7247
14.717
14.7103
14.7035
14.6962
14.6871
14.6778
14.669
14.6583
14.65
14.6428
14.6343
14.627
14.621
14.6157
14.6122
14.608
14.6058
14.6057
14.609
14.6118
14.6135
14.6143
14.6145
14.6175
14.6229
14.6281
14.6322
14.6347
14.641
14.6452
14.6518
14.6604
14.6664
14.6704
14.6772
14.6847
14.6915
14.7004
14.7089
14.7165
14.7236
14.7319
14.7418
14.7531
14.7609
14.7708
14.7798
14.7874
14.7941
14.7985
14.8043
14.8074
14.8105
14.8125
14.8111
14.81
14.8096
14.8099
14.8111
14.8113
14.8088
14.8062
14.8043
14.8033
14.8024
14.8023
14.8012
14.802
14.7999
14.7972
14.7962
14.7947
14.7916
14.7871
14.7827
14.7782
14.7754
14.7748
14.7745
14.7753
14.7763
14.7782
14.78
14.7809
14.7817
14.783
14.7825
14.7821
14.7782
14.7743
14.7708
14.7665
14.7638
14.7625
14.761
14.7567
14.7518
14.7453
14.7386
14.7334
14.7275
14.7212
14.7158
14.71
14.7059
14.701
14.6957
14.6914
14.6887
14.6855
14.6805
14.6764
14.6708
14.6626
14.6553
14.6469
14.6384
14.6299
14.6203
14.6123
14.6067
14.6023
14.5961
14.5883
14.5803
14.5732
14.5669
14.5597
14.5531
14.5465
14.5409
14.5333
14.5259
14.5195
14.513
14.5066
14.5
14.4843
14.4668
14.4524
14.4397
14.4263
14.4138
14.4001
14.3867
14.3711
14.3574
14.3438
14.3318
14.3203
14.3095
