72.599
72.5984
72.5949
72.5915
72.5929
72.5934
72.5939
72.5905
72.5895
72.5886
72.5898
72.5881
72.5899
72.5921
72.5906
72.5885
72.5866
72.5833
72.578
72.5736
72.5711
72.5708
72.556
72.55
72.5541
72.5568
72.5574
72.5564
72.5547
72.5536
72.5522
72.5494
72.5471
72.5418
72.5377
72.5347
72.5313
72.5214
72.5156
72.508
72.4957
72.484
72.4704
72.4604
72.4486
72.4398
72.4255
72.4167
72.4072
72.3915
72.3767
72.3616
72.3491
72.3364
72.3257
72.3112
72.3035
72.2845
72.2614
72.2442
72.2318
72.219
72.2087
72.1992
72.1932
72.1876
72.1803
72.1729
72.1631
72.1529
72.1416
72.1283
72.112
72.096
72.0803
72.0623
72.0505
72.0343
72.02
72.0101
71.9981
71.9863
71.9888
71.9762
71.9531
71.9308
71.9083
71.8846
71.8617
71.8364
71.8083
71.7855
71.7615
71.7369
71.7115
71.6873
71.6627
71.6422
71.6174
71.5935
71.569
71.5438
71.5151
71.4756
71.4391
71.4079
71.3832
71.3533
71.3252
71.3058
71.2876
71.272
71.2552
71.2388
71.2178
71.1987
71.176
71.1693
71.1633
71.1542
71.1454
71.1349
71.1244
71.1083
71.0849
71.062
71.0389
71.0175
70.9975
70.9779
70.9532
70.9324
70.9204
70.9092
70.8987
70.8867
70.8652
70.8515
70.8416
70.8253
70.8086
70.7925
70.775
70.7585
70.7447
70.7318
70.7196
70.7106
70.7039
70.7009
70.6999
70.6972
70.6948
70.6932
70.6925
70.6902
70.691
70.6963
70.7019
70.7096
70.7189
70.7284
70.7432
70.7642
70.7855
70.8012
70.815
70.8317
70.8553
70.8768
70.8943
70.9102
70.9201
70.9316
70.9456
70.9593
70.9777
70.9934
71.0156
71.0356
71.0575
71.0772
71.0964
71.117
71.1398
71.1638
71.1908
71.2151
71.2372
71.2555
71.2815
71.3083
71.3263
71.3432
71.3589
