84.0972
84.1257
84.1612
84.2013
84.246
84.2801
84.3183
84.3561
84.3967
84.4307
84.4589
84.4866
84.5169
84.5406
84.5612
84.5806
84.6019
84.6229
84.6414
84.6634
84.6836
84.7021
84.7192
84.7337
84.7341
84.7357
84.7474
84.7682
84.7872
84.8072
84.8196
84.8256
84.825
84.8235
84.8205
84.8223
84.818
84.8174
84.8187
84.8189
84.8191
84.8208
84.8205
84.8223
84.8276
84.8338
84.8373
84.8401
84.8412
84.8506
84.8541
84.8678
84.8818
84.8975
84.9162
84.9339
84.9514
84.9641
84.9635
84.9691
84.972
84.9721
84.9655
84.9573
84.9486
84.9436
84.9339
84.9277
84.9202
84.9231
84.9324
84.9387
84.94
84.9439
84.9469
84.9527
84.964
84.977
84.9927
84.9985
85.0066
85.0274
85.0524
85.0809
85.1209
85.1643
85.1988
85.227
85.265
85.2988
85.3365
85.3747
85.417
85.4578
85.4993
85.5387
85.5788
85.6228
85.6651
85.7087
85.7545
85.7971
85.8376
85.8731
85.9133
85.9499
85.9881
86.0331
86.0816
86.1211
86.1635
86.1957
86.2263
86.2509
86.2744
86.2994
86.3218
86.3406
86.3668
86.3923
86.4163
86.4394
86.4599
86.4756
86.4914
86.5078
86.5228
86.536
86.5472
86.5535
86.5637
86.5743
86.5891
86.6027
86.6198
86.6317
86.6385
86.6438
86.6512
86.6687
86.689
86.6999
86.7013
86.7013
86.7007
86.6971
86.6943
86.6843
86.6723
86.6622
86.6548
86.65
86.6443
86.6405
86.6408
86.6407
86.6413
86.64
86.6323
86.6314
86.6286
86.6297
86.6307
86.6339
86.6362
86.6392
86.6436
86.6431
86.6399
86.6352
86.6334
86.6306
86.6294
86.6297
86.632
86.6332
86.635
86.6382
86.6377
86.6393
86.6438
86.6507
86.6567
86.6623
86.6667
86.6695
86.6735
86.6748
86.675
86.6748
86.6705
86.668
86.6658
86.6632
86.6579
86.6579
86.6589
86.6618
86.6621
