74.8994
74.9383
74.9516
74.9556
74.9678
74.9793
74.9964
75.0071
75.0219
75.0263
75.0309
75.0402
75.0542
75.0645
75.075
75.0831
75.0991
75.1138
75.1331
75.1564
75.1803
75.1624
75.1426
75.1233
75.0971
75.081
75.0681
75.0486
75.0223
74.9745
74.9085
74.8383
74.778
74.6956
74.6215
74.5553
74.4921
74.4342
74.3701
74.2963
74.2298
74.1626
74.1083
74.0506
73.9779
73.9031
73.8254
73.7449
73.6642
73.5827
73.4866
73.3853
73.2933
73.2061
73.133
73.0431
72.9649
72.8977
72.8366
72.786
72.7224
72.6567
72.601
72.5548
72.4986
72.4388
72.373
72.3071
72.2433
72.1833
72.1191
72.0469
71.9782
71.9115
71.8454
71.7858
71.7133
71.6438
71.5739
71.4989
71.4213
71.3824
71.3456
71.3134
71.2888
71.2554
71.2234
71.1907
71.1645
71.1439
71.1385
71.1368
71.1307
71.1163
71.1034
71.0889
71.0756
71.0667
71.0614
71.0634
71.0601
71.0527
71.0324
70.9936
70.9616
70.9401
70.9265
70.9231
70.9071
70.8851
70.8747
70.8738
70.8761
70.8756
70.8943
70.9221
70.9654
70.9949
71.0178
71.0429
71.0716
71.1068
71.1413
71.1702
71.2047
71.2424
71.2839
71.3228
71.3597
71.39
71.4208
71.4563
71.4839
71.5159
71.55
71.5776
71.6206
71.6576
71.6943
71.7313
71.7703
71.8078
71.8488
71.8863
71.9263
71.9706
72.0123
72.0523
72.095
72.1391
72.1772
72.2107
72.2497
72.2947
72.3363
72.3757
72.4142
72.4467
72.4778
72.5062
72.5322
72.5614
72.5882
72.6308
72.6763
72.7167
72.7532
72.7827
72.8146
72.8483
72.8829
72.9177
72.9385
72.967
72.971
72.9686
72.947
72.9377
72.9342
72.93
72.9263
72.918
72.909
72.9043
72.8995
72.8935
72.885
72.8767
72.8705
72.8672
72.8648
72.8626
72.8662
