116.0565
116.0675
116.0775
116.0794
116.0865
116.097
116.1103
116.1193
116.1286
116.1419
116.1551
116.1708
116.1878
116.2076
116.229
116.2513
116.2711
116.2937
116.3187
116.3454
116.3728
116.4025
116.449
116.4997
116.5431
116.5824
116.6276
116.6764
116.7226
116.761
116.7804
116.7994
116.8286
116.8558
116.8876
116.9156
116.9475
116.982
117.0183
117.0529
117.0879
117.122
117.1579
117.1946
117.2299
117.2721
117.3117
117.3669
117.4205
117.4824
117.5403
117.5916
117.6423
117.6981
117.7541
117.8109
117.8637
117.9097
117.9676
118.0193
118.0733
118.1273
118.183
118.2442
118.3025
118.3541
118.4068
118.4639
118.5192
118.5702
118.6211
118.6716
118.7192
118.7693
118.8231
118.8688
118.9365
119.008
119.08
119.1525
119.2221
119.2895
119.3405
119.3888
119.4468
119.5134
119.5795
119.6389
119.6928
119.7526
119.8179
119.8884
119.9481
120.0008
120.0493
120.0981
120.1443
120.1893
120.2356
120.2825
120.3236
120.3583
120.3893
120.4185
120.4462
120.4757
120.5081
120.5265
120.5446
120.5564
120.5661
120.5809
120.5973
120.6119
120.6258
120.6461
120.6674
120.6947
120.7142
120.7337
120.7472
120.7584
120.7706
120.7829
120.7983
120.8158
120.8281
120.8392
120.8477
120.8584
120.8721
120.8857
120.8984
120.9072
120.9062
120.9107
120.8923
120.8662
120.8385
120.8117
120.7857
120.7625
120.738
120.7112
120.6828
120.6511
120.6151
120.5782
120.5433
120.5103
120.4782
120.442
120.409
120.3865
120.3651
120.3412
120.3192
120.2976
120.2719
120.2426
120.2139
120.1919
120.1756
120.1596
120.1535
120.1355
120.1162
120.091
120.0662
120.0477
120.0377
120.0282
120.0162
120.001
119.9876
119.9709
119.9584
119.9429
119.9282
119.9175
119.908
119.8996
119.8901
119.8806
119.8715
119.8609
119.851
119.8425
119.839
119.8343
