138.4221
138.3835
138.3448
138.3054
138.2629
138.2126
138.1651
138.1206
138.0708
138.021
137.9767
137.9459
137.9227
137.9129
137.899
137.8922
137.8784
137.8607
137.839
137.828
137.8582
137.889
137.921
137.9518
137.976
138.0044
138.0393
138.0671
138.0893
138.1053
138.131
138.1551
138.1808
138.2057
138.2322
138.2594
138.2774
138.3022
138.3417
138.3869
138.4234
138.4621
138.4904
138.5272
138.5604
138.6101
138.6614
138.7271
138.8134
138.9081
138.9954
139.0966
139.1981
139.2821
139.3456
139.42
139.4848
139.5562
139.6221
139.6766
139.7418
139.819
139.897
139.9749
140.0656
140.1604
140.2411
140.3194
140.3961
140.4821
140.5589
140.6254
140.6904
140.7516
140.8039
140.8478
140.9016
140.9509
140.998
141.038
141.0377
141.0508
141.0604
141.0756
141.0911
141.0978
141.0948
141.1028
141.1178
141.1403
141.1445
141.1445
141.1453
141.1524
141.1589
141.1657
141.1776
141.1794
141.1694
141.1655
141.1717
141.1635
141.153
141.131
141.1185
141.0888
141.0562
141.0083
140.9422
140.8755
140.8157
140.7442
140.6803
140.635
140.6113
140.576
140.5388
140.4914
140.4437
140.3947
140.3428
140.2918
140.2408
140.1804
140.1069
140.0257
139.9608
139.8933
139.8243
139.7601
139.6962
139.6173
139.535
139.454
139.3751
139.3027
139.2256
139.1502
139.0805
139.006
138.9335
138.8539
138.7748
138.6958
138.6142
138.5407
138.468
138.3918
138.3094
138.2268
138.1632
138.1132
138.076
138.031
137.9988
137.9748
137.9522
137.9331
137.9118
137.8768
137.863
137.8623
137.873
137.8888
137.9009
137.9179
137.9474
137.9842
138.0192
138.0472
138.0722
138.1028
138.1232
138.139
138.1517
138.1642
138.1773
138.1982
138.2234
138.2507
138.2805
138.3109
138.3383
138.37
138.4107
138.4635
138.5032
