81.2752
81.303
81.3344
81.3679
81.4006
81.437
81.4737
81.5088
81.5433
81.577
81.6126
81.647
81.6803
81.711
81.7415
81.7715
81.8012
81.8324
81.8621
81.8904
81.9196
81.9484
81.9827
82.0186
82.0496
82.0844
82.1159
82.1472
82.1766
82.2044
82.2279
82.2431
82.2623
82.2793
82.2984
82.3174
82.3366
82.3543
82.3697
82.3835
82.3963
82.4075
82.4187
82.4299
82.4431
82.4542
82.4667
82.4767
82.484
82.491
82.4945
82.4994
82.5014
82.5051
82.5065
82.5127
82.522
82.5248
82.5253
82.5208
82.5147
82.5088
82.4985
82.4866
82.4741
82.4594
82.444
82.4294
82.4139
82.4014
82.3872
82.3743
82.3613
82.3489
82.3351
82.3217
82.3048
82.291
82.2757
82.2584
82.239
82.219
82.1925
82.166
82.1437
82.1175
82.0943
82.071
82.0488
82.0303
82.0132
82.0022
81.988
81.9713
81.9546
81.9381
81.9211
81.9038
81.8845
81.8672
81.851
81.8336
81.815
81.7974
81.7796
81.7613
81.742
81.7221
81.7045
81.6881
81.6746
81.6611
81.6497
81.6351
81.6241
81.6094
81.5937
81.5819
81.5702
81.5587
81.5472
81.5337
81.5207
81.5079
81.4964
81.4831
81.4711
81.459
81.446
81.4293
81.4148
81.4
81.3895
81.3749
81.3612
81.3499
81.3449
81.3351
81.3285
81.326
81.3224
81.3198
81.3179
81.3179
81.3161
81.3136
81.3113
81.3121
81.3113
81.3096
81.309
81.3085
81.308
81.3082
81.306
81.3034
81.303
81.3116
81.3194
81.3309
81.3402
81.3477
81.3542
81.3587
81.3652
81.3737
81.3835
81.3942
81.4058
81.4188
81.4309
81.4415
81.4523
81.4646
81.4764
81.4887
81.5
81.5118
81.5243
81.5346
81.5463
81.5583
81.5708
81.5861
81.6057
81.6247
81.6448
81.6663
81.688
81.7113
81.7322
81.75
81.7645
81.7823
81.8
81.8145
81.8277
81.8412
81.8554
