53.74
53.89
54.28
54.64
54.18
54.75
53.82
54.4
54.61
53.8783
53.1
52.76
52.07
51.42
51.08
50.63
49.53
49.4
49.26
49.26
49.48
49.93
50.34
50.69
50.23
49.5
48.98
48.46
49.66
49.86
50.07
47.5
47.3
47.35
47.09
45.79
45.0
45.35
46.65
45.86
46.1
46.84
47.29
45.74
44.59
46.97
46.89
47.94
48.54
48.64
48.14
47.85
47.77
47.75
47.78
47.42
48.1
47.82
48.27
47.12
47.46
48.0
47.9
48.15
50.98
51.26
51.4
51.44
52.47
52.5
52.54
53.02
53.28
52.66
52.67
51.37
52.53
52.23
52.03
52.13
50.74
49.95
50.01
49.95
49.95
49.64
49.88
50.28
49.76
49.46
49.11
48.83
48.33
48.56
48.34
49.42
49.53
49.12
49.74
50.27
