132.1046
132.1109
132.1344
132.1466
132.1547
132.1611
132.1662
132.1732
132.1784
132.1852
132.1871
132.1957
132.2038
132.2127
132.2201
132.2284
132.237
132.2487
132.2627
132.2778
132.2916
132.3042
132.3079
132.3129
132.3086
132.3057
132.2987
132.2917
132.2959
132.303
132.3181
132.3308
132.3426
132.3563
132.3643
132.3731
132.3806
132.3856
132.3854
132.3797
132.3744
132.364
132.3581
132.355
132.3568
132.3563
132.3606
132.3609
132.362
132.3728
132.3873
132.4113
132.4405
132.4757
132.5151
132.5611
132.6084
132.6542
132.6977
132.7447
132.7957
132.8427
132.8827
132.9277
132.9733
133.0173
133.0573
133.0947
133.1342
133.1736
133.2129
133.2468
133.2803
133.3167
133.3542
133.3885
133.4145
133.444
133.4849
133.5342
133.5854
133.6343
133.6936
133.7573
133.8277
133.9007
133.9794
134.0493
134.1188
134.183
134.2409
134.3014
134.3608
134.414
134.4678
134.5169
134.5667
134.6172
134.6698
134.7241
134.7849
134.8492
134.9032
134.9646
135.0246
135.0966
135.1668
135.2378
135.3211
135.3963
135.4703
135.5405
135.5995
135.6527
135.7051
135.7469
135.7864
135.8211
135.8567
135.8939
135.9289
135.9662
135.999
136.0325
136.0683
136.1069
136.1449
136.1834
136.2201
136.2541
136.3198
136.3844
136.4524
136.5156
136.5824
136.6461
136.7184
136.7821
136.8403
136.8883
136.9383
136.9917
137.061
137.1198
137.1744
137.2294
137.2781
137.3326
137.3822
137.4289
137.4828
137.5422
137.5942
137.6499
137.707
137.7653
137.9278
138.0901
138.2201
138.3446
138.4665
138.5935
138.7318
138.8738
139.0121
139.1481
139.2833
139.4224
139.5541
139.6867
139.8166
139.9364
140.0599
140.1791
140.3002
140.4277
140.5549
140.6834
140.8111
140.9421
141.0753
141.2083
141.3411
141.4926
141.6394
141.8126
141.9843
142.1531
142.3188
142.4875
142.6306
142.7725
142.912
143.0538
143.1928
143.3327
143.4657
143.5962
