66.2137
66.2797
66.349
66.4174
66.4914
66.5611
66.6272
66.6889
66.7502
66.8114
66.8721
66.928
66.9822
67.0336
67.0852
67.1414
67.2006
67.2573
67.3147
67.3723
67.425
67.4802
67.5442
67.6106
67.6862
67.767
67.8424
67.9117
67.9836
68.0664
68.1529
68.2374
68.3185
68.3962
68.4747
68.5543
68.6379
68.7218
68.804
68.8805
68.9503
69.0195
69.0898
69.1569
69.221
69.2902
69.3535
69.4227
69.4893
69.5595
69.625
69.677
69.72
69.7635
69.8155
69.8647
69.9152
69.9223
69.9145
69.92
69.9284
69.9383
69.9438
69.9521
69.9613
69.9773
69.9986
70.0227
70.0478
70.0758
70.104
70.1375
70.1732
70.2137
70.2555
70.2948
70.3447
70.3969
70.4582
70.5277
70.5921
70.6607
70.7234
70.7886
70.8422
70.8924
70.9489
71.0137
71.0802
71.1298
71.1773
71.2273
71.2782
71.3281
71.3791
71.4283
71.468
71.5063
71.5406
71.5832
71.6302
71.6772
71.7224
71.7776
71.8285
71.8793
71.9325
71.9846
72.0401
72.091
72.149
72.2155
72.2812
72.3412
72.3918
72.437
72.4798
72.541
72.6117
72.6761
72.7358
72.7907
72.8417
72.8912
72.9352
72.9717
73.0032
73.0375
73.0747
73.1114
73.1446
73.179
73.2141
73.2509
73.2854
73.3172
73.3366
73.3534
73.3584
73.3561
73.3576
73.3558
73.3518
73.344
73.3428
73.3418
73.3377
73.3292
73.3172
73.312
73.306
73.2973
73.2912
73.2876
73.2766
73.2659
73.2604
73.2482
73.2339
73.2271
73.2227
73.2149
73.2079
73.1961
73.1909
73.1858
73.1834
73.1838
73.1823
73.1796
73.1678
73.1546
73.1434
73.1322
73.1239
73.1196
73.1176
73.1179
73.1192
73.116
73.1139
73.1157
73.1214
73.1294
73.139
73.1541
73.1702
73.1857
73.1961
73.2062
73.2195
73.2332
73.2469
73.2576
73.2693
