88.6677
88.6755
88.6847
88.6677
88.6464
88.6222
88.6091
88.5917
88.5732
88.5662
88.5591
88.5436
88.5282
88.5136
88.5001
88.4883
88.4733
88.4581
88.4431
88.4278
88.4128
88.4031
88.4085
88.4173
88.4384
88.4701
88.4986
88.5406
88.5809
88.6314
88.6661
88.7093
88.7579
88.801
88.8537
88.8995
88.9365
88.9734
89.0098
89.0462
89.082
89.1178
89.1506
89.1827
89.2202
89.2548
89.2932
89.334
89.3685
89.412
89.4574
89.4901
89.5252
89.5646
89.6087
89.6562
89.7003
89.7516
89.7954
89.8414
89.8911
89.9359
89.9796
90.0371
90.0991
90.1649
90.2163
90.2733
90.3322
90.3835
90.4292
90.4797
90.5273
90.5719
90.6191
90.6642
90.7074
90.7525
90.8003
90.8502
90.8967
90.9341
90.958
90.9791
90.9876
90.9874
90.9946
90.9921
90.9887
90.9801
90.9687
90.9516
90.9328
90.9216
90.9139
90.9089
90.9032
90.8995
90.9012
90.8982
90.8902
90.8875
90.8857
90.9769
91.0653
91.1154
91.1543
91.1843
91.228
91.2583
91.2886
91.3328
91.373
91.4054
91.4415
91.4717
91.509
91.5469
91.5747
91.596
91.6175
91.6424
91.6626
91.6946
91.7238
91.7553
91.7879
91.8191
91.8453
91.8726
91.9019
91.9306
91.9621
91.9956
92.0298
92.0655
92.101
92.1389
92.1744
92.2066
92.2501
92.3031
92.3535
92.3917
92.4322
92.456
92.4776
92.4934
92.503
92.5077
92.518
92.5303
92.5425
92.553
92.5672
92.5872
92.6084
92.6257
92.6384
92.6574
92.6798
92.7024
92.7289
92.6633
92.6021
92.5864
92.5815
92.588
92.5835
92.5862
92.5815
92.5783
92.5798
92.5873
92.5893
92.5913
92.5913
92.5892
92.5945
92.6008
92.6082
92.6123
92.6213
92.6233
92.6265
92.6255
92.623
92.621
92.6216
92.6203
92.6135
92.6032
92.591
92.5727
92.549
