97.408
97.4945
97.5826
97.6326
97.6768
97.7133
97.7459
97.7869
97.8237
97.8671
97.9032
97.9341
97.9669
97.9984
98.0291
98.0609
98.0912
98.1262
98.1626
98.1979
98.2349
98.2717
98.3125
98.3555
98.4107
98.4784
98.5534
98.6409
98.7084
98.7836
98.8504
98.9057
98.9552
99.0079
99.0674
99.1201
99.1657
99.202
99.2435
99.2875
99.3288
99.3612
99.3893
99.4158
99.4485
99.4843
99.5182
99.5528
99.5868
99.6157
99.6442
99.6595
99.6657
99.6759
99.6841
99.6856
99.6925
99.6905
99.686
99.6888
99.6868
99.6856
99.683
99.7002
99.7178
99.7363
99.749
99.757
99.7617
99.7607
99.7605
99.7652
99.7657
99.7652
99.765
99.7594
99.755
99.7397
99.719
99.6959
99.6752
99.651
99.617
99.5864
99.5492
99.5
99.4367
99.3605
99.2953
99.2204
99.1356
99.0616
98.9993
98.9372
98.8727
98.8113
98.7493
98.6857
98.6317
98.5753
98.5145
98.459
98.4073
98.349
98.2927
98.2388
98.1872
98.132
98.0775
98.0257
97.9729
97.9289
97.8949
97.8557
97.8181
97.7969
97.7689
97.7415
97.7084
97.6657
97.6364
97.6087
97.5817
97.5554
97.5372
97.5154
97.4962
97.4726
97.4506
97.4276
97.4036
97.3806
97.3554
97.3369
97.3196
97.3057
97.2881
97.2726
97.2627
97.2568
97.2415
97.2265
97.2181
97.2024
97.1863
97.1696
97.1466
97.1319
97.1202
97.1068
97.0973
97.0846
97.0738
97.0615
97.047
97.0303
97.0171
97.0051
96.99
96.9791
96.9706
96.9611
96.9503
96.9448
96.9393
96.9306
96.925
96.9198
96.9241
96.942
96.9467
96.9594
96.972
96.985
96.9992
97.0063
97.0156
97.0265
97.0376
97.0501
97.0631
97.0759
97.0864
97.0972
97.0998
97.1031
97.1058
97.1106
97.1164
97.1254
97.1329
97.1349
97.1406
97.1431
97.1428
