50.7188
50.7303
50.7383
50.7382
50.7305
50.727
50.726
50.7235
50.7228
50.725
50.7275
50.7295
50.7322
50.7363
50.7388
50.7398
50.7403
50.7389
50.7362
50.7339
50.7317
50.7269
50.7393
50.7529
50.7607
50.7673
50.7729
50.7791
50.7807
50.7824
50.7826
50.785
50.7856
50.7919
50.7961
50.7938
50.7882
50.7847
50.7822
50.7772
50.7697
50.7647
50.7555
50.747
50.742
50.7403
50.7405
50.7398
50.7387
50.7191
50.6947
50.6746
50.6549
50.6408
50.6276
50.6191
50.6116
50.6087
50.6109
50.6072
50.6007
50.5907
50.5852
50.5905
50.6046
50.6134
50.6184
50.6237
50.6285
50.63
50.6303
50.6272
50.621
50.6121
50.6063
50.6013
50.5925
50.5858
50.5869
50.5851
50.581
50.5757
50.5514
50.531
50.5127
50.4965
50.4797
50.4613
50.4449
50.4302
50.4192
50.4056
50.3894
50.3706
50.3527
50.3365
50.3193
50.3007
50.2803
50.26
50.238
50.2159
50.1978
50.1801
50.1601
50.1453
50.1347
50.1212
50.1125
50.1283
50.1498
50.1633
50.1772
50.1847
50.1805
50.1722
50.1657
50.1548
50.1475
50.1462
50.1495
50.1533
50.1523
50.1537
50.1548
50.1539
50.1544
50.1538
50.1532
50.1528
50.1513
50.1532
50.1571
50.162
50.1654
50.1699
50.1786
50.1886
50.1917
50.2018
50.2141
50.2251
50.2408
50.2488
50.2575
50.267
50.2774
50.2867
50.296
50.3016
50.3063
50.3103
50.3152
50.3207
50.3267
50.3327
50.3403
50.3491
50.3587
50.3686
50.3816
50.3944
50.4063
50.4207
50.4358
50.4447
50.449
50.4573
50.4546
50.4438
50.4408
50.4436
50.4461
50.4524
50.4672
50.4792
50.49
50.4983
50.5096
50.5155
50.5189
50.5211
50.5251
50.5259
50.5236
50.5234
50.5228
50.5197
50.5177
50.514
50.5086
50.5003
50.4927
50.4849
50.4771
