92.5306
92.5359
92.5429
92.5545
92.571
92.5873
92.6069
92.6255
92.644
92.664
92.6809
92.6989
92.7152
92.732
92.7476
92.7634
92.7796
92.7999
92.8198
92.8379
92.8533
92.8697
92.8859
92.8991
92.9067
92.9175
92.9247
92.9337
92.9453
92.9593
92.969
92.9754
92.9811
92.9813
92.9798
92.9795
92.9812
92.9797
92.9767
92.9704
92.9665
92.9632
92.9599
92.9542
92.945
92.9357
92.9269
92.9155
92.9022
92.89
92.8867
92.8804
92.872
92.8694
92.8678
92.8738
92.8824
92.8912
92.9043
92.9121
92.9184
92.9218
92.9282
92.933
92.9385
92.9457
92.9553
92.9675
92.9775
92.9882
92.9982
93.0077
93.0185
93.03
93.0438
93.0547
93.0567
93.0552
93.0548
93.058
93.0665
93.0698
93.0723
93.0732
93.0789
93.0845
93.093
93.1006
93.107
93.1121
93.1184
93.1258
93.1343
93.1445
93.1573
93.1708
93.1825
93.1946
93.2091
93.2266
93.2401
93.2533
93.2668
93.2793
93.2906
93.3005
93.3148
93.3273
93.341
93.3548
93.3625
93.3722
93.3816
93.387
93.391
93.3958
93.4008
93.4061
93.408
93.409
93.4126
93.4151
93.4171
93.4203
93.4234
93.4271
93.4307
93.4313
93.4281
93.4248
93.4311
93.4363
93.4376
93.4382
93.4417
93.4463
93.4623
93.4766
93.4866
93.4968
93.5051
93.5151
93.5266
93.5411
93.5548
93.5682
93.5817
93.5977
93.6134
93.6277
93.6406
93.6531
93.6628
93.6756
93.6862
93.6961
93.7063
93.7186
93.7255
93.7315
93.7398
93.7458
93.7523
93.759
93.7628
93.7711
93.7738
93.779
93.7833
93.782
93.7803
93.7802
93.7797
93.7776
93.7796
93.7824
93.7846
93.7851
93.7863
93.7893
93.7911
93.794
93.7977
93.799
93.8042
93.806
93.8089
93.8111
93.8141
93.8191
93.8172
93.8162
93.8217
93.8247
93.8242
93.8225
93.8196
93.8195
93.8225
