104.8423
104.8171
104.7826
104.7416
104.7069
104.664
104.6244
104.5894
104.5551
104.5234
104.489
104.4539
104.4134
104.3747
104.3317
104.2925
104.2593
104.2213
104.1819
104.1358
104.0923
104.0469
104.0079
103.9711
103.9334
103.8999
103.8723
103.8625
103.8545
103.8283
103.8044
103.7846
103.7653
103.7468
103.7303
103.714
103.6987
103.6833
103.664
103.6485
103.6366
103.6243
103.6143
103.6044
103.5925
103.5842
103.574
103.5522
103.5313
103.5143
103.5003
103.4825
103.4677
103.4507
103.4414
103.442
103.4482
103.4538
103.4599
103.463
103.4637
103.4661
103.4681
103.4729
103.4769
103.4814
103.4867
103.4932
103.4986
103.5047
103.511
103.514
103.515
103.5227
103.5284
103.5317
103.5365
103.5438
103.5487
103.562
103.5722
103.5865
103.5968
103.606
103.6164
103.6235
103.6245
103.6252
103.6238
103.6263
103.6272
103.624
103.6238
103.6215
103.6195
103.6216
103.6238
103.6225
103.6196
103.6161
103.6068
103.5982
103.5865
103.5701
103.5602
103.547
103.5363
103.5368
103.5364
103.5293
103.5183
103.5128
103.5062
103.5003
103.4925
103.478
103.4632
103.4516
103.4384
103.4258
103.4138
103.403
103.3869
103.3731
103.3631
103.3507
103.3385
103.3283
103.317
103.3072
103.297
103.2874
103.2839
103.2727
103.2636
103.2554
103.2444
103.2339
103.2271
103.2169
103.2054
103.1925
103.1768
103.1614
103.1468
103.1332
103.1218
103.1111
103.099
103.0885
103.0818
103.073
103.0616
103.0482
103.0357
103.0217
103.0084
102.9969
102.9866
102.9775
102.9737
102.9691
102.9655
102.9659
102.9639
102.962
102.9615
102.9616
102.961
102.9623
102.9594
102.9538
102.9467
102.9412
102.937
102.9348
102.9344
102.9272
102.919
102.9127
102.9052
102.8999
102.9003
102.8993
102.8969
102.8957
102.8943
102.8907
102.8869
102.883
