18.7246
18.7435
18.7637
18.7762
18.7822
18.7872
18.7949
18.7998
18.8028
18.8088
18.8167
18.8252
18.834
18.844
18.8562
18.8687
18.8807
18.8932
18.9057
18.9213
18.9375
18.9512
18.9679
18.9841
19.0082
19.0335
19.0621
19.0877
19.1117
19.1399
19.1707
19.2017
19.2347
19.2687
19.3062
19.3392
19.3727
19.4047
19.441
19.4721
19.5059
19.5373
19.5645
19.5938
19.6251
19.6564
19.6869
19.7182
19.7523
19.7849
19.8199
19.8395
19.8631
19.8843
19.9043
19.9253
19.9451
19.964
19.9822
20.0036
20.025
20.0414
20.0567
20.0723
20.092
20.11
20.1262
20.1428
20.1582
20.174
20.1855
20.1977
20.2058
20.2154
20.2253
20.2339
20.2453
20.2577
20.2584
20.2598
20.2613
20.2612
20.2604
20.2618
20.251
20.238
20.2227
20.2076
20.1917
20.1734
20.1521
20.1303
20.1067
20.0844
20.0626
20.0446
20.0245
20.0061
19.9853
19.9688
19.9485
19.929
19.9122
19.892
19.8705
19.8525
19.8356
19.8159
19.7926
19.7698
19.7471
19.7384
19.7253
19.714
19.7056
19.6953
19.6856
19.6747
19.6629
19.6508
19.6401
19.6299
19.6222
19.616
19.6112
19.6072
19.604
19.6022
19.5995
19.5947
19.5913
19.5867
19.5846
19.5807
19.5768
19.5739
19.5674
19.5604
19.5649
19.5665
19.5658
19.5691
19.5693
19.569
19.576
19.5834
19.5889
19.598
19.6042
19.6089
19.6134
19.6181
19.6248
19.6294
19.6323
19.6351
19.6391
19.6433
19.6463
19.6489
19.6511
19.6559
19.6608
19.6677
19.6734
19.6764
19.6792
19.6831
19.6897
19.6967
19.6997
19.7006
19.7002
19.7017
19.7022
19.7048
19.7069
19.7084
19.7104
19.7105
19.7102
19.7105
19.7078
19.7055
19.7013
19.6983
19.6945
19.6905
19.6863
19.6831
19.6799
19.6781
19.6758
19.6753
19.674
