17.6423
17.6625
17.684
17.6976
17.7053
17.7121
17.7216
17.7283
17.7335
17.7415
17.7513
17.7609
17.7707
17.7818
17.7948
17.808
17.8203
17.8333
17.846
17.8613
17.8772
17.891
17.9078
17.9243
17.9483
17.9738
18.0023
18.0278
18.0541
18.0816
18.1121
18.1426
18.1749
18.2082
18.2445
18.2758
18.3076
18.3382
18.3725
18.402
18.4332
18.4624
18.4876
18.5145
18.5438
18.5727
18.5993
18.6272
18.6572
18.6847
18.7144
18.7303
18.7497
18.7669
18.7829
18.7967
18.81
18.8242
18.8385
18.856
18.8728
18.886
18.8987
18.9126
18.93
18.9455
18.959
18.9729
18.9851
18.9979
19.0065
19.0157
19.021
19.0275
19.0345
19.0404
19.047
19.0554
19.0541
19.0536
19.053
19.0506
19.0478
19.047
19.0348
19.0205
19.003
18.9864
18.9688
18.9494
18.9269
18.9045
18.8805
18.858
18.8356
18.8175
18.7977
18.7795
18.7589
18.7425
18.723
18.7042
18.6879
18.6682
18.646
18.628
18.6123
18.594
18.5727
18.5524
18.5324
18.5247
18.5132
18.503
18.4947
18.4848
18.476
18.4662
18.4548
18.4432
18.4331
18.4227
18.4142
18.4063
18.3997
18.3942
18.3899
18.3872
18.3834
18.3775
18.3732
18.3687
18.3667
18.3631
18.3597
18.357
18.3528
18.3475
18.3514
18.3527
18.3521
18.3546
18.3539
18.3534
18.3591
18.3651
18.3697
18.378
18.3828
18.3857
18.3884
18.3909
18.395
18.3975
18.3983
18.3989
18.4002
18.4017
18.4023
18.4027
18.4025
18.4047
18.4067
18.4112
18.4155
18.4162
18.4167
18.4181
18.4218
18.4263
18.4273
18.4264
18.4241
18.4233
18.4227
18.424
18.4242
18.4242
18.4247
18.4235
18.4219
18.4208
18.4171
18.4138
18.409
18.4053
18.401
18.396
18.391
18.3874
18.3836
18.3806
18.3771
18.3756
18.373
