96.1621
96.2115
96.2669
96.3194
96.3742
96.4315
96.4889
96.5505
96.6132
96.673
96.7295
96.7889
96.8507
96.9153
96.9788
97.038
97.1024
97.1652
97.2302
97.3043
97.3623
97.4152
97.4625
97.512
97.5523
97.5942
97.6377
97.6891
97.7476
97.7971
97.8475
97.9058
97.9596
98.0164
98.0668
98.1172
98.163
98.2075
98.2537
98.2993
98.3418
98.3878
98.4324
98.4745
98.5174
98.5585
98.6047
98.6574
98.7089
98.7669
98.8199
98.8724
98.9304
98.9521
98.9669
98.9646
98.9646
98.9773
98.9908
99.0073
99.0296
99.0476
99.0604
99.0681
99.0718
99.0713
99.0698
99.0659
99.0568
99.0464
99.0379
99.03
99.0191
99.0047
98.9861
98.9641
98.9392
98.9083
98.876
98.8385
98.8202
98.8105
98.8117
98.8143
98.8315
98.8487
98.8665
98.8857
98.9011
98.9094
98.9158
98.9122
98.9151
98.9167
98.9242
98.9302
98.9412
98.9509
98.9566
98.9624
99.0235
99.0848
99.1421
99.1947
99.2537
99.3138
99.3723
99.425
99.4782
99.53
99.5854
99.6428
99.6919
99.7421
99.7955
99.8538
99.916
99.9728
100.0319
100.0868
100.1404
100.1913
100.2404
100.2906
100.3411
100.3864
100.4379
100.4884
100.5404
100.5899
100.6433
100.6961
100.7479
100.7984
100.8534
100.9167
100.9801
101.0493
101.1208
101.1936
101.2611
101.3252
101.3867
101.4439
101.4979
101.5503
101.6019
101.6506
101.6999
101.749
101.7978
101.8472
101.8962
101.9442
101.9802
102.0153
102.054
102.0975
102.1439
102.193
102.1852
102.1715
102.1613
102.1546
102.139
102.1265
102.1147
102.1039
102.0949
102.0782
102.0594
102.0369
102.0174
101.993
101.964
101.9353
101.9022
101.8666
101.8301
101.7998
101.7613
101.7246
101.689
101.6567
101.622
101.5915
101.556
101.52
101.4887
101.4629
101.4359
101.4051
101.3779
