117.2561
117.229
117.2021
117.1703
117.1397
117.1164
117.1149
117.114
117.1121
117.1277
117.1381
117.1523
117.1703
117.1845
117.1986
117.2141
117.228
117.239
117.2553
117.2688
117.2818
117.3047
117.3298
117.3574
117.3767
117.3841
117.3846
117.378
117.3438
117.2954
117.2477
117.1924
117.1242
117.0626
116.9844
116.8986
116.8202
116.7408
116.6563
116.5723
116.4827
116.3953
116.3046
116.2128
116.1188
116.0181
115.9111
115.8108
115.7064
115.5989
115.4956
115.3924
115.305
115.226
115.1529
115.0805
115.018
114.954
114.8964
114.8373
114.7738
114.7116
114.6484
114.5919
114.5309
114.4656
114.3946
114.3336
114.2711
114.2104
114.1499
114.0803
114.0114
113.9421
113.8701
113.7869
113.6991
113.6175
113.542
113.4617
113.372
113.2673
113.1622
113.0604
112.9657
112.8828
112.8059
112.7381
112.6926
112.6656
112.6431
112.6281
112.6218
112.6084
112.6041
112.6025
112.5928
112.586
112.583
112.5797
112.5821
112.5814
112.5814
112.5904
112.6057
112.6142
112.6272
112.6459
112.6789
112.7369
112.8016
112.8628
112.9115
112.9462
112.984
113.0101
113.0473
113.0841
113.1152
113.1519
113.1944
113.2381
113.2829
113.3199
113.3606
113.3931
113.4274
113.4553
113.4836
113.5124
113.5413
113.5743
113.6049
113.6321
113.6614
113.6958
113.7363
113.7676
113.7876
113.8149
113.8479
113.8876
113.9254
113.9516
113.9793
114.0042
114.0321
114.0569
114.0785
114.1002
114.1189
114.139
114.1594
114.1813
114.2089
114.237
114.2674
114.2986
114.3303
114.3622
114.3948
114.429
114.4665
114.501
114.5332
114.5777
114.6288
114.6732
114.7083
114.7245
114.7133
114.7137
114.71
114.71
114.7055
114.7124
114.7101
114.7065
114.703
114.6966
114.6923
114.6851
114.6786
114.6763
114.6726
114.6731
114.6746
114.6741
114.6729
114.6737
114.6764
114.6764
114.6766
114.6742
114.6744
