94.0462
94.0233
94.0078
93.976
93.9488
93.9202
93.8936
93.8764
93.8604
93.8396
93.8167
93.7967
93.7739
93.7559
93.7344
93.7134
93.6911
93.6671
93.6389
93.6142
93.5922
93.5724
93.5429
93.5088
93.4622
93.43
93.4062
93.3727
93.3457
93.3165
93.287
93.2572
93.2317
93.2143
93.1967
93.1828
93.1716
93.1638
93.1568
93.1459
93.1434
93.146
93.1485
93.1553
93.1641
93.1704
93.1763
93.1778
93.1787
93.1872
93.1885
93.2058
93.2303
93.239
93.2579
93.272
93.2874
93.3173
93.3463
93.3778
93.415
93.4457
93.4679
93.4845
93.5074
93.5322
93.5562
93.5765
93.6
93.6238
93.647
93.6663
93.6865
93.7045
93.7215
93.7375
93.7592
93.78
93.8075
93.8362
93.8652
93.8911
93.923
93.9545
93.9978
94.0256
94.0416
94.0644
94.0826
94.1033
94.125
94.1455
94.16
94.176
94.1921
94.2066
94.2267
94.2472
94.2681
94.2897
94.3048
94.3235
94.349
94.376
94.4047
94.4295
94.4732
94.5125
94.5582
94.5955
94.6411
94.6739
94.6951
94.7319
94.7613
94.7988
94.8362
94.8698
94.9027
94.9404
94.9777
95.0172
95.06
95.1047
95.1487
95.1931
95.2371
95.2792
95.3126
95.3514
95.4484
95.5461
95.6162
95.6434
95.6958
95.7514
95.8009
95.8677
95.9407
96.0164
96.0822
96.1487
96.2143
96.2844
96.3567
96.4318
96.5075
96.5749
96.6485
96.718
96.7905
96.861
96.9248
96.989
97.0592
97.1375
97.2211
97.2983
97.378
97.4668
97.5573
97.6423
97.7245
97.8063
97.8885
97.974
98.0414
98.1183
98.1945
98.2708
98.3439
98.4099
98.4806
98.5417
98.6067
98.6663
98.7171
98.7716
98.8247
98.8756
98.9271
98.9804
99.0305
99.0751
99.1216
99.1671
99.1984
99.2271
99.2564
99.2883
99.2603
99.2345
99.2379
99.2807
99.2962
99.3074
99.3197
99.3215
99.3117
