122.3062
122.3222
122.345
122.3337
122.2999
122.2812
122.2627
122.2562
122.2487
122.2459
122.2494
122.2554
122.2571
122.2639
122.2703
122.2743
122.2855
122.301
122.3133
122.3289
122.3411
122.3486
122.3762
122.4162
122.4614
122.5067
122.5475
122.5835
122.6093
122.6371
122.6688
122.7038
122.7367
122.7765
122.8155
122.8553
122.8875
122.9233
122.9572
122.9898
123.019
123.0467
123.0557
123.0598
123.0628
123.0703
123.079
123.0852
123.0894
123.0825
123.0892
123.1027
123.11
123.1072
123.1
123.0945
123.1047
123.11
123.1145
123.1163
123.1198
123.117
123.1162
123.1358
123.1725
123.1942
123.2148
123.2328
123.2467
123.2561
123.2592
123.2584
123.2562
123.2527
123.2459
123.2381
123.2269
123.2142
123.2016
123.1882
123.1707
123.1449
123.1041
123.0612
123.0112
122.9601
122.9131
122.8607
122.8104
122.7647
122.7152
122.6586
122.5967
122.5403
122.4835
122.4257
122.373
122.3163
122.2585
122.1983
122.1317
122.0675
122.0157
121.9648
121.9255
121.8943
121.861
121.837
121.8252
121.823
121.8092
121.7853
121.761
121.7477
121.7292
121.7043
121.6819
121.6561
121.6206
121.5929
121.5643
121.5383
121.5118
121.4868
121.4653
121.4418
121.4163
121.3892
121.3653
121.3422
121.3209
121.3054
121.2912
121.2732
121.2567
121.2438
121.2294
121.2142
121.2031
121.1954
121.1921
121.2271
121.2302
121.2288
121.2298
121.2358
121.2452
121.2571
121.2709
121.2798
121.2893
121.3021
121.3213
121.3328
121.3434
121.3538
121.3572
121.3633
121.3691
121.3754
121.3869
121.3944
121.3982
121.4005
121.3899
121.3758
121.3628
121.3591
121.3463
121.3289
121.3145
121.3063
121.3001
121.2941
121.2941
121.2944
121.2845
121.2838
121.287
121.2875
121.2886
121.2899
121.2891
121.2858
121.2815
121.2793
121.2794
121.2769
121.2737
121.2735
121.2711
121.2651
121.2589
121.2519
