93.5644
93.5616
93.5573
93.545
93.5365
93.5318
93.535
93.5368
93.5355
93.534
93.5323
93.5287
93.5221
93.5203
93.5194
93.5181
93.5178
93.517
93.517
93.5146
93.5035
93.4848
93.464
93.4393
93.4137
93.3912
93.3709
93.3537
93.3351
93.322
93.3093
93.2945
93.2858
93.2733
93.2598
93.2468
93.234
93.2194
93.2024
93.1859
93.1714
93.1545
93.1349
93.1163
93.0957
93.077
93.0631
93.0549
93.0501
93.0457
93.0431
93.0479
93.0454
93.0456
93.0439
93.049
93.0525
93.0501
93.0549
93.0619
93.0671
93.0733
93.0821
93.0893
93.0928
93.0975
93.099
93.0988
93.1
93.104
93.1082
93.1133
93.1144
93.1084
93.1065
93.1062
93.1095
93.1132
93.122
93.1317
93.1502
93.1793
93.2125
93.2498
93.2867
93.3194
93.3496
93.3839
93.4177
93.4533
93.487
93.52
93.5484
93.5787
93.6091
93.6384
93.6669
93.6926
93.7237
93.7554
93.7878
93.8227
93.8618
93.8978
93.9372
93.9772
94.0097
94.0362
94.0638
94.0935
94.1217
94.1425
94.1698
94.1965
94.2215
94.2421
94.2646
94.2862
94.3065
94.3265
94.3429
94.3579
94.3736
94.3893
94.4099
94.4291
94.4462
94.4644
94.483
94.4985
94.5142
94.53
94.5511
94.5781
94.601
94.6224
94.6387
94.6535
94.6652
94.6785
94.6917
94.7029
94.7131
94.7219
94.7319
94.7392
94.7467
94.7531
94.7596
94.7646
94.7717
94.782
94.7882
94.7944
94.7967
94.8031
94.8091
94.819
94.8243
94.8277
94.8303
94.8305
94.8282
94.8274
94.8244
94.8202
94.8188
94.8182
94.8141
94.8101
94.8051
94.8004
94.7959
94.7909
94.7867
94.7847
94.7865
94.7879
94.7866
94.7864
94.7886
94.7896
94.7904
94.7917
94.7894
94.7857
94.7827
94.7798
94.7751
94.7703
