87.2383
87.2683
87.2926
87.3244
87.3582
87.3906
87.4242
87.4592
87.4944
87.5298
87.5614
87.5923
87.6268
87.6596
87.6914
87.7223
87.7566
87.79
87.8258
87.8675
87.9104
87.9525
87.9992
88.0432
88.0901
88.1396
88.1849
88.2292
88.2827
88.3322
88.3837
88.4341
88.4848
88.5325
88.5778
88.6226
88.6658
88.71
88.7528
88.7954
88.8404
88.8854
88.9282
88.9691
89.0123
89.0633
89.1058
89.15
89.1899
89.2262
89.2601
89.294
89.3203
89.3523
89.3843
89.407
89.4283
89.4478
89.4734
89.4975
89.5202
89.5434
89.5649
89.5833
89.5971
89.615
89.6312
89.6465
89.6637
89.6825
89.7015
89.7293
89.7652
89.8174
89.8729
89.927
89.981
90.0392
90.096
90.1499
90.1972
90.2488
90.2967
90.3452
90.3917
90.4324
90.4781
90.5224
90.5686
90.6186
90.6626
90.7056
90.7484
90.7919
90.8374
90.8842
90.9327
90.9841
91.0406
91.1007
91.1623
91.2248
91.2942
91.362
91.4295
91.4887
91.5528
91.6182
91.6825
91.7463
91.812
91.8785
91.9475
92.0102
92.0742
92.1432
92.2117
92.2776
92.3401
92.4004
92.4577
92.5141
92.5715
92.6298
92.6958
92.7639
92.8422
92.9192
93.0004
93.0817
93.1606
93.2321
93.2934
93.3393
93.3755
93.4164
93.4507
93.4752
93.5009
93.5208
93.549
93.5798
93.6123
93.6473
93.6837
93.7219
93.7594
93.7987
93.8336
93.8639
93.8922
93.9177
93.9315
93.9524
93.9773
94.0019
94.0264
94.0464
94.0615
94.0665
94.056
94.0457
94.0267
94.0098
94.0002
93.9924
93.989
93.979
93.9753
93.9775
93.9816
93.9824
93.9845
93.9885
93.992
93.9956
93.9985
94.0029
94.0059
94.0105
94.017
94.0224
94.0297
94.0358
94.0378
