82.5467
82.5666
82.5731
82.576
82.5831
82.5952
82.6119
82.628
82.6438
82.6585
82.6735
82.6859
82.6924
82.6934
82.6962
82.7012
82.707
82.7207
82.7295
82.738
82.7472
82.752
82.7553
82.7543
82.7436
82.7444
82.7461
82.7474
82.7468
82.7453
82.743
82.7398
82.7378
82.7352
82.7292
82.7262
82.7217
82.7153
82.703
82.6874
82.6815
82.6739
82.6688
82.6594
82.6513
82.6454
82.6403
82.6301
82.6218
82.6109
82.6059
82.6061
82.5986
82.5913
82.5831
82.5735
82.562
82.5403
82.521
82.5044
82.4844
82.465
82.4542
82.4474
82.4356
82.4222
82.4092
82.3973
82.3849
82.3721
82.3576
82.3447
82.3331
82.3246
82.3178
82.3106
82.303
82.2911
82.281
82.2813
82.2818
82.2797
82.28
82.286
82.301
82.306
82.3092
82.3157
82.3212
82.331
82.3453
82.3583
82.3696
82.3828
82.398
82.41
82.4222
82.4355
82.4507
82.4674
82.4782
82.4922
82.5025
82.5161
82.529
82.5261
82.5258
82.526
82.525
82.5302
82.5292
82.5224
82.5204
82.5188
82.5149
82.5077
82.5037
82.5035
82.5038
82.5022
82.503
82.504
82.5038
82.4999
82.4971
82.4958
82.4938
82.4968
82.4992
82.4988
82.5077
82.5122
82.5116
82.5037
82.4901
82.4744
82.4547
82.4337
82.409
82.372
82.3333
82.2948
82.2562
82.2172
82.1762
82.1386
82.0979
82.0554
82.0202
81.9832
81.9439
81.9014
81.8616
81.8197
81.7764
81.7346
81.6938
81.6468
81.5997
81.544
81.483
81.4325
81.3803
81.3257
81.2713
81.2302
81.1875
81.1458
81.1061
81.0594
81.0133
80.9697
80.9313
80.8923
80.8545
80.8155
80.7765
80.7385
80.6985
80.6588
80.6203
80.5812
80.5399
80.4993
80.4641
80.4275
80.3902
80.3516
80.3134
80.2777
80.2338
80.1971
80.1679
80.1434
80.1228
80.1054
80.0899
80.078
80.0656
