113.1507
113.1855
113.2209
113.2667
113.3115
113.3595
113.4054
113.4542
113.5017
113.5494
113.6024
113.6527
113.7029
113.7512
113.7955
113.8419
113.8869
113.9377
113.9882
114.0382
114.0874
114.1389
114.1939
114.25
114.3049
114.3579
114.408
114.46
114.5075
114.5512
114.5793
114.6093
114.642
114.6752
114.71
114.7444
114.775
114.8035
114.8274
114.849
114.8667
114.8795
114.89
114.9007
114.9122
114.921
114.9327
114.9402
114.9445
114.9522
114.9574
114.965
114.965
114.9671
114.9676
114.9756
114.9868
114.9891
114.9877
114.981
114.9718
114.9598
114.9423
114.9231
114.9015
114.8778
114.8568
114.8321
114.807
114.788
114.7656
114.7448
114.7239
114.7035
114.6825
114.6592
114.634
114.6023
114.5733
114.5413
114.5065
114.4659
114.4177
114.3678
114.3162
114.2667
114.2178
114.1681
114.1241
114.0858
114.0508
114.0201
113.9861
113.9489
113.9099
113.8751
113.8401
113.8066
113.7743
113.7435
113.7162
113.6875
113.6588
113.6313
113.606
113.5744
113.5364
113.4991
113.4646
113.4284
113.3947
113.3622
113.3342
113.3017
113.2728
113.2375
113.2038
113.173
113.1422
113.1118
113.0848
113.0552
113.028
113.0014
112.9733
112.9443
112.9171
112.8888
112.86
112.8235
112.8003
112.7736
112.7459
112.7194
112.6955
112.6728
112.657
112.6397
112.6205
112.6063
112.5935
112.5843
112.5795
112.5786
112.5765
112.5726
112.5706
112.5681
112.5636
112.5598
112.5573
112.5551
112.551
112.549
112.5461
112.5395
112.5361
112.5323
112.5331
112.5298
112.5256
112.52
112.5123
112.501
112.4913
112.4867
112.4865
112.4874
112.4881
112.4894
112.4887
112.484
112.4835
112.4846
112.4871
112.4916
112.493
112.4975
112.5048
112.5108
112.5126
112.5175
112.5205
112.525
112.5351
112.5464
112.5568
112.5689
112.5817
112.5985
112.6047
112.6125
112.6207
112.6257
112.6289
112.6322
112.6344
112.6375
112.6414
