89.4459
89.4684
89.497
89.5287
89.5588
89.5933
89.6268
89.6569
89.6874
89.718
89.7521
89.7876
89.8206
89.8513
89.8818
89.913
89.9437
89.978
90.0127
90.0462
90.0777
90.1099
90.1464
90.1842
90.2206
90.2548
90.2863
90.3202
90.3513
90.3787
90.4003
90.42
90.4427
90.4644
90.4878
90.5092
90.5291
90.546
90.5622
90.5763
90.5883
90.598
90.6069
90.6175
90.6303
90.6419
90.6542
90.6643
90.6726
90.6678
90.6649
90.655
90.6397
90.6266
90.6116
90.605
90.599
90.5857
90.5734
90.5573
90.5378
90.5178
90.4963
90.4729
90.4479
90.4197
90.3911
90.3656
90.3375
90.3129
90.2862
90.2582
90.2307
90.2042
90.1767
90.1487
90.1163
90.0827
90.0504
90.0164
89.9834
89.9476
89.9045
89.862
89.8185
89.7761
89.7369
89.6966
89.6598
89.6283
89.5982
89.5709
89.5378
89.5021
89.4651
89.4269
89.3893
89.3531
89.3151
89.2794
89.2454
89.2101
89.1727
89.1365
89.1005
89.0675
89.0309
88.9924
88.9547
88.9342
88.9145
88.9051
88.9002
88.8945
88.8926
88.8843
88.8753
88.8676
88.8605
88.8532
88.8465
88.8391
88.8326
88.8248
88.8163
88.8078
88.7998
88.7912
88.782
88.7686
88.7605
88.755
88.7508
88.7448
88.7386
88.7335
88.7352
88.731
88.7276
88.7273
88.7244
88.7241
88.726
88.7299
88.7341
88.7381
88.7418
88.7468
88.7512
88.7558
88.7608
88.7641
88.7669
88.7708
88.7726
88.7742
88.7783
88.7793
88.7838
88.7863
88.7853
88.7856
88.7873
88.7868
88.7872
88.7842
88.7843
88.7867
88.7893
88.7894
88.7876
88.7813
88.7761
88.7693
88.7612
88.7541
88.7469
88.741
88.737
88.7317
88.727
88.7217
88.7164
88.7137
88.7147
88.7155
88.719
88.7232
88.7283
88.7361
88.7394
88.7394
88.7386
88.7389
88.7393
88.7387
88.7372
88.739
88.7379
