54.8668
54.8573
54.8461
54.8366
54.8248
54.8109
54.7918
54.7788
54.7681
54.7562
54.7425
54.735
54.7265
54.7184
54.7108
54.7029
54.6963
54.6904
54.6825
54.6746
54.6669
54.6586
54.6448
54.6308
54.6142
54.5995
54.5832
54.5676
54.5651
54.5578
54.5458
54.533
54.5257
54.5143
54.5053
54.4966
54.4898
54.4811
54.4763
54.4682
54.4613
54.4562
54.449
54.4423
54.4397
54.4378
54.4343
54.4303
54.4254
54.4209
54.4184
54.4248
54.4299
54.4301
54.429
54.4301
54.4306
54.4371
54.4489
54.4616
54.4756
54.4864
54.4984
54.5129
54.5291
54.5438
54.5608
54.5741
54.588
54.604
54.6179
54.6324
54.6482
54.6639
54.6795
54.6973
54.7108
54.7238
54.7406
54.7578
54.7741
54.7923
54.8133
54.833
54.854
54.8688
54.8862
54.9022
54.9145
54.9298
54.946
54.9636
54.9775
54.9925
55.008
55.022
55.0368
55.0495
55.0592
55.072
55.084
55.0951
55.1068
55.1143
55.1181
55.1174
55.1159
55.115
55.1157
55.1139
55.1124
55.0979
55.0834
55.0713
55.0626
55.055
55.0458
55.0351
55.0276
55.0198
55.0153
55.0099
55.0016
54.9923
54.9823
54.976
54.9707
54.9653
54.9581
54.9492
54.9405
54.9298
54.9155
54.8993
54.8849
54.8682
54.8577
54.8449
54.8289
54.8154
54.801
54.7869
54.7759
54.7652
54.7584
54.7555
54.7515
54.7507
54.75
54.7475
54.7459
54.7429
54.741
54.7419
54.7419
54.7402
54.7377
54.7388
54.7411
54.7496
54.757
54.7657
54.7744
54.789
54.8029
54.8222
54.8447
54.8671
54.8859
54.9034
54.918
54.9356
54.9516
54.9669
54.9804
54.9952
55.0092
55.0245
55.0364
55.05
55.0622
55.0765
55.0885
55.0986
55.1245
55.1496
55.183
55.2135
55.2447
55.2806
55.3172
55.3515
55.3912
55.4325
55.4705
55.5102
55.5477
55.5902
55.6327
