37.8715
37.9034
37.9355
37.9665
37.9977
38.0294
38.0595
38.0879
38.1183
38.1516
38.1817
38.2124
38.2442
38.2797
38.3128
38.3428
38.3764
38.4093
38.4438
38.4741
38.5106
38.5464
38.5812
38.6186
38.6566
38.6921
38.731
38.7655
38.7898
38.8126
38.8344
38.8542
38.8742
38.8905
38.9016
38.915
38.9336
38.9517
38.9638
38.9787
38.9921
39.008
39.0251
39.0372
39.049
39.061
39.0754
39.0831
39.084
39.0835
39.0851
39.086
39.0873
39.0803
39.0663
39.0466
39.0319
39.0224
39.0059
38.9865
38.9746
38.9689
38.9605
38.9525
38.9429
38.9339
38.9244
38.9118
38.9005
38.8897
38.8792
38.8656
38.8456
38.8288
38.8128
38.7971
38.7785
38.761
38.7343
38.7071
38.6744
38.6386
38.6016
38.5631
38.5251
38.4891
38.4484
38.4089
38.3657
38.3237
38.2817
38.2391
38.1977
38.1576
38.1177
38.0781
38.0378
37.9988
37.9684
37.9388
37.9096
37.8805
37.8513
37.8246
37.799
37.7724
37.7417
37.7239
37.7107
37.6977
37.6823
37.6645
37.6496
37.6389
37.6312
37.6229
37.6168
37.6083
37.6035
37.5979
37.5924
37.5851
37.5787
37.5718
37.564
37.5563
37.5483
37.5406
37.5327
37.5243
37.5176
37.5148
37.5213
37.5239
37.529
37.5364
37.5439
37.5527
37.5702
37.5936
37.618
37.6445
37.6721
37.6956
37.7187
37.7419
37.7654
37.7867
37.8077
37.8299
37.8528
37.8783
37.9031
37.9301
37.9569
37.9833
38.0074
38.0329
38.0526
38.0726
38.0979
38.1171
38.1304
38.1496
38.1744
38.2014
38.2304
38.2479
38.2641
38.2799
38.2926
38.3069
38.321
38.3307
38.3405
38.3499
38.3574
38.362
38.3622
38.3634
38.3676
38.3743
38.3812
38.3874
38.3945
38.4001
