112.0131
112.0546
112.0856
112.1037
112.1227
112.1366
112.1527
112.1661
112.1787
112.1921
112.1975
112.204
112.2086
112.2097
112.2122
112.2149
112.2192
112.2175
112.2132
112.2187
112.2191
112.2121
112.2188
112.2166
112.192
112.1668
112.1388
112.1226
112.1148
112.1005
112.0686
112.0433
112.0196
111.9909
111.9661
111.9487
111.9323
111.9171
111.9061
111.8992
111.8878
111.8776
111.8628
111.8488
111.8444
111.8379
111.8302
111.8309
111.8304
111.8359
111.8403
111.8528
111.872
111.8874
111.8945
111.9225
111.9533
111.9658
111.9784
111.9811
111.9734
111.9479
111.9299
111.9155
111.9092
111.908
111.9047
111.9007
111.9014
111.8979
111.8974
111.8975
111.9
111.9015
111.9024
111.8979
111.8452
111.7949
111.7442
111.6716
111.6123
111.5595
111.4874
111.4218
111.3682
111.322
111.2733
111.2218
111.1779
111.1317
111.0877
111.0384
110.9954
110.9524
110.9109
110.8649
110.8238
110.778
110.7261
110.6735
110.6235
110.5739
110.5189
110.4629
110.4037
110.3372
110.2727
110.1994
110.1274
110.0477
109.9669
109.8889
109.7996
109.7133
109.6445
109.5781
109.5075
109.4335
109.3597
109.2877
109.2198
109.1491
109.0788
109.0075
108.9279
108.8491
108.7694
108.6888
108.6054
108.5256
108.4541
108.3864
108.3179
108.2577
108.1932
108.134
108.12
108.1105
108.0971
108.0974
108.0949
108.0825
108.073
108.0636
108.0646
108.0606
108.0632
108.0574
108.0423
108.0303
108.0211
108.019
108.0128
108.0108
108.0076
108.0006
107.986
107.9761
107.9659
107.9509
107.9292
107.9071
107.8921
107.8796
107.8655
107.8543
107.8362
107.8261
107.8204
107.8208
107.8246
107.8121
107.8048
107.7929
107.7694
107.7429
107.7237
107.7072
107.692
107.6835
107.6735
107.664
107.6554
107.6464
107.6436
107.6392
107.6494
107.6656
107.6806
107.6933
107.7028
107.7074
107.7084
107.6935
107.6855
107.6787
107.6786
107.6747
107.6732
