34.7024
34.698
34.6943
34.6961
34.6931
34.6947
34.7037
34.715
34.7247
34.7369
34.7511
34.767
34.7843
34.8009
34.8138
34.8241
34.8364
34.8473
34.8558
34.8649
34.8761
34.8877
34.9063
34.926
34.9533
34.975
34.9915
35.0107
35.0315
35.0486
35.0608
35.0777
35.0892
35.1002
35.113
35.1255
35.1384
35.1534
35.1697
35.1846
35.2012
35.2164
35.2309
35.2454
35.2587
35.2741
35.29
35.3064
35.3214
35.3396
35.3579
35.3887
35.4231
35.4586
35.4979
35.5401
35.5843
35.6232
35.6611
35.6946
35.7261
35.7577
35.7875
35.8184
35.8556
35.8905
35.9248
35.9576
35.9909
36.0251
36.0554
36.0846
36.1127
36.1411
36.1697
36.2009
36.226
36.25
36.2755
36.2995
36.3221
36.3447
36.3625
36.3803
36.3907
36.4076
36.4285
36.4467
36.4624
36.4807
36.4979
36.5127
36.5286
36.545
36.5612
36.5787
36.5938
36.609
36.6241
36.6397
36.6536
36.6677
36.6825
36.6962
36.7092
36.7253
36.7418
36.758
36.7779
36.7941
36.8103
36.8168
36.8195
36.8209
36.8265
36.8322
36.8428
36.8536
36.8612
36.8721
36.884
36.8963
36.9116
36.9279
36.9425
36.9569
36.9707
36.986
37.0009
37.0156
37.0329
37.0506
37.0663
37.0795
37.0934
37.1042
37.1199
37.1375
37.1529
37.1692
37.1857
37.2015
37.2173
37.2319
37.2473
37.2618
37.2746
37.2871
37.3004
37.314
37.3286
37.3419
37.3545
37.3669
37.3764
37.386
37.3958
37.4049
37.4136
37.4214
37.4295
37.4401
37.4506
37.4623
37.4748
37.4844
37.4932
37.5033
37.5112
37.52
37.5263
37.5349
37.5422
37.5513
37.5525
37.5541
37.5486
37.5426
37.5394
37.5337
37.5279
37.5215
37.513
37.5058
37.4995
37.4929
37.4867
37.4783
37.4715
37.4639
37.4563
37.4502
37.4451
37.4417
37.4383
