130.5032
130.5221
130.5429
130.5757
130.6045
130.6352
130.6622
130.6925
130.7239
130.7595
130.7877
130.8124
130.8385
130.8647
130.8895
130.9152
130.94
130.9652
130.9903
131.0154
131.0401
131.0599
131.0799
131.0994
131.102
131.1122
131.1159
131.1219
131.1303
131.14
131.153
131.1617
131.1673
131.1726
131.1782
131.1786
131.1752
131.1666
131.1556
131.1431
131.1278
131.1103
131.0916
131.0758
131.0601
131.0438
131.0291
131.0061
130.9824
130.9628
130.9523
130.9439
130.9301
130.9215
130.916
130.9144
130.9109
130.9281
130.9498
130.9681
130.9831
130.9951
131.0041
131.013
131.0213
131.0294
131.0428
131.0511
131.0598
131.0695
131.0874
131.1051
131.1199
131.1314
131.1403
131.1504
131.1561
131.1613
131.1644
131.1675
131.1715
131.1773
131.1824
131.1893
131.2089
131.2196
131.2372
131.2514
131.2662
131.2814
131.2937
131.3099
131.3266
131.3432
131.3629
131.3809
131.4009
131.4211
131.4376
131.4561
131.4726
131.4894
131.5089
131.5239
131.533
131.553
131.5809
131.6067
131.6327
131.6584
131.6823
131.7021
131.7273
131.7474
131.7687
131.7947
131.8155
131.8339
131.8474
131.8609
131.8765
131.888
131.897
131.9053
131.9134
131.918
131.9177
131.9182
131.9171
131.9128
131.9165
131.9209
131.936
131.9518
131.9693
131.981
132.0001
132.0158
132.0342
132.054
132.0751
132.1001
132.1193
132.1363
132.1523
132.1716
132.1855
132.2013
132.2176
132.2348
132.2535
132.272
132.2898
132.3087
132.3226
132.3373
132.3506
132.3705
132.3911
132.4138
132.4471
132.4741
132.4997
132.5334
132.5727
132.6029
132.6164
132.6319
132.6441
132.655
132.6628
132.6748
132.6859
132.6956
132.7022
132.7044
132.7086
132.7121
132.7159
132.7232
132.7294
132.735
132.7425
132.753
132.769
132.7863
132.8037
132.8206
132.8327
132.8405
132.8447
132.8482
132.8479
132.8468
132.8458
132.8489
132.8526
132.8578
132.8631
