87.6845
87.701
87.7177
87.7332
87.745
87.7614
87.7844
87.8119
87.8336
87.8521
87.8672
87.8797
87.8924
87.9061
87.9189
87.9299
87.9394
87.9501
87.9592
87.9677
87.9783
87.9902
88.0078
88.0276
88.0474
88.0679
88.0879
88.1064
88.1188
88.1344
88.1504
88.1622
88.1717
88.1832
88.1938
88.2098
88.2265
88.2396
88.2513
88.26
88.2686
88.2789
88.2889
88.2989
88.3124
88.3267
88.3389
88.3527
88.3709
88.3954
88.4174
88.4384
88.4604
88.4802
88.494
88.5094
88.5187
88.5346
88.5533
88.5713
88.5879
88.5959
88.6096
88.6209
88.6302
88.6389
88.6416
88.6411
88.6431
88.6496
88.6547
88.6622
88.671
88.6777
88.6855
88.6947
88.7032
88.711
88.7249
88.7415
88.7534
88.7654
88.7739
88.7784
88.7823
88.7823
88.7826
88.7831
88.7843
88.7776
88.7731
88.7693
88.7673
88.7641
88.7615
88.7562
88.7513
88.7499
88.7479
88.7456
88.7446
88.7406
88.7409
88.7409
88.7282
88.7087
88.6964
88.6846
88.6711
88.6511
88.6311
88.6102
88.5889
88.5719
88.5601
88.5517
88.5466
88.5364
88.522
88.513
88.5027
88.4975
88.487
88.4785
88.474
88.464
88.4517
88.4395
88.424
88.4139
88.4045
88.3971
88.3891
88.3775
88.3651
88.353
88.3451
88.3413
88.3335
88.3236
88.3168
88.309
88.3013
88.2936
88.287
88.2826
88.2786
88.2765
88.2751
88.276
88.276
88.2786
88.2796
88.2808
88.2823
88.2825
88.282
88.2789
88.2707
88.2666
88.2602
88.2562
88.2474
88.2399
88.2449
88.2583
88.2631
88.2657
88.267
88.2678
88.2751
88.2839
88.2926
88.2994
88.3048
88.3114
88.3181
88.3272
88.334
88.3428
88.3505
88.3578
88.3646
88.3723
88.3785
88.3884
88.4014
88.4114
88.4247
88.4309
88.4368
88.4417
88.4469
88.4567
