113.259
113.2461
113.2392
113.2295
113.2273
113.223
113.2163
113.2181
113.2254
113.2432
113.2591
113.2716
113.2825
113.2951
113.3041
113.3124
113.3188
113.3265
113.3379
113.3569
113.374
113.3928
113.4061
113.4234
113.4386
113.4487
113.4585
113.4685
113.4692
113.4674
113.4846
113.5045
113.516
113.5286
113.5356
113.5268
113.5293
113.5273
113.527
113.5136
113.5008
113.4906
113.4821
113.4649
113.4553
113.4424
113.4319
113.4131
113.3928
113.37
113.35
113.3368
113.3271
113.3183
113.3181
113.3231
113.3293
113.3382
113.3463
113.3563
113.3822
113.4222
113.4507
113.4803
113.5015
113.5215
113.5385
113.5562
113.574
113.5865
113.5993
113.6106
113.623
113.6352
113.6512
113.6693
113.6923
113.7107
113.7335
113.7491
113.7646
113.7818
113.807
113.8296
113.8546
113.8879
113.9137
113.9394
113.9682
113.9998
114.0256
114.0549
114.0859
114.1144
114.1424
114.1681
114.188
114.2092
114.2284
114.2517
114.2922
114.3198
114.3509
114.3869
114.4354
114.4869
114.538
114.5992
114.6624
114.7384
114.8077
114.8681
114.9175
114.965
115.0156
115.0619
115.1106
115.1622
115.2148
115.2639
115.3153
115.3638
115.4116
115.4573
115.5023
115.5499
115.5978
115.6449
115.6913
115.7344
115.7778
115.8251
115.8783
115.9324
115.9826
116.0352
116.0835
116.14
116.1944
116.2449
116.2999
116.3548
116.4061
116.4599
116.513
116.559
116.613
116.667
116.7201
116.771
116.8167
116.861
116.9028
116.9461
116.986
117.0285
117.0704
117.1124
117.1596
117.2091
117.2419
117.2895
117.3275
117.3653
117.3896
117.4132
117.4373
117.4641
117.4899
117.5059
117.5283
117.5476
117.5792
117.6054
117.6362
117.6657
117.6914
117.7158
117.7419
117.7679
117.7913
117.8148
117.8419
117.8654
117.8914
117.9149
117.9393
