81.0091
81.015
81.026
81.0326
81.047
81.0653
81.08
81.0928
81.1035
81.1108
81.1192
81.1264
81.1317
81.1369
81.1414
81.1455
81.1503
81.1567
81.1642
81.1712
81.1836
81.1942
81.2052
81.2147
81.2226
81.2317
81.2405
81.2462
81.2552
81.2642
81.2715
81.2822
81.2935
81.2945
81.2975
81.2975
81.2955
81.293
81.2912
81.2898
81.2858
81.2855
81.2885
81.2912
81.292
81.3002
81.3126
81.3214
81.3266
81.3262
81.3225
81.3197
81.3155
81.3157
81.3083
81.3043
81.2985
81.2992
81.2953
81.2918
81.2917
81.2916
81.2879
81.2824
81.2701
81.2563
81.2426
81.2289
81.2172
81.2038
81.1913
81.1805
81.168
81.1612
81.1573
81.1523
81.1508
81.1457
81.1378
81.1295
81.1147
81.1018
81.0835
81.0667
81.0491
81.0301
81.0102
80.9936
80.9747
80.9534
80.9321
80.9104
80.8892
80.8767
80.8611
80.8481
80.8331
80.8097
80.7859
80.6937
80.5451
80.3956
80.2656
80.133
79.983
79.8255
79.6605
79.4877
79.3229
79.1672
79.0177
78.8687
78.7119
78.5502
78.398
78.2434
78.0907
77.929
77.7581
77.5805
77.3994
77.213
77.0497
76.8689
76.663
76.459
76.2627
76.0655
75.8619
75.6634
75.4623
75.2616
75.0659
74.8644
74.6571
74.4425
74.2239
74.013
73.8059
73.6002
73.3942
73.1871
72.9872
72.7858
72.5878
72.3936
72.2033
72.0103
71.816
71.6203
71.4247
71.2332
71.036
70.8438
70.6651
70.4876
70.3236
70.1753
70.0316
69.9626
69.9432
69.9362
69.9272
69.9154
69.9119
69.9073
69.9058
69.9108
69.9079
69.9054
69.8999
69.8939
69.8977
69.9059
69.9126
69.9156
69.9221
69.9342
69.9559
69.9858
70.0136
70.048
70.0595
70.0911
70.1455
70.1996
70.2489
