125.2494
125.2787
125.3087
125.3392
125.3686
125.3972
125.4234
125.4597
125.4931
125.5231
125.5515
125.5756
125.601
125.6264
125.6517
125.6769
125.7046
125.7314
125.758
125.787
125.8157
125.8369
125.8444
125.8534
125.8534
125.8679
125.8847
125.9059
125.9217
125.9339
125.911
125.897
125.8849
125.8709
125.8613
125.8454
125.829
125.8135
125.8005
125.7892
125.779
125.7647
125.7492
125.7277
125.7065
125.6857
125.6695
125.6526
125.633
125.622
125.6087
125.597
125.5775
125.5668
125.5484
125.5419
125.5339
125.5298
125.5269
125.5266
125.5259
125.5229
125.5259
125.5286
125.5311
125.5382
125.5404
125.5449
125.5481
125.551
125.5538
125.5538
125.5506
125.5465
125.5444
125.5421
125.5346
125.5181
125.5173
125.5092
125.4987
125.4876
125.4884
125.4844
125.4844
125.4734
125.4609
125.4435
125.4327
125.4223
125.416
125.4102
125.406
125.4028
125.3985
125.3942
125.391
125.3863
125.3838
125.3815
125.3783
125.377
125.3788
125.3835
125.3852
125.394
125.4054
125.4289
125.4497
125.4603
125.4719
125.4884
125.5092
125.5159
125.5328
125.5489
125.5631
125.5745
125.5834
125.5841
125.5858
125.5876
125.5829
125.5718
125.5628
125.5479
125.5376
125.5253
125.5129
125.5019
125.4823
125.4694
125.4634
125.4668
125.4654
125.472
125.4762
125.4866
125.4773
125.4736
125.4721
125.4733
125.4745
125.4758
125.4808
125.4867
125.4922
125.4993
125.5064
125.5138
125.5231
125.5326
125.5408
125.5493
125.5596
125.5691
125.5764
125.5908
125.6033
125.6182
125.6268
125.6353
125.6408
125.6462
125.6548
125.6528
125.6453
125.6282
125.6147
125.6047
125.5953
125.5773
125.5593
125.5447
125.5287
125.5102
125.4905
125.4779
125.4705
125.4688
125.4725
125.4765
125.482
125.489
125.4962
125.5105
125.5179
125.5302
125.5422
125.5552
125.5789
125.6007
125.6178
125.621
125.6292
125.6297
125.6375
125.6489
125.6616
