90.6822
90.6826
90.6828
90.6785
90.6732
90.6657
90.6606
90.6537
90.6422
90.6311
90.62
90.6075
90.5938
90.5826
90.5706
90.5621
90.5566
90.5518
90.5449
90.5394
90.5314
90.5239
90.5177
90.51
90.4869
90.4578
90.4277
90.399
90.3806
90.3616
90.3344
90.3165
90.294
90.2712
90.2478
90.2264
90.2041
90.1804
90.1623
90.1421
90.1213
90.1004
90.0783
90.0558
90.0346
90.0116
89.9919
89.9668
89.9397
89.9135
89.8898
89.8623
89.8363
89.8036
89.7766
89.7623
89.7486
89.7449
89.7451
89.7464
89.7494
89.7499
89.7485
89.7463
89.7511
89.7532
89.7532
89.7551
89.7612
89.7689
89.7785
89.7875
89.7971
89.8037
89.8096
89.8152
89.8112
89.8062
89.7982
89.7929
89.7897
89.7861
89.7792
89.7771
89.7888
89.8064
89.8233
89.8397
89.8562
89.869
89.8828
89.8875
89.8967
89.9049
89.9149
89.9218
89.9288
89.9382
89.9395
89.9409
89.9424
89.9419
89.9456
89.9441
89.9476
89.9489
89.9442
89.9362
89.9297
89.9257
89.9233
89.9235
89.9223
89.9272
89.9263
89.9275
89.9282
89.9282
89.9322
89.9332
89.9342
89.9337
89.9332
89.9346
89.9316
89.9302
89.9294
89.926
89.9232
89.9185
89.9198
89.9216
89.9225
89.92
89.923
89.9239
89.9335
89.942
89.954
89.9632
89.9742
89.985
89.998
90.0079
90.0173
90.0273
90.0395
90.05
90.0611
90.0737
90.0866
90.1011
90.1157
90.1326
90.1483
90.1648
90.1831
90.2048
90.2285
90.2522
90.2721
90.2929
90.3117
90.3387
90.361
90.3863
90.411
90.4395
90.467
90.4898
90.5077
90.5282
90.5511
90.5733
90.5983
90.6199
90.6422
90.6639
90.6833
90.7043
90.7245
90.7447
90.7641
90.7812
90.8009
90.8217
90.8406
90.8568
90.873
90.8885
90.8958
90.9024
90.9116
90.9241
90.9336
90.9453
90.957
90.9701
90.9845
