61.381
61.3743
61.3665
61.3587
61.3501
61.3419
61.3347
61.3294
61.3219
61.3128
61.3011
61.2921
61.2841
61.2746
61.2656
61.2609
61.2561
61.2518
61.2459
61.2395
61.2309
61.2196
61.2023
61.1856
61.1646
61.1449
61.1252
61.1059
61.0848
61.0668
61.051
61.036
61.0197
61.0084
60.9934
60.9775
60.9611
60.9418
60.9226
60.9028
60.8812
60.8605
60.8388
60.8152
60.7928
60.7701
60.7462
60.7156
60.6881
60.6314
60.577
60.5241
60.4816
60.4446
60.4116
60.386
60.3577
60.3201
60.2912
60.2605
60.2283
60.2
60.1746
60.151
60.1268
60.101
60.0734
60.0445
60.0155
59.9865
59.9614
59.9357
59.9092
59.8821
59.8548
59.8234
59.7882
59.7562
59.7311
59.7046
59.6806
59.6636
59.6546
59.6466
59.6389
59.6314
59.6234
59.6158
59.608
59.5985
59.5939
59.5894
59.5828
59.5748
59.5683
59.5637
59.559
59.5583
59.5544
59.5502
59.5473
59.5455
59.5433
59.5415
59.5384
59.5367
59.5392
59.5479
59.554
59.5895
59.6244
59.6574
59.6807
59.6997
59.7164
59.7287
59.7418
59.7598
59.7765
59.7913
59.8114
59.8281
59.843
59.855
59.8683
59.8837
59.901
59.9182
59.9345
59.9512
59.9677
59.9839
60.0058
60.0222
60.0402
60.0579
60.0798
60.1009
60.1133
60.1293
60.1431
60.1537
60.1629
60.1679
60.1766
60.1839
60.1924
60.2007
60.2092
60.2158
60.2196
60.2238
60.2279
60.2319
60.2354
60.2404
60.2472
60.257
60.2697
60.2971
60.3286
60.3625
60.392
60.426
60.4583
60.4888
60.5158
60.5428
60.5688
60.5953
60.6209
60.6477
60.6749
60.6997
60.7252
60.7507
60.7799
60.8104
60.8395
60.8692
60.8968
60.9258
60.9553
60.9845
61.0133
61.0419
61.0714
61.1015
61.1325
61.1597
61.1851
61.2102
61.2274
61.2517
61.2753
61.302
61.3288
61.353
61.3797
