101.3
101.3758
101.4568
101.5136
101.5548
101.6055
101.6635
101.7136
101.7604
101.807
101.8622
101.9135
101.9664
102.02
102.0787
102.1315
102.177
102.2229
102.2682
102.3186
102.3619
102.4073
102.4493
102.4875
102.5267
102.5639
102.6007
102.6419
102.6727
102.6879
102.6916
102.6937
102.6969
102.6999
102.7067
102.7056
102.6992
102.6946
102.6942
102.6984
102.6937
102.6921
102.6841
102.6769
102.6714
102.6599
102.6534
102.6396
102.6172
102.5856
102.5502
102.5312
102.5114
102.4839
102.4551
102.4183
102.3832
102.35
102.3057
102.2627
102.215
102.1656
102.1226
102.0951
102.0851
102.0633
102.0338
102.0043
101.9802
101.9544
101.9239
101.8973
101.8689
101.8404
101.8138
101.7818
101.7443
101.7069
101.6676
101.6254
101.5856
101.5411
101.5009
101.4658
101.4171
101.3638
101.3076
101.2428
101.1744
101.1218
101.0701
101.0152
100.9592
100.9058
100.85
100.7978
100.7458
100.6881
100.6345
100.5776
100.5199
100.4637
100.4104
100.3622
100.3189
100.2787
100.2374
100.2044
100.1717
100.1499
100.1276
100.0949
100.0649
100.0351
100.026
100.0102
99.9923
99.9717
99.9462
99.9288
99.9183
99.9063
99.8837
99.8628
99.8431
99.8274
99.8106
99.7976
99.7822
99.7666
99.7516
99.7376
99.7267
99.7177
99.7021
99.6921
99.6919
99.6945
99.7026
99.708
99.708
99.7145
99.7173
99.7278
99.7501
99.7781
99.8152
99.8603
99.9105
99.9655
100.0116
100.0587
100.1024
100.1437
100.1819
100.2199
100.2568
100.3012
100.3411
100.3814
100.4217
100.4607
100.5002
100.5388
100.5735
100.6047
100.636
100.6658
100.7037
100.7342
100.7592
100.7682
100.7822
100.8047
100.8074
100.8122
100.8121
100.8123
100.8195
100.8148
100.8011
100.7861
100.7757
100.7707
100.7645
100.7543
100.7488
100.7424
100.7364
100.7357
100.7394
100.7404
100.7404
100.7383
100.7374
