482.8773
482.8423
482.8053
482.8046
482.7888
482.7685
482.7499
482.7306
482.7153
482.7145
482.6868
482.687
482.6977
482.71
482.7131
482.7154
482.7139
482.6919
482.6782
482.6643
482.6571
482.6482
482.6091
482.5947
482.4938
482.4365
482.3755
482.3203
482.2845
482.2218
482.1712
482.1017
482.0487
481.9699
481.9429
481.8851
481.7844
481.6931
481.5724
481.4656
481.3534
481.2345
481.1242
481.022
480.9022
480.7937
480.6972
480.5804
480.4306
480.2769
480.1282
479.9836
479.8272
479.6339
479.4472
479.3602
479.2491
479.1802
479.1001
479.0202
478.9435
478.8125
478.6752
478.5313
478.3867
478.2407
478.11
477.9893
477.8816
477.7951
477.7179
477.6326
477.5287
477.4131
477.2967
477.184
477.0493
476.9371
476.8484
476.7124
476.5608
476.3858
476.2374
476.0597
475.9572
475.8177
475.6884
475.5553
475.4257
475.3215
475.2128
475.1213
475.0165
474.9372
474.8535
474.7827
474.7045
474.6257
474.558
474.4887
474.3993
474.3133
474.2313
474.1682
474.1096
474.0296
473.9339
473.8579
473.7843
473.7502
473.6895
473.6332
473.6089
473.6038
473.6013
473.5812
473.5436
473.4992
473.4634
473.445
473.4164
473.406
473.3924
473.3707
473.3488
473.3203
473.2821
473.2344
473.1693
473.0758
473.0203
472.9441
472.9046
472.8553
472.8019
472.7424
472.7247
472.7005
472.6697
472.6917
472.7351
472.7919
472.8506
472.8983
472.9438
472.9885
473.0212
473.0453
473.0658
473.0649
473.0641
473.0579
473.064
473.0619
473.0517
473.0442
473.0405
473.0214
473.0209
473.0185
473.0342
473.0265
473.0042
472.9642
472.9106
472.8845
472.8675
472.8488
472.8694
472.8511
472.8521
472.8308
472.8052
472.794
472.7785
472.7659
472.7782
472.805
472.8145
472.816
472.8178
472.8161
472.8127
472.7997
472.7989
472.8304
472.8396
472.8546
472.8679
472.8914
472.9184
472.9798
473.0371
473.0861
473.1458
473.2028
473.2489
473.2883
473.3188
