67.2459
67.2123
67.179
67.1495
67.1221
67.0976
67.0746
67.0543
67.032
67.0146
66.9951
66.976
66.9568
66.9387
66.9203
66.9048
66.8904
66.8749
66.8559
66.8413
66.8221
66.803
66.7828
66.7657
66.7517
66.7402
66.7254
66.7123
66.6988
66.6909
66.6865
66.6867
66.6883
66.6893
66.6899
66.6901
66.6879
66.6858
66.6839
66.6824
66.6834
66.6853
66.6836
66.6829
66.6798
66.6823
66.6853
66.6894
66.6918
66.6913
66.6936
66.6955
66.6932
66.6917
66.6912
66.6935
66.6998
66.7043
66.7082
66.7107
66.7173
66.7234
66.7292
66.7322
66.7332
66.7357
66.7402
66.7418
66.7422
66.7389
66.7381
66.7413
66.7438
66.7425
66.74
66.736
66.7326
66.7271
66.7216
66.7116
66.7076
66.7032
66.6993
66.6881
66.6766
66.6624
66.6511
66.6404
66.6307
66.6182
66.6088
66.5995
66.5872
66.5766
66.5692
66.5609
66.5547
66.5487
66.5416
66.5277
66.5074
66.4874
66.4706
66.4507
66.4339
66.4116
66.3872
66.3637
66.3446
66.3259
66.3071
66.2894
66.2728
66.2549
66.2391
66.2213
66.2058
66.1899
66.1759
66.1636
66.1503
66.1356
66.1186
66.1002
66.0827
66.0688
66.0509
66.0318
66.0143
65.9977
65.9792
65.9595
65.9383
65.9207
65.9047
65.8865
65.8654
65.8442
65.8249
65.8059
65.7852
65.7667
65.7487
65.7356
65.7206
65.7072
65.6936
65.6794
65.6654
65.6529
65.6392
65.6192
65.6016
65.5814
65.5592
65.5391
65.5171
65.4971
65.4784
65.4651
65.4614
65.4527
65.4452
65.4419
65.4362
65.4309
65.4271
65.4209
65.4141
65.4129
65.4129
65.4117
65.4101
65.4114
65.4141
65.4174
65.4201
65.4209
65.4211
65.4207
65.4194
65.4191
65.4194
65.4203
65.4206
65.4188
