58.4193
58.4703
58.526
58.5633
58.5859
58.6031
58.6262
58.6527
58.6736
58.7005
58.7323
58.7617
58.7912
58.8238
58.8547
58.8852
58.9155
58.9473
58.9765
59.009
59.0395
59.0705
59.1008
59.128
59.1588
59.1853
59.2108
59.2371
59.2677
59.2963
59.318
59.3311
59.3519
59.3762
59.4002
59.4226
59.4404
59.4594
59.4794
59.5029
59.5244
59.5431
59.5507
59.5642
59.5794
59.5924
59.6102
59.6269
59.6405
59.6414
59.6436
59.6504
59.6546
59.6519
59.6391
59.6196
59.6067
59.5917
59.5745
59.555
59.5402
59.522
59.5053
59.4957
59.4961
59.4947
59.4895
59.4811
59.4751
59.4674
59.4566
59.4474
59.4373
59.4256
59.4193
59.4128
59.4051
59.3963
59.3784
59.3536
59.3291
59.3009
59.2694
59.2413
59.2021
59.1616
59.1246
59.0883
59.0491
59.0109
58.9704
58.9316
58.8893
58.8493
58.8094
58.7701
58.7305
58.6932
58.6578
58.6202
58.5792
58.5363
58.4923
58.4467
58.402
58.3588
58.3178
58.2727
58.2267
58.1886
58.1434
58.0937
58.0466
57.9984
57.9587
57.9194
57.8632
57.8104
57.7552
57.7076
57.6682
57.6265
57.5816
57.5343
57.4867
57.4441
57.4012
57.359
57.3156
57.2711
57.2262
57.1799
57.1363
57.0903
57.0426
56.9944
56.947
56.899
56.8636
56.836
56.8076
56.7859
56.7692
56.7574
56.7517
56.7564
56.757
56.7623
56.768
56.7696
56.7696
56.7683
56.767
56.7648
56.7585
56.7551
56.7516
56.7489
56.7431
56.7364
56.7318
56.7312
56.7295
56.731
56.7323
56.7323
56.7298
56.7313
56.7453
56.7638
56.7776
56.7856
56.7953
56.8093
56.8206
56.8312
56.8497
56.8653
56.882
56.8901
56.8903
56.8883
56.8904
56.8933
56.8956
56.8925
56.8912
56.8888
56.8862
56.8843
56.8806
56.8769
56.8706
56.8658
56.8649
