64.3817
64.3986
64.4171
64.4396
64.4615
64.4863
64.5123
64.5363
64.5595
64.585
64.6136
64.6415
64.6674
64.6916
64.7126
64.7364
64.7617
64.7854
64.8112
64.8387
64.8674
64.8921
64.9179
64.9433
64.9694
64.9922
65.0109
65.0289
65.0449
65.0599
65.0752
65.0915
65.1067
65.1223
65.1363
65.1499
65.1624
65.1719
65.1819
65.191
65.1998
65.2064
65.2122
65.2209
65.2292
65.2355
65.2409
65.2444
65.245
65.2479
65.2472
65.2472
65.2476
65.25
65.2542
65.2534
65.2525
65.2501
65.2468
65.2438
65.2365
65.2288
65.2199
65.21
65.2014
65.1921
65.1809
65.1708
65.1607
65.1497
65.1382
65.1266
65.1116
65.0956
65.0798
65.0628
65.0444
65.0265
65.0055
64.979
64.9503
64.9275
64.902
64.8788
64.8559
64.8349
64.8161
64.7978
64.7818
64.7664
64.7516
64.7349
64.7182
64.7019
64.6858
64.67
64.6546
64.6399
64.6261
64.6064
64.5843
64.5603
64.5374
64.5146
64.4915
64.4727
64.4535
64.4358
64.4224
64.4066
64.3958
64.3848
64.3726
64.3586
64.3439
64.3289
64.3142
64.2973
64.2808
64.2641
64.2487
64.2332
64.2171
64.1993
64.1825
64.1673
64.1528
64.1381
64.1233
64.11
64.0947
64.0807
64.0714
64.0625
64.0552
64.0476
64.0421
64.0339
64.0276
64.0251
64.0227
64.0202
64.0182
64.0167
64.015
64.0125
64.0093
64.0062
64.0032
63.9989
63.9917
63.9849
63.9771
63.9659
63.9562
63.9453
63.9342
63.9229
63.9106
63.904
63.8987
63.8974
63.8941
63.8907
63.8864
63.8802
63.8747
63.8684
63.8619
63.8557
63.8496
63.8418
63.8348
63.8308
63.8289
63.826
63.8247
63.8278
63.8318
63.8378
63.8441
63.8493
63.8552
63.862
63.868
63.8703
63.8733
63.8762
63.8802
63.8829
63.8878
