63.7675
63.809
63.8574
63.8742
63.8834
63.8809
63.8893
63.901
63.9016
63.8998
63.9005
63.9031
63.9043
63.9091
63.9122
63.9156
63.9214
63.9286
63.9368
63.954
63.9692
63.9862
64.0218
64.0593
64.1262
64.2145
64.3107
64.3997
64.4795
64.5586
64.6321
64.7021
64.7729
64.8412
64.9047
64.9671
65.0326
65.0933
65.1571
65.2161
65.2801
65.3391
65.3928
65.4506
65.5083
65.5678
65.6296
65.6961
65.7585
65.8183
65.8754
65.9251
65.9741
66.0201
66.0597
66.1082
66.1574
66.2112
66.2573
66.3133
66.3692
66.424
66.4792
66.5368
66.601
66.6622
66.7164
66.7715
66.83
66.8906
66.9501
67.0115
67.0703
67.1273
67.1854
67.2483
67.3352
67.4221
67.4911
67.5593
67.6299
67.6932
67.7357
67.7748
67.7893
67.7931
67.7926
67.8004
67.8042
67.8065
67.8139
67.8201
67.8352
67.8567
67.88
67.9011
67.9219
67.9451
67.9685
67.9906
68.0061
68.022
68.0416
68.0551
68.0661
68.0784
68.0816
68.0821
68.0803
68.0738
68.0681
68.0659
68.0712
68.0764
68.0836
68.0924
68.1056
68.1176
68.1369
68.1499
68.1639
68.1811
68.1942
68.2076
68.2207
68.23
68.244
68.2598
68.2738
68.281
68.2862
68.2887
68.2874
68.29
68.2917
68.295
68.2728
68.2509
68.2468
68.2401
68.2309
68.2264
68.2249
68.2292
68.2399
68.2411
68.2372
68.2365
68.2323
68.2273
68.2205
68.2147
68.2113
68.203
68.1951
68.1906
68.1852
68.1824
68.1786
68.1751
68.1721
68.1688
68.166
68.1645
68.1629
68.1604
68.1634
68.1658
68.1783
68.1914
68.2006
68.2044
68.2076
68.2171
68.223
68.2333
68.2349
68.2363
68.2361
68.2309
68.2253
68.2187
68.2143
68.2125
68.2092
68.2117
68.2102
68.208
68.2058
68.2113
68.2179
68.2244
68.2335
68.2383
68.2458
