246.8561
246.8557
246.8777
246.8925
246.9078
246.9341
246.9628
246.981
247.0132
247.033
247.043
247.0557
247.0609
247.0516
247.0393
247.039
247.041
247.0398
247.037
247.0298
247.0378
247.047
247.0735
247.107
247.1182
247.1208
247.1363
247.1432
247.1297
247.1187
247.1174
247.1249
247.1295
247.1155
247.0812
247.0571
247.0443
247.0245
247.0062
246.9865
246.9692
246.961
246.9415
246.9282
246.923
246.9176
246.9183
246.9248
246.9297
246.935
246.9301
246.9176
246.906
246.8931
246.8831
246.8525
246.8219
246.7788
246.7242
246.6885
246.673
246.647
246.6205
246.5986
246.5877
246.5655
246.526
246.4885
246.4508
246.4302
246.4155
246.381
246.3365
246.2954
246.2535
246.2027
246.1371
246.0777
246.0229
245.9495
245.8624
245.7799
245.677
245.5717
245.4926
245.4195
245.3243
245.2323
245.1356
245.0336
244.9331
244.819
244.7166
244.6263
244.5688
244.4931
244.4123
244.338
244.2566
244.1675
244.0832
243.9944
243.9085
243.8292
243.7413
243.6544
243.5709
243.4747
243.3859
243.295
243.2144
243.1377
243.0629
242.987
242.9039
242.8403
242.7503
242.6873
242.6255
242.5469
242.475
242.4317
242.391
242.354
242.3177
242.2989
242.288
242.2763
242.2627
242.2457
242.2243
242.2143
242.2115
242.2072
242.2051
242.2118
242.2246
242.2355
242.244
242.2813
242.322
242.3848
242.4547
242.5062
242.5583
242.6143
242.6718
242.7364
242.8131
242.8953
242.9768
243.0544
243.1354
243.2228
243.2977
243.3758
243.4677
243.554
243.6476
243.7502
243.8547
243.9606
244.0666
244.1696
244.2797
244.3914
244.5044
244.6371
244.7749
244.8959
244.9826
245.0772
245.1703
245.2627
245.3658
245.4617
245.5861
245.6814
245.7776
245.8808
245.9743
246.0657
246.1583
246.2506
246.3534
246.4544
246.5421
246.6392
246.7258
246.821
246.9249
247.0138
247.1031
247.1975
247.2868
