47.8923
47.9206
47.9476
47.9526
47.9499
47.9518
47.9584
47.9648
47.9744
47.987
48.0029
48.0259
48.0522
48.0782
48.1027
48.1285
48.1518
48.1746
48.1962
48.2233
48.2508
48.2731
48.3104
48.348
48.3932
48.4419
48.4863
48.5306
48.5674
48.6079
48.6438
48.6836
48.724
48.7638
48.8052
48.8397
48.8727
48.9088
48.9468
48.9858
49.0257
49.0673
49.1015
49.1353
49.1702
49.2095
49.2494
49.2884
49.3257
49.3635
49.4013
49.4313
49.46
49.4945
49.532
49.5632
49.5982
49.6363
49.6736
49.7099
49.7401
49.7681
49.7973
49.8376
49.8784
49.9151
49.9474
49.9779
50.0109
50.0436
50.0726
50.0978
50.1203
50.1415
50.165
50.1866
50.2063
50.2278
50.2475
50.2611
50.2743
50.2853
50.2881
50.2934
50.2868
50.2736
50.2658
50.2528
50.2417
50.2242
50.2113
50.1993
50.1871
50.1741
50.1573
50.1438
50.129
50.1089
50.0902
50.0717
50.0495
50.028
50.0098
49.9867
49.9632
49.9434
49.9209
49.8999
49.8825
49.8705
49.8595
49.855
49.8557
49.8519
49.848
49.8454
49.8312
49.8195
49.8045
49.7924
49.7829
49.7745
49.7677
49.7624
49.7621
49.7618
49.7611
49.7608
49.7596
49.7585
49.7578
49.7595
49.7626
49.7684
49.773
49.7785
49.7863
49.7961
49.8091
49.8245
49.8385
49.8503
49.8601
49.859
49.8635
49.869
49.8714
49.877
49.8824
49.8889
49.8935
49.896
49.8978
49.901
49.9058
49.9113
49.9151
49.9209
49.9254
49.9296
49.9342
49.9383
49.943
49.9505
49.9573
49.9584
49.9584
49.9606
49.9621
49.9576
49.9586
49.9616
49.9636
49.967
49.9691
49.9689
49.9729
49.9767
49.9861
49.9924
49.9976
50.0013
50.0061
50.008
50.0067
50.0071
50.0061
50.0065
50.0056
50.0045
50.0026
50.0007
49.9975
49.9941
49.9892
