77.7926
77.7804
77.771
77.7625
77.7551
77.7466
77.742
77.7381
77.7303
77.7231
77.7138
77.7091
77.7022
77.6941
77.6847
77.6771
77.6682
77.6582
77.6484
77.6351
77.6129
77.5796
77.5456
77.5094
77.4723
77.4341
77.399
77.3668
77.3375
77.3061
77.2733
77.2426
77.2127
77.183
77.1515
77.1188
77.084
77.0498
77.012
76.9765
76.94
76.9034
76.867
76.8324
76.7965
76.7607
76.7289
76.7005
76.6728
76.648
76.6205
76.5952
76.5668
76.5465
76.5265
76.5078
76.4922
76.4764
76.4682
76.4584
76.4499
76.442
76.4348
76.4251
76.4151
76.405
76.3925
76.3795
76.3684
76.3567
76.3457
76.3335
76.3138
76.2948
76.2716
76.249
76.2257
76.204
76.1826
76.1647
76.1524
76.1484
76.146
76.1438
76.1451
76.1449
76.1426
76.1436
76.1431
76.1408
76.1374
76.1342
76.1298
76.1273
76.126
76.1252
76.1258
76.1238
76.1233
76.1224
76.1205
76.1158
76.1135
76.109
76.1075
76.1048
76.1016
76.0919
76.0831
76.0719
76.0627
76.0515
76.0447
76.0368
76.0288
76.0218
76.0131
76.0028
75.9921
75.9794
75.9643
75.9486
75.9304
75.9147
75.8975
75.8868
75.8763
75.8673
75.8611
75.8529
75.8424
75.8321
75.8313
75.8325
75.8398
75.8468
75.8535
75.8591
75.8641
75.8661
75.8708
75.876
75.8812
75.8864
75.8909
75.8956
75.8994
75.9044
75.9099
75.9174
75.9248
75.9326
75.9409
75.9504
75.9573
75.9643
75.9736
75.9843
75.9961
76.0068
76.0175
76.0297
76.0397
76.0506
76.0597
76.0702
76.0779
76.0863
76.0952
76.1038
76.1116
76.1181
76.1261
76.1349
76.1434
76.1498
76.1575
76.167
76.1698
76.1738
76.1775
76.183
76.1888
76.1922
76.1966
76.1935
76.1915
76.1876
76.1838
76.182
76.1826
