86.1201
86.123
86.1254
86.1309
86.1349
86.1425
86.1557
86.1705
86.1826
86.1928
86.1995
86.2005
86.2005
86.2008
86.201
86.2
86.2
86.2013
86.203
86.2033
86.2065
86.2092
86.213
86.2149
86.2215
86.2279
86.232
86.2257
86.2167
86.2182
86.2166
86.2052
86.199
86.1966
86.1948
86.1981
86.2029
86.1992
86.1935
86.1841
86.1738
86.1646
86.153
86.1411
86.132
86.128
86.1231
86.1215
86.1252
86.1349
86.1387
86.1434
86.1448
86.1463
86.1458
86.1468
86.1464
86.1468
86.1451
86.1433
86.1408
86.1313
86.1286
86.1245
86.118
86.1125
86.1024
86.0915
86.0845
86.0796
86.0751
86.0716
86.0718
86.0685
86.0605
86.0564
86.052
86.046
86.0365
86.0257
86.011
85.9944
85.9785
85.9655
85.9441
85.9223
85.9001
85.8891
85.8763
85.8558
85.829
85.8056
85.78
85.7493
85.7173
85.6824
85.6503
85.6269
85.6061
85.5826
85.5594
85.5336
85.5066
85.4822
85.454
85.4118
85.3623
85.3184
85.2738
85.2264
85.1794
85.1317
85.0818
85.0319
84.9843
84.9393
84.8969
84.8528
84.8076
84.7671
84.725
84.6906
84.6518
84.616
84.5783
84.5353
84.4959
84.4552
84.4161
84.3697
84.3286
84.2916
84.2526
84.2144
84.1817
84.1383
84.098
84.0631
84.0293
84.0
83.9701
83.9421
83.9135
83.8855
83.8547
83.8238
83.7973
83.7682
83.7408
83.7153
83.6971
83.6796
83.6648
83.6519
83.6389
83.6264
83.6081
83.5852
83.5581
83.5351
83.5143
83.4948
83.4766
83.4578
83.4406
83.4351
83.4403
83.4375
83.4335
83.4236
83.4224
83.4316
83.4387
83.4461
83.4539
83.4606
83.4681
83.4765
83.4882
83.5008
83.5133
83.5263
83.5385
83.5471
83.5602
83.5751
83.5876
83.5987
83.6051
83.6195
83.6258
83.628
83.6303
83.6336
83.6393
