25.3486
25.3551
25.3626
25.3845
25.4079
25.4295
25.4455
25.464
25.4859
25.5599
25.6215
25.6856
25.7413
25.802
25.8488
25.8975
25.9494
26.0043
26.0639
26.1284
26.1948
26.2586
26.3143
26.3724
26.4203
26.4766
26.5366
26.5885
26.6422
26.6961
26.7517
26.8112
26.8674
26.9176
26.9607
27.0034
27.0503
27.0941
27.1406
27.1905
27.2421
27.2921
27.3407
27.3887
27.4335
27.4796
27.5263
27.5705
27.6137
27.6622
27.7082
27.7603
27.8163
27.8736
27.926
27.969
28.0223
28.0746
28.115
28.1553
28.1943
28.2408
28.2852
28.3284
28.3752
28.4234
28.479
28.533
28.5875
28.5899
28.6051
28.6211
28.6425
28.661
28.693
28.7237
28.7432
28.7578
28.7613
28.7637
28.7669
28.7754
28.7882
28.7987
28.814
28.8194
28.8204
28.8302
28.8353
28.8428
28.8515
28.858
28.8617
28.8649
28.8676
28.8717
28.8793
28.8881
28.8945
28.9008
28.9059
28.9143
28.9235
28.9293
28.9348
28.936
28.9382
28.9415
28.9415
28.9387
28.938
28.9305
28.9183
28.9043
28.9025
28.9026
28.9001
28.8981
28.8962
28.896
28.8959
28.8923
28.8877
28.883
28.875
28.8672
28.858
28.8485
28.8412
28.8351
28.83
28.8216
28.8185
28.8169
28.8122
28.8089
28.8176
28.8266
28.8423
28.855
28.8669
28.8777
28.8884
28.898
28.9131
28.928
28.9426
28.9567
28.972
28.9851
28.998
29.0114
29.0273
29.0466
29.0669
29.0867
29.1058
29.1238
29.1421
29.1586
29.1764
29.1922
29.2089
29.2285
29.2495
29.2759
29.3017
29.3257
29.3542
29.3812
29.407
29.4307
29.458
29.486
29.5075
29.5278
29.549
29.5681
29.5917
29.613
29.6359
29.6608
29.6863
29.708
29.7316
29.7525
29.7671
29.7795
29.789
29.7998
29.8136
29.8278
29.8403
29.8498
29.8605
29.8688
29.8755
29.8803
29.8854
