11.26
11.17
11.16
11.23
11.3
11.4
11.45
11.6
11.65
11.67
11.74
11.66
11.46
11.27
11.22
10.95
11.03
11.06
11.13
10.87
10.93
10.92
10.78
10.9
10.88
10.83
10.77
10.76
10.79
10.84
10.78
10.6
10.47
10.52
10.61
10.59
10.69
10.76
10.73
10.73
10.77
10.95
11.14
11.24
11.39
11.33
11.29
11.38
11.39
11.52
11.48
11.49
11.6
11.62
11.64
11.69
11.72
11.84
11.9
11.86
11.9
11.92
11.97
12.22
12.28
12.15
12.19
12.25
12.25
12.31
12.11
11.87
11.96
12.12
12.17
12.05
12.0
12.04
12.09
11.97
12.06
12.01
11.95
12.13
12.28
12.26
12.32
12.3
12.11
12.01
11.93
11.98
11.97
11.99
11.87
11.93
11.99
12.02
12.12
12.05
