27.23
26.1
25.98
25.85
25.91
26.37
26.5
26.73
26.72
26.735
26.84
26.6
25.26
25.35
25.36
25.37
25.52
25.4
25.49
25.33
25.39
25.37
25.62
25.55
25.52
25.46
25.27
25.19
25.25
25.1
25.05
24.72
24.44
24.32
24.48
24.34
24.3
24.35
24.35
24.28
24.15
24.28
24.49
24.57
24.82
23.83
23.58
23.62
23.71
23.92
23.94
23.75
23.93
24.02
24.19
24.17
24.77
24.85
24.92
24.28
24.16
24.01
24.1
24.33
24.43
24.15
24.13
23.25
23.32
22.9
22.83
22.96
22.93
23.0
23.07
23.05
22.1
22.18
21.75
21.3
21.2
20.64
20.26
20.05
19.96
19.63
19.86
20.08
20.12
20.07
19.85
19.9
18.75
17.46
17.5
18.05
18.21
17.83
17.7
17.84
