54.3667
54.4098
54.4555
54.499
54.5458
54.5868
54.6295
54.6727
54.7144
54.7556
54.7919
54.827
54.8612
54.8974
54.9315
54.9667
55.0038
55.0411
55.0793
55.1183
55.1594
55.2036
55.2492
55.2918
55.324
55.362
55.4
55.4342
55.4705
55.5004
55.5359
55.5725
55.6097
55.6447
55.6801
55.7196
55.7585
55.7975
55.8343
55.8729
55.9094
55.9447
55.9801
56.0158
56.0535
56.089
56.1212
56.1553
56.1898
56.2246
56.2526
56.2773
56.301
56.3188
56.3344
56.3409
56.3474
56.3506
56.3576
56.3618
56.3647
56.364
56.363
56.3591
56.3624
56.3669
56.3707
56.3739
56.3755
56.375
56.3778
56.3835
56.3938
56.4061
56.425
56.4436
56.4594
56.4737
56.4904
56.5067
56.5235
56.5341
56.5474
56.5639
56.5914
56.6099
56.6285
56.6494
56.6731
56.6942
56.7128
56.7312
56.7475
56.7678
56.7867
56.8035
56.8208
56.8372
56.8559
56.8745
56.8888
56.9043
56.9196
56.9348
56.9498
56.9658
56.9834
56.9997
57.0151
57.0291
57.0454
57.0634
57.0808
57.1036
57.1233
57.1416
57.1526
57.1703
57.1835
57.1952
57.2093
57.2238
57.2377
57.2528
57.2643
57.2772
57.2899
57.3032
57.3236
57.3435
57.3646
57.3821
57.3951
57.4022
57.404
57.4045
57.4064
57.4122
57.413
57.4144
57.4128
57.4128
57.4101
57.4078
57.4035
57.4016
57.4001
57.399
57.3952
57.392
57.3874
57.3799
57.3687
57.356
57.3417
57.321
57.3015
57.2822
57.2616
57.2406
57.2256
57.2123
57.197
57.1718
57.1493
57.124
57.0994
57.0748
57.0497
57.0273
57.0083
56.9893
56.9697
56.9475
56.9288
56.9122
56.8983
56.8815
56.8649
56.8467
56.8267
56.8061
56.7846
56.7609
56.7368
56.7121
56.6885
56.6647
