32.4619
32.4543
32.4391
32.4201
32.405
32.3923
32.3836
32.3752
32.3666
32.3573
32.3487
32.3394
32.3312
32.3236
32.3153
32.306
32.2955
32.2856
32.2748
32.2647
32.2553
32.2488
32.2427
32.2412
32.2385
32.2345
32.2327
32.2286
32.2223
32.2166
32.21
32.2041
32.1987
32.1936
32.188
32.1813
32.1756
32.1702
32.1648
32.1595
32.1547
32.1489
32.1409
32.1347
32.1303
32.127
32.1241
32.1211
32.116
32.1111
32.1076
32.1031
32.0985
32.0945
32.0918
32.0905
32.0888
32.0887
32.0881
32.0874
32.089
32.0909
32.1002
32.1116
32.1224
32.1328
32.1417
32.1499
32.1578
32.1661
32.1734
32.1808
32.1878
32.1946
32.2008
32.2063
32.213
32.2204
32.2271
32.2311
32.2346
32.2352
32.2386
32.237
32.2347
32.234
32.2302
32.2274
32.223
32.2195
32.2145
32.2094
32.2027
32.1957
32.1881
32.1806
32.1721
32.1632
32.1532
32.1428
32.1325
32.1211
32.1117
32.1005
32.0927
32.0842
32.075
32.0668
32.061
32.0554
32.049
32.0447
32.039
32.0341
32.0286
32.0234
32.0198
32.0171
32.0153
32.0147
32.0126
32.0112
32.0099
32.0086
32.0075
32.0063
32.0052
32.0045
32.005
32.0057
32.0063
32.0071
32.0074
32.0071
32.0069
32.0087
32.0107
32.0121
32.0147
32.0193
32.0253
32.0341
32.0409
32.0511
32.0615
32.0707
32.0796
32.0898
32.1016
32.1127
32.1242
32.1358
32.1482
32.161
32.174
32.1866
32.1995
32.2124
32.2267
32.2396
32.2516
32.2653
32.28
32.2943
32.3044
32.3159
32.3282
32.3403
32.3508
32.3594
32.3693
32.3797
32.3918
32.4044
32.4169
32.4287
32.4393
32.4485
32.4579
32.4662
32.4759
32.4864
32.4969
32.5074
32.5176
32.5271
32.5367
32.5462
32.5544
32.5622
32.57
32.5774
32.5843
