43.0266
43.0388
43.0511
43.056
43.061
43.063
43.065
43.0674
43.0702
43.0748
43.0767
43.0802
43.0814
43.0836
43.0873
43.0898
43.0933
43.097
43.1
43.1046
43.1093
43.1138
43.1134
43.1121
43.1063
43.0974
43.0915
43.0866
43.0859
43.0878
43.0874
43.081
43.0729
43.065
43.0609
43.0545
43.0489
43.0438
43.0392
43.0317
43.0255
43.0197
43.0123
43.0031
42.9944
42.9864
42.9785
42.9677
42.9585
42.9497
42.9402
42.9305
42.9204
42.9133
42.9077
42.9104
42.9105
42.9074
42.9068
42.9075
42.9095
42.915
42.922
42.9301
42.937
42.9455
42.9528
42.9593
42.9664
42.9757
42.9852
42.9941
43.0044
43.0144
43.0242
43.0348
43.044
43.053
43.0609
43.072
43.0811
43.0915
43.1071
43.1246
43.1471
43.1741
43.2015
43.2277
43.253
43.2766
43.298
43.3192
43.3416
43.3609
43.3791
43.396
43.4124
43.4284
43.4449
43.463
43.4797
43.4967
43.5132
43.5404
43.5667
43.5903
43.6142
43.6421
43.6676
43.695
43.7242
43.7532
43.7828
43.8095
43.8339
43.857
43.8825
43.9093
43.9373
43.9668
43.9967
44.0269
44.0559
44.0838
44.1115
44.1371
44.1621
44.1864
44.209
44.2305
44.2566
44.2818
44.3059
44.3275
44.3479
44.3683
44.3887
44.4091
44.4287
44.4461
44.4667
44.4881
44.5091
44.5286
44.5524
44.5734
44.5929
44.6114
44.6282
44.6443
44.6609
44.6778
44.6929
44.7104
44.7277
44.7462
44.7648
44.781
44.7968
44.8116
44.8264
44.8394
44.8507
44.8527
44.8536
44.856
44.8564
44.8531
44.8505
44.8451
44.8378
44.8322
44.8267
44.8212
44.8149
44.8083
44.8007
44.7923
44.7842
44.7746
44.7637
44.7516
44.7408
44.7295
44.7198
44.7097
44.6995
44.692
44.6858
44.6775
44.6659
44.6554
44.646
44.64
44.634
44.6284
44.6242
44.6192
44.6159
