1022.3478
1021.9368
1021.5201
1021.1843
1020.8223
1020.4923
1020.2324
1019.8809
1019.6218
1019.4167
1019.2624
1019.1215
1019.0145
1018.9164
1018.7737
1018.5784
1018.3532
1018.1118
1017.8516
1017.58
1017.3611
1017.135
1017.033
1016.9093
1016.7886
1016.6246
1016.3163
1016.0372
1015.7148
1015.2802
1014.9443
1014.6507
1014.299
1013.913
1013.5578
1013.2002
1012.8223
1012.5387
1012.2965
1012.0438
1011.7521
1011.4908
1011.1965
1010.8773
1010.5001
1010.1313
1009.8119
1009.4921
1009.1241
1008.7018
1008.3046
1008.1311
1007.9656
1007.7636
1007.6611
1007.6364
1007.627
1007.6569
1007.6887
1007.6307
1007.5155
1007.4213
1007.3557
1007.3762
1007.4273
1007.4643
1007.4922
1007.5057
1007.5333
1007.5299
1007.4676
1007.4146
1007.3343
1007.2801
1007.2576
1007.2468
1007.136
1007.0461
1007.1815
1007.2524
1007.3158
1007.4243
1007.4633
1007.5464
1007.5848
1007.6858
1007.8943
1008.0857
1008.3519
1008.6659
1008.9759
1009.2142
1009.5071
1009.7892
1010.0394
1010.3422
1010.6107
1010.8541
1011.1086
1011.3757
1011.6452
1011.8466
1012.0534
1012.3297
1012.6182
1013.0448
1013.4329
1013.8447
1014.4045
1015.0209
1015.637
1016.0209
1016.3999
1016.7887
1017.1952
1017.5874
1018.0058
1018.3508
1018.7188
1019.1313
1019.5834
1020.0243
1020.4568
1020.855
1021.3061
1021.7728
1022.2213
1022.7186
1023.2207
1023.7012
1024.2124
1024.7522
1025.2853
1025.7655
1026.2305
1026.6697
1027.2253
1027.7874
1028.1141
1028.5296
1028.9226
1029.2541
1029.6076
1029.9498
1030.3038
1030.6599
1030.9984
1031.3291
1031.6198
1031.9096
1032.1904
1032.4908
1032.8068
1033.1533
1033.4944
1033.8279
1034.2026
1034.5428
1034.8476
1035.159
1035.4778
1035.8396
1036.2355
1036.6093
1037.0084
1037.2893
1037.5618
1037.8081
1037.9671
1038.0713
1038.1915
1038.406
1038.6117
1038.8187
1038.9516
1039.0808
1039.2023
1039.3463
1039.4583
1039.602
1039.7723
1039.913
1040.0525
1040.1895
1040.3657
1040.5327
1040.6374
1040.68
1040.7505
1040.862
1040.978
1041.0862
1041.2019
1041.2962
1041.3736
