1064.9192
1064.6799
1064.3767
1063.9994
1063.5337
1062.9899
1062.3881
1061.8272
1061.25
1060.7309
1060.2883
1059.7989
1059.334
1058.8685
1058.3797
1057.9181
1057.3454
1056.7803
1056.2099
1055.5954
1055.0331
1054.4919
1054.0289
1053.5529
1052.9732
1052.4266
1051.8818
1051.3305
1050.7825
1050.1883
1049.6785
1049.0987
1048.5027
1047.9137
1047.4076
1046.9105
1046.417
1045.8447
1045.3088
1044.734
1044.1332
1043.5597
1043.0012
1042.4737
1041.9267
1041.3925
1040.8773
1040.4794
1040.0413
1039.4817
1038.9528
1038.4188
1037.885
1037.3895
1036.9332
1036.5275
1036.0806
1035.7598
1035.4093
1035.0877
1034.8323
1034.4721
1034.2157
1033.986
1033.8276
1033.6797
1033.5801
1033.4685
1033.3095
1033.1036
1032.8846
1032.635
1032.3671
1032.1101
1031.8916
1031.6661
1031.5919
1031.5153
1031.4178
1031.2753
1030.9891
1030.7188
1030.3471
1029.8911
1029.5424
1029.236
1028.8562
1028.4596
1028.0727
1027.6765
1027.2617
1026.96
1026.7171
1026.4504
1026.1417
1025.8721
1025.5655
1025.249
1024.8691
1024.5016
1024.1841
1023.846
1023.4768
1023.0718
1022.6876
1022.5085
1022.3517
1022.1577
1022.0693
1022.0604
1022.0022
1022.0648
1022.0997
1022.0637
1021.9577
1021.8859
1021.8274
1021.8505
1021.8928
1021.9246
1021.9378
1021.9581
1021.9779
1021.9714
1021.8985
1021.851
1021.7588
1021.7031
1021.6673
1021.6486
1021.5453
1021.4636
1021.6007
1021.6706
1021.7493
1021.8596
1021.8895
1021.9428
1021.9827
1022.0784
1022.2612
1022.4359
1022.7058
1023.0193
1023.3447
1023.5894
1023.895
1024.1925
1024.4525
1024.7826
1025.0789
1025.3449
1025.6078
1025.8904
1026.1806
1026.3933
1026.6212
1026.925
1027.2741
1027.6928
1028.0838
1028.5049
1029.0688
1029.6691
1030.2728
1030.6718
1031.0519
1031.4358
1031.8298
1032.1985
1032.5958
1032.9119
1033.2729
1033.6817
1034.1126
1034.5262
1034.9439
1035.3131
1035.756
1036.2133
1036.6635
1037.1611
1037.6547
1038.1282
1038.6379
1039.1594
1039.6846
1040.1544
1040.6184
1041.0484
1041.5738
1042.11
1042.4164
1042.8072
1043.1633
