85.6911
85.7234
85.7543
85.7701
85.7783
85.7788
85.7783
85.7809
85.7865
85.7913
85.7942
85.7949
85.7935
85.7945
85.7948
85.7983
85.8057
85.8145
85.8194
85.8219
85.82
85.8209
85.8146
85.8131
85.8001
85.7969
85.792
85.7833
85.7882
85.7914
85.7856
85.7779
85.7677
85.759
85.7511
85.7436
85.7371
85.7321
85.7363
85.7331
85.7321
85.7308
85.7314
85.7316
85.7333
85.7342
85.7337
85.7288
85.7265
85.7236
85.7263
85.7198
85.7147
85.7118
85.7118
85.7023
85.694
85.6792
85.6571
85.6294
85.6037
85.5821
85.5598
85.5468
85.5348
85.5219
85.5121
85.5001
85.4866
85.4804
85.4717
85.4641
85.4595
85.4558
85.4518
85.4483
85.4453
85.4421
85.4441
85.4516
85.4649
85.4775
85.4943
85.5086
85.5334
85.5471
85.5626
85.5846
85.6039
85.6238
85.6468
85.6685
85.6856
85.7045
85.724
85.7414
85.7592
85.7757
85.7876
85.8019
85.8152
85.8319
85.8481
85.8626
85.8775
85.8911
85.9074
85.9266
85.9473
85.9636
85.9816
86.0062
86.0232
86.0386
86.0501
86.0625
86.074
86.0876
86.1001
86.1119
86.1246
86.1321
86.1429
86.1526
86.1661
86.1818
86.1951
86.2086
86.2226
86.23
86.2458
86.2578
86.2665
86.2689
86.2716
86.2758
86.2805
86.2831
86.2824
86.2752
86.2597
86.2437
86.2299
86.2124
86.1994
86.1906
86.1802
86.1687
86.1531
86.1427
86.13
86.1172
86.108
86.0986
86.0889
86.0792
86.0697
86.065
86.062
86.0657
86.071
86.0832
86.0964
86.1117
86.127
86.1454
86.1615
86.1771
86.1889
86.2005
86.2044
86.2115
86.2249
86.2341
86.2488
86.2619
86.2764
86.2882
86.2997
86.312
86.3208
86.332
86.3427
86.3526
86.3621
86.3717
86.3768
86.3837
86.3913
86.4028
86.4057
86.4118
86.4173
86.429
86.4419
86.4514
86.4614
86.4739
86.4887
