103.6371
103.5889
103.5337
103.4734
103.4096
103.3411
103.2783
103.216
103.1625
103.1125
103.0625
103.0147
102.9652
102.9138
102.8555
102.7988
102.7389
102.6739
102.6077
102.541
102.4737
102.3964
102.3204
102.2485
102.1846
102.1101
102.0368
101.9675
101.9007
101.8301
101.7631
101.7004
101.6366
101.5777
101.5154
101.4556
101.3906
101.3264
101.2611
101.1959
101.1289
101.0592
100.9932
100.9284
100.8557
100.7834
100.7109
100.6494
100.5902
100.5378
100.4861
100.429
100.37
100.3136
100.258
100.2016
100.1438
100.0944
100.0529
100.0292
100.0216
100.0064
99.995
99.9952
99.9977
100.0081
100.0148
100.0225
100.0234
100.0279
100.0321
100.0341
100.0345
100.0363
100.0433
100.052
100.0735
100.0963
100.1057
100.0988
100.0657
100.0328
99.9828
99.9119
99.8422
99.7797
99.725
99.6642
99.5992
99.5334
99.4724
99.4144
99.359
99.3052
99.2535
99.2042
99.1537
99.0994
99.0454
98.9824
98.923
98.8599
98.7921
98.7223
98.6543
98.602
98.5575
98.5122
98.4672
98.4148
98.3639
98.3187
98.2692
98.2217
98.1693
98.1175
98.0695
98.0369
98.0093
97.9708
97.9298
97.8831
97.8358
97.7884
97.7399
97.6859
97.6248
97.5658
97.5058
97.4448
97.3818
97.3223
97.2859
97.2511
97.2086
97.1596
97.0951
97.0374
96.9944
96.9679
96.9684
96.9747
96.9947
97.0296
97.059
97.0885
97.107
97.1294
97.1477
97.168
97.1848
97.2028
97.2173
97.2284
97.2349
97.2321
97.2317
97.2394
97.2469
97.2696
97.3009
97.3377
97.3785
97.4316
97.4858
97.5284
97.5629
97.5953
97.6304
97.6646
97.6951
97.7241
97.7588
97.7931
97.8233
97.8574
97.8917
97.9232
97.9632
97.998
98.0313
98.068
98.1038
98.1338
98.1661
98.2014
98.2452
98.287
98.3308
98.3707
98.415
98.4578
98.4755
98.492
98.5146
