7.91
7.95
7.9
7.925
7.89
7.99
8.05
8.06
8.075
7.92
7.946
8.005
7.91
7.88
7.96
8.059
7.92
7.96
8.13
7.96
7.98
8.05
9.31
9.51
10.09
9.951
9.75
9.61
9.58
9.879
9.29
9.3
9.03
8.71
8.67
8.91
9.06
9.13
8.9
9.06
9.05
9.1
8.99
8.79
8.77
9.83
9.83
10.31
10.6
10.68
11.06
11.0
11.05
10.87
10.61
10.88
10.54
10.88
11.25
11.27
11.29
10.96
10.7
10.99
10.16
9.61
9.75
9.71
9.705
9.42
9.47
9.535
9.03
9.05
9.46
9.17
9.24
9.31
9.37
9.46
9.64
9.76
10.05
10.22
10.29
9.0
9.1
8.79
8.81
8.61
8.32
8.36
8.35
8.13
7.96
8.14
8.26
8.31
8.401
8.57
