32.2477
32.2645
32.2792
32.2749
32.265
32.2554
32.2557
32.2537
32.2522
32.252
32.2501
32.2468
32.2416
32.2344
32.2263
32.2166
32.2048
32.1944
32.1828
32.1744
32.165
32.156
32.1527
32.1521
32.1668
32.1807
32.2024
32.2237
32.2548
32.2927
32.3172
32.3407
32.3676
32.3966
32.4326
32.4622
32.4881
32.5143
32.5381
32.5627
32.5894
32.6176
32.6417
32.6653
32.6897
32.7124
32.7379
32.7639
32.7877
32.812
32.835
32.8478
32.8677
32.8874
32.9091
32.9327
32.9557
32.9786
33.0022
33.0256
33.0493
33.0695
33.0938
33.1277
33.1651
33.199
33.2275
33.2567
33.2857
33.313
33.3375
33.3616
33.3861
33.4116
33.4382
33.4641
33.4887
33.5134
33.5402
33.5674
33.5939
33.6129
33.6292
33.6461
33.6504
33.6539
33.6504
33.6452
33.6446
33.6372
33.6319
33.6243
33.6133
33.6037
33.5924
33.5848
33.578
33.5711
33.5652
33.5587
33.5456
33.5321
33.5215
33.5119
33.5026
33.4973
33.488
33.4797
33.4743
33.4713
33.4707
33.4808
33.4851
33.4902
33.4949
33.4987
33.5067
33.5142
33.5174
33.5206
33.5265
33.5353
33.5415
33.5484
33.5532
33.557
33.5619
33.5679
33.5722
33.5761
33.5797
33.5835
33.585
33.5868
33.5888
33.594
33.6002
33.6061
33.6101
33.6109
33.6129
33.6204
33.6262
33.6271
33.624
33.623
33.6206
33.621
33.6204
33.6179
33.6142
33.6126
33.6101
33.6071
33.6048
33.6032
33.6016
33.5995
33.597
33.5954
33.5946
33.5944
33.5943
33.5931
33.5921
33.5906
33.5912
33.592
33.5923
33.5932
33.593
33.5913
33.5917
33.5954
33.5976
33.6016
33.6033
33.6019
33.6068
33.6096
33.6121
33.612
33.612
33.6113
33.6111
33.6138
33.6178
33.6217
33.628
33.6326
33.6373
33.6419
33.6465
33.6512
33.6547
