62.5045
62.486
62.4693
62.4422
62.4069
62.3775
62.3548
62.3267
62.2979
62.2674
62.2379
62.2094
62.1837
62.1587
62.1335
62.1102
62.0854
62.058
62.03
62.0014
61.9732
61.945
61.9261
61.9071
61.889
61.872
61.8575
61.8423
61.8231
61.8014
61.7824
61.7645
61.7522
61.7429
61.7359
61.7255
61.7127
61.7012
61.6889
61.6719
61.6537
61.6354
61.6114
61.5884
61.5682
61.5477
61.5272
61.5064
61.4835
61.4627
61.4419
61.4252
61.4087
61.3962
61.3867
61.3797
61.3717
61.3663
61.3663
61.3663
61.3662
61.3655
61.3615
61.3695
61.3848
61.3969
61.4061
61.4181
61.4279
61.4369
61.4451
61.4501
61.4477
61.4487
61.4522
61.4538
61.4582
61.4695
61.478
61.4862
61.4933
61.4954
61.4929
61.4912
61.4919
61.4952
61.4967
61.4977
61.5012
61.5028
61.5053
61.5072
61.506
61.5
61.4932
61.4888
61.486
61.484
61.4839
61.4867
61.4853
61.4837
61.4874
61.4902
61.4899
61.4936
61.4994
61.5027
61.5091
61.5101
61.5125
61.5125
61.515
61.5132
61.5093
61.506
61.5
61.4905
61.4822
61.4827
61.4812
61.4822
61.4835
61.4847
61.4892
61.4922
61.4954
61.4996
61.5052
61.5129
61.5194
61.5275
61.5425
61.5547
61.5638
61.5738
61.5803
61.5842
61.5929
61.6038
61.6153
61.6285
61.639
61.6462
61.6572
61.6676
61.6779
61.6897
61.6974
61.7064
61.7167
61.7274
61.7364
61.7439
61.7522
61.7607
61.7688
61.777
61.7827
61.7907
61.8015
61.8113
61.8184
61.8259
61.8343
61.8423
61.8497
61.8605
61.8725
61.8833
61.8967
61.908
61.918
61.9292
61.9371
61.9401
61.9428
61.9451
61.9441
61.9388
61.9339
61.9245
61.9147
61.9058
61.8915
61.8783
61.8643
61.8475
61.8318
61.8163
61.8035
61.7919
61.7781
61.7661
61.752
