43.02
42.421
43.41
43.49
43.01
44.31
44.81
45.695
45.44
44.95
45.23
45.33
44.97
45.12
44.801
45.45
46.18
46.49
45.61
46.47
45.89
46.34
47.7
53.858
54.47
54.87
54.0
53.31
53.84
53.7
54.26
53.443
53.23
53.67
54.09
54.3
54.39
54.09
53.85
53.38
54.57
56.05
55.84
55.8
55.96
56.59
55.98
55.51
55.823
55.88
54.69
53.47
52.15
52.99
52.55
52.6
49.6
50.75
50.1
50.77
50.97
51.87
52.3
53.3
53.62
51.69
50.85
51.09
51.49
51.85
51.72
50.12
50.26
50.95
51.35
51.17
51.43
51.32
51.21
53.25
57.11
58.14
59.34
59.68
60.42
60.08
60.6
61.593
61.82
61.46
60.45
61.43
62.14
62.82
61.75
63.1
64.2
64.38
65.64
66.5
