245.4211
245.5747
245.7179
245.8141
245.8447
245.8929
245.9517
246.0066
246.0465
246.1079
246.1595
246.2522
246.3647
246.4592
246.5489
246.6354
246.7166
246.7949
246.8589
246.9587
247.0663
247.1723
247.3768
247.581
247.7497
247.8977
248.0555
248.2352
248.3696
248.4976
248.5708
248.6828
248.7808
248.8884
249.0224
249.1337
249.2246
249.3208
249.4103
249.494
249.5677
249.6484
249.696
249.7198
249.742
249.7655
249.8128
249.8464
249.8746
249.8926
249.9223
249.9468
249.9467
249.9359
249.9579
249.9508
249.9575
249.9818
250.0147
250.0535
250.0493
250.0228
250.0123
250.0341
250.1006
250.16
250.1989
250.2338
250.2778
250.3189
250.3561
250.3774
250.3919
250.4081
250.4286
250.4369
250.4356
250.4319
250.4466
250.4343
250.4052
250.3716
250.2333
250.1191
250.0303
249.9686
249.8998
249.8066
249.705
249.5965
249.5086
249.4166
249.3251
249.2235
249.1099
249.0212
248.9385
248.843
248.7452
248.6476
248.5457
248.4355
248.3302
248.2137
248.1003
248.0467
247.9927
247.9427
247.9062
247.8619
247.8274
247.8123
247.833
247.8504
247.8716
247.8937
247.857
247.8342
247.808
247.7885
247.779
247.7728
247.7626
247.7536
247.7566
247.7589
247.7641
247.7712
247.7783
247.7708
247.7688
247.7748
247.7875
247.8008
247.8213
247.8558
247.8916
247.9431
247.9878
248.0411
248.1063
248.1634
248.2212
248.2561
248.3111
248.3682
248.4252
248.4952
248.5706
248.6493
248.7279
248.8005
248.864
248.9302
248.9904
249.0452
249.0982
249.153
249.2037
249.2612
249.318
249.3776
249.4485
249.5445
249.635
249.6735
249.7006
249.7319
249.7661
249.8092
249.8717
249.9354
249.9848
250.0449
250.0861
250.1299
250.2247
250.3295
250.449
250.5583
250.696
250.8174
250.9521
251.0932
251.2205
251.3489
251.4818
251.609
251.7475
251.8904
252.0241
252.1581
252.287
252.4317
252.5705
