32.3252
32.3318
32.3415
32.3411
32.3316
32.3219
32.3155
32.308
32.3004
32.2938
32.2916
32.2909
32.2919
32.2931
32.2949
32.2965
32.2965
32.2957
32.2943
32.2937
32.2924
32.2922
32.2943
32.2945
32.297
32.302
32.3098
32.3163
32.3214
32.3247
32.3234
32.3229
32.3205
32.3201
32.322
32.32
32.3143
32.306
32.3009
32.296
32.2929
32.2905
32.2841
32.2788
32.273
32.2665
32.2619
32.2575
32.2515
32.2454
32.2397
32.2317
32.2195
32.2119
32.2032
32.1979
32.192
32.1897
32.1842
32.1777
32.1715
32.1651
32.1576
32.158
32.1623
32.1658
32.169
32.1728
32.1764
32.1787
32.1787
32.177
32.1734
32.1704
32.1691
32.168
32.1663
32.1671
32.1678
32.1651
32.1623
32.1549
32.1432
32.1343
32.1234
32.11
32.0943
32.0806
32.066
32.0503
32.0364
32.0212
32.0049
31.9893
31.9758
31.9647
31.9555
31.9478
31.9387
31.9279
31.9145
31.9009
31.8889
31.873
31.855
31.8435
31.8309
31.816
31.802
31.7895
31.7775
31.7676
31.7621
31.7533
31.7485
31.7418
31.7368
31.7332
31.7292
31.7262
31.7247
31.7225
31.7195
31.716
31.7125
31.7082
31.7017
31.6927
31.6852
31.677
31.6699
31.6635
31.6569
31.6485
31.6389
31.6285
31.6195
31.61
31.6028
31.5987
31.595
31.5947
31.5944
31.5918
31.5903
31.5919
31.5932
31.5941
31.5958
31.5982
31.6008
31.6024
31.6051
31.6076
31.6072
31.607
31.6076
31.608
31.6075
31.6075
31.608
31.6083
31.6089
31.6124
31.6183
31.6189
31.6186
31.6215
31.6255
31.6263
31.6313
31.6351
31.6387
31.6431
31.643
31.6433
31.6407
31.6369
31.6358
31.6333
31.6293
31.6253
31.6206
31.6183
31.6153
31.6128
31.6118
31.612
31.6105
31.6107
31.6098
31.6092
31.6091
31.6092
31.6092
