217.8811
217.9448
218.0088
218.0802
218.1233
218.1328
218.1588
218.1621
218.1698
218.1931
218.2368
218.2823
218.3309
218.3902
218.421
218.4438
218.4718
218.503
218.5407
218.6023
218.7528
218.941
219.1637
219.3934
219.5904
219.8037
220.0232
220.2291
220.4381
220.6099
220.7783
220.9569
221.1348
221.3003
221.4423
221.5783
221.7342
221.8762
222.0135
222.1368
222.2377
222.3599
222.4954
222.6414
222.7792
222.9294
223.0887
223.2314
223.3556
223.5061
223.6373
223.7825
223.922
224.0197
224.1239
224.2698
224.4111
224.5394
224.6989
224.8434
224.9999
225.2177
225.4041
225.565
225.7395
225.9353
226.1109
226.2902
226.4352
226.5854
226.7447
226.9164
227.0699
227.1799
227.2859
227.3729
227.4428
227.4939
227.5617
227.5864
227.5572
227.488
227.3755
227.2355
227.1155
226.9995
226.8815
226.7788
226.6586
226.5368
226.413
226.2821
226.1523
226.0188
225.8953
225.775
225.648
225.5334
225.4239
225.3196
225.1994
225.0881
225.0023
224.9133
224.8379
224.7418
224.6323
224.5398
224.4518
224.3517
224.2668
224.1562
224.0578
224.0012
223.939
223.8827
223.8236
223.7649
223.7077
223.6566
223.6123
223.544
223.4774
223.4152
223.3563
223.2826
223.2168
223.1433
223.0971
223.0512
222.9961
222.9361
222.8912
222.8722
222.8676
222.8842
222.9356
222.9962
223.0217
223.0549
223.0629
223.0863
223.1028
223.1417
223.185
223.1943
223.2007
223.2078
223.212
223.2337
223.2625
223.3042
223.3492
223.3846
223.4225
223.4703
223.5062
223.5487
223.5752
223.6
223.6437
223.6933
223.7132
223.7137
223.7082
223.7018
223.6964
223.6776
223.6616
223.6397
223.6157
223.6009
223.5822
223.5573
223.539
223.5027
223.472
223.434
223.3933
223.3493
223.3126
223.2681
223.2296
223.1995
223.1693
223.1413
