41.0599
41.0599
41.0629
41.0666
41.0671
41.0695
41.0711
41.0714
41.0687
41.0673
41.0706
41.0757
41.0784
41.0797
41.0831
41.0885
41.0942
41.0984
41.1042
41.1089
41.1138
41.1178
41.1247
41.1413
41.1569
41.1729
41.191
41.2066
41.2231
41.2417
41.2577
41.2713
41.2842
41.3004
41.3157
41.3304
41.3445
41.357
41.3746
41.3877
41.4018
41.4147
41.4292
41.4438
41.4583
41.4723
41.4867
41.5005
41.5123
41.5245
41.5526
41.5867
41.6175
41.6496
41.6841
41.7214
41.7563
41.7854
41.8159
41.8485
41.8832
41.9164
41.9472
41.98
42.0185
42.0561
42.0912
42.1281
42.1679
42.2042
42.2378
42.271
42.3061
42.3418
42.3768
42.4083
42.4516
42.4962
42.5447
42.5959
42.6474
42.7003
42.7546
42.8008
42.8519
42.9039
42.9544
43.0059
43.0561
43.101
43.1487
43.1963
43.2458
43.29
43.3332
43.3766
43.4211
43.4663
43.5071
43.5502
43.5887
43.6265
43.6624
43.6985
43.7323
43.7623
43.7923
43.8233
43.8564
43.8889
43.9068
43.9153
43.9313
43.9465
43.9616
43.9706
43.982
43.9971
44.0106
44.0211
44.0262
44.0331
44.0391
44.0427
44.0444
44.048
44.0548
44.0605
44.0612
44.0622
44.0647
44.0658
44.0655
44.066
44.0667
44.0715
44.0595
44.0419
44.0198
43.9938
43.9667
43.9417
43.9104
43.8756
43.8382
43.8007
43.7644
43.7296
43.6971
43.6657
43.6367
43.6088
43.5805
43.5542
43.5324
43.5145
43.4972
43.487
43.4797
43.4704
43.4632
43.4535
43.441
43.4279
43.4158
43.4075
43.409
43.41
43.4105
43.4085
43.4067
43.4103
43.4123
43.4143
43.414
43.4162
43.4195
43.4244
43.4277
43.4307
43.435
43.4398
43.4448
43.4494
43.4555
43.4618
43.4661
43.4705
43.4797
43.4896
43.499
43.5111
43.5224
