94.2587
94.3824
94.5065
94.6125
94.7063
94.7933
94.8837
94.9717
95.0617
95.1478
95.2354
95.3152
95.3995
95.4867
95.5713
95.6537
95.7354
95.8167
95.8977
95.9806
96.06
96.1327
96.2064
96.2787
96.3284
96.3859
96.4429
96.4919
96.4929
96.4961
96.4619
96.4012
96.3473
96.2865
96.2403
96.2032
96.1648
96.1267
96.0907
96.0482
96.0007
95.949
95.9057
95.8662
95.8353
95.8059
95.7749
95.7408
95.7058
95.6606
95.6111
95.5786
95.5434
95.5124
95.4756
95.4645
95.4499
95.4287
95.4187
95.4085
95.3997
95.3972
95.3962
95.3975
95.3989
95.3995
95.3934
95.3884
95.3829
95.3804
95.3789
95.3827
95.3828
95.3796
95.3761
95.3766
95.3794
95.3831
95.3974
95.4013
95.4103
95.4212
95.439
95.455
95.495
95.5265
95.558
95.5976
95.6296
95.6578
95.688
95.7166
95.7438
95.7663
95.7886
95.8075
95.8246
95.8435
95.861
95.8768
95.8918
95.9053
95.9181
95.9275
95.9344
95.9482
95.9589
95.9715
95.9843
96.01
96.0358
96.0456
96.0568
96.0561
96.0581
96.0487
96.0368
96.025
96.0098
95.9887
95.9713
95.9522
95.9327
95.9097
95.8884
95.8697
95.8519
95.8349
95.8197
95.8005
95.7942
95.7909
95.7808
95.7673
95.755
95.7445
95.7331
95.721
95.6945
95.6766
95.657
95.6361
95.6101
95.5864
95.5609
95.5391
95.5153
95.4895
95.4632
95.436
95.4083
95.3853
95.3595
95.3353
95.3107
95.2865
95.2667
95.2495
95.2349
95.2219
95.2049
95.1896
95.1781
95.1712
95.1659
95.1576
95.1504
95.1451
95.1401
95.1357
95.1319
95.1247
95.1212
95.1174
95.1157
95.1172
95.1212
95.1277
95.1332
95.1397
95.1396
95.1409
95.1413
95.1422
95.1495
95.1584
95.1591
95.1571
95.1488
95.1472
95.1325
95.115
95.1062
95.1012
95.0967
95.0894
95.0797
95.0712
95.0619
