13.6886
13.707
13.7246
13.7406
13.7571
13.7728
13.7876
13.8024
13.8167
13.8319
13.848
13.8634
13.8782
13.8919
13.9058
13.9207
13.9359
13.9506
13.9659
13.9817
13.9974
14.0131
14.0306
14.0482
14.0653
14.0816
14.099
14.1164
14.1328
14.1509
14.1691
14.1868
14.2049
14.2228
14.241
14.259
14.2776
14.2962
14.3148
14.3323
14.3478
14.3621
14.3763
14.389
14.401
14.4129
14.423
14.4339
14.4446
14.4557
14.466
14.4741
14.4804
14.4881
14.4975
14.5042
14.5108
14.507
14.4989
14.4944
14.4899
14.4849
14.4799
14.4759
14.4732
14.4709
14.4703
14.4693
14.4684
14.4679
14.4664
14.4657
14.4652
14.4662
14.4674
14.4684
14.473
14.4779
14.4846
14.4903
14.4949
14.501
14.5058
14.5107
14.5152
14.5207
14.525
14.5295
14.5345
14.5372
14.539
14.5414
14.5436
14.5463
14.5486
14.5513
14.5525
14.5531
14.5529
14.5529
14.5546
14.5575
14.5603
14.5634
14.5672
14.5699
14.5732
14.5769
14.5809
14.5842
14.5879
14.5924
14.5977
14.6022
14.604
14.6053
14.6057
14.611
14.6191
14.625
14.6297
14.6342
14.6393
14.6444
14.6475
14.65
14.6513
14.6522
14.6539
14.6548
14.6568
14.6583
14.6597
14.6622
14.665
14.6679
14.6664
14.6664
14.6639
14.662
14.6605
14.6581
14.6546
14.6508
14.6483
14.6462
14.6438
14.641
14.6384
14.6361
14.6337
14.6302
14.6271
14.6242
14.6209
14.6166
14.6125
14.608
14.6046
14.6027
14.6004
14.598
14.596
14.5952
14.5933
14.5928
14.5925
14.593
14.5959
14.599
14.5994
14.6
14.6003
14.6008
14.603
14.606
14.6095
14.6129
14.6163
14.6188
14.6224
14.6259
14.63
14.6339
14.6382
14.6429
14.6479
14.6534
14.658
14.663
14.6675
14.6731
14.6791
14.6838
14.6881
