19.8174
19.8254
19.8326
19.8407
19.8496
19.8581
19.8683
19.8775
19.8873
19.899
19.9091
19.9197
19.9291
19.9384
19.9497
19.9606
19.9721
19.9826
19.9934
20.0049
20.0171
20.0357
20.0564
20.0763
20.0958
20.1147
20.1348
20.1561
20.1783
20.1977
20.2185
20.239
20.261
20.2827
20.304
20.3251
20.3468
20.3676
20.3886
20.4092
20.4303
20.4483
20.4675
20.4869
20.5055
20.5232
20.5397
20.5573
20.5746
20.5915
20.6074
20.6236
20.6396
20.6463
20.6551
20.6619
20.6648
20.6708
20.6792
20.6889
20.6983
20.7061
20.715
20.724
20.7328
20.7413
20.7487
20.7576
20.7653
20.7726
20.7808
20.7888
20.8022
20.8139
20.8212
20.8299
20.8402
20.8511
20.8637
20.8768
20.8893
20.8943
20.8994
20.904
20.9094
20.9153
20.9191
20.9228
20.9263
20.9305
20.9334
20.9362
20.9383
20.9409
20.9435
20.9459
20.9482
20.9513
20.9524
20.9492
20.9451
20.9433
20.9393
20.935
20.9323
20.9295
20.9285
20.9263
20.9234
20.9214
20.9202
20.92
20.92
20.9217
20.9231
20.922
20.9205
20.921
20.9209
20.9206
20.9202
20.9192
20.9168
20.9139
20.9097
20.9051
20.9026
20.8992
20.8957
20.8926
20.8877
20.8826
20.8727
20.8644
20.8589
20.8527
20.8453
20.8395
20.8312
20.8218
20.8125
20.8036
20.7934
20.7836
20.7756
20.7671
20.7591
20.7516
20.7436
20.7347
20.7267
20.7218
20.7128
20.7021
20.6916
20.6829
20.676
20.6686
20.6614
20.6595
20.6566
20.6572
20.6599
20.6612
20.6627
20.6641
20.6644
20.6653
20.6656
20.6649
20.6655
20.6641
20.6632
20.6615
20.6598
20.6585
20.6569
20.6549
20.654
20.6523
20.65
20.6489
20.6485
20.6474
20.6489
20.651
