82.7094
82.8061
82.8931
82.9603
83.0145
83.0716
83.1221
83.1557
83.1899
83.2323
83.2753
83.3196
83.3716
83.4239
83.4838
83.5419
83.6024
83.6601
83.7247
83.7887
83.8497
83.9168
83.9988
84.08
84.1625
84.2387
84.3187
84.3565
84.3772
84.3818
84.4022
84.4188
84.4395
84.4578
84.4663
84.4642
84.4645
84.4668
84.4717
84.4717
84.4672
84.4597
84.4525
84.4435
84.4383
84.434
84.4295
84.4138
84.3741
84.3281
84.2849
84.2521
84.2243
84.1952
84.1751
84.1529
84.1441
84.1473
84.151
84.1562
84.1558
84.1498
84.144
84.1447
84.1523
84.1442
84.1382
84.1356
84.1414
84.1387
84.1327
84.1284
84.1232
84.1147
84.0959
84.0774
84.061
84.0393
84.01
83.9838
83.9624
83.9307
83.885
83.8415
83.7977
83.7582
83.7193
83.6766
83.6297
83.5829
83.5417
83.5039
83.4692
83.4417
83.4159
83.3874
83.3616
83.3367
83.3085
83.2803
83.2483
83.2285
83.2167
83.2057
83.2112
83.222
83.2317
83.2437
83.2713
83.3109
83.3359
83.3723
83.3959
83.4179
83.4366
83.4568
83.4735
83.4932
83.5154
83.5286
83.5519
83.5739
83.5956
83.6211
83.6471
83.6754
83.7011
83.7279
83.7493
83.7734
83.7998
83.823
83.8477
83.8722
83.9018
83.9333
83.9679
84.0126
84.0583
84.098
84.1425
84.1826
84.2217
84.2645
84.3113
84.3613
84.4083
84.4551
84.5026
84.55
84.5929
84.6354
84.6754
84.7098
84.7397
84.7717
84.8052
84.8378
84.8652
84.8918
84.9282
84.98
85.019
85.0643
85.0944
85.1187
85.1455
85.1686
85.1983
85.2192
85.2523
85.2732
85.3024
85.3351
85.3716
85.4076
85.4421
85.4732
85.5068
85.5408
85.5666
85.5928
85.6175
85.6425
85.6637
85.6837
85.7082
85.7321
