67.4147
67.3936
67.3714
67.3523
67.3347
67.3175
67.3022
67.2911
67.2784
67.2639
67.2531
67.2421
67.2333
67.2263
67.2201
67.2141
67.2076
67.199
67.1903
67.1801
67.1688
67.1563
67.1538
67.1471
67.1421
67.1414
67.1414
67.1454
67.1464
67.1486
67.1484
67.1488
67.1526
67.1608
67.1718
67.1828
67.1961
67.2054
67.2109
67.2158
67.2219
67.2259
67.23
67.2358
67.2412
67.2484
67.2524
67.254
67.2586
67.2691
67.2776
67.2923
67.3048
67.3148
67.3207
67.3285
67.3362
67.343
67.3537
67.3651
67.3778
67.3877
67.4007
67.411
67.4188
67.4287
67.4379
67.444
67.4513
67.462
67.47
67.4788
67.4876
67.4946
67.5006
67.5099
67.5206
67.5313
67.5389
67.5404
67.5369
67.5314
67.516
67.5065
67.4945
67.4843
67.4718
67.4632
67.4563
67.4462
67.44
67.4345
67.4299
67.4241
67.4165
67.4101
67.4028
67.397
67.3929
67.3906
67.3884
67.3911
67.3914
67.3884
67.3854
67.3743
67.3633
67.3531
67.3408
67.3216
67.3018
67.2763
67.2543
67.2368
67.2224
67.2072
67.1926
67.1799
67.1636
67.146
67.122
67.0992
67.0737
67.0493
67.0233
66.9969
66.9685
66.9424
66.9173
66.8907
66.8647
66.8393
66.8197
66.7974
66.7728
66.7392
66.7041
66.6741
66.645
66.6227
66.6045
66.589
66.5745
66.5572
66.5398
66.5203
66.5052
66.487
66.4707
66.4584
66.4439
66.4309
66.4168
66.4017
66.3888
66.375
66.3619
66.35
66.3365
66.324
66.3134
66.3012
66.2915
66.2858
66.28
66.2777
66.2783
66.2778
66.2718
66.2688
66.2643
66.2655
66.2613
66.2555
66.2498
66.2451
66.2408
66.2345
66.2312
66.2307
66.2328
66.2385
66.243
66.2488
66.257
66.2645
66.2718
66.2776
66.2807
66.2852
66.2887
66.2906
66.2858
66.2837
66.2847
