26.6486
26.6443
26.6426
26.6399
26.6394
26.641
26.6429
26.6431
26.6434
26.6439
26.6443
26.6448
26.646
26.6482
26.6514
26.6516
26.6527
26.6533
26.6542
26.6535
26.6523
26.6512
26.6507
26.6481
26.6464
26.6441
26.6411
26.6389
26.6361
26.6355
26.6368
26.6376
26.639
26.6398
26.6408
26.6409
26.6384
26.6351
26.6315
26.6285
26.6253
26.6225
26.62
26.6185
26.6157
26.612
26.6092
26.6085
26.6074
26.6101
26.6128
26.616
26.6176
26.6197
26.6226
26.624
26.6253
26.6265
26.6279
26.6279
26.6285
26.6278
26.6261
26.6251
26.6227
26.6189
26.6149
26.6138
26.6108
26.6084
26.6067
26.6043
26.6007
26.5974
26.5927
26.5911
26.5877
26.5835
26.5775
26.5723
26.5663
26.5616
26.5587
26.5568
26.5546
26.5534
26.5524
26.5512
26.5502
26.5489
26.548
26.5478
26.5472
26.546
26.5448
26.5437
26.544
26.5449
26.5474
26.5495
26.5573
26.5655
26.5741
26.5788
26.5854
26.5913
26.5958
26.5973
26.5992
26.5969
26.5957
26.5947
26.5933
26.5921
26.5912
26.5908
26.5908
26.5906
26.5901
26.5907
26.5901
26.5901
26.5906
26.5906
26.5902
26.5895
26.5892
26.5887
26.5882
26.5876
26.5856
26.5821
26.5785
26.5742
26.5698
26.5644
26.5596
26.5561
26.554
26.5525
26.552
26.5503
26.548
26.5474
26.547
26.547
26.5473
26.5475
26.548
26.5488
26.5493
26.55
26.5521
26.5538
26.556
26.5597
26.5628
26.5654
26.5707
26.5765
26.5758
26.5743
26.5719
26.5731
26.5738
26.5776
26.5803
26.5843
26.5891
26.5942
26.5997
26.6043
26.6102
26.6166
26.6231
26.6295
26.6355
26.6424
26.6494
26.6563
26.6625
26.6688
26.673
26.6773
26.6809
26.6835
26.6858
26.6873
26.6902
