178.4944
178.5583
178.5843
178.5921
178.6326
178.6708
178.7233
178.7799
178.8409
178.8951
178.9384
178.9724
179.0026
179.0361
179.0661
179.092
179.1204
179.1616
179.1969
179.2293
179.2663
179.3528
179.4424
179.5459
179.6577
179.7718
179.9011
180.0281
180.1586
180.2756
180.3993
180.5221
180.6447
180.7617
180.8823
180.9942
181.0963
181.1944
181.2871
181.3875
181.4802
181.5664
181.6434
181.7238
181.811
181.8943
181.9822
182.0655
182.145
182.2161
182.2789
182.3255
182.3901
182.462
182.5437
182.5975
182.668
182.7378
182.8088
182.8736
182.9243
182.9719
183.0548
183.1561
183.2276
183.2913
183.3468
183.4006
183.4526
183.5041
183.5554
183.6112
183.6592
183.7117
183.7592
183.7666
183.793
183.7943
183.7988
183.7916
183.7826
183.736
183.6751
183.6038
183.5279
183.4471
183.3536
183.2667
183.1732
183.0951
183.0102
182.9233
182.8482
182.7847
182.7172
182.6505
182.5895
182.5275
182.4625
182.3896
182.3191
182.2417
182.1656
182.0932
182.0124
181.9607
181.8963
181.8435
181.8006
181.7557
181.7227
181.7066
181.692
181.677
181.6743
181.6661
181.6473
181.6305
181.6139
181.6067
181.6102
181.6142
181.6228
181.6322
181.6495
181.6716
181.6831
181.686
181.6899
181.6954
181.7057
181.7116
181.7244
181.7346
181.7457
181.7968
181.8297
181.8813
181.9332
181.9917
182.0281
182.0576
182.0933
182.1266
182.1508
182.1771
182.2111
182.246
182.2737
182.2924
182.3146
182.3341
182.3496
182.3625
182.3755
182.3886
182.394
182.4016
182.4166
182.4349
182.4539
182.4864
182.5174
182.5398
182.5602
182.5712
182.5909
182.6074
182.6138
182.621
182.6251
182.6289
182.6292
182.6232
182.6047
182.5936
182.5841
182.575
182.5575
182.5365
182.5149
182.4938
182.4743
182.4539
182.4297
182.4056
182.3856
182.3691
182.3515
182.3347
182.317
182.3002
