43.2552
43.2564
43.2637
43.2808
43.3003
43.3218
43.3465
43.3692
43.3928
43.4123
43.436
43.457
43.4782
43.4994
43.5221
43.5452
43.5692
43.5924
43.6177
43.6387
43.6617
43.6832
43.7142
43.7452
43.7878
43.8303
43.8739
43.9202
43.9653
44.013
44.0687
44.1225
44.174
44.2227
44.2767
44.327
44.3815
44.4296
44.4727
44.5177
44.5582
44.5949
44.6336
44.6746
44.7169
44.7571
44.7954
44.8332
44.871
44.9187
44.9637
45.0225
45.0898
45.1547
45.2169
45.2837
45.3524
45.4104
45.4561
45.5042
45.5516
45.5969
45.6353
45.6749
45.7191
45.7617
45.8029
45.8459
45.8907
45.937
45.9814
46.0255
46.0648
46.1083
46.152
46.1975
46.2385
46.276
46.3156
46.3563
46.3965
46.4377
46.4695
46.4985
46.5162
46.5404
46.5675
46.593
46.6214
46.6455
46.6629
46.6827
46.7059
46.7336
46.7569
46.7792
46.7952
46.8147
46.8331
46.8483
46.8686
46.8866
46.9005
46.9145
46.9245
46.9388
46.955
46.9658
46.9719
46.9698
46.9738
46.9626
46.9437
46.9277
46.915
46.8998
46.8858
46.8787
46.878
46.8755
46.8738
46.8698
46.8665
46.8609
46.8502
46.8399
46.8285
46.8177
46.8049
46.7912
46.7712
46.7513
46.7273
46.7011
46.6803
46.6564
46.6349
46.6159
46.5844
46.5505
46.5142
46.4772
46.4388
46.4066
46.3725
46.3336
46.2916
46.2498
46.2078
46.1676
46.1263
46.0831
46.04
45.9961
45.9501
45.9062
45.8653
45.8263
45.7897
45.7554
45.7248
45.6972
45.6711
45.637
45.605
45.5716
45.539
45.5106
45.493
45.4768
45.4551
45.4311
45.4062
45.3849
45.3669
45.346
45.3234
45.3027
45.2838
45.2674
45.2495
45.2298
45.2115
45.192
45.1745
45.1582
45.1438
45.1282
45.1117
45.0953
45.0849
45.0771
45.0762
45.0762
45.0715
