55.5324
55.5446
55.5549
55.5704
55.5851
55.5977
55.6112
55.6253
55.6393
55.6501
55.6579
55.6676
55.6753
55.6824
55.6911
55.7032
55.7175
55.7325
55.7456
55.7594
55.7721
55.7826
55.7889
55.7963
55.8026
55.8138
55.8298
55.8478
55.8656
55.8886
55.9123
55.9319
55.95
55.9693
55.9871
56.0043
56.0236
56.0427
56.0628
56.0818
56.1029
56.1211
56.1388
56.1563
56.1746
56.1923
56.2111
56.2278
56.2469
56.2646
56.2841
56.3022
56.321
56.3361
56.3533
56.3723
56.3883
56.4026
56.4116
56.4198
56.4279
56.4344
56.4396
56.4433
56.4466
56.4517
56.4545
56.4558
56.4548
56.4563
56.4582
56.4578
56.4574
56.4561
56.4588
56.4586
56.4516
56.4447
56.4404
56.439
56.4402
56.4425
56.4482
56.4518
56.4575
56.4577
56.4538
56.449
56.4454
56.4371
56.4289
56.4193
56.4103
56.4007
56.3928
56.3869
56.3818
56.375
56.3663
56.3586
56.3487
56.3389
56.3293
56.3176
56.3065
56.2938
56.2803
56.2693
56.2576
56.2488
56.2392
56.2321
56.2226
56.2168
56.2095
56.201
56.194
56.19
56.1893
56.1876
56.1839
56.1792
56.1752
56.1709
56.1666
56.1609
56.1557
56.1505
56.1468
56.1422
56.1407
56.1401
56.1419
56.1424
56.1409
56.1419
56.1479
56.1532
56.1557
56.1542
56.1512
56.1487
56.146
56.1448
56.1432
56.1418
56.1398
56.1383
56.1367
56.1358
56.1351
56.1349
56.1337
56.1327
56.1302
56.1261
56.1206
56.1165
56.115
56.1084
56.1011
56.0955
56.0885
56.084
56.0796
56.0758
56.0715
56.0664
56.0612
56.0541
56.0452
56.0365
56.0288
56.0201
56.0145
56.0115
56.0085
56.0055
56.0017
56.0002
55.9981
55.9971
55.995
55.9931
55.9943
55.997
55.9962
55.9954
55.9962
55.9968
55.9938
55.9897
55.9839
55.9804
55.9752
55.968
55.9609
55.954
55.9482
