49.6175
49.632
49.6446
49.6423
49.6308
49.6164
49.6069
49.6029
49.5922
49.5847
49.5796
49.5765
49.5713
49.5668
49.5704
49.5751
49.5791
49.5857
49.5931
49.6039
49.6206
49.6364
49.6542
49.6731
49.7106
49.7502
49.7985
49.8492
49.8986
49.9496
49.9903
50.0284
50.0665
50.1057
50.1509
50.1922
50.2288
50.259
50.2934
50.3282
50.362
50.3928
50.4187
50.4455
50.4737
50.5035
50.5345
50.5697
50.6022
50.6369
50.6715
50.6889
50.7047
50.7169
50.7292
50.7355
50.742
50.7502
50.7573
50.7631
50.7713
50.7776
50.7813
50.7984
50.8161
50.8309
50.8379
50.8469
50.8589
50.8689
50.8771
50.8884
50.8976
50.9084
50.9206
50.9354
50.9489
50.9635
50.9811
50.9938
51.0061
51.0092
51.0041
51.0024
50.9834
50.9648
50.9393
50.9138
50.8892
50.8637
50.8457
50.8286
50.8114
50.7954
50.78
50.769
50.7583
50.7523
50.7454
50.7364
50.7247
50.7122
50.702
50.6894
50.671
50.6654
50.6542
50.6372
50.6186
50.5961
50.5772
50.5762
50.5767
50.5806
50.5874
50.5967
50.5999
50.6097
50.6104
50.6101
50.611
50.6141
50.6219
50.6251
50.6326
50.6419
50.6504
50.6609
50.6736
50.6857
50.6954
50.7023
50.7073
50.713
50.7193
50.7285
50.7375
50.7491
50.7615
50.7728
50.7797
50.7964
50.8128
50.8339
50.8554
50.8838
50.9073
50.9278
50.9446
50.9611
50.9701
50.9777
50.9901
51.0012
51.0108
51.0181
51.0263
51.0305
51.0326
51.0344
51.0361
51.0381
51.042
51.0471
51.0536
51.045
51.0399
51.037
51.0367
51.0341
51.0268
51.0177
51.013
51.0105
51.0091
51.0075
51.0138
51.0173
51.0266
51.036
51.0439
51.0504
51.0569
51.0667
51.0745
51.0832
51.0954
51.1044
51.1112
51.118
51.1267
51.1312
51.1335
51.1365
51.1375
