39.5354
39.5415
39.5468
39.5497
39.5542
39.5575
39.5597
39.5661
39.5732
39.5816
39.5919
39.6041
39.6158
39.6308
39.6438
39.6573
39.6743
39.6951
39.7141
39.7343
39.7532
39.7697
39.7834
39.7981
39.8071
39.8194
39.8299
39.8412
39.8547
39.8683
39.8747
39.8763
39.8777
39.8774
39.8751
39.8704
39.8629
39.8551
39.8477
39.8379
39.8276
39.8148
39.8014
39.7871
39.7736
39.7591
39.7452
39.7302
39.7126
39.6928
39.6647
39.6469
39.6259
39.6065
39.584
39.5691
39.5576
39.5488
39.5423
39.5375
39.5302
39.5235
39.5199
39.5175
39.5144
39.513
39.5147
39.5158
39.5165
39.5196
39.5236
39.5255
39.5283
39.529
39.533
39.5374
39.5367
39.5304
39.527
39.5258
39.5255
39.5285
39.532
39.5342
39.5419
39.5477
39.5592
39.569
39.5765
39.5835
39.5898
39.5971
39.6055
39.6124
39.6195
39.6285
39.6393
39.6508
39.6624
39.675
39.6875
39.7007
39.7132
39.7215
39.732
39.74
39.7494
39.7563
39.7657
39.7752
39.7934
39.8004
39.8089
39.8167
39.8277
39.834
39.8389
39.8455
39.8523
39.8581
39.8645
39.8722
39.8804
39.89
39.8984
39.9075
39.9152
39.9229
39.9302
39.9391
39.9505
39.9598
39.9699
39.9808
39.9913
40.0039
40.0207
40.039
40.0562
40.0718
40.0893
40.1068
40.1255
40.1427
40.1573
40.1702
40.1787
40.188
40.198
40.2082
40.2172
40.2263
40.233
40.2427
40.251
40.2583
40.2653
40.2729
40.2728
40.2803
40.2904
40.3004
40.3129
40.3285
40.34
40.353
40.3686
40.3869
40.4036
40.4221
40.4378
40.4533
40.4713
40.4853
40.4981
40.5129
40.5291
40.5452
40.5612
40.578
40.5942
40.61
40.6239
40.6366
40.6499
40.6634
40.6757
40.6881
40.6957
40.6981
40.6986
40.7028
40.7078
40.7123
40.7164
40.7168
40.7178
40.7195
40.7209
