146.1806
146.2101
146.2399
146.2677
146.2948
146.3165
146.3319
146.3408
146.355
146.3727
146.3831
146.3946
146.4067
146.4183
146.4308
146.4485
146.4655
146.4865
146.511
146.5252
146.5406
146.5544
146.5662
146.5839
146.6024
146.6229
146.6435
146.6687
146.7005
146.726
146.7408
146.7572
146.7728
146.7863
146.7972
146.8083
146.8208
146.8283
146.8331
146.8361
146.8364
146.8316
146.8311
146.8221
146.8167
146.8082
146.7982
146.7871
146.7812
146.7761
146.7759
146.7772
146.7789
146.7904
146.7988
146.8105
146.8263
146.8383
146.849
146.851
146.8541
146.858
146.8629
146.8647
146.8694
146.8726
146.8768
146.8849
146.8868
146.8861
146.8883
146.878
146.8665
146.856
146.843
146.8269
146.8155
146.8063
146.7951
146.7975
146.7962
146.7956
146.7972
146.7938
146.7867
146.7787
146.776
146.7685
146.7602
146.751
146.7464
146.7435
146.7424
146.7439
146.7477
146.749
146.747
146.7449
146.7519
146.7734
146.7964
146.8206
146.8449
146.8736
146.9029
146.9338
146.9636
146.9922
147.0149
147.0392
147.0596
147.0791
147.0954
147.1163
147.1371
147.1587
147.1749
147.1901
147.2059
147.2228
147.242
147.2615
147.2792
147.3016
147.3286
147.3517
147.3789
147.407
147.4392
147.4777
147.5167
147.5688
147.6105
147.6526
147.6966
147.7431
147.7866
147.8303
147.8762
147.9207
147.9629
148.0042
148.0436
148.0855
148.1294
148.1729
148.2149
148.2607
148.3074
148.352
148.3979
148.4433
148.4855
148.5245
148.5625
148.6017
148.646
148.6972
148.7369
148.7612
148.7839
148.8092
148.8321
148.854
148.8742
148.8926
148.9134
148.9343
148.9515
148.9679
148.9813
149.0014
149.0232
149.0393
149.0541
149.0694
149.0933
149.1201
149.1554
149.1917
149.2279
149.2634
149.2977
149.3305
149.3549
149.382
149.4049
149.4264
149.4426
149.4505
