57.6461
57.5894
57.5342
57.4696
57.4026
57.3387
57.2757
57.2201
57.1567
57.0996
57.0388
56.9794
56.9219
56.8639
56.8052
56.7449
56.6849
56.6292
56.5699
56.5084
56.4429
56.3634
56.2845
56.198
56.1099
56.0212
55.9302
55.8419
55.7621
55.6914
55.6196
55.5514
55.4824
55.4174
55.3499
55.2802
55.2095
55.141
55.0744
55.0134
54.951
54.8874
54.8299
54.7723
54.7166
54.6636
54.6048
54.5484
54.4888
54.4213
54.396
54.3548
54.3357
54.3117
54.2834
54.2523
54.2316
54.2107
54.1892
54.1651
54.1397
54.1168
54.0925
54.0745
54.058
54.0483
54.0432
54.0352
54.0283
54.0228
54.0146
54.01
54.0015
53.9951
53.9946
54.0013
54.0085
54.0178
54.0325
54.0426
54.0579
54.0812
54.1096
54.153
54.1973
54.2438
54.2928
54.3344
54.3761
54.4158
54.4508
54.4848
54.5236
54.565
54.6039
54.6472
54.6906
54.735
54.7773
54.8144
54.8537
54.8928
54.9215
54.9503
54.9766
54.9991
55.0257
55.0466
55.0776
55.1203
55.1238
55.1445
55.1473
55.1594
55.1802
55.2019
55.2168
55.2346
55.2528
55.2816
55.3109
55.3388
55.3695
55.399
55.4242
55.4423
55.4563
55.4691
55.4913
55.5144
55.5451
55.5641
55.5916
55.6183
55.6403
55.6503
55.6569
55.6583
55.6556
55.6597
55.6595
55.6673
55.6717
55.6688
55.6636
55.6603
55.6557
55.6543
55.6524
55.6496
55.6493
55.6508
55.6526
55.6494
55.6486
55.6594
55.6725
55.6928
55.7119
55.728
55.7425
55.7543
55.7742
55.7916
55.8096
55.8293
55.8493
55.8745
55.8899
55.9056
55.9213
55.9379
55.958
55.9777
55.9987
56.0204
56.0393
56.0592
56.077
56.0958
56.1131
56.1278
56.148
56.167
56.1845
56.2008
56.2178
56.2315
56.2391
56.2439
56.241
56.2475
56.2492
56.2544
56.2577
56.2664
56.2766
