13.6109
13.6048
13.5993
13.5944
13.5887
13.5835
13.5777
13.5715
13.5655
13.5601
13.5547
13.549
13.5433
13.5375
13.5315
13.5258
13.5197
13.5129
13.5064
13.4989
13.4895
13.4804
13.4716
13.4626
13.4547
13.4469
13.4394
13.4326
13.4259
13.4182
13.4095
13.4014
13.3934
13.3859
13.3785
13.3715
13.3647
13.3576
13.3506
13.3442
13.3378
13.3308
13.3242
13.3168
13.3089
13.3019
13.2969
13.2922
13.2884
13.2847
13.2814
13.278
13.2762
13.2767
13.2759
13.2749
13.2732
13.2723
13.2707
13.2693
13.2684
13.2671
13.265
13.2629
13.2622
13.2615
13.2613
13.2613
13.2605
13.2592
13.2581
13.2575
13.2564
13.2582
13.2597
13.2629
13.2656
13.2695
13.273
13.2771
13.2832
13.2896
13.2966
13.3041
13.3102
13.3164
13.3227
13.3283
13.3352
13.3421
13.3496
13.3567
13.3644
13.3726
13.3807
13.3878
13.3947
13.4026
13.4123
13.4222
13.4323
13.4429
13.4537
13.4652
13.4774
13.4893
13.5012
13.5124
13.5239
13.5349
13.5459
13.5569
13.5669
13.5774
13.5893
13.6015
13.6144
13.627
13.6397
13.6524
13.6652
13.6782
13.6918
13.7058
13.7225
13.7386
13.7537
13.7688
13.784
13.8001
13.816
13.8317
13.8476
13.8606
13.8741
13.8862
13.8983
13.9102
13.9223
13.9351
13.9467
13.9577
13.967
13.9756
13.9852
13.9944
14.0035
14.0121
14.0207
14.0136
14.007
13.9978
13.9877
13.9758
13.9623
13.9492
13.937
13.9266
13.9128
13.8984
13.8846
13.8709
13.8566
13.8424
13.8276
13.8128
13.7971
13.7822
13.7674
13.7536
13.739
13.725
13.7109
13.6952
13.6796
13.6655
13.6504
13.6366
13.6226
13.6093
13.5959
13.5823
13.5681
13.5532
13.5351
13.5182
13.5031
13.4893
13.4756
