21.5297
21.5215
21.5114
21.4989
21.487
21.4793
21.4735
21.4685
21.4649
21.4599
21.4574
21.4555
21.4552
21.4538
21.4524
21.4496
21.4473
21.4459
21.4455
21.4441
21.4448
21.4446
21.4489
21.4513
21.4508
21.4499
21.4463
21.443
21.4378
21.4331
21.4294
21.4261
21.4242
21.4218
21.4184
21.4148
21.4114
21.4083
21.405
21.3998
21.3932
21.3853
21.3778
21.3701
21.3601
21.3496
21.3393
21.3321
21.3239
21.3177
21.3118
21.3052
21.2987
21.294
21.2905
21.2839
21.2788
21.2729
21.2664
21.2612
21.2562
21.2534
21.2534
21.2532
21.2525
21.2504
21.2478
21.2441
21.2397
21.2364
21.2323
21.229
21.2244
21.2202
21.2149
21.2108
21.2048
21.198
21.1904
21.1835
21.1755
21.1671
21.1545
21.1446
21.1381
21.1304
21.1257
21.1217
21.1173
21.1117
21.1057
21.0995
21.0939
21.0894
21.0847
21.0797
21.0752
21.0712
21.0674
21.0641
21.0623
21.0601
21.0579
21.0543
21.052
21.0518
21.052
21.0503
21.0496
21.0472
21.0457
21.0445
21.0421
21.038
21.0342
21.0309
21.0274
21.0234
21.0203
21.0175
21.0138
21.0109
21.0076
21.0036
20.9996
20.9956
20.9918
20.9893
20.9863
20.9839
20.9815
20.9789
20.978
20.9772
20.9762
20.9746
20.9764
20.9805
20.9849
20.9877
20.9909
20.9951
20.9999
21.004
21.0083
21.0133
21.0185
21.0249
21.031
21.0368
21.0424
21.0484
21.0549
21.0605
21.0661
21.0709
21.0751
21.0789
21.0832
21.087
21.0892
21.0902
21.0905
21.0907
21.0902
21.0878
21.085
21.0836
21.0825
21.082
21.0801
21.078
21.0783
21.0794
21.0805
21.082
21.0838
21.0862
21.0878
21.0886
21.0892
21.0898
21.0906
21.0915
21.0925
21.0939
21.0955
