25.6717
25.6788
25.6824
25.6786
25.6785
25.6781
25.6801
25.6794
25.6781
25.6766
25.6739
25.6716
25.6679
25.6641
25.6641
25.6623
25.6643
25.6648
25.6692
25.6732
25.6813
25.6911
25.6994
25.7076
25.7133
25.7208
25.7281
25.7354
25.7454
25.7542
25.7627
25.768
25.7685
25.7671
25.7659
25.7654
25.7635
25.7622
25.7618
25.76
25.7594
25.7582
25.7607
25.7606
25.7612
25.7622
25.7625
25.758
25.7518
25.7453
25.7403
25.7362
25.7317
25.7307
25.7269
25.7232
25.7178
25.7134
25.7077
25.7017
25.6962
25.6912
25.6907
25.6907
25.6881
25.685
25.6803
25.6764
25.6733
25.6696
25.6673
25.6648
25.6632
25.6632
25.663
25.6645
25.664
25.6646
25.6646
25.663
25.6624
25.6633
25.664
25.6651
25.6692
25.672
25.6755
25.6817
25.6871
25.6911
25.6941
25.6975
25.7009
25.7041
25.7081
25.7101
25.7146
25.7189
25.7218
25.7246
25.7275
25.7321
25.7381
25.743
25.7458
25.7528
25.7576
25.7688
25.7811
25.7922
25.804
25.8131
25.8221
25.8257
25.8314
25.8386
25.8461
25.8545
25.8656
25.875
25.8841
25.8926
25.8983
25.9042
25.91
25.9157
25.9222
25.9285
25.9331
25.9372
25.9416
25.9456
25.9462
25.9407
25.9338
25.9279
25.9229
25.9154
25.9108
25.9097
25.9075
25.9013
25.8967
25.8928
25.8903
25.889
25.8867
25.8835
25.8792
25.8753
25.87
25.8638
25.8581
25.8513
25.8433
25.8348
25.8273
25.8209
25.8162
25.8162
25.8173
25.8168
25.8127
25.8107
25.8069
25.8012
25.799
25.7967
25.7947
25.7934
25.7891
25.7866
25.7848
25.783
25.7809
25.7787
25.7769
25.7747
25.7725
25.7703
25.7684
25.7671
25.767
25.7655
25.7641
25.7629
25.7615
25.7564
25.7514
25.7471
25.7421
25.7369
25.7354
25.7384
25.7425
25.7455
25.7489
25.7545
25.7574
