34.2856
34.3007
34.3163
34.3352
34.3573
34.386
34.4164
34.4477
34.4788
34.5098
34.5396
34.5713
34.6058
34.6394
34.6697
34.7009
34.7316
34.7634
34.7926
34.8206
34.8489
34.8767
34.9072
34.9369
34.9726
35.0091
35.0483
35.083
35.1155
35.1468
35.1816
35.218
35.2557
35.2917
35.3304
35.3701
35.4103
35.4492
35.488
35.5277
35.565
35.6017
35.6393
35.6771
35.714
35.7517
35.7893
35.8263
35.8619
35.8985
35.934
35.969
36.004
36.0378
36.0696
36.0988
36.1294
36.1534
36.1742
36.1902
36.2112
36.2306
36.2513
36.2699
36.2871
36.3018
36.3148
36.3268
36.3407
36.3538
36.3679
36.3791
36.3873
36.3963
36.4083
36.42
36.4351
36.4548
36.4803
36.5089
36.5369
36.5616
36.5839
36.6079
36.6303
36.6481
36.6616
36.6788
36.696
36.7129
36.7303
36.7481
36.7656
36.7856
36.8014
36.8157
36.8323
36.8503
36.8689
36.8874
36.9066
36.9264
36.95
36.9718
36.9863
36.9974
37.0097
37.0254
37.0418
37.0573
37.0728
37.091
37.1065
37.1211
37.1338
37.1485
37.1606
37.1756
37.1907
37.2037
37.2133
37.2247
37.2334
37.2424
37.2504
37.2597
37.2689
37.2771
37.2832
37.2901
37.2952
37.2982
37.2989
37.3019
37.3061
37.3113
37.3128
37.3085
37.2997
37.2889
37.2786
37.2714
37.2647
37.2569
37.2469
37.2367
37.2289
37.2232
37.2192
37.2152
37.2099
37.2041
37.197
37.1892
37.1821
37.1757
37.1669
37.1575
37.1473
37.1353
37.1233
37.1093
37.0898
37.0707
37.0599
37.0535
37.0463
37.0401
37.0326
37.0238
37.0166
37.0071
37.0003
36.996
36.9949
36.9921
36.9902
36.9902
36.9892
36.9888
36.99
36.9884
36.9869
36.9856
36.9843
36.9819
36.9799
36.9795
36.9786
36.9779
36.978
36.9825
36.9904
36.9959
