138.5407
138.5722
138.6035
138.6258
138.6485
138.6708
138.6902
138.7018
138.7123
138.7135
138.7238
138.733
138.744
138.7523
138.7617
138.7718
138.7801
138.7873
138.7974
138.8098
138.8194
138.8302
138.8251
138.8138
138.8121
138.8193
138.8255
138.8316
138.8418
138.844
138.8573
138.8663
138.8646
138.8619
138.8666
138.8712
138.8722
138.8701
138.8646
138.8572
138.8481
138.8389
138.8377
138.8351
138.8387
138.8435
138.8417
138.8413
138.852
138.8569
138.8672
138.8774
138.8947
138.9137
138.9291
138.9512
138.9757
139.0113
139.0512
139.0864
139.1097
139.1256
139.1447
139.1632
139.181
139.1927
139.2048
139.2233
139.2427
139.268
139.2852
139.3042
139.3257
139.3442
139.3593
139.3792
139.4044
139.4327
139.4603
139.4875
139.5171
139.537
139.5724
139.6129
139.6451
139.6729
139.6969
139.7196
139.7464
139.7741
139.7988
139.8179
139.8435
139.8655
139.8825
139.9039
139.9245
139.9433
139.9611
139.9816
140.0091
140.0359
140.0647
140.1041
140.1418
140.1845
140.23
140.2688
140.2966
140.3329
140.3574
140.3866
140.4049
140.4236
140.4537
140.4839
140.5172
140.5518
140.5846
140.6204
140.6496
140.6806
140.7087
140.7371
140.7661
140.7956
140.8266
140.8731
140.9166
140.9756
141.0276
141.0684
141.1204
141.1779
141.2384
141.2936
141.3486
141.4051
141.4554
141.5043
141.5563
141.6176
141.6779
141.7413
141.8123
141.8783
141.9453
142.0088
142.0681
142.1264
142.1889
142.2511
142.3153
142.3815
142.4512
142.5084
142.5654
142.6138
142.6598
142.7048
142.7435
142.7831
142.8226
142.8563
142.8898
142.9198
142.9474
142.9725
142.9993
143.019
143.0486
143.0713
143.0966
143.1233
143.1439
143.1624
143.1821
143.1972
143.21
143.2233
143.2403
143.276
143.3137
143.3507
143.3819
143.4137
143.4417
143.4525
143.4664
143.4684
143.483
143.505
143.5125
143.5182
