69.7792
69.7818
69.795
69.7993
69.7998
69.797
69.7963
69.7939
69.7864
69.7763
69.7683
69.7531
69.7409
69.7316
69.7269
69.7253
69.7219
69.7187
69.7148
69.7126
69.7108
69.7036
69.7143
69.7213
69.7438
69.7661
69.7893
69.8071
69.8181
69.8343
69.8697
69.9062
69.944
69.9763
70.0053
70.0373
70.0714
70.1063
70.1413
70.1729
70.2041
70.2328
70.2642
70.2932
70.3248
70.3542
70.3832
70.4137
70.4459
70.4704
70.4969
70.52
70.5448
70.5635
70.5732
70.571
70.5702
70.5713
70.5615
70.5515
70.5498
70.5532
70.545
70.5423
70.5477
70.5613
70.5721
70.5861
70.6049
70.6244
70.6401
70.6646
70.6868
70.7023
70.7149
70.7294
70.7593
70.7866
70.8118
70.8416
70.8725
70.9078
70.9255
70.9516
70.96
70.9633
70.961
70.9643
70.9745
70.9785
70.9805
70.9805
70.9824
70.9855
70.9914
70.9954
70.9962
70.9955
70.9969
70.9992
71.0026
71.0084
71.0118
71.0146
71.0168
71.0049
70.9818
70.9622
70.9409
70.9242
70.9029
70.8898
70.875
70.8702
70.8734
70.8794
70.8835
70.8918
70.916
70.9355
70.946
70.9564
70.9689
70.983
70.9953
71.0039
71.011
71.0174
71.0218
71.0264
70.9807
70.9314
70.8914
70.8635
70.836
70.8002
70.7535
70.7069
70.6641
70.6141
70.5601
70.5026
70.4448
70.3753
70.3079
70.2421
70.1828
70.1218
70.0596
70.0056
69.9494
69.8896
69.8283
69.7654
69.6998
69.6333
69.5683
69.5055
69.449
69.3903
69.3254
69.2549
69.1884
69.1248
69.0596
69.0102
68.9699
68.9248
68.8923
68.8656
68.8306
68.7919
68.7572
68.7205
68.6864
68.6441
68.6011
68.5562
68.513
68.4653
68.4171
68.3643
68.3122
68.2589
68.2004
68.1426
68.0857
68.0292
67.9727
67.919
67.9175
67.9158
67.9093
67.8938
67.8762
