19.5889
19.5858
19.5815
19.5771
19.5738
19.5709
19.5676
19.5655
19.5648
19.5641
19.5638
19.5633
19.5618
19.5601
19.5584
19.5571
19.5556
19.554
19.553
19.5523
19.552
19.5511
19.5522
19.5546
19.5551
19.5566
19.5575
19.5579
19.5591
19.5598
19.5619
19.5674
19.5732
19.5797
19.5853
19.5907
19.5976
19.6043
19.6105
19.6153
19.6217
19.6278
19.6337
19.6402
19.6459
19.6525
19.6577
19.6649
19.6723
19.6814
19.6889
19.6946
19.7001
19.7052
19.7097
19.7128
19.7148
19.7128
19.708
19.7046
19.7026
19.6998
19.697
19.6938
19.6901
19.6868
19.6845
19.6808
19.6769
19.674
19.671
19.6679
19.6651
19.6629
19.66
19.6566
19.6612
19.6633
19.6673
19.6715
19.6764
19.6823
19.6857
19.6883
19.6928
19.6965
19.7008
19.7055
19.7092
19.7119
19.714
19.7164
19.7185
19.7201
19.7219
19.7236
19.7236
19.7239
19.7243
19.7264
19.7278
19.7294
19.7304
19.7316
19.7331
19.7332
19.7332
19.7348
19.7348
19.7347
19.7358
19.7383
19.741
19.7443
19.7484
19.7528
19.7568
19.7633
19.7704
19.7775
19.7837
19.7898
19.7957
19.8015
19.8073
19.8128
19.8172
19.8224
19.8277
19.8321
19.8357
19.839
19.8453
19.8506
19.8541
19.8577
19.8529
19.8507
19.8449
19.8389
19.8323
19.8252
19.8187
19.8116
19.8042
19.7963
19.7902
19.7847
19.7801
19.7762
19.7722
19.7676
19.7637
19.7595
19.7543
19.7495
19.7449
19.7404
19.7354
19.7325
19.7312
19.7283
19.7257
19.7225
19.7197
19.7176
19.7166
19.7131
19.7108
19.7078
19.7042
19.7022
19.6988
19.695
19.692
19.6892
19.6867
19.6849
19.6844
19.6837
19.6837
19.684
19.6851
19.6858
19.6868
19.6881
19.6898
19.6904
19.6906
19.6909
19.6921
19.6934
19.6917
19.6917
19.6937
