108.3644
108.3855
108.4102
108.4233
108.4351
108.4458
108.4623
108.4816
108.5045
108.5261
108.5478
108.5723
108.5942
108.6177
108.6425
108.6642
108.6895
108.7239
108.7552
108.7854
108.8152
108.8395
108.8555
108.8575
108.8571
108.8485
108.8445
108.8444
108.8386
108.8281
108.8045
108.7823
108.7649
108.7499
108.7416
108.7356
108.7329
108.7315
108.7284
108.7257
108.7247
108.72
108.7138
108.7117
108.708
108.704
108.7001
108.6898
108.6887
108.6797
108.6777
108.6805
108.692
108.705
108.7195
108.7367
108.7545
108.7683
108.7812
108.798
108.8184
108.836
108.85
108.8664
108.8833
108.8996
108.9146
108.9252
108.9344
108.9405
108.9484
108.9549
108.9585
108.9594
108.9562
108.9469
108.9396
108.9337
108.9306
108.9332
108.9281
108.9204
108.9196
108.9353
108.9523
108.9727
108.9907
109.0079
109.0239
109.0412
109.0632
109.0833
109.1065
109.1292
109.1483
109.1643
109.178
109.1901
109.2025
109.214
109.2239
109.2405
109.257
109.2713
109.2925
109.3247
109.3603
109.4061
109.4443
109.4919
109.5353
109.5684
109.5956
109.6214
109.6449
109.6683
109.6923
109.7148
109.7368
109.7536
109.7654
109.7761
109.7836
109.7886
109.7947
109.8026
109.8084
109.8116
109.8095
109.7996
109.7925
109.7733
109.7624
109.7556
109.7526
109.7593
109.7623
109.7537
109.7382
109.7171
109.704
109.6955
109.6872
109.6749
109.6666
109.659
109.6457
109.6332
109.6207
109.6075
109.5956
109.5823
109.5686
109.5566
109.546
109.5367
109.525
109.5113
109.4928
109.4774
109.4637
109.4438
109.4259
109.4058
109.3837
109.351
109.3185
109.2813
109.2428
109.2019
109.1581
109.1193
109.0809
109.0433
109.005
108.964
108.9257
108.8848
108.8437
108.8018
108.7653
108.7275
108.6947
108.6663
108.6303
108.591
108.5464
108.5063
108.4713
108.4458
108.417
108.3988
108.372
108.341
108.3102
108.2765
108.243
108.2145
