253.4201
253.6421
253.8975
254.0367
254.0884
254.196
254.308
254.4354
254.5275
254.6514
254.784
254.9136
255.0263
255.1458
255.2601
255.371
255.4838
255.6147
255.7619
255.9146
256.0641
256.2171
256.4021
256.5928
256.7809
256.9621
257.1402
257.3332
257.5177
257.7117
257.8596
258.0002
258.1133
258.2513
258.3725
258.4336
258.4574
258.4557
258.4961
258.4891
258.4422
258.3668
258.2503
258.1336
258.0098
257.8849
257.7691
257.6528
257.5208
257.3832
257.3182
257.211
257.1024
256.975
256.8481
256.7104
256.5826
256.4892
256.4619
256.4536
256.4401
256.4046
256.3467
256.3403
256.3732
256.3736
256.3421
256.2964
256.2656
256.2361
256.1901
256.1398
256.1097
256.0712
256.033
255.9944
255.9515
255.8774
255.792
255.6836
255.5764
255.4459
255.2791
255.1217
254.9567
254.8002
254.6625
254.4893
254.2807
254.0801
253.8898
253.7031
253.5271
253.3256
253.1651
253.0315
252.9203
252.8398
252.734
252.6578
252.5909
252.5474
252.5442
252.5299
252.5384
252.5406
252.575
252.6054
252.6333
252.6669
252.6436
252.6436
252.6527
252.6722
252.6805
252.6976
252.7171
252.7408
252.7408
252.7534
252.7692
252.8023
252.8315
252.8668
252.9073
252.958
253.0055
253.04
253.0878
253.1239
253.1711
253.2236
253.2624
253.3056
253.3517
253.3967
253.4374
253.4971
253.5544
253.6384
253.7072
253.7867
253.8344
253.8581
253.9038
253.9368
253.9424
253.9621
254.0025
254.0464
254.1112
254.1679
254.2221
254.293
254.3478
254.408
254.47
254.5205
254.5615
254.5965
254.6394
254.691
254.7052
254.7242
254.726
254.7374
254.7029
254.7148
254.7156
254.6963
254.6867
254.6689
254.6377
254.609
254.5737
254.5338
254.4789
254.4309
254.3803
254.3192
254.2585
254.1803
254.1082
254.0309
253.9484
253.8646
253.7927
253.7507
253.7086
253.6609
253.6113
253.5618
