148.8587
148.8187
148.7837
148.7612
148.7404
148.7181
148.6927
148.6772
148.6621
148.6506
148.6344
148.6206
148.6064
148.5909
148.5756
148.5674
148.5574
148.5437
148.5324
148.5193
148.4928
148.4645
148.4402
148.4226
148.3922
148.3645
148.3401
148.3176
148.2943
148.2755
148.2485
148.2208
148.1885
148.1632
148.1435
148.129
148.108
148.0832
148.0547
148.035
148.0159
147.9982
147.9822
147.9676
147.9568
147.9417
147.9203
147.9117
147.9013
147.8977
147.8978
147.8978
147.8946
147.9046
147.9168
147.928
147.9419
147.9643
147.9878
148.0098
148.0251
148.0367
148.0544
148.0716
148.0841
148.0992
148.1167
148.1299
148.1394
148.1476
148.1519
148.1575
148.1669
148.1725
148.181
148.1901
148.1919
148.1995
148.2128
148.2347
148.2697
148.298
148.3232
148.3419
148.373
148.4034
148.4354
148.4706
148.5144
148.5509
148.5903
148.6363
148.6872
148.731
148.7682
148.7973
148.8318
148.8677
148.9088
148.9456
148.9835
149.0445
149.102
149.1559
149.2132
149.2831
149.3511
149.4155
149.4775
149.5378
149.5867
149.6317
149.6816
149.7262
149.7665
149.8007
149.8341
149.8616
149.89
149.9212
149.9564
149.9897
150.0216
150.0504
150.0814
150.1074
150.1289
150.145
150.1785
150.2132
150.2619
150.3103
150.3538
150.4018
150.4408
150.4812
150.5325
150.58
150.6215
150.655
150.6867
150.7237
150.7631
150.8034
150.8417
150.8813
150.92
150.9594
150.999
151.0405
151.084
151.1251
151.1665
151.209
151.2506
151.2958
151.34
151.3876
151.4286
151.4698
151.5132
151.5317
151.5514
151.5685
151.5799
151.5816
151.587
151.5859
151.5898
151.588
151.5938
151.6006
151.6074
151.6151
151.625
151.6381
151.6526
151.6648
151.68
151.6956
151.7087
151.7254
151.7334
151.74
151.7477
151.7603
151.7776
151.7996
151.8079
151.8151
151.8112
151.8057
151.8048
151.8041
151.8091
