68.6089
68.6446
68.6763
68.7107
68.7457
68.7722
68.8032
68.8348
68.8617
68.8884
68.9131
68.9383
68.9637
68.9897
69.0124
69.0355
69.0602
69.0849
69.1118
69.1423
69.1796
69.2201
69.2587
69.3
69.347
69.4003
69.451
69.5028
69.5583
69.6079
69.6624
69.7204
69.7775
69.8379
69.8948
69.9458
69.9893
70.03
70.071
70.1096
70.1515
70.1945
70.2318
70.2719
70.3089
70.3493
70.3984
70.4486
70.4963
70.542
70.5852
70.6311
70.6693
70.7006
70.7257
70.7498
70.7716
70.7946
70.8175
70.844
70.8795
70.9118
70.9481
70.9828
71.0167
71.056
71.0899
71.122
71.1619
71.2042
71.2494
71.3055
71.3518
71.3943
71.4361
71.4781
71.5156
71.5539
71.5911
71.6261
71.6551
71.6783
71.6983
71.7165
71.7305
71.7387
71.7482
71.7587
71.7703
71.7851
71.7936
71.7989
71.8034
71.8069
71.8118
71.8198
71.8323
71.8433
71.8584
71.8698
71.8807
71.8868
71.8928
71.8974
71.8991
71.9006
71.8943
71.8784
71.8597
71.8396
71.8161
71.7897
71.77
71.752
71.7273
71.7017
71.6826
71.6622
71.6406
71.6182
71.5972
71.5811
71.562
71.5458
71.521
71.4964
71.4714
71.4474
71.4241
71.3982
71.3751
71.3417
71.3146
71.2907
71.2687
71.2434
71.2247
71.2047
71.1832
71.1591
71.1347
71.1126
71.0952
71.0799
71.0642
71.0479
71.0314
71.0149
70.9962
70.9721
70.9504
70.9226
70.8827
70.8407
70.805
70.7737
70.7444
70.7193
70.6922
70.6667
70.641
70.6182
70.5959
70.5667
70.5433
70.5227
70.505
70.4963
70.4916
70.4875
70.4848
70.4853
70.4861
70.4871
70.4881
70.4875
70.484
70.482
70.481
70.4788
70.474
70.4663
70.4622
70.4573
70.4612
70.4673
