147.591
147.5835
147.5663
147.5635
147.5671
147.578
147.6001
147.6274
147.6477
147.6634
147.6748
147.6945
147.7115
147.7281
147.7479
147.7727
147.7972
147.8307
147.8621
147.9057
147.9378
147.9662
148.0111
148.0451
148.0751
148.107
148.1328
148.167
148.2266
148.288
148.358
148.4286
148.5064
148.5887
148.6668
148.7383
148.7998
148.8612
148.9229
148.9884
149.0557
149.1201
149.1833
149.2457
149.3123
149.3771
149.4416
149.5096
149.5768
149.6392
149.7035
149.7938
149.8798
149.978
150.0783
150.1925
150.2913
150.398
150.4987
150.5913
150.6778
150.7612
150.8445
150.9258
151.0085
151.0917
151.1816
151.2708
151.3602
151.4522
151.5478
151.6382
151.7303
151.8223
151.9157
152.0033
152.0828
152.1587
152.2453
152.3248
152.4133
152.5134
152.6046
152.6944
152.7898
152.883
152.9805
153.0698
153.1387
153.203
153.2662
153.3304
153.3912
153.4424
153.4961
153.5541
153.6263
153.6966
153.7659
153.8272
153.8816
153.9394
153.9966
154.0498
154.0992
154.1583
154.2155
154.263
154.3123
154.364
154.4227
154.4583
154.4948
154.5208
154.5472
154.5711
154.5906
154.6111
154.6374
154.6729
154.7071
154.7427
154.7731
154.8036
154.8316
154.851
154.8621
154.8761
154.8932
154.9068
154.9433
154.9713
154.9869
155.0049
155.0204
155.0425
155.0742
155.0965
155.1044
155.1114
155.1191
155.1161
155.1176
155.1181
155.1296
155.1451
155.1534
155.166
155.182
155.1975
155.2119
155.2264
155.2386
155.2547
155.2717
155.2868
155.2958
155.3043
155.3093
155.3057
155.3064
155.3179
155.3338
155.3673
155.3939
155.4029
155.4144
155.4343
155.4446
155.4531
155.4604
155.4696
155.4756
155.4783
155.4784
155.474
155.47
155.46
155.4513
155.4378
155.4188
155.3915
155.3682
155.3445
155.313
155.2928
155.2853
155.2792
155.2741
155.2682
155.24
155.2195
155.2136
155.2028
155.1911
155.1728
155.1596
155.1503
155.1455
