153.0121
153.0523
153.0851
153.1166
153.1566
153.1932
153.231
153.2665
153.3003
153.3328
153.3612
153.3867
153.408
153.427
153.445
153.4686
153.494
153.5212
153.5531
153.5943
153.645
153.6936
153.75
153.794
153.8508
153.8999
153.9537
154.0057
154.0497
154.0897
154.1241
154.1582
154.1969
154.2417
154.2884
154.3389
154.3929
154.4384
154.4822
154.5161
154.5474
154.5783
154.6076
154.6388
154.6678
154.696
154.7283
154.7596
154.7835
154.8197
154.8433
154.8535
154.8677
154.8793
154.8868
154.8897
154.9043
154.8984
154.8632
154.8379
154.8206
154.8065
154.7942
154.789
154.7898
154.7896
154.7869
154.7878
154.7928
154.7968
154.8061
154.8121
154.8194
154.8229
154.8271
154.8377
154.8587
154.8778
154.8936
154.9021
154.9072
154.9057
154.8914
154.8934
154.8879
154.8907
154.8924
154.8987
154.9069
154.9144
154.9159
154.9111
154.8961
154.8782
154.8561
154.8286
154.7919
154.7634
154.7349
154.7069
154.6854
154.6638
154.6432
154.6253
154.6059
154.5758
154.5335
154.514
154.5018
154.4805
154.47
154.4697
154.4657
154.4632
154.4698
154.4778
154.49
154.5188
154.5579
154.5952
154.6232
154.6443
154.6683
154.6891
154.7065
154.7294
154.7467
154.7593
154.7678
154.7753
154.7724
154.7686
154.7614
154.7487
154.7419
154.7259
154.6994
154.6821
154.6667
154.6577
154.6488
154.6472
154.6525
154.6507
154.6446
154.6369
154.6253
154.6116
154.6003
154.5863
154.5709
154.5626
154.5583
154.5518
154.5443
154.5408
154.5389
154.5384
154.5279
154.5193
154.5153
154.5054
154.4946
154.4758
154.4613
154.4573
154.4612
154.4443
154.4313
154.4143
154.3887
154.3614
154.3262
154.2954
154.2615
154.2267
154.1852
154.1415
154.1003
154.0633
154.0233
153.9888
153.948
153.9051
153.8631
153.8182
153.778
153.7409
153.7029
153.6699
153.6471
153.6284
153.6122
153.6028
153.5866
