208.497
208.4702
208.4429
208.4102
208.367
208.3177
208.2769
208.2274
208.1753
208.1286
208.0686
208.0127
207.9569
207.8916
207.8281
207.7711
207.7158
207.6611
207.6118
207.5672
207.5271
207.4855
207.4406
207.3763
207.2938
207.2226
207.1568
207.0966
207.056
207.0185
206.9975
206.9896
206.9658
206.9306
206.8835
206.8439
206.8058
206.7637
206.7185
206.6579
206.598
206.5324
206.4693
206.4026
206.3411
206.2871
206.2348
206.1815
206.1317
206.0767
206.0167
205.99
205.9732
205.9494
205.9249
205.9442
205.9467
205.9502
205.9766
205.9969
206.0203
206.0381
206.0629
206.0896
206.1291
206.1759
206.2254
206.276
206.3276
206.3693
206.4216
206.4698
206.5183
206.5773
206.6375
206.6835
206.7342
206.7824
206.8387
206.8822
206.934
206.9705
207.0194
207.0874
207.1701
207.248
207.3356
207.4098
207.474
207.5366
207.5778
207.6181
207.6636
207.713
207.7752
207.8387
207.8985
207.9587
208.0234
208.0989
208.1639
208.2315
208.2997
208.3857
208.4847
208.578
208.6689
208.755
208.8259
208.9087
208.995
209.053
209.1092
209.165
209.2231
209.2493
209.2773
209.3213
209.3626
209.4088
209.4575
209.5104
209.5604
209.614
209.6549
209.6944
209.7284
209.7645
209.8
209.8346
209.8886
209.9441
209.9881
210.0087
210.0434
210.079
210.1148
210.1483
210.1713
210.2142
210.2544
210.3105
210.349
210.3855
210.428
210.4637
210.4907
210.5334
210.5784
210.6142
210.6552
210.6967
210.7314
210.7699
210.8031
210.8323
210.8646
210.917
210.9732
211.033
211.1003
211.1769
211.2539
211.3307
211.3829
211.4342
211.4854
211.5471
211.6176
211.6799
211.7384
211.7876
211.8435
211.9091
211.9642
212.0223
212.0886
212.1499
212.2101
212.2736
212.3532
212.4286
212.4988
212.562
212.6217
212.694
212.7752
212.8567
212.9373
213.0267
213.1043
213.1687
213.2412
213.3296
213.3968
213.4761
213.5503
213.6226
213.6988
