96.9589
96.9085
96.8512
96.8051
96.7708
96.7446
96.7131
96.6756
96.6479
96.6189
96.5917
96.5707
96.5514
96.5356
96.5169
96.5004
96.4716
96.4373
96.3996
96.3575
96.3206
96.2875
96.262
96.2313
96.2616
96.2932
96.3046
96.3171
96.3324
96.3464
96.3831
96.4416
96.5007
96.5491
96.5916
96.6439
96.6946
96.746
96.7947
96.8398
96.8899
96.9438
97.001
97.0571
97.1094
97.1581
97.1994
97.2431
97.2836
97.3184
97.3689
97.4241
97.4861
97.5416
97.5965
97.634
97.6731
97.7047
97.7032
97.6954
97.7036
97.7263
97.7532
97.7621
97.7759
97.7954
97.8231
97.8547
97.8779
97.91
97.9433
97.9698
97.9935
98.0095
98.0311
98.0529
98.0953
98.1432
98.1872
98.2189
98.252
98.2806
98.2994
98.3152
98.267
98.208
98.1611
98.1148
98.0668
98.0198
97.968
97.9138
97.8528
97.8019
97.7456
97.6896
97.6357
97.5765
97.519
97.4632
97.4041
97.3368
97.256
97.1747
97.0962
97.0582
97.0246
96.9867
96.9377
96.8992
96.8493
96.7911
96.7223
96.6613
96.5877
96.5197
96.4607
96.4154
96.3883
96.3605
96.331
96.2988
96.2673
96.2315
96.1833
96.1283
96.0705
96.0097
95.9472
95.8766
95.806
95.7445
95.676
95.6092
95.5374
95.4637
95.3795
95.3038
95.2368
95.1827
95.109
95.0371
94.964
94.894
94.8387
94.7862
94.7432
94.6981
94.6608
94.6218
94.5905
94.5583
94.5283
94.497
94.4744
94.4532
94.4296
94.4114
94.4079
94.3902
94.3767
94.3627
94.3637
94.4001
94.4381
94.4271
94.4111
94.396
94.3905
94.3955
94.4159
94.4454
94.4861
94.5292
94.5694
94.6115
94.6505
94.6789
94.7203
94.7586
94.7828
94.8063
94.8318
94.8545
94.8795
94.9118
94.939
94.9662
94.997
95.0352
95.0695
95.097
95.1327
95.1673
95.2048
