33.49
33.56
33.7
33.23
33.43
33.94
34.12
34.27
34.36
34.25
34.46
34.48
34.4
34.38
34.4
34.59
34.67
35.0
35.32
35.57
36.06
36.15
36.1
36.22
36.3
36.02
36.11
35.79
36.08
35.82
35.56
35.17
34.99
34.7
34.62
34.38
34.55
34.58
34.59
34.46
34.63
34.87
35.07
34.93
35.11
35.33
35.08
35.14
35.74
35.97
36.16
36.22
36.8
37.02
36.66
36.85
36.95
36.85
37.0
37.1
37.29
37.7
38.08
38.95
38.86
39.21
39.42
39.52
39.38
39.06
38.98
39.28
39.44
39.37
39.6
39.83
40.1
40.4
40.72
40.49
40.71
43.1
43.88
44.65
45.59
46.21
45.6
46.09
46.39
46.28
45.65
45.38
45.25
45.32
45.17
45.46
44.62
44.5
44.71
44.54
