155.0855
155.0893
155.0933
155.085
155.0618
155.0537
155.0351
155.0151
154.9996
154.9939
154.9966
155.0027
155.0109
155.0189
155.0229
155.033
155.053
155.0632
155.071
155.07
155.0837
155.1205
155.1719
155.2172
155.253
155.2888
155.3116
155.3275
155.3214
155.324
155.3345
155.341
155.3405
155.336
155.3456
155.3596
155.3726
155.3936
155.4126
155.4265
155.4361
155.4498
155.448
155.4405
155.4326
155.4251
155.4081
155.3895
155.3712
155.3715
155.3558
155.3485
155.3412
155.3259
155.3164
155.3119
155.3008
155.2846
155.2746
155.2628
155.2478
155.2351
155.2224
155.2394
155.2649
155.2703
155.29
155.3069
155.3226
155.3249
155.3206
155.3164
155.3089
155.2997
155.2896
155.2709
155.2487
155.2349
155.2296
155.233
155.2341
155.2205
155.1941
155.1699
155.1606
155.1494
155.1449
155.1478
155.1626
155.1616
155.1624
155.1559
155.1554
155.154
155.1515
155.1445
155.1385
155.1346
155.1294
155.1241
155.1252
155.1164
155.1199
155.1286
155.1364
155.1455
155.1538
155.1617
155.1762
155.181
155.1843
155.1749
155.1683
155.1667
155.1758
155.1785
155.1769
155.1656
155.1561
155.1526
155.1493
155.1534
155.1548
155.1449
155.1461
155.149
155.1553
155.1562
155.157
155.1624
155.1708
155.1776
155.1849
155.193
155.1955
155.1935
155.1917
155.1895
155.1807
155.1689
155.1525
155.1492
155.143
155.1296
155.1187
155.121
155.1252
155.1246
155.1081
155.0969
155.0825
155.0687
155.056
155.0479
155.0367
155.0278
155.0163
155.0021
154.9895
154.9767
154.959
154.9481
154.9358
154.9261
154.9198
154.9107
154.9106
154.9116
154.9144
154.9204
154.9199
154.9306
154.9348
154.9369
154.9282
154.9167
154.9133
154.9161
154.9249
154.9398
154.9564
154.9663
154.9814
155.0018
155.0208
155.0369
155.0494
155.062
155.0736
155.0847
155.0972
155.1117
155.1253
155.1396
155.1567
