55.1896
55.1983
55.206
55.2141
55.2203
55.2246
55.2271
55.228
55.2323
55.2361
55.2409
55.2452
55.2483
55.2535
55.2577
55.2625
55.2718
55.281
55.2933
55.3018
55.3089
55.3172
55.3252
55.3335
55.3429
55.3532
55.3688
55.3826
55.3913
55.3993
55.4111
55.424
55.4384
55.456
55.4753
55.496
55.5242
55.5534
55.5806
55.6101
55.6363
55.6626
55.6883
55.7133
55.7373
55.7584
55.7802
55.8036
55.8256
55.8488
55.8686
55.8793
55.8894
55.8971
55.9056
55.915
55.9247
55.9231
55.912
55.9055
55.9004
55.8959
55.8911
55.8882
55.8891
55.8899
55.8909
55.8939
55.8946
55.8938
55.8919
55.8925
55.8957
55.8974
55.8993
55.9024
55.9088
55.9143
55.9217
55.9398
55.9584
55.9748
55.9943
56.0163
56.0369
56.0584
56.0739
56.0932
56.1122
56.1307
56.1471
56.1636
56.1801
56.1951
56.2106
56.2212
56.2239
56.2282
56.2351
56.241
56.2456
56.2516
56.2571
56.2611
56.2648
56.2654
56.2669
56.2686
56.2735
56.2816
56.293
56.3113
56.3326
56.3512
56.3665
56.3811
56.3963
56.4256
56.462
56.4938
56.5268
56.5606
56.5941
56.6235
56.6515
56.6811
56.7117
56.7406
56.7693
56.7979
56.8254
56.8517
56.8812
56.9084
56.9308
56.9511
56.9646
56.9816
56.9941
56.9975
57.001
57.0067
57.0095
57.0078
57.006
57.0027
57.0003
56.9967
56.9948
56.9927
56.9896
56.9872
56.9823
56.9762
56.9683
56.9627
56.9608
56.956
56.947
56.9413
56.9382
56.9329
56.9311
56.9299
56.9307
56.9355
56.9394
56.943
56.945
56.9445
56.941
56.9375
56.933
56.9297
56.926
56.9214
56.9179
56.9129
56.9079
56.9007
56.8963
56.8945
56.8942
56.894
56.895
56.8958
56.8964
56.8956
56.8934
56.8902
56.8882
56.8859
56.8796
56.8758
56.8759
