18.7629
18.76
18.7563
18.7533
18.7483
18.7443
18.7399
18.7341
18.727
18.7202
18.7141
18.7092
18.704
18.7005
18.6979
18.696
18.6938
18.6907
18.6866
18.6799
18.6702
18.6614
18.6529
18.6438
18.6355
18.6275
18.619
18.613
18.6079
18.6023
18.5963
18.5904
18.5853
18.5811
18.577
18.5741
18.572
18.5701
18.5688
18.5685
18.5685
18.568
18.5683
18.5681
18.5678
18.5671
18.5658
18.5645
18.5601
18.5578
18.5564
18.5546
18.5522
18.5486
18.5442
18.5387
18.5328
18.528
18.5235
18.5187
18.515
18.5125
18.5121
18.5119
18.5118
18.511
18.5088
18.5087
18.5078
18.5067
18.5047
18.5026
18.5015
18.5015
18.5016
18.5039
18.5081
18.5134
18.5195
18.5276
18.5376
18.5471
18.556
18.5677
18.5793
18.5912
18.6037
18.6163
18.6291
18.6419
18.6559
18.6686
18.6805
18.6911
18.7031
18.7141
18.7242
18.7341
18.7429
18.7505
18.7581
18.7643
18.7692
18.7746
18.7803
18.788
18.7954
18.8017
18.8094
18.8148
18.8192
18.8238
18.83
18.8366
18.8439
18.8509
18.8584
18.8654
18.8725
18.8803
18.8883
18.8963
18.9022
18.906
18.9092
18.9142
18.9196
18.9229
18.9282
18.9337
18.9394
18.9443
18.9478
18.9507
18.9511
18.949
18.9448
18.94
18.936
18.9328
18.93
18.9266
18.9235
18.9176
18.9119
18.9056
18.8991
18.893
18.8861
18.8785
18.8706
18.8646
18.8591
18.8547
18.849
18.8435
18.8386
18.8339
18.8289
18.8245
18.8194
18.8161
18.8135
18.8117
18.8101
18.8071
18.8046
18.8026
18.8014
18.8004
18.7994
18.7976
18.7948
18.7927
18.7899
18.7869
18.7834
18.7799
18.7744
18.7675
18.7598
18.7535
18.746
18.74
18.7347
18.7289
18.7238
18.7197
18.7159
18.7124
18.7092
