86.9126
86.9086
86.9064
86.8841
86.858
86.8405
86.8233
86.8041
86.7883
86.7796
86.7721
86.7668
86.7628
86.7565
86.751
86.7458
86.7411
86.7361
86.7328
86.7335
86.7341
86.7356
86.7466
86.7657
86.7814
86.7966
86.8026
86.8063
86.8036
86.793
86.7723
86.7482
86.7178
86.6904
86.6779
86.6618
86.6424
86.6261
86.6081
86.5834
86.5607
86.5252
86.485
86.4448
86.4052
86.3668
86.3333
86.2989
86.2619
86.2223
86.1824
86.1374
86.0939
86.0534
86.0086
85.963
85.9252
85.8873
85.8528
85.8132
85.7747
85.736
85.6969
85.6798
85.6721
85.66
85.6465
85.6401
85.638
85.6265
85.6131
85.5984
85.5817
85.5644
85.5467
85.5244
85.4949
85.4675
85.4437
85.4129
85.3856
85.371
85.345
85.3217
85.3129
85.3042
85.3008
85.2956
85.2894
85.2865
85.2934
85.298
85.3035
85.313
85.3176
85.321
85.329
85.3353
85.3421
85.3488
85.3518
85.3624
85.3742
85.3814
85.3882
85.4
85.4143
85.426
85.4438
85.4656
85.4951
85.528
85.5612
85.5919
85.6525
85.7246
85.776
85.8298
85.8798
85.9398
85.9969
86.0547
86.1024
86.1447
86.1862
86.2242
86.2624
86.2982
86.3383
86.3772
86.4161
86.459
86.5035
86.5452
86.5877
86.6325
86.6863
86.7427
86.7915
86.8427
86.8893
86.9237
86.9618
86.9996
87.0296
87.0611
87.0952
87.1322
87.1721
87.2122
87.2514
87.2881
87.3242
87.3573
87.3873
87.4189
87.451
87.4808
87.5097
87.5373
87.5622
87.5822
87.6056
87.6356
87.6664
87.6927
87.7161
87.7391
87.7662
87.7912
87.7971
87.8014
87.8031
87.8066
87.7837
87.7521
87.7394
87.7249
87.7107
87.6876
87.6647
87.647
87.6385
87.6332
87.6258
87.622
87.6167
87.6057
87.5871
87.5708
87.5557
87.5391
87.5229
87.5086
87.4926
