40.7936
40.8023
40.812
40.8172
40.8222
40.8287
40.8345
40.8402
40.8457
40.8527
40.8582
40.863
40.8686
40.8752
40.8814
40.8877
40.8944
40.9013
40.9084
40.9146
40.921
40.9269
40.9322
40.937
40.9375
40.9395
40.9408
40.9429
40.9444
40.9466
40.947
40.9469
40.947
40.946
40.9448
40.9438
40.9428
40.9414
40.9402
40.9367
40.9337
40.9292
40.9258
40.9214
40.9165
40.9113
40.9055
40.8995
40.8923
40.8859
40.8787
40.8692
40.8554
40.8434
40.8318
40.8219
40.8141
40.8054
40.7979
40.7895
40.7837
40.7787
40.7711
40.7649
40.7591
40.7533
40.7483
40.7442
40.7395
40.734
40.7297
40.726
40.7215
40.7184
40.7157
40.7143
40.7074
40.701
40.6919
40.6824
40.6742
40.6654
40.6569
40.6494
40.647
40.6432
40.6404
40.6374
40.6338
40.6284
40.6245
40.6201
40.6148
40.6095
40.6043
40.5997
40.5947
40.5896
40.5842
40.5792
40.5747
40.5711
40.5671
40.5684
40.5693
40.5679
40.5659
40.5647
40.5663
40.5668
40.5685
40.5731
40.5803
40.5853
40.591
40.5966
40.6016
40.6068
40.6111
40.6164
40.6196
40.6217
40.6259
40.6287
40.6321
40.6346
40.6369
40.6378
40.6381
40.6381
40.6416
40.6444
40.65
40.6551
40.6624
40.6685
40.6798
40.6899
40.704
40.7207
40.737
40.7534
40.7695
40.7843
40.7988
40.8133
40.828
40.842
40.8565
40.8715
40.8864
40.8993
40.9149
40.9299
40.9453
40.96
40.9743
40.9875
41.0016
41.0115
41.0208
41.0269
41.0294
41.027
41.0257
41.0299
41.0344
41.0373
41.0391
41.0403
41.0425
41.0456
41.0516
41.0583
41.0651
41.074
41.0841
41.0934
41.1014
41.1082
41.1143
41.1197
41.1245
41.1301
41.1366
41.1432
41.1494
41.1569
41.165
41.1725
41.1776
41.1849
41.1887
41.1916
41.1918
41.1917
41.1942
41.1963
41.1984
