402.996
402.9782
402.923
402.7935
402.686
402.5522
402.3869
402.233
402.08
401.9445
401.8189
401.6804
401.5366
401.3919
401.2417
401.1043
400.9756
400.8462
400.7107
400.5526
400.3899
400.22
400.1043
399.9915
399.8334
399.6649
399.5314
399.4043
399.2649
399.1283
399.0229
398.9644
398.8767
398.7828
398.6892
398.6072
398.5313
398.4313
398.3382
398.246
398.1565
398.0648
397.9686
397.875
397.7677
397.6765
397.5862
397.5136
397.4376
397.3696
397.2919
397.1866
397.0969
397.0388
397.0119
396.983
396.9482
396.8515
396.7122
396.5285
396.3617
396.2672
396.2105
396.172
396.1392
396.112
396.1195
396.1018
396.0808
396.05
396.0542
396.0674
396.0904
396.0963
396.112
396.1448
396.212
396.2736
396.32
396.3258
396.3386
396.3391
396.2875
396.193
396.1183
396.0552
395.9662
395.8658
395.7754
395.6612
395.5522
395.4369
395.3259
395.1891
395.0272
394.8589
394.6023
394.3145
393.953
393.6021
393.1481
392.6916
392.243
391.772
391.3095
390.9166
390.4976
390.09
389.6779
389.2457
388.7839
388.4155
388.0077
387.5582
387.0675
386.585
386.0905
385.6678
385.2793
384.933
384.6036
384.2585
383.9038
383.5366
383.1507
382.7743
382.385
381.971
381.5463
381.1406
380.7111
380.2676
379.8691
379.4856
379.0967
378.7009
378.2432
377.8257
377.423
377.0706
376.7141
376.3578
376.0003
375.6687
375.3646
375.0497
374.7519
374.4594
374.1866
373.9364
373.6693
373.4209
373.1902
373.0014
372.8474
372.7085
372.6394
372.6609
372.7596
372.7964
372.9599
373.1094
373.2687
373.4822
373.6972
373.8355
373.9926
374.1413
374.3706
374.6261
374.8928
375.1177
375.3449
375.5742
375.8203
376.0845
376.3393
376.5639
376.8027
377.0459
377.2773
377.5044
377.7398
377.9804
378.2359
378.499
378.7589
379.0245
379.267
379.4914
379.7152
379.9322
380.0843
380.2154
380.3298
