157.1244
157.1654
157.201
157.232
157.2587
157.2799
157.2999
157.3297
157.3529
157.3774
157.4071
157.4354
157.4631
157.4897
157.5149
157.5444
157.5709
157.5944
157.6149
157.6392
157.6566
157.661
157.6532
157.6455
157.6319
157.6217
157.612
157.6079
157.6145
157.6105
157.6015
157.591
157.5766
157.5575
157.533
157.5084
157.4774
157.4414
157.4048
157.3689
157.3298
157.2918
157.256
157.2247
157.1999
157.1735
157.1445
157.1215
157.1018
157.095
157.0932
157.0914
157.0887
157.0849
157.0969
157.1045
157.1145
157.1241
157.1311
157.1301
157.1301
157.1295
157.1329
157.1317
157.1244
157.1173
157.1134
157.1022
157.0983
157.0918
157.0833
157.0741
157.0632
157.0409
157.0191
156.998
156.9798
156.9619
156.9407
156.9229
156.9066
156.9004
156.9117
156.9217
156.9366
156.9494
156.9597
156.9681
156.9799
156.9947
157.0084
157.0193
157.0323
157.0508
157.0762
157.1012
157.1273
157.156
157.1843
157.217
157.2647
157.3107
157.3537
157.4013
157.4466
157.4976
157.5536
157.6066
157.6532
157.691
157.7309
157.7643
157.7987
157.8354
157.869
157.9007
157.925
157.9414
157.9617
157.9799
157.9965
158.0105
158.0194
158.031
158.0464
158.0672
158.0889
158.1142
158.1374
158.1632
158.1888
158.2187
158.2519
158.2941
158.3352
158.3742
158.4114
158.449
158.4909
158.5317
158.581
158.6272
158.6702
158.7104
158.748
158.7842
158.8182
158.8514
158.8829
158.9137
158.9472
158.9827
159.0179
159.0452
159.0715
159.0977
159.136
159.175
159.214
159.2473
159.2723
159.296
159.3203
159.3361
159.3439
159.3484
159.3464
159.3428
159.3446
159.3453
159.3409
159.3394
159.3421
159.347
159.3538
159.3599
159.3673
159.3829
159.3972
159.4095
159.4305
159.4505
159.4725
159.4945
159.5184
159.5359
159.5481
159.5596
159.5733
159.5842
159.5905
