34.7849
34.7673
34.75
34.7344
34.7205
34.7085
34.6969
34.6844
34.6726
34.6603
34.6493
34.6375
34.6258
34.6135
34.6017
34.5887
34.576
34.5632
34.5518
34.5413
34.53
34.5152
34.4957
34.4765
34.4636
34.4476
34.4338
34.4222
34.4192
34.4212
34.4208
34.4202
34.4179
34.42
34.422
34.4258
34.4289
34.4321
34.4344
34.4331
34.4343
34.4369
34.4395
34.4419
34.4424
34.4419
34.4428
34.4469
34.4498
34.4514
34.4533
34.4562
34.4592
34.4651
34.4737
34.4812
34.486
34.4905
34.4965
34.5035
34.5099
34.5152
34.5201
34.5253
34.5301
34.5349
34.5387
34.5429
34.5465
34.5513
34.5542
34.5578
34.5606
34.5611
34.5623
34.5624
34.5658
34.5698
34.574
34.5815
34.589
34.6004
34.6153
34.6307
34.6392
34.6528
34.6656
34.6736
34.6836
34.6923
34.7013
34.7089
34.7167
34.7217
34.7277
34.7315
34.7369
34.7436
34.7498
34.7583
34.7671
34.7741
34.7842
34.7937
34.8032
34.8145
34.8247
34.8342
34.8451
34.8574
34.8701
34.8809
34.8917
34.9001
34.9092
34.9198
34.9301
34.9431
34.9572
34.9713
34.9868
35.0033
35.0194
35.0337
35.0463
35.0594
35.071
35.0867
35.103
35.1226
35.1424
35.1619
35.1809
35.2043
35.2256
35.2481
35.266
35.2826
35.2977
35.3083
35.3183
35.3291
35.3393
35.3495
35.3598
35.368
35.3761
35.385
35.3938
35.4025
35.413
35.4241
35.4358
35.4471
35.4578
35.4703
35.4818
35.4929
35.5039
35.5138
35.5223
35.5306
35.5359
35.5414
35.5479
35.5524
35.555
35.5551
35.5553
35.5542
35.5515
35.5497
35.5487
35.5481
35.546
35.5438
35.5417
35.5369
35.531
35.5251
35.5203
35.5139
35.5068
35.5018
35.4969
35.4914
35.4867
35.478
35.4691
35.4574
35.4456
35.4332
35.4227
35.4102
35.3989
