102.1658
102.1678
102.1822
102.1871
102.1926
102.1967
102.2062
102.222
102.2392
102.2507
102.2616
102.2719
102.2839
102.2937
102.3045
102.3146
102.3246
102.3334
102.3413
102.3501
102.3609
102.3704
102.3784
102.3833
102.3875
102.3945
102.4035
102.414
102.4232
102.4445
102.458
102.467
102.4756
102.4791
102.4796
102.48
102.4772
102.4734
102.4697
102.4612
102.4455
102.4282
102.4077
102.3848
102.3616
102.339
102.3125
102.2845
102.2591
102.2433
102.2273
102.2186
102.2113
102.2045
102.1975
102.204
102.2064
102.2109
102.2171
102.2277
102.2352
102.2396
102.2383
102.2428
102.2513
102.2645
102.2768
102.2857
102.2928
102.3016
102.3112
102.3192
102.3252
102.3317
102.3391
102.3448
102.3644
102.3935
102.3877
102.3857
102.3664
102.3418
102.324
102.316
102.3078
102.2948
102.2785
102.2582
102.2395
102.2118
102.1883
102.1659
102.1461
102.1274
102.1096
102.0926
102.0823
102.0718
102.0621
102.0526
102.0443
102.0358
102.0302
102.0273
102.0271
102.0208
102.0152
102.0177
102.0175
102.01
102.0075
101.9993
101.9912
101.9785
101.9642
101.9497
101.9408
101.9355
101.93
101.916
101.9052
101.895
101.8811
101.8688
101.851
101.8309
101.81
101.7905
101.7727
101.7521
101.7403
101.7361
101.7191
101.7048
101.6967
101.6949
101.6805
101.6624
101.6748
101.6826
101.7083
101.74
101.771
101.7949
101.8225
101.8525
101.8829
101.9167
101.9482
101.9829
102.0164
102.0482
102.08
102.111
102.1428
102.1755
102.203
102.2313
102.259
102.2895
102.3219
102.3623
102.4014
102.4391
102.4702
102.5065
102.5487
102.586
102.6249
102.6649
102.707
102.7495
102.7915
102.8332
102.8735
102.9118
102.9541
102.9945
103.0364
103.0821
103.1263
103.1693
103.2118
103.2487
103.287
103.333
103.3744
103.4204
103.469
103.5182
103.5515
103.5776
103.6137
103.6449
103.6722
103.6945
103.7132
103.732
103.7529
