37.5716
37.5926
37.612
37.6271
37.6424
37.6596
37.6773
37.6991
37.7177
37.736
37.7524
37.7687
37.7858
37.8028
37.8219
37.8413
37.8605
37.8777
37.8972
37.9165
37.9351
37.9541
37.9732
37.9932
38.0098
38.0252
38.0416
38.055
38.0608
38.0704
38.0799
38.0888
38.0939
38.0953
38.0932
38.0879
38.0817
38.0749
38.0696
38.0677
38.0645
38.0562
38.0477
38.0385
38.0262
38.016
38.0051
37.9961
37.9862
37.978
37.969
37.953
37.9392
37.9271
37.9155
37.9038
37.8933
37.8735
37.8502
37.8309
37.8189
37.8054
37.7931
37.7822
37.7747
37.7665
37.7563
37.7447
37.7342
37.7237
37.7139
37.7051
37.6944
37.6837
37.6717
37.6595
37.6512
37.644
37.635
37.6249
37.6158
37.6066
37.5954
37.5839
37.5748
37.5675
37.5585
37.5536
37.554
37.5503
37.5456
37.5407
37.5394
37.5376
37.5383
37.5389
37.5388
37.5388
37.5359
37.5295
37.525
37.5222
37.5209
37.5179
37.5154
37.5075
37.5004
37.4954
37.4899
37.4829
37.4764
37.4752
37.4708
37.4644
37.4551
37.448
37.4387
37.4387
37.4422
37.4436
37.4398
37.437
37.4337
37.4304
37.426
37.4204
37.416
37.4113
37.4073
37.4025
37.3975
37.3924
37.3971
37.3988
37.4013
37.4036
37.3986
37.3965
37.3944
37.3926
37.3905
37.3893
37.3884
37.3854
37.3828
37.3785
37.375
37.3707
37.3663
37.3627
37.3578
37.354
37.3481
37.3427
37.3376
37.3317
37.3276
37.3306
37.3296
37.3322
37.3354
37.3399
37.3432
37.3478
37.3548
37.3641
37.3726
37.3786
37.3693
37.3613
37.3548
37.3476
37.3423
37.3411
37.341
37.3394
37.3396
37.3386
37.3381
37.3382
37.3389
37.3398
37.3427
37.3457
37.3474
37.35
37.354
37.358
37.3607
37.3641
37.3681
37.373
37.3679
37.3664
