59.5814
59.5579
59.5323
59.5062
59.4794
59.4514
59.4223
59.3934
59.3633
59.3316
59.2992
59.2683
59.2333
59.201
59.1708
59.1397
59.1078
59.0782
59.0458
59.0147
58.9832
58.9518
58.9116
58.8681
58.8256
58.7869
58.7477
58.7084
58.681
58.6564
58.6269
58.5974
58.5679
58.5444
58.5249
58.5042
58.4815
58.4589
58.4372
58.4124
58.3857
58.3579
58.3294
58.2997
58.2692
58.2356
58.2015
58.1652
58.1298
58.0987
58.0671
58.0331
58.0036
57.9745
57.9477
57.9252
57.9032
57.8855
57.8709
57.8582
57.8488
57.8416
57.8341
57.8302
57.8287
57.8283
57.8303
57.8326
57.8344
57.8391
57.8468
57.8528
57.8599
57.8666
57.8729
57.8784
57.8844
57.8914
57.9041
57.9151
57.9264
57.9376
57.9558
57.9783
57.9993
58.0162
58.0332
58.0529
58.0686
58.0831
58.0987
58.1122
58.1262
58.1418
58.157
58.1717
58.1878
58.2025
58.2182
58.2353
58.2515
58.2702
58.2885
58.311
58.3315
58.3572
58.3824
58.4121
58.4429
58.4711
58.4988
58.5295
58.5518
58.5773
58.5963
58.6153
58.6355
58.6537
58.6733
58.6936
58.7139
58.7336
58.7553
58.7775
58.7973
58.8145
58.8312
58.8465
58.9098
58.9726
59.0476
59.1251
59.2317
59.3388
59.4455
59.5565
59.6678
59.7797
59.888
59.9907
60.0892
60.1967
60.3045
60.4091
60.5124
60.6209
60.7266
60.8304
60.9393
61.0434
61.1474
61.2496
61.3458
61.4432
61.5564
61.6694
61.7804
61.8844
61.9942
62.0985
62.2122
62.3312
62.4449
62.5525
62.6582
62.7607
62.8621
62.9587
63.054
63.1456
63.2343
63.325
63.4123
63.4939
63.5814
63.6715
63.7649
63.8582
63.9537
64.0459
64.1357
64.2262
64.3129
64.3807
64.4475
64.512
64.5766
64.6436
64.6643
64.6844
64.6899
64.6974
64.6736
64.6482
64.6222
64.5952
