139.3052
139.3029
139.3021
139.3174
139.3392
139.3603
139.3816
139.4051
139.4234
139.4431
139.4668
139.488
139.5073
139.5216
139.5361
139.5476
139.5607
139.5753
139.5868
139.5996
139.6112
139.609
139.606
139.6001
139.5951
139.5873
139.582
139.579
139.5886
139.5958
139.6005
139.6012
139.5994
139.6002
139.5979
139.5945
139.5885
139.5816
139.5756
139.5686
139.5616
139.5555
139.5515
139.5487
139.546
139.5469
139.5432
139.5395
139.5345
139.5205
139.5068
139.4937
139.4806
139.4725
139.465
139.4538
139.4475
139.4388
139.4343
139.4221
139.4068
139.3873
139.366
139.3441
139.3218
139.2995
139.2777
139.2545
139.2329
139.2149
139.1907
139.1675
139.1445
139.1253
139.0996
139.0807
139.058
139.0324
139.0064
138.9803
138.954
138.9345
138.9145
138.8981
138.879
138.8616
138.8419
138.8179
138.7911
138.7678
138.7497
138.7351
138.7212
138.7063
138.6921
138.6773
138.6646
138.6514
138.6385
138.6226
138.608
138.589
138.5728
138.5555
138.5395
138.5177
138.4974
138.4744
138.4489
138.4302
138.4146
138.3962
138.376
138.3542
138.3343
138.3134
138.2958
138.2786
138.2639
138.2514
138.242
138.2305
138.2181
138.2055
138.193
138.1787
138.1728
138.1695
138.1666
138.1611
138.158
138.1541
138.1567
138.1565
138.1647
138.1683
138.176
138.1903
138.2063
138.2222
138.2286
138.2389
138.2498
138.2599
138.2726
138.2832
138.2929
138.3047
138.3156
138.3271
138.337
138.3426
138.3478
138.3481
138.3499
138.3461
138.3456
138.3447
138.3367
138.3293
138.3199
138.3137
138.3011
138.2879
138.2691
138.2497
138.2301
138.2086
138.192
138.1773
138.1587
138.1403
138.1245
138.1134
138.1021
138.0943
138.0834
138.0737
138.0657
138.055
138.0418
138.0313
138.021
138.0124
138.0045
137.9968
137.9814
137.9644
137.9508
137.9356
137.9199
137.9048
137.8856
137.8716
137.8608
