28.5166
28.5126
28.5114
28.4978
28.4778
28.4548
28.4383
28.4231
28.4092
28.3895
28.372
28.3548
28.3356
28.313
28.2882
28.2722
28.2495
28.2225
28.1975
28.1751
28.1552
28.1356
28.1159
28.0952
28.0726
28.0479
28.0206
27.9925
28.0093
28.0268
28.0286
28.0272
28.0287
28.0281
28.0281
28.0263
28.0304
28.0347
28.0362
28.0359
28.0404
28.0465
28.0514
28.0589
28.0655
28.073
28.0815
28.0892
28.094
28.1029
28.1085
28.1169
28.1209
28.125
28.1306
28.1367
28.1412
28.146
28.1479
28.147
28.1459
28.1442
28.1403
28.1418
28.1459
28.1468
28.1469
28.143
28.1395
28.1358
28.1318
28.1261
28.1176
28.1102
28.103
28.0877
28.0754
28.066
28.0615
28.0582
28.0518
28.0438
28.0338
28.0261
28.0179
28.0123
28.0093
28.0081
28.0055
28.0012
27.9967
27.9909
27.9869
27.9819
27.9778
27.9736
27.9683
27.9629
27.958
27.9542
27.9496
27.9456
27.9419
27.9379
27.9336
27.9346
27.9364
27.9386
27.9428
27.9441
27.9476
27.9486
27.9553
27.9601
27.9651
27.97
27.9743
27.9768
27.981
27.9863
27.9924
27.9992
28.0049
28.0109
28.0177
28.0251
28.0322
28.0398
28.0483
28.0562
28.0642
28.0733
28.0844
28.0945
28.1047
28.1156
28.1257
28.1359
28.1414
28.1469
28.1558
28.1653
28.1753
28.1841
28.1933
28.2016
28.2093
28.217
28.2244
28.2327
28.2402
28.248
28.2563
28.264
28.2713
28.2783
28.2853
28.292
28.2984
28.3056
28.3118
28.3179
28.3246
28.3312
28.3383
28.3399
28.3416
28.3444
28.3469
28.3514
28.3555
28.3615
28.3673
28.3758
28.3855
28.396
28.4131
28.4318
28.4518
28.4711
28.4891
28.5038
28.5229
28.5411
28.5576
28.5738
28.5885
28.6012
28.612
28.6234
28.6345
28.6459
28.6567
28.6677
