99.542
99.6365
99.7172
99.8017
99.885
99.9619
100.0409
100.1205
100.2025
100.2887
100.3782
100.4591
100.5339
100.6077
100.688
100.7717
100.8554
100.9438
101.0324
101.1203
101.2103
101.3188
101.4295
101.5385
101.6442
101.751
101.8557
101.9598
102.078
102.1999
102.3151
102.425
102.538
102.6526
102.7651
102.8858
103.007
103.1216
103.2291
103.3242
103.4133
103.5033
103.5897
103.6677
103.7443
103.8105
103.8858
103.9601
104.0356
104.1104
104.1692
104.2153
104.2666
104.3223
104.3678
104.4136
104.4239
104.4111
104.417
104.429
104.4315
104.4261
104.4223
104.4193
104.423
104.4378
104.4498
104.4604
104.4742
104.4856
104.4937
104.5049
104.5315
104.5609
104.5883
104.6619
104.7351
104.8119
104.8769
104.9306
104.993
105.0346
105.0734
105.1151
105.1611
105.2023
105.2488
105.2926
105.3203
105.3463
105.38
105.4142
105.4447
105.4717
105.5031
105.5225
105.5361
105.5483
105.5646
105.5897
105.6185
105.6464
105.6737
105.7055
105.7352
105.767
105.7946
105.8288
105.8626
105.8953
105.9389
105.9893
106.0373
106.067
106.0949
106.121
106.1642
106.2295
106.2834
106.3282
106.3767
106.4288
106.4806
106.523
106.5566
106.5849
106.6079
106.6371
106.6561
106.6763
106.6891
106.7061
106.7207
106.7325
106.7432
106.7082
106.671
106.6278
106.5962
106.5723
106.5406
106.5068
106.4783
106.4502
106.4242
106.3988
106.37
106.34
106.3157
106.2885
106.2588
106.2283
106.1988
106.1645
106.1211
106.0656
106.0116
105.9698
105.9273
105.8838
105.8438
105.8095
105.7727
105.7363
105.707
105.6848
105.6621
105.6328
105.5937
105.5542
105.5099
105.4682
105.4226
105.3904
105.359
105.3305
105.3065
105.2834
105.2572
105.229
105.2048
105.1799
105.1565
105.1397
105.1279
105.1205
105.1181
105.1112
105.1127
105.1173
105.133
105.1452
105.1552
