39.3367
39.3326
39.3259
39.3042
39.2838
39.2757
39.2606
39.2536
39.2506
39.2447
39.2362
39.2294
39.2209
39.2132
39.2065
39.1958
39.1826
39.1771
39.1757
39.1691
39.1589
39.1439
39.1258
39.1167
39.1119
39.1039
39.0982
39.0902
39.0862
39.0877
39.0826
39.0746
39.0686
39.0646
39.0619
39.0592
39.0577
39.06
39.0642
39.0685
39.0819
39.0944
39.1066
39.1192
39.1324
39.1412
39.1517
39.168
39.1782
39.191
39.2063
39.2211
39.2347
39.2494
39.2724
39.2855
39.2966
39.3134
39.3269
39.3406
39.3529
39.3686
39.3856
39.4031
39.4258
39.4466
39.4701
39.4916
39.5099
39.5281
39.547
39.5643
39.5807
39.612
39.6434
39.6792
39.7147
39.7476
39.7787
39.8089
39.8459
39.882
39.9115
39.9282
39.9469
39.9679
39.9864
40.007
40.027
40.0442
40.0632
40.0809
40.0994
40.1175
40.1357
40.1561
40.1775
40.2005
40.2254
40.2506
40.2751
40.3026
40.3228
40.347
40.3721
40.4034
40.4373
40.4636
40.4926
40.5228
40.5476
40.5671
40.5873
40.6081
40.6275
40.6451
40.661
40.6755
40.693
40.7118
40.7329
40.7519
40.7689
40.7889
40.8078
40.8268
40.8446
40.8478
40.8539
40.8639
40.8742
40.8884
40.9015
40.9027
40.9052
40.9027
40.9029
40.9016
40.9018
40.9039
40.9035
40.9042
40.9132
40.9249
40.9327
40.9417
40.9534
40.9635
40.974
40.9837
40.9908
40.9998
41.0085
41.019
41.0325
41.0478
41.0626
41.0771
41.0857
41.0958
41.1077
41.1177
41.1348
41.1444
41.1498
41.1524
41.1541
41.1562
41.163
41.1677
41.175
41.1843
41.1917
41.1964
41.2006
41.2065
41.2125
41.2175
41.2201
41.2236
41.2172
41.2169
41.2189
41.2165
41.2136
41.2101
41.209
41.2211
41.2336
41.2399
41.2463
41.2474
