64.2427
64.2676
64.2869
64.2994
64.3032
64.3125
64.319
64.3263
64.3333
64.3418
64.3525
64.361
64.3692
64.3747
64.3805
64.3875
64.3963
64.4022
64.4101
64.4162
64.3985
64.3735
64.3435
64.318
64.2983
64.2763
64.2632
64.2477
64.233
64.2203
64.2091
64.2016
64.1956
64.19
64.1851
64.1781
64.1719
64.1687
64.1655
64.1631
64.1588
64.1563
64.1557
64.1557
64.1581
64.1633
64.1707
64.1788
64.1887
64.2024
64.2187
64.2355
64.2505
64.266
64.28
64.2924
64.3042
64.3157
64.329
64.3365
64.3475
64.3569
64.365
64.3743
64.3862
64.3945
64.4024
64.4104
64.4187
64.426
64.4336
64.4363
64.4383
64.45
64.461
64.4685
64.4783
64.4816
64.4849
64.4902
64.5162
64.5439
64.5804
64.6136
64.6401
64.6689
64.6946
64.7251
64.7539
64.7852
64.8177
64.8465
64.8739
64.9011
64.9296
64.9607
64.9936
65.0213
65.0453
65.0768
65.1093
65.1418
65.1746
65.2082
65.2459
65.2796
65.31
65.3387
65.363
65.386
65.4075
65.429
65.4523
65.4738
65.4958
65.5117
65.5274
65.5418
65.5531
65.5669
65.5783
65.5888
65.598
65.6052
65.6049
65.6049
65.5988
65.5929
65.5894
65.5881
65.5872
65.5874
65.586
65.5732
65.5587
65.546
65.5297
65.5208
65.5103
65.5014
65.4896
65.4753
65.4548
65.4333
65.4139
65.3949
65.3753
65.354
65.3335
65.3136
65.2962
65.2866
65.2645
65.2423
65.2246
65.2026
65.1835
65.1662
65.1554
65.1385
65.1222
65.1042
65.0845
65.0635
65.0382
65.0147
64.9933
64.9728
64.952
64.9297
64.9078
64.885
64.8619
64.8394
64.8178
64.7988
64.7782
64.7638
64.7497
64.7298
64.7137
64.6952
64.6811
64.6693
64.6635
64.6602
64.6618
64.6622
64.6577
64.6511
64.6454
64.6426
