19.0631
19.0628
19.0612
19.0604
19.0601
19.0576
19.054
19.0519
19.0517
19.0513
19.051
19.0519
19.0523
19.0538
19.0553
19.0549
19.0563
19.0591
19.0653
19.0772
19.0871
19.1006
19.115
19.1266
19.1398
19.1545
19.1692
19.1792
19.1867
19.1951
19.2027
19.2102
19.2196
19.2271
19.2352
19.2435
19.2512
19.2604
19.2696
19.2789
19.2866
19.2929
19.2985
19.3047
19.3128
19.3215
19.3292
19.3371
19.344
19.3501
19.3579
19.3668
19.3758
19.3848
19.3942
19.4058
19.4166
19.424
19.43
19.4352
19.4453
19.459
19.4694
19.4782
19.4877
19.4975
19.507
19.5144
19.5208
19.5272
19.5322
19.5372
19.5413
19.5445
19.5486
19.5547
19.5615
19.5683
19.5743
19.5752
19.5771
19.5746
19.5708
19.5687
19.5647
19.5596
19.555
19.553
19.5524
19.5515
19.5494
19.5477
19.5456
19.5428
19.5391
19.5354
19.5317
19.5265
19.5203
19.5123
19.5076
19.5042
19.5018
19.4989
19.4988
19.4986
19.4991
19.4991
19.5015
19.508
19.5142
19.517
19.5203
19.522
19.5253
19.5287
19.5314
19.5347
19.5383
19.5421
19.5458
19.5509
19.5552
19.5608
19.5671
19.5733
19.5795
19.5864
19.5936
19.5999
19.6078
19.615
19.6236
19.6336
19.6426
19.6518
19.6591
19.6674
19.6772
19.6826
19.6876
19.6935
19.7
19.7055
19.7116
19.7176
19.7216
19.7253
19.7291
19.7329
19.7357
19.7392
19.7431
19.7475
19.7521
19.7571
19.762
19.767
19.772
19.7787
19.7814
19.7842
19.7893
19.7958
19.7982
19.802
19.8066
19.8112
19.813
19.8128
19.8136
19.8178
19.8205
19.825
19.8271
19.8294
19.8313
19.8338
19.8373
19.8414
19.8454
19.849
19.8536
19.857
19.8603
19.8637
19.8677
19.8708
