79.5038
79.5165
79.5334
79.5539
79.5766
79.6049
79.634
79.6595
79.6839
79.7035
79.7242
79.7426
79.7616
79.7784
79.7941
79.8127
79.8334
79.8516
79.8698
79.8903
79.9106
79.9327
79.9617
79.9899
80.0204
80.0548
80.0885
80.1168
80.1361
80.1592
80.1854
80.2079
80.2315
80.2558
80.2832
80.3089
80.3379
80.3663
80.3915
80.4183
80.4466
80.4766
80.5067
80.5387
80.5701
80.6016
80.6344
80.67
80.7062
80.7421
80.7807
80.8212
80.8645
80.9091
80.9496
80.9863
81.0228
81.0442
81.0524
81.0504
81.0467
81.0473
81.0461
81.0401
81.0322
81.0259
81.0139
81.0084
81.0073
81.0113
81.0136
81.0163
81.0175
81.0205
81.0252
81.0286
81.0371
81.0464
81.0632
81.0817
81.1011
81.1206
81.1276
81.1381
81.1435
81.1442
81.1451
81.1491
81.1609
81.1698
81.1791
81.1916
81.2042
81.22
81.2316
81.2424
81.2502
81.2592
81.2687
81.278
81.2878
81.2986
81.311
81.3283
81.3459
81.3534
81.3632
81.3651
81.3683
81.3736
81.3753
81.3711
81.3639
81.3605
81.3588
81.3541
81.3513
81.3522
81.3501
81.3504
81.3497
81.35
81.3496
81.3497
81.348
81.346
81.3422
81.3372
81.3282
81.3187
81.312
81.3057
81.3017
81.2962
81.294
81.2887
81.2796
81.2687
81.2496
81.2247
81.1972
81.1652
81.1396
81.1139
81.0902
81.0674
81.0439
81.0229
81.0023
80.981
80.9601
80.9378
80.9151
80.8899
80.8644
80.8406
80.8174
80.7929
80.7704
80.7472
80.7237
80.6944
80.6635
80.6268
80.5913
80.5691
80.5431
80.524
80.4961
80.4671
80.424
80.3852
80.347
80.3001
80.253
80.2134
80.1737
80.1335
80.0959
80.0544
80.0147
79.9756
79.9329
79.8899
79.8488
79.805
79.764
79.7232
79.6865
79.6488
79.6102
79.5708
79.5318
79.494
79.4503
