18.5182
18.5223
18.525
18.525
18.5245
18.5244
18.527
18.5281
18.5285
18.529
18.5288
18.5281
18.5261
18.5237
18.5229
18.5231
18.5215
18.5206
18.5201
18.5188
18.5174
18.5164
18.5157
18.5165
18.5201
18.5243
18.529
18.5357
18.5432
18.5492
18.5559
18.5629
18.5686
18.5755
18.583
18.5895
18.5962
18.6019
18.6093
18.6168
18.6237
18.6315
18.6396
18.6489
18.6594
18.6705
18.6817
18.6953
18.7068
18.7159
18.7247
18.7285
18.7312
18.734
18.7347
18.734
18.7335
18.7357
18.737
18.738
18.7391
18.7402
18.7433
18.7472
18.7513
18.7554
18.7578
18.7611
18.7642
18.7681
18.7721
18.7751
18.7779
18.7806
18.7828
18.7839
18.7871
18.7902
18.7915
18.7919
18.7904
18.7874
18.7828
18.7768
18.7679
18.7569
18.7449
18.7308
18.7144
18.6995
18.6834
18.6659
18.6479
18.6307
18.6132
18.5954
18.5776
18.5598
18.5415
18.5221
18.5032
18.4837
18.4643
18.4448
18.4261
18.406
18.3871
18.3677
18.3502
18.334
18.3168
18.3056
18.2965
18.287
18.2821
18.278
18.272
18.2658
18.2599
18.2543
18.25
18.2458
18.2413
18.2361
18.2315
18.2267
18.2218
18.2176
18.2131
18.2085
18.2039
18.2001
18.1966
18.1927
18.1882
18.1845
18.1793
18.1738
18.1705
18.1683
18.1673
18.1668
18.1673
18.1694
18.1713
18.1751
18.1788
18.1847
18.1921
18.1989
18.2053
18.2126
18.2186
18.2229
18.2269
18.2318
18.2356
18.2402
18.2439
18.2483
18.252
18.2554
18.2582
18.2615
18.2635
18.2652
18.265
18.2629
18.2636
18.2648
18.2671
18.2685
18.2723
18.2782
18.2814
18.2846
18.2879
18.2906
18.2936
18.2949
18.2956
18.2967
18.2973
18.2988
18.301
18.3036
18.3067
18.31
18.3124
18.3164
18.3212
18.3251
18.3276
18.3293
18.3318
