102.1482
102.1344
102.1207
102.1
102.0874
102.07
102.0584
102.0456
102.0394
102.0329
102.0102
101.9892
101.9745
101.9598
101.9511
101.9396
101.9388
101.938
101.9225
101.9144
101.9059
101.8967
101.8938
101.89
101.8655
101.8394
101.826
101.8151
101.8194
101.8165
101.8102
101.7929
101.7805
101.7712
101.7671
101.7566
101.7508
101.7602
101.7593
101.7573
101.7618
101.7691
101.7906
101.812
101.8284
101.8405
101.8502
101.8562
101.8656
101.8921
101.9169
101.9549
101.9916
102.0515
102.1214
102.2069
102.2852
102.3719
102.4473
102.5316
102.5986
102.6633
102.73
102.7962
102.867
102.9348
102.9968
103.0543
103.1102
103.1712
103.2333
103.2907
103.3413
103.396
103.4508
103.5033
103.5698
103.6446
103.6954
103.7305
103.7572
103.7815
103.7942
103.8155
103.8555
103.8938
103.9165
103.9368
103.9539
103.9746
103.9914
104.0091
104.0227
104.0331
104.0422
104.0576
104.0667
104.0595
104.054
104.0413
104.0243
104.0043
103.9784
103.9573
103.9459
103.9394
103.9308
103.9298
103.9346
103.9239
103.9158
103.899
103.8767
103.8347
103.7807
103.7212
103.6575
103.5932
103.545
103.4892
103.4453
103.4033
103.3564
103.3098
103.2559
103.2106
103.1657
103.1263
103.0876
103.0381
103.0133
102.9901
102.9814
102.9693
102.9583
102.9543
102.9259
102.8895
102.883
102.8803
102.8931
102.9024
102.9216
102.9345
102.9485
102.9685
102.9945
103.0174
103.0393
103.0649
103.0908
103.1134
103.1394
103.1669
103.1954
103.2254
103.2611
103.3149
103.3607
103.4029
103.4567
103.5115
103.563
103.6155
103.66
103.6954
103.7275
103.7606
103.7873
103.8185
103.8476
103.8745
103.9005
103.9278
103.957
103.9844
104.0081
104.0356
104.0626
104.0921
104.1212
104.1517
104.1841
104.216
104.254
104.2922
104.3342
104.378
104.4171
104.4549
104.4752
104.4896
104.4926
104.4931
104.4931
104.4902
104.4991
104.5071
104.5155
