119.1129
119.1564
119.2014
119.2258
119.2312
119.2372
119.2381
119.2445
119.2511
119.26
119.2718
119.2803
119.2837
119.2883
119.297
119.3109
119.3254
119.3403
119.3543
119.3732
119.3935
119.4156
119.4481
119.4786
119.5124
119.5474
119.5896
119.6371
119.6751
119.7159
119.7587
119.811
119.864
119.9109
119.9589
120.008
120.0616
120.1158
120.1767
120.2359
120.2947
120.3496
120.3905
120.4397
120.4888
120.5402
120.5936
120.6505
120.7067
120.7745
120.844
120.8997
120.958
121.0193
121.0728
121.1148
121.1623
121.2027
121.234
121.2701
121.3154
121.3517
121.3889
121.4336
121.485
121.5308
121.5755
121.6197
121.6594
121.6969
121.7358
121.779
121.8192
121.8625
121.9091
121.9578
122.004
122.0548
122.109
122.1573
122.2038
122.2365
122.2606
122.2854
122.3025
122.3144
122.3214
122.3225
122.3255
122.3273
122.329
122.3266
122.3255
122.3251
122.3238
122.3226
122.3199
122.3156
122.314
122.3128
122.3051
122.3023
122.3064
122.2894
122.274
122.2495
122.2229
122.1804
122.1399
122.0735
122.0067
121.961
121.9186
121.8728
121.8246
121.7848
121.7308
121.685
121.6429
121.597
121.5505
121.51
121.47
121.437
121.402
121.3675
121.3304
121.2877
121.2438
121.2023
121.1624
121.12
121.0783
121.0363
120.9889
120.9388
120.8924
120.8429
120.7928
120.747
120.6985
120.6438
120.588
120.5154
120.4505
120.3835
120.3082
120.2363
120.1671
120.099
120.0351
119.9735
119.909
119.8445
119.782
119.7154
119.6545
119.5959
119.5315
119.4685
119.404
119.3385
119.2702
119.2187
119.1711
119.1281
119.0853
119.0512
119.0183
118.9971
118.9719
118.9325
118.8931
118.8521
118.8178
118.778
118.7518
118.7242
118.6972
118.6672
118.6372
118.6066
118.5748
118.5321
118.4913
118.4457
118.4009
118.3591
118.3127
118.264
118.2117
118.1602
118.1052
118.0471
117.9933
