17.6089
17.6013
17.5952
17.5889
17.5831
17.5769
17.5698
17.5639
17.5574
17.5509
17.545
17.5389
17.5329
17.5276
17.5237
17.5195
17.5156
17.5117
17.5075
17.5033
17.498
17.4923
17.4846
17.4759
17.4657
17.4552
17.4443
17.4354
17.4274
17.4185
17.4117
17.4037
17.3946
17.3868
17.3794
17.3721
17.3647
17.3583
17.352
17.3457
17.339
17.3329
17.3269
17.3204
17.3142
17.3074
17.3013
17.2944
17.2876
17.2813
17.2742
17.2653
17.258
17.2505
17.2441
17.2376
17.2315
17.2265
17.2211
17.2159
17.2109
17.2044
17.1962
17.1887
17.1808
17.1724
17.1639
17.1554
17.1462
17.1376
17.1288
17.1198
17.1107
17.1009
17.0904
17.0795
17.068
17.0559
17.0451
17.0342
17.0248
17.0154
17.0092
17.005
17.0025
17.0006
16.9988
16.9957
16.9925
16.9899
16.9863
16.9833
16.9808
16.9781
16.9763
16.9738
16.9713
16.9694
16.9677
16.9657
16.964
16.962
16.96
16.9578
16.956
16.9542
16.9526
16.9516
16.9517
16.9523
16.9529
16.9547
16.9555
16.9567
16.9571
16.9589
16.96
16.961
16.962
16.9628
16.9632
16.9646
16.9661
16.9679
16.9703
16.9727
16.9749
16.9775
16.982
16.986
16.9903
16.9937
16.9984
17.0037
17.0089
17.0132
17.0169
17.0216
17.0248
17.0283
17.0301
17.0324
17.0341
17.0349
17.0349
17.0349
17.0343
17.0326
17.0303
17.0286
17.0279
17.0266
17.0247
17.0231
17.0205
17.0195
17.0188
17.0213
17.0245
17.0269
17.0289
17.0309
17.0334
17.0369
17.0399
17.043
17.0465
17.0489
17.05
17.0508
17.0519
17.0535
17.0553
17.0569
17.0578
17.0581
17.0584
17.0594
17.0596
17.0603
17.0613
17.062
17.0636
17.0645
17.0683
17.0717
17.0759
17.0807
17.0845
17.0877
17.0901
17.0928
17.0943
17.0962
17.0977
17.099
17.1016
