68.6808
68.6962
68.7103
68.6878
68.6513
68.6221
68.6048
68.5969
68.5846
68.5801
68.5739
68.5636
68.5529
68.5453
68.5349
68.5278
68.5234
68.5252
68.5315
68.5343
68.5362
68.5345
68.5507
68.5625
68.5879
68.6236
68.6569
68.6871
68.7172
68.747
68.7735
68.8042
68.8405
68.8762
68.9122
68.9432
68.9698
68.9964
69.0242
69.0536
69.0827
69.1106
69.1356
69.1642
69.193
69.2208
69.2518
69.2808
69.3127
69.3423
69.377
69.3693
69.3748
69.3866
69.3919
69.3888
69.3877
69.387
69.39
69.3878
69.3849
69.3806
69.3789
69.3891
69.4028
69.4089
69.4119
69.4134
69.4149
69.4109
69.4029
69.3949
69.3886
69.3771
69.3709
69.3645
69.345
69.321
69.283
69.2427
69.2053
69.1712
69.1153
69.0729
69.0193
68.9565
68.8987
68.8368
68.7773
68.7178
68.6629
68.6114
68.5534
68.4998
68.4461
68.3913
68.3371
68.2793
68.2217
68.162
68.0988
68.0363
67.9742
67.9077
67.8394
67.7738
67.7095
67.6468
67.5765
67.511
67.4417
67.414
67.3746
67.3334
67.3009
67.2708
67.2441
67.2153
67.1915
67.1719
67.1517
67.1317
67.1139
67.0977
67.0827
67.0713
67.0609
67.0483
67.0353
67.0248
67.0199
67.017
67.0135
67.0107
67.0053
67.0001
67.0054
67.0111
67.0294
67.0541
67.0846
67.1124
67.1461
67.168
67.1905
67.2111
67.2294
67.2482
67.2623
67.2807
67.2945
67.3052
67.3163
67.3219
67.3303
67.3413
67.3521
67.3658
67.3806
67.3959
67.4145
67.4325
67.451
67.4733
67.4995
67.523
67.5432
67.5637
67.5889
67.6025
67.6119
67.6175
67.6257
67.6327
67.6399
67.652
67.663
67.6757
67.6813
67.6843
67.6863
67.6868
67.6861
67.6838
67.6804
67.678
67.6749
67.6706
67.6653
67.6595
67.6518
67.6414
67.6312
67.6226
