46.6191
46.6303
46.6433
46.6536
46.6633
46.6749
46.6894
46.704
46.7189
46.7338
46.7499
46.7659
46.7803
46.7945
46.8085
46.823
46.8372
46.8506
46.8641
46.8772
46.8907
46.9039
46.9162
46.9275
46.9391
46.9505
46.9579
46.9686
46.9799
46.9895
46.9971
47.0032
47.0089
47.0129
47.0172
47.0227
47.0272
47.0312
47.0352
47.0382
47.0414
47.0453
47.0472
47.0481
47.0493
47.051
47.0527
47.0543
47.0552
47.0581
47.0596
47.0602
47.0598
47.0616
47.0655
47.0687
47.0712
47.0709
47.0709
47.0717
47.0718
47.0699
47.0673
47.0646
47.0613
47.0556
47.0476
47.04
47.0323
47.0242
47.0145
47.0048
46.9948
46.9834
46.9719
46.9597
46.9437
46.9276
46.9042
46.8803
46.8553
46.8282
46.8007
46.7733
46.7478
46.7233
46.7003
46.673
46.6435
46.6121
46.5821
46.554
46.5269
46.5013
46.4745
46.4475
46.4211
46.3956
46.3721
46.3492
46.328
46.3056
46.2849
46.265
46.2458
46.2218
46.2009
46.1779
46.1545
46.1307
46.1085
46.0885
46.0701
46.05
46.0283
46.0076
45.989
45.9715
45.9551
45.9375
45.9191
45.9012
45.883
45.8642
45.8457
45.8264
45.8059
45.7844
45.7617
45.7385
45.7187
45.6994
45.6818
45.6663
45.6509
45.6388
45.6308
45.6231
45.6232
45.6238
45.6253
45.6275
45.6312
45.6357
45.6385
45.6415
45.6449
45.6499
45.6563
45.6658
45.6744
45.6811
45.6886
45.6956
45.7031
45.71
45.7168
45.7233
45.7278
45.7308
45.732
45.7331
45.7318
45.731
45.7308
45.7343
45.7348
45.737
45.7396
45.7412
45.7421
45.7426
45.7428
45.7431
45.7441
45.7446
45.7446
45.7448
45.7452
45.7456
45.7466
45.7489
45.7513
45.7545
45.759
45.7635
45.7695
45.7775
45.7864
45.795
45.8027
45.8089
45.8139
45.8177
45.8214
45.8219
45.8227
45.8238
45.8246
