54.4404
54.4396
54.4429
54.4402
54.4357
54.4337
54.4294
54.4236
54.4228
54.4218
54.4206
54.4195
54.4208
54.4214
54.4221
54.4236
54.4263
54.4295
54.4326
54.4355
54.4396
54.4449
54.4439
54.4418
54.4346
54.432
54.4321
54.429
54.4258
54.4241
54.431
54.439
54.4463
54.4546
54.4686
54.4836
54.5012
54.5157
54.5309
54.5449
54.5606
54.5759
54.5905
54.6056
54.6212
54.6381
54.6577
54.6748
54.6917
54.7072
54.7198
54.7307
54.7442
54.7642
54.7878
54.8188
54.8512
54.8756
54.8987
54.9227
54.9481
54.9711
54.9926
55.0146
55.0364
55.0587
55.0794
55.1038
55.1283
55.1518
55.176
55.2003
55.2242
55.2451
55.2661
55.2867
55.3095
55.3325
55.3526
55.3741
55.3997
55.4222
55.4488
55.4772
55.5126
55.5419
55.5683
55.5984
55.6289
55.6576
55.6839
55.7096
55.7336
55.7574
55.7783
55.7981
55.8169
55.8361
55.8569
55.8783
55.8979
55.9196
55.9408
55.9588
55.9744
55.9911
56.0009
56.0179
56.0337
56.0487
56.0672
56.0895
56.1103
56.1255
56.1385
56.1486
56.1612
56.1762
56.1891
56.2023
56.2126
56.2221
56.2305
56.2388
56.2468
56.252
56.2598
56.265
56.2678
56.269
56.2757
56.2775
56.279
56.285
56.2935
56.3053
56.3132
56.3183
56.3277
56.3326
56.3327
56.3311
56.3291
56.3261
56.3207
56.3158
56.3093
56.3022
56.2942
56.2882
56.2838
56.2811
56.2789
56.2771
56.2764
56.2754
56.2731
56.2728
56.2704
56.2689
56.2681
56.2706
56.2729
56.2769
56.2826
56.2848
56.2911
56.2958
56.2998
56.3049
56.3091
56.3118
56.3133
56.3159
56.3181
56.3208
56.3221
56.3199
56.3173
56.3151
56.3151
56.3157
56.3178
56.3206
56.3198
56.3263
56.3304
56.3388
56.3527
56.3668
56.3747
56.3839
56.3934
56.3979
56.4026
56.4027
56.4055
56.4085
