23.2629
23.2801
23.2977
23.3087
23.3203
23.3367
23.3519
23.3681
23.3837
23.3993
23.4139
23.4322
23.4503
23.4695
23.4885
23.5087
23.5277
23.5456
23.5655
23.5858
23.6057
23.6261
23.6955
23.7642
23.8326
23.9057
23.9777
24.0433
24.0988
24.1548
24.2073
24.2668
24.3265
24.3871
24.4471
24.5044
24.5652
24.6205
24.6731
24.7268
24.7795
24.8283
24.8731
24.9224
24.9682
25.0147
25.0602
25.1054
25.147
25.1863
25.2268
25.2643
25.2981
25.3313
25.3649
25.3971
25.428
25.4549
25.4802
25.5082
25.5339
25.5621
25.5884
25.6191
25.6488
25.6786
25.7077
25.7352
25.7634
25.79
25.8162
25.841
25.867
25.8924
25.9169
25.9457
25.9742
26.0156
26.0567
26.1007
26.144
26.1858
26.1788
26.1724
26.1674
26.159
26.1501
26.1471
26.1536
26.1603
26.1693
26.1716
26.1711
26.1721
26.1742
26.1773
26.1789
26.1874
26.1961
26.2027
26.2093
26.2192
26.2352
26.2431
26.2551
26.266
26.2787
26.2892
26.3033
26.3179
26.3318
26.3476
26.365
26.381
26.3973
26.4129
26.4296
26.4438
26.4585
26.4698
26.4816
26.493
26.505
26.5138
26.5216
26.5256
26.5303
26.5356
26.5422
26.5501
26.5612
26.5734
26.5846
26.5936
26.6055
26.614
26.62
26.6154
26.6084
26.6
26.5924
26.5877
26.5812
26.5754
26.568
26.5587
26.5511
26.5437
26.5347
26.5243
26.5165
26.5088
26.5021
26.4951
26.4861
26.4799
26.473
26.4669
26.4636
26.458
26.4534
26.4475
26.4407
26.438
26.4352
26.433
26.4305
26.4311
26.431
26.4321
26.4331
26.4347
26.437
26.441
26.4453
26.4496
26.4543
26.4594
26.4639
26.4692
26.4745
26.4789
26.4837
26.4896
26.496
26.5044
26.5114
26.519
26.5252
26.5312
26.5347
26.5394
26.5431
