42.2081
42.2081
42.207
42.1925
42.1786
42.163
42.1445
42.1324
42.1216
42.1091
42.0949
42.0817
42.0669
42.0542
42.0385
42.0187
42.001
41.9878
41.9748
41.9592
41.9458
41.9333
41.9145
41.8983
41.8778
41.8614
41.8486
41.8299
41.8179
41.8017
41.7907
41.7744
41.7581
41.7418
41.7292
41.7208
41.7155
41.721
41.7282
41.7418
41.7539
41.7731
41.7974
41.8187
41.8386
41.8594
41.8806
41.8995
41.9198
41.942
41.9641
41.9778
41.996
42.0132
42.0359
42.0614
42.086
42.0971
42.1061
42.1169
42.1276
42.1407
42.153
42.1646
42.1785
42.1922
42.2047
42.2157
42.225
42.2338
42.2443
42.2535
42.2635
42.2724
42.2817
42.2885
42.3058
42.3245
42.3542
42.3837
42.4105
42.4357
42.464
42.4882
42.5155
42.5348
42.547
42.5673
42.5815
42.5988
42.6188
42.6374
42.6542
42.673
42.69
42.7051
42.7242
42.7415
42.7593
42.7773
42.7944
42.8145
42.8338
42.8553
42.8778
42.8983
42.915
42.9378
42.9581
42.9771
42.9985
43.0302
43.0555
43.0808
43.1005
43.1225
43.146
43.1715
43.1955
43.2205
43.2445
43.2676
43.294
43.3224
43.3519
43.3797
43.41
43.4425
43.4741
43.5046
43.5344
43.5651
43.5878
43.6116
43.6358
43.6688
43.6908
43.712
43.7205
43.7308
43.7406
43.7514
43.7631
43.7759
43.7896
43.8064
43.8251
43.8426
43.8597
43.8774
43.8911
43.9046
43.9198
43.9341
43.9478
43.9621
43.9748
43.9893
44.002
44.0236
44.0443
44.0652
44.0865
44.1049
44.1203
44.1371
44.1598
44.1799
44.2039
44.2258
44.2449
44.2643
44.2849
44.3041
44.3263
44.3492
44.3706
44.3888
44.4049
44.4188
44.4311
44.4438
44.4546
44.4619
44.4766
44.4908
44.5139
44.5319
44.5553
44.5793
44.6014
44.6236
44.6518
44.6782
44.7052
44.7252
44.742
44.761
44.7767
