106.2804
106.3049
106.3283
106.3393
106.3637
106.4047
106.4563
106.5136
106.5756
106.6338
106.6931
106.7559
106.817
106.8779
106.9377
107.0005
107.0605
107.124
107.185
107.2453
107.3116
107.393
107.4633
107.5356
107.6064
107.6824
107.765
107.8344
107.8885
107.953
108.0359
108.1234
108.2195
108.3159
108.408
108.4995
108.6015
108.7008
108.7991
108.8908
108.9823
109.0728
109.1725
109.2696
109.3657
109.4585
109.5514
109.6464
109.7462
109.8579
109.9619
110.0479
110.1292
110.2101
110.2989
110.3696
110.4409
110.4852
110.5167
110.5677
110.6237
110.6749
110.7231
110.7752
110.8311
110.8749
110.9177
110.9504
110.9777
111.0049
111.0314
111.0489
111.0691
111.0886
111.1044
111.12
111.1815
111.2384
111.2882
111.3461
111.4091
111.4564
111.5217
111.5896
111.6669
111.7427
111.8093
111.8752
111.9417
112.0032
112.0572
112.1102
112.1551
112.1929
112.2281
112.2605
112.275
112.2948
112.3187
112.3487
112.3787
112.409
112.44
112.4672
112.4783
112.488
112.4929
112.4947
112.4891
112.4876
112.4852
112.5001
112.5219
112.5371
112.5499
112.57
112.5886
112.6239
112.6693
112.6948
112.7223
112.7526
112.7834
112.8104
112.8351
112.8588
112.8771
112.8977
112.919
112.9374
112.954
112.9726
112.9853
113.0005
113.0138
113.0271
112.9984
112.9751
112.959
112.9308
112.8915
112.8553
112.8123
112.7693
112.7221
112.6723
112.6229
112.5874
112.5516
112.5132
112.4711
112.4289
112.3858
112.3458
112.3071
112.2695
112.2293
112.1905
112.142
112.1003
112.0533
112.0038
111.9665
111.9315
111.9175
111.911
111.9079
111.9152
111.9245
111.9171
111.9161
111.9046
111.8919
111.8809
111.8677
111.8511
111.835
111.8302
111.82
111.8137
111.8038
111.7911
111.7845
111.7795
111.7783
111.7801
111.7821
111.783
111.7812
111.7789
111.7775
111.7781
111.7825
111.785
