10.95
11.77
11.88
11.97
12.28
12.6
12.62
11.74
11.66
11.82
11.94
12.08
12.25
12.27
12.41
12.45
11.94
10.95
10.64
10.82
10.94
10.95
10.95
11.01
11.31
11.8
11.88
12.02
12.4
12.43
12.31
12.13
12.14
11.92
12.1
12.11
12.22
12.16
12.11
12.32
12.95
13.25
13.26
13.4
13.1
12.69
12.19
12.23
11.89
11.59
11.55
11.47
11.96
12.16
12.22
12.22
12.51
12.54
12.73
12.94
13.0
12.84
13.0
13.27
13.26
13.31
13.1
13.45
13.3
13.07
13.06
13.06
12.83
12.47
12.33
12.34
12.6
12.72
12.78
12.63
12.18
11.92
11.86
11.97
11.65
11.62
10.55
11.05
11.14
10.63
10.5
10.56
9.83
9.71
9.8
10.18
9.95
9.89
10.16
10.06
