49.5577
49.5619
49.5683
49.5756
49.5821
49.5876
49.5931
49.6016
49.6097
49.6165
49.6233
49.631
49.637
49.6428
49.6488
49.6563
49.6651
49.6742
49.6824
49.6921
49.7006
49.7079
49.7117
49.7162
49.7162
49.7154
49.7176
49.7189
49.7243
49.7315
49.7365
49.7395
49.7406
49.7422
49.7429
49.7427
49.7434
49.7446
49.7453
49.7457
49.7458
49.7438
49.7412
49.739
49.7367
49.7333
49.7312
49.729
49.7271
49.7251
49.7227
49.7184
49.7132
49.7061
49.7004
49.6999
49.6976
49.6962
49.6949
49.6912
49.6884
49.6867
49.6822
49.6775
49.6725
49.6691
49.665
49.6592
49.6527
49.6475
49.6412
49.6334
49.6262
49.6186
49.6127
49.6025
49.5883
49.5738
49.5607
49.5498
49.5388
49.5295
49.5225
49.513
49.5077
49.504
49.4975
49.4923
49.4821
49.4707
49.4607
49.4499
49.4397
49.4288
49.4201
49.4119
49.4037
49.3955
49.3872
49.3793
49.3712
49.3642
49.3574
49.3502
49.3426
49.3338
49.3258
49.3162
49.306
49.295
49.2844
49.277
49.2705
49.2675
49.2637
49.2578
49.2547
49.2502
49.2473
49.2452
49.2427
49.2395
49.2375
49.2359
49.2347
49.2334
49.2329
49.2324
49.2326
49.2316
49.2328
49.2352
49.2394
49.2439
49.2492
49.2582
49.2702
49.2824
49.2919
49.2982
49.3049
49.3099
49.315
49.321
49.3274
49.3322
49.3359
49.3394
49.3472
49.3551
49.3618
49.3689
49.3763
49.384
49.3905
49.3962
49.4002
49.4039
49.408
49.415
49.4219
49.4309
49.4389
49.446
49.4544
49.464
49.4705
49.4789
49.4854
49.49
49.4929
49.4963
49.4992
49.4998
49.5013
49.5042
49.5063
49.5097
49.5119
49.515
49.5173
49.5187
49.519
49.5197
49.5225
49.5252
49.5274
49.5308
49.5355
49.5411
49.5431
49.5447
49.5437
49.5429
49.5403
49.5376
49.5346
49.5309
49.5276
