50.7998
50.8585
50.8907
50.9253
50.9674
51.0086
51.0528
51.094
51.1363
51.1793
51.223
51.267
51.3075
51.3478
51.3887
51.4285
51.4662
51.4988
51.5284
51.5556
51.5855
51.6123
51.6425
51.7025
51.7785
51.8718
51.9646
52.0415
52.1266
52.2252
52.3149
52.4004
52.4891
52.5841
52.6902
52.7939
52.8931
52.9911
53.0876
53.1778
53.2631
53.3539
53.441
53.5234
53.6153
53.6958
53.778
53.8584
53.9354
54.0094
54.0755
54.139
54.1981
54.2512
54.3081
54.3626
54.3875
54.4086
54.4441
54.4981
54.5547
54.6097
54.6683
54.723
54.7752
54.8233
54.8696
54.9199
54.965
55.0104
55.0552
55.1007
55.1518
55.204
55.2581
55.3236
55.3926
55.4691
55.5483
55.6313
55.7143
55.7961
55.8858
55.9478
55.9926
56.0138
56.0381
56.0784
56.1111
56.1335
56.1574
56.1778
56.1978
56.2161
56.2225
56.2292
56.2428
56.2558
56.271
56.2874
56.3062
56.315
56.3142
56.3177
56.3037
56.2977
56.2946
56.2949
56.2921
56.2861
56.2824
56.2744
56.2736
56.2738
56.266
56.2635
56.2776
56.2993
56.3063
56.3096
56.3113
56.3126
56.3146
56.3172
56.3192
56.3235
56.3277
56.3303
56.3337
56.3374
56.3426
56.3542
56.3626
56.362
56.3533
56.3351
56.3186
56.2975
56.2745
56.2506
56.2233
56.1951
56.1605
56.1262
56.0914
56.0611
56.0281
55.9949
55.9623
55.9301
55.9023
55.8774
55.8546
55.8214
55.7884
55.7588
55.7283
55.6961
55.6671
55.6384
55.6008
55.5658
55.5424
55.521
55.509
55.4953
55.4775
55.4643
55.4557
55.4625
55.4733
55.4906
55.5014
55.5158
55.5385
55.565
55.5951
55.6221
55.6483
55.6761
55.7016
55.7258
55.7474
55.7709
55.7942
55.8165
55.8397
55.862
55.8885
55.9129
55.938
55.9559
55.9714
55.9966
