48.2398
48.2322
48.2233
48.2137
48.2039
48.196
48.1877
48.18
48.1724
48.1669
48.1608
48.1549
48.1497
48.1449
48.1399
48.1359
48.1305
48.1272
48.1252
48.1304
48.138
48.146
48.1604
48.177
48.1867
48.2002
48.2137
48.2277
48.2344
48.2404
48.2499
48.2614
48.275
48.2861
48.299
48.3105
48.322
48.3331
48.3393
48.3434
48.3449
48.3469
48.3494
48.352
48.3521
48.3484
48.3381
48.3259
48.3145
48.3022
48.2889
48.2766
48.2657
48.2524
48.2437
48.2347
48.2244
48.214
48.2072
48.2025
48.212
48.2227
48.2314
48.2344
48.2359
48.2366
48.2373
48.2344
48.2311
48.2271
48.2214
48.2101
48.1975
48.1813
48.1665
48.1483
48.132
48.1092
48.0875
48.0587
48.0248
47.9868
47.9414
47.8943
47.8523
47.8074
47.7634
47.7198
47.6738
47.6273
47.5799
47.5316
47.4819
47.4322
47.3798
47.3282
47.2797
47.2316
47.1853
47.1416
47.1002
47.0551
47.0131
46.9716
46.9343
46.9013
46.8752
46.8495
46.8224
46.7954
46.7686
46.7402
46.7124
46.6866
46.6601
46.6363
46.6149
46.5948
46.5734
46.5504
46.5271
46.5049
46.4829
46.4604
46.4376
46.4166
46.3941
46.3724
46.3513
46.3285
46.307
46.2914
46.2764
46.2643
46.2559
46.2499
46.2494
46.2496
46.2503
46.2534
46.2553
46.2586
46.2631
46.2662
46.2665
46.2675
46.2675
46.2665
46.2673
46.2675
46.2672
46.2684
46.2724
46.2744
46.2783
46.2818
46.2831
46.2843
46.2854
46.2848
46.279
46.28
46.2803
46.2807
46.2808
46.2815
46.2822
46.2826
46.2836
46.2878
46.2949
46.3026
46.3103
46.3163
46.3225
46.3273
46.3313
46.3358
46.341
46.3452
46.3474
46.3494
46.3481
46.3479
46.3477
46.3473
46.3478
