62.4066
62.4168
62.4213
62.4311
62.4358
62.4376
62.4429
62.4534
62.4674
62.4814
62.4977
62.5132
62.5269
62.5384
62.5547
62.5654
62.5735
62.5774
62.58
62.5869
62.6021
62.6178
62.6362
62.6502
62.6645
62.6807
62.7007
62.7136
62.7294
62.7478
62.7673
62.7845
62.807
62.8265
62.8398
62.8528
62.8672
62.8785
62.8904
62.8998
62.9049
62.9066
62.9123
62.9197
62.9315
62.9442
62.954
62.9448
62.9312
62.9118
62.8916
62.8765
62.8618
62.849
62.8382
62.8313
62.8279
62.8194
62.8133
62.8031
62.7949
62.7973
62.8084
62.8156
62.8184
62.8221
62.8228
62.8199
62.8141
62.8049
62.7888
62.7701
62.7552
62.7412
62.72
62.7078
62.6965
62.6863
62.6782
62.6623
62.6358
62.6107
62.5848
62.5622
62.5362
62.5102
62.4834
62.4534
62.4216
62.3837
62.3449
62.3054
62.2665
62.2263
62.1875
62.1484
62.1063
62.0648
62.0208
61.9776
61.9376
61.908
61.8783
61.8444
61.814
61.7902
61.7699
61.7657
61.7625
61.7655
61.7731
61.7756
61.7756
61.772
61.7668
61.7585
61.7516
61.7435
61.7393
61.7375
61.7349
61.7325
61.73
61.7252
61.7207
61.716
61.7122
61.705
61.6972
61.6914
61.6904
61.6902
61.6888
61.6891
61.6963
61.698
61.7085
61.7213
61.7255
61.73
61.734
61.7348
61.7318
61.7295
61.728
61.7286
61.7279
61.726
61.7254
61.7255
61.7284
61.7322
61.736
61.7422
61.7487
61.755
61.7644
61.7755
61.788
61.7999
61.8139
61.8167
61.8195
61.8292
61.8413
61.8486
61.8537
61.8635
61.8702
61.8752
61.877
61.8767
61.8814
61.8864
61.8899
61.8871
61.8871
61.8884
61.8853
61.8823
61.8795
61.8749
61.8701
61.864
61.8573
61.8493
61.8409
61.8359
61.8289
