151.1707
151.234
151.2877
151.3545
151.431
151.5159
151.6093
151.7006
151.7971
151.8863
151.9703
152.0509
152.1279
152.205
152.296
152.3937
152.5
152.6047
152.7045
152.8042
152.8957
152.9844
153.0764
153.1655
153.2529
153.3355
153.4247
153.5012
153.5619
153.635
153.731
153.8445
153.9523
154.0641
154.1736
154.2936
154.4186
154.5523
154.687
154.8158
154.9406
155.0628
155.188
155.3227
155.4622
155.5943
155.7301
155.8695
156.0007
156.1307
156.259
156.3714
156.4744
156.573
156.6601
156.75
156.8514
156.905
156.9505
156.9714
156.9915
157.0095
157.0246
157.0413
157.0505
157.0538
157.0529
157.0479
157.0379
157.0341
157.0392
157.0377
157.0356
157.0446
157.043
157.0386
157.0278
157.0245
157.0487
157.0721
157.1049
157.1376
157.1725
157.2203
157.2741
157.3171
157.3526
157.4081
157.473
157.5241
157.5677
157.5986
157.6221
157.6398
157.6606
157.6668
157.6613
157.6455
157.6323
157.6228
157.6088
157.601
157.591
157.5829
157.5733
157.5503
157.5116
157.4863
157.4508
157.4078
157.359
157.3185
157.2952
157.2888
157.284
157.2757
157.2647
157.2701
157.2771
157.2953
157.2995
157.3067
157.3159
157.322
157.3204
157.3167
157.306
157.2911
157.2797
157.2638
157.2522
157.2397
157.2324
157.2132
157.2047
157.19
157.174
157.1543
157.1092
157.0697
157.0245
156.9695
156.9081
156.8377
156.7582
156.6936
156.6311
156.5567
156.483
156.4191
156.3512
156.2879
156.2327
156.1746
156.1162
156.0654
156.0226
155.9801
155.9346
155.8858
155.8468
155.7985
155.7527
155.7122
155.6839
155.6646
155.6617
155.6492
155.6358
155.6537
155.6451
155.6571
155.6503
155.6318
155.627
155.6223
155.62
155.6153
155.6278
155.6297
155.6404
155.6511
155.6603
155.6717
155.6868
155.7007
155.7141
155.7385
155.7605
155.7876
155.8044
155.8239
155.8404
155.8594
155.8624
