39.3843
39.3989
39.4134
39.4144
39.4083
39.4008
39.3984
39.3971
39.3934
39.3924
39.3934
39.3924
39.3914
39.3909
39.3885
39.3856
39.3819
39.3783
39.3763
39.3746
39.3742
39.3741
39.3759
39.3767
39.379
39.3814
39.3829
39.3854
39.3827
39.3824
39.3815
39.388
39.3977
39.408
39.4189
39.4262
39.4314
39.4345
39.439
39.4434
39.4475
39.4494
39.4488
39.449
39.4492
39.4497
39.453
39.4542
39.4536
39.4565
39.4607
39.4569
39.4512
39.4482
39.4425
39.4344
39.4245
39.418
39.4134
39.4065
39.3977
39.3872
39.379
39.3767
39.3802
39.3841
39.3856
39.3875
39.3915
39.3941
39.3956
39.396
39.3969
39.3971
39.3981
39.398
39.3956
39.3945
39.3935
39.3907
39.3861
39.383
39.3777
39.3761
39.3718
39.3665
39.3622
39.3581
39.3551
39.3508
39.3485
39.3435
39.337
39.3306
39.3265
39.3229
39.3194
39.3171
39.3157
39.3135
39.309
39.3053
39.3031
39.3008
39.2963
39.2963
39.2939
39.2929
39.2933
39.2955
39.2952
39.3018
39.3093
39.316
39.3278
39.3407
39.3532
39.3658
39.3752
39.3853
39.3962
39.4078
39.4178
39.428
39.439
39.4498
39.4603
39.4709
39.4813
39.4918
39.5035
39.5165
39.5298
39.5433
39.5563
39.5691
39.5834
39.5981
39.6127
39.6288
39.6458
39.6644
39.6841
39.7068
39.7335
39.7652
39.7937
39.8188
39.8397
39.8579
39.8761
39.8971
39.9173
39.9339
39.9494
39.968
39.987
40.0043
40.0203
40.0363
40.0525
40.0686
40.0842
40.1008
40.1198
40.1346
40.1511
40.1669
40.1906
40.2084
40.2303
40.2561
40.2823
40.3059
40.3246
40.3459
40.3681
40.3874
40.4084
40.4274
40.4448
40.4614
40.4809
40.5005
40.5195
40.538
40.5548
40.5707
40.5839
40.5972
40.6084
40.6179
40.626
40.6345
40.6433
