279.4
280.4
281.5
284.22
285.06
286.36
285.78
286.71
287.61
286.03
287.04
288.94
286.86
289.2
289.72
288.77
286.17
286.58
291.03
291.9
292.15
292.8
295.04
296.6
297.33
301.0
303.0
302.58
304.26
305.52
305.35
301.27
298.82
297.77
302.97
302.53
301.25
302.71
302.51
304.5
305.5
304.97
302.19
301.91
301.31
300.24
301.52
302.21
302.91
300.11
298.4
301.03
302.4
303.66
305.24
307.39
308.26
304.71
308.21
309.01
306.58
308.69
309.27
311.3
312.46
312.64
314.28
315.5
316.22
317.05
318.28
319.14
317.74
317.02
314.7
313.02
316.6
319.87
310.61
311.31
303.31
307.75
307.82
308.14
306.23
306.11
309.04
308.68
310.08
313.3
310.28
309.76
310.31
310.7
310.54
311.0
309.5
310.01
314.61
314.35
