62.09
62.65
63.4
62.92
61.76
61.89
61.4
61.48
61.58
61.415
60.46
60.16
59.89
59.79
58.74
58.55
53.77
55.63
55.42
55.29
55.11
55.6
55.8
55.16
54.58
54.6
53.7
52.97
54.46
54.78
55.15
53.11
53.12
53.32
53.4
51.68
50.49
50.84
51.53
50.9
50.97
51.61
51.91
51.0
49.76
51.47
51.88
52.45
53.12
53.65
54.14
53.81
53.85
53.44
53.43
53.71
54.24
54.43
55.1
55.37
55.6
55.87
55.6
55.8
58.34
57.82
57.99
57.39
57.9
58.01
58.59
58.51
58.49
58.64
58.54
57.45
58.81
58.57
58.34
56.46
54.19
53.54
53.78
53.83
53.54
53.45
53.61
54.09
53.8
53.46
53.27
53.24
52.78
52.92
53.0
54.65
54.3
54.2
54.61
54.92
