23.51
22.82
22.6
21.07
20.85
21.01
21.56
21.96
22.32
22.5
22.68
22.83
22.86
22.63
22.79
23.16
23.33
23.61
23.55
23.39
23.1
23.22
23.18
23.04
23.47
22.78
20.55
20.16
20.31
20.21
20.11
19.61
19.35
19.32
19.94
20.21
20.61
20.65
20.94
20.69
20.75
20.67
20.87
20.79
21.15
21.59
21.27
21.05
21.5
22.17
21.85
21.99
22.09
21.63
21.32
20.91
21.18
21.36
21.65
21.73
22.01
21.76
20.37
20.48
20.59
20.54
20.58
20.32
20.46
20.39
20.05
20.1
19.46
19.68
19.93
19.94
20.37
21.27
21.15
21.13
20.92
19.6
18.62
18.51
18.75
18.75
18.33
17.94
17.41
17.42
17.8
19.5
18.8
19.09
19.33
19.61
20.24
20.11
20.35
20.31
