151.99
152.33
153.15
155.16
154.01
155.27
154.34
154.73
154.7
153.37
153.48
153.55
153.29
151.77
156.54
155.68
155.54
155.07
154.85
153.71
153.71
154.41
153.23
154.0
154.1
154.35
154.25
156.63
156.46
157.34
157.6
157.81
157.02
157.54
158.39
158.38
158.33
158.53
158.66
158.73
158.32
159.35
159.5
158.07
158.22
158.33
159.18
159.92
155.77
156.0
156.05
156.88
156.35
156.33
157.76
158.51
158.56
156.1
153.27
153.44
155.48
156.12
155.8
156.36
156.65
157.3
158.58
159.5
159.59
160.58
162.77
164.08
164.44
164.75
163.89
164.92
165.5
163.09
163.59
163.0
163.75
163.77
164.67
166.13
165.57
166.5
167.6
168.6
169.52
169.45
166.1
163.52
165.08
166.57
167.15
167.53
166.16
166.76
167.51
168.67
