41.7996
41.818
41.8386
41.8553
41.8695
41.8838
41.8993
41.9173
41.9375
41.9561
41.9747
41.9926
42.0066
42.0201
42.0344
42.0502
42.0667
42.0816
42.0965
42.1112
42.125
42.1352
42.1437
42.1516
42.1558
42.1586
42.1585
42.1606
42.1681
42.1744
42.1781
42.1821
42.1863
42.1901
42.1939
42.1989
42.2026
42.2057
42.2095
42.2112
42.2126
42.2146
42.2151
42.2153
42.2149
42.215
42.216
42.2151
42.2148
42.2143
42.2127
42.2122
42.2124
42.2144
42.2168
42.2224
42.2299
42.2368
42.2426
42.2463
42.2512
42.2557
42.2578
42.26
42.2655
42.2698
42.2723
42.2727
42.2719
42.2721
42.2716
42.2718
42.2703
42.2675
42.2639
42.2584
42.2537
42.2521
42.248
42.2477
42.2484
42.251
42.2546
42.2585
42.266
42.2754
42.285
42.2914
42.2968
42.3017
42.3083
42.3162
42.3238
42.3329
42.3423
42.3484
42.3553
42.3618
42.3691
42.3767
42.3847
42.3897
42.395
42.4001
42.405
42.412
42.4207
42.4297
42.4393
42.4468
42.4566
42.4651
42.471
42.4739
42.4764
42.4763
42.4753
42.4749
42.4746
42.474
42.4724
42.4675
42.4631
42.4585
42.4525
42.4473
42.4418
42.438
42.4317
42.4249
42.4233
42.4201
42.4183
42.4158
42.4146
42.4156
42.4152
42.4107
42.408
42.4022
42.3955
42.3883
42.381
42.3725
42.3656
42.3581
42.3521
42.347
42.3401
42.3338
42.3269
42.319
42.3112
42.3021
42.2941
42.2888
42.2829
42.2806
42.2777
42.2729
42.269
42.2678
42.2659
42.2649
42.2635
42.2593
42.2516
42.246
42.24
42.2372
42.2323
42.2279
42.2252
42.2235
42.2217
42.2197
42.218
42.2153
42.2127
42.2102
42.2076
42.2081
42.2093
42.2108
42.2138
42.2175
42.221
42.2228
42.2244
42.2258
42.2235
42.2233
42.2242
42.2264
42.2266
42.225
42.2242
42.2239
42.2231
