78.9205
78.8983
78.8803
78.8788
78.8778
78.8768
78.8811
78.8907
78.9024
78.908
78.9116
78.9138
78.9167
78.9213
78.9285
78.9366
78.9488
78.9636
78.9733
78.9824
78.9864
78.9905
78.9927
78.9928
78.9858
78.9811
78.9755
78.9689
78.9631
78.9576
78.9636
78.9727
78.9795
78.9885
78.9953
79.0002
79.0056
79.0074
79.0083
79.0105
79.0125
79.0125
79.013
79.0142
79.0152
79.0179
79.0192
79.017
79.014
79.013
79.0129
79.0157
79.0178
79.0221
79.0266
79.0338
79.0422
79.0468
79.0511
79.0546
79.0606
79.0678
79.072
79.0788
79.0862
79.0938
79.0972
79.1015
79.1069
79.1125
79.1191
79.1246
79.1272
79.1287
79.131
79.1322
79.1259
79.1352
79.1439
79.1574
79.1696
79.1781
79.1826
79.1902
79.2034
79.2147
79.2266
79.2382
79.2488
79.2568
79.2656
79.2758
79.2865
79.2966
79.3075
79.3173
79.3278
79.3408
79.3541
79.3658
79.3756
79.3853
79.3931
79.403
79.4102
79.4194
79.4304
79.4414
79.4535
79.4623
79.47
79.4733
79.4767
79.4778
79.4801
79.4809
79.481
79.4824
79.4825
79.4833
79.4845
79.4799
79.4773
79.4724
79.467
79.4559
79.4503
79.4442
79.4365
79.506
79.5722
79.6263
79.6922
79.7554
79.8182
79.8827
79.9491
79.9986
80.0543
80.1048
80.1573
80.2132
80.2752
80.3351
80.3923
80.449
80.508
80.5668
80.6253
80.6863
80.7443
80.8025
80.8552
80.909
80.9621
81.0151
81.0692
81.1169
81.1666
81.2199
81.2724
81.3237
81.382
81.4335
81.4915
81.5485
81.6032
81.6603
81.7158
81.7671
81.8163
81.8648
81.9107
81.9575
82.0061
82.0561
82.1057
82.1559
82.2069
82.2572
82.3081
82.3627
82.4176
82.4735
82.5398
82.6098
82.6762
82.7429
82.8088
82.8016
82.8026
82.8126
82.8121
82.8136
82.8167
82.8202
82.8282
