52.1832
52.177
52.178
52.1772
52.177
52.1777
52.1791
52.1778
52.1745
52.17
52.1636
52.1571
52.1489
52.1417
52.1369
52.1309
52.1251
52.1192
52.1137
52.1091
52.098
52.0846
52.0714
52.0582
52.053
52.0454
52.0409
52.0437
52.0497
52.0524
52.0491
52.0425
52.0362
52.0312
52.0257
52.021
52.0165
52.0125
52.0085
51.9995
51.9918
51.9849
51.9762
51.9666
51.9569
51.9455
51.9376
51.933
51.9258
51.9173
51.9117
51.9055
51.9019
51.9
51.9009
51.8992
51.896
51.8938
51.8935
51.8921
51.889
51.8822
51.8764
51.8715
51.8655
51.8589
51.8512
51.8459
51.8408
51.8342
51.8288
51.8224
51.8174
51.8105
51.8007
51.7945
51.7906
51.7852
51.7832
51.7827
51.7871
51.7926
51.799
51.8066
51.8071
51.8102
51.81
51.8088
51.8049
51.7992
51.7939
51.789
51.7852
51.7819
51.7791
51.7752
51.772
51.7679
51.7618
51.7588
51.7578
51.7541
51.7504
51.7474
51.7461
51.7477
51.7462
51.7419
51.7397
51.7395
51.7365
51.7331
51.7264
51.7208
51.7163
51.7121
51.7111
51.7118
51.7132
51.7141
51.714
51.7159
51.7181
51.7207
51.7254
51.7298
51.7378
51.7433
51.7479
51.7534
51.7593
51.7656
51.7701
51.7749
51.7818
51.7874
51.7904
51.7948
51.7957
51.7957
51.7966
51.7971
51.7986
51.7998
51.8001
51.8005
51.8011
51.8012
51.8024
51.8031
51.8046
51.8052
51.8049
51.8069
51.8078
51.8094
51.8096
51.8119
51.8163
51.8193
51.8185
51.8205
51.8224
51.825
51.8252
51.8253
51.8256
51.8245
51.8232
51.8226
51.8231
51.8249
51.8258
51.8253
51.8246
51.8244
51.8237
51.8234
51.8239
51.8232
51.8221
51.8215
51.8209
51.8193
51.8182
51.8187
51.8173
51.8167
51.8183
51.8196
51.8201
51.8216
