280.7004
280.7951
280.8952
280.933
280.9495
280.9729
281.0116
281.0425
281.0847
281.124
281.1753
281.2233
281.2718
281.3177
281.3696
281.4322
281.5022
281.5683
281.6336
281.7089
281.7894
281.8707
281.9644
282.0603
282.1425
282.2327
282.3417
282.4662
282.5611
282.6461
282.7412
282.8072
282.902
283.0142
283.1344
283.2281
283.3206
283.4242
283.5274
283.6182
283.7071
283.7941
283.8416
283.8791
283.9182
283.9675
284.0223
284.0713
284.1164
284.1371
284.1633
284.1335
284.0974
284.0704
284.0249
283.9651
283.9214
283.8648
283.7912
283.6905
283.6067
283.5135
283.4254
283.3927
283.3875
283.3696
283.3511
283.3393
283.3271
283.3087
283.2758
283.2531
283.2194
283.1928
283.1719
283.1363
283.0968
283.0324
282.9944
282.9454
282.8794
282.8078
282.7148
282.6212
282.536
282.4389
282.3337
282.2011
282.0871
281.9816
281.8771
281.7765
281.6597
281.5447
281.4201
281.3043
281.1943
281.0806
280.9588
280.8395
280.7035
280.5697
280.4502
280.3329
280.1974
280.0736
279.9592
279.8613
279.772
279.7037
279.6488
279.6599
279.6775
279.6867
279.709
279.7556
279.7561
279.733
279.7327
279.7449
279.7522
279.7722
279.7921
279.8201
279.8505
279.8721
279.8788
279.8776
279.876
279.8766
279.8809
279.8744
279.8722
279.8705
279.8547
279.85
279.8444
279.8672
279.859
279.8621
279.8669
279.8701
279.8871
279.8911
279.9095
279.93
279.9351
279.9465
279.9525
279.9616
279.9755
279.9833
279.9845
279.9875
279.9958
280.0066
280.0061
280.0003
279.9974
279.9943
280.0062
280.0123
280.0213
280.0343
280.0598
280.0722
280.064
280.0302
279.9998
279.9653
279.9268
279.8842
279.8394
279.7966
279.7318
279.6638
279.6252
279.598
279.56
279.5303
279.4943
279.4424
279.394
279.3375
279.2813
279.2371
279.1974
279.1524
279.102
279.0581
279.0101
278.9643
278.9141
278.8601
278.7993
