102.2701
102.2822
102.3074
102.3036
102.2856
102.2682
102.2556
102.2427
102.2344
102.2281
102.2219
102.2162
102.2065
102.2
102.1997
102.1987
102.1994
102.2039
102.2092
102.2171
102.2307
102.2466
102.2695
102.2892
102.3141
102.3537
102.3947
102.4329
102.4574
102.4951
102.5146
102.53
102.5505
102.5803
102.6178
102.6549
102.6888
102.7283
102.7642
102.8026
102.8358
102.8681
102.8953
102.9253
102.9603
102.9973
103.0325
103.0727
103.1125
103.1537
103.1988
103.2285
103.2541
103.2863
103.3208
103.351
103.3836
103.4074
103.4309
103.4555
103.4813
103.5068
103.5268
103.5598
103.5909
103.6152
103.6312
103.6492
103.664
103.6767
103.6897
103.7045
103.7175
103.7267
103.7359
103.7474
103.7579
103.7674
103.7814
103.7905
103.8046
103.8123
103.8081
103.8111
103.807
103.7845
103.7621
103.7378
103.719
103.698
103.681
103.6562
103.6314
103.6055
103.5804
103.5539
103.5291
103.5048
103.4823
103.4584
103.4363
103.4116
103.3912
103.3712
103.348
103.3161
103.2834
103.2409
103.2029
103.162
103.1182
103.0896
103.0644
103.0321
102.9954
102.9672
102.9234
102.8796
102.8331
102.7857
102.7448
102.7118
102.6803
102.6471
102.6167
102.5859
102.5617
102.5413
102.518
102.4933
102.4695
102.4428
102.4148
102.3863
102.3552
102.3238
102.2947
102.2627
102.2298
102.2007
102.1641
102.1258
102.0879
102.0428
101.9898
101.9401
101.8826
101.8393
101.7869
101.729
101.676
101.6247
101.5708
101.5156
101.4593
101.4049
101.3526
101.2997
101.248
101.1982
101.1486
101.1016
101.0584
101.0161
100.9716
100.9337
100.8989
100.8714
100.8514
100.8287
100.8032
100.7798
100.7632
100.7438
100.7288
100.708
100.7112
100.7144
100.7196
100.7202
100.7189
100.72
100.7198
100.7207
100.7205
100.7225
100.7203
100.7195
100.72
100.7193
100.7172
100.7178
100.7208
100.726
100.7283
