212.4013
212.407
212.4031
212.3913
212.3839
212.3776
212.3772
212.3748
212.381
212.3826
212.3887
212.3844
212.3846
212.3766
212.366
212.3545
212.3394
212.3311
212.3153
212.2988
212.2891
212.2717
212.2377
212.172
212.1135
212.0517
211.9809
211.907
211.8676
211.8203
211.7603
211.7026
211.6501
211.5997
211.5419
211.4882
211.422
211.3463
211.2547
211.1597
211.0463
210.9383
210.8293
210.7253
210.627
210.5383
210.4393
210.3438
210.2505
210.1555
210.0781
209.9803
209.8846
209.7982
209.7185
209.6475
209.5818
209.533
209.4717
209.4258
209.361
209.2993
209.2365
209.1858
209.141
209.1033
209.0718
209.0498
209.0313
209.005
208.9693
208.9447
208.9139
208.8822
208.8359
208.7782
208.7225
208.6847
208.6425
208.6054
208.5776
208.5438
208.5243
208.5264
208.5238
208.5274
208.5379
208.5567
208.5478
208.5429
208.5338
208.5366
208.5341
208.5398
208.5438
208.5374
208.5342
208.5436
208.5602
208.5764
208.6007
208.62
208.6477
208.6727
208.7334
208.786
208.865
208.9342
208.99
209.0535
209.0847
209.1298
209.1669
209.1899
209.2077
209.2214
209.2253
209.2226
209.2176
209.2076
209.2149
209.2147
209.2122
209.2016
209.1879
209.1654
209.1372
209.1092
209.0699
209.0572
209.0452
209.0302
209.0178
208.9997
208.9932
208.993
208.9907
208.9672
208.9549
208.9307
208.898
208.8731
208.8479
208.842
208.8243
208.8038
208.7893
208.7636
208.7504
208.7358
208.7235
208.707
208.697
208.6813
208.668
208.6599
208.6606
208.6556
208.6421
208.6341
208.6422
208.6486
208.6415
208.6331
208.5881
208.5436
208.4717
208.4159
208.3742
208.3314
208.3022
208.2843
208.2651
208.2577
208.2477
208.2432
208.2334
208.227
208.2153
208.1913
208.1593
208.1257
208.0979
208.0792
208.0533
208.0354
208.0021
207.9688
207.9368
207.8964
207.8544
207.8117
207.7627
207.7199
207.6759
207.6368
207.605
207.5707
