83.0658
83.0723
83.0809
83.0952
83.1142
83.1248
83.1407
83.1553
83.1713
83.1848
83.1979
83.2099
83.2216
83.2323
83.2418
83.254
83.2674
83.2814
83.2944
83.3066
83.3152
83.3223
83.3225
83.3272
83.3253
83.3283
83.3314
83.3395
83.3527
83.3682
83.3832
83.3945
83.4
83.4063
83.4087
83.4092
83.4132
83.4152
83.419
83.4217
83.4254
83.4276
83.4282
83.4292
83.4308
83.4334
83.4376
83.4397
83.4427
83.4467
83.4505
83.4569
83.4585
83.4627
83.4704
83.4772
83.4861
83.4849
83.4889
83.4929
83.497
83.4949
83.493
83.4885
83.4817
83.4779
83.4684
83.4575
83.4449
83.4364
83.4298
83.4215
83.4105
83.3996
83.3923
83.3805
83.3617
83.3403
83.3223
83.3059
83.2865
83.2696
83.2603
83.2471
83.2421
83.2335
83.2243
83.2108
83.1956
83.1747
83.1561
83.1375
83.1258
83.1108
83.0978
83.0854
83.07
83.0576
83.0438
83.0315
83.0186
83.0052
82.9914
82.9795
82.9714
82.9602
82.9546
82.9465
82.9385
82.9296
82.922
82.9124
82.9065
82.8997
82.892
82.8847
82.8802
82.876
82.873
82.867
82.8607
82.8559
82.8514
82.8477
82.8445
82.8404
82.837
82.8337
82.8303
82.8242
82.8208
82.8186
82.8204
82.8244
82.8294
82.8357
82.8515
82.8665
82.8791
82.8929
82.9109
82.928
82.9422
82.9564
82.9684
82.979
82.9895
83.0019
83.0134
83.0285
83.042
83.0547
83.0659
83.0794
83.094
83.1103
83.1261
83.1401
83.154
83.164
83.1717
83.1855
83.1946
83.2016
83.2043
83.2031
83.1942
83.1897
83.1857
83.1789
83.1707
83.1629
83.156
83.1497
83.1445
83.1387
83.1327
83.1279
83.1222
83.1196
83.1163
83.1104
83.104
83.0982
83.0937
83.0919
83.0829
83.0721
83.0617
83.0527
83.0395
83.0237
83.0065
82.9862
82.9646
82.946
82.9243
82.9046
82.8846
