234.2953
234.3648
234.4168
234.4456
234.4886
234.5428
234.5906
234.6318
234.6771
234.7273
234.7908
234.8441
234.9056
234.9691
235.0341
235.0949
235.1596
235.217
235.2822
235.3555
235.4458
235.5278
235.6218
235.7213
235.8279
235.927
236.0255
236.1126
236.1888
236.2845
236.3938
236.4958
236.6107
236.7382
236.87
237.0034
237.1374
237.2687
237.3992
237.5323
237.6625
237.7928
237.9247
238.0595
238.201
238.3491
238.5048
238.6268
238.7395
238.8416
238.9351
239.0277
239.1212
239.1979
239.2614
239.3274
239.3963
239.461
239.5372
239.6232
239.7022
239.7867
239.8646
239.9462
240.0214
240.0892
240.1604
240.2299
240.3119
240.3918
240.4654
240.541
240.6322
240.729
240.8157
240.9272
241.0343
241.1232
241.2057
241.2723
241.3284
241.388
241.4243
241.4454
241.4498
241.4667
241.4793
241.4993
241.5162
241.52
241.5135
241.4813
241.4444
241.4013
241.3619
241.3209
241.2803
241.2351
241.2066
241.151
241.0886
241.0371
240.9855
240.9308
240.8788
240.828
240.7626
240.7153
240.6716
240.6324
240.5957
240.5559
240.5148
240.4845
240.4677
240.4447
240.4147
240.3823
240.3448
240.2987
240.2622
240.228
240.1982
240.1612
240.1282
240.0982
240.0513
240.0233
239.9946
239.965
239.9512
239.9364
239.8932
239.8474
239.81
239.746
239.6864
239.6487
239.6151
239.5916
239.559
239.5288
239.5083
239.4868
239.4781
239.4638
239.4552
239.4439
239.4261
239.4061
239.3846
239.3862
239.4035
239.4122
239.4263
239.4523
239.4663
239.4918
239.4978
239.5282
239.5547
239.5547
239.552
239.537
239.5158
239.5017
239.4935
239.486
239.4675
239.4583
239.4404
239.4249
239.4077
239.3999
239.3864
239.3723
239.3631
239.362
239.356
239.3517
239.3447
239.3321
239.3215
239.3091
239.2919
239.2727
