21.7959
21.7914
21.783
21.788
21.792
21.7819
21.7694
21.7517
21.7262
21.7034
21.6813
21.6596
21.6381
21.6189
21.6001
21.5909
21.5858
21.5824
21.5817
21.5839
21.5869
21.5859
21.5845
21.5732
21.5633
21.558
21.5525
21.5539
21.5625
21.5695
21.5765
21.5832
21.5879
21.5878
21.589
21.5897
21.5897
21.5894
21.5927
21.5966
21.6021
21.609
21.6168
21.6245
21.6337
21.6384
21.6427
21.6488
21.6572
21.6619
21.6594
21.649
21.6422
21.643
21.649
21.656
21.6604
21.6657
21.6732
21.6825
21.6957
21.7079
21.722
21.731
21.7401
21.7559
21.7728
21.7893
21.8121
21.8382
21.8649
21.8907
21.914
21.9363
21.9603
21.9778
21.9937
22.0011
22.009
22.0158
22.0201
22.0295
22.0416
22.0641
22.0836
22.1018
22.121
22.1312
22.1398
22.1493
22.1572
22.1595
22.16
22.1657
22.1693
22.1767
22.1827
22.19
22.1985
22.2073
22.2172
22.225
22.2298
22.235
22.2362
22.2355
22.23
22.2261
22.2199
22.2183
22.2213
22.2259
22.2253
22.2154
22.2064
22.1939
22.1796
22.1671
22.1574
22.1471
22.1342
22.1227
22.116
22.1113
22.109
22.1059
22.1034
22.1009
22.0917
22.0802
22.0691
22.0566
22.0495
22.0432
22.0327
22.0237
22.0157
22.0137
22.0082
22.0058
22.0049
22.0002
21.9923
21.9822
21.9719
21.9581
21.9432
21.9323
21.9207
21.9067
21.8918
21.8773
21.864
21.8467
21.8308
21.8135
21.784
21.7533
21.7273
21.6982
21.6723
21.6467
21.6245
21.6016
21.5829
21.5661
21.5547
21.5452
21.5357
21.5237
21.5126
21.5044
21.4969
21.4915
21.4923
21.4935
21.4953
21.4937
21.4906
21.4863
21.4845
21.4823
21.4766
21.4686
21.4594
21.4495
21.4394
21.4262
21.4141
21.4046
21.3946
21.3869
21.3777
21.3667
21.3592
21.3535
21.3445
21.3354
