61.1904
61.2471
61.305
61.3468
61.389
61.4261
61.4589
61.4944
61.5262
61.5566
61.5869
61.6169
61.6443
61.6701
61.7028
61.7401
61.7711
61.8016
61.8317
61.8614
61.8917
61.921
61.9457
61.9675
61.9827
62.002
62.0247
62.0487
62.0736
62.0977
62.1113
62.1208
62.1302
62.1365
62.1458
62.1482
62.1457
62.1437
62.1427
62.1377
62.1298
62.123
62.1122
62.0977
62.0829
62.0694
62.0586
62.0447
62.0338
62.0252
62.0158
62.0165
62.018
62.0197
62.0247
62.0343
62.0387
62.0527
62.0602
62.0667
62.0725
62.077
62.0832
62.0896
62.0958
62.1037
62.1118
62.1165
62.1208
62.1287
62.1374
62.1453
62.1528
62.1548
62.1529
62.1445
62.1375
62.1335
62.1303
62.1261
62.1251
62.1219
62.1199
62.1177
62.1266
62.1329
62.1359
62.1334
62.1303
62.129
62.1295
62.13
62.1308
62.1308
62.1304
62.1341
62.1428
62.1501
62.1559
62.1639
62.1729
62.1783
62.1863
62.1707
62.1524
62.1506
62.1505
62.1511
62.1506
62.1485
62.1493
62.1403
62.1331
62.1234
62.1102
62.0963
62.0824
62.0678
62.0548
62.0409
62.0255
62.0099
61.9923
61.9738
61.9552
61.9357
61.9158
61.8969
61.876
61.8542
61.8356
61.8141
61.8007
61.789
61.7795
61.7711
61.7626
61.7516
61.7368
61.7212
61.7039
61.6864
61.669
61.6505
61.6342
61.6149
61.5959
61.5789
61.5629
61.5474
61.5306
61.5126
61.4949
61.4782
61.4603
61.4416
61.4253
61.4115
61.4
61.3861
61.3733
61.3615
61.3435
61.3529
61.3642
61.36
61.3515
61.3425
61.3344
61.3255
61.3164
61.3051
61.2943
61.2836
61.275
61.2694
61.266
61.2643
61.2656
61.2636
61.2615
61.2592
61.258
61.2585
61.2548
61.255
61.2577
61.264
61.2706
61.2796
61.2869
61.2948
61.2956
61.2985
61.3007
61.3023
61.3054
61.3099
61.3182
