65.3202
65.3445
65.3702
65.3962
65.4227
65.4466
65.4664
65.484
65.5025
65.5217
65.5383
65.5567
65.5754
65.5947
65.6135
65.6301
65.6455
65.6612
65.6755
65.6887
65.7022
65.7129
65.7207
65.729
65.7339
65.7342
65.7336
65.7351
65.7414
65.7467
65.7476
65.7541
65.7611
65.7654
65.7666
65.7669
65.7647
65.7607
65.7535
65.7467
65.7391
65.7315
65.7224
65.7128
65.7034
65.6908
65.679
65.6682
65.6586
65.651
65.6433
65.6409
65.6394
65.6401
65.6418
65.6434
65.6433
65.6475
65.6517
65.6568
65.6592
65.6607
65.6608
65.6593
65.6523
65.6462
65.6408
65.6393
65.6382
65.637
65.6362
65.636
65.6335
65.6294
65.6244
65.6183
65.6103
65.6023
65.5988
65.6029
65.6078
65.6122
65.6194
65.6269
65.6363
65.6526
65.6671
65.6808
65.6927
65.7063
65.7192
65.7296
65.7427
65.7562
65.7698
65.7823
65.7949
65.8085
65.826
65.8436
65.8629
65.8808
65.9016
65.9211
65.9408
65.9633
65.9894
66.0119
66.0338
66.0516
66.0678
66.0804
66.0881
66.0894
66.093
66.0984
66.1068
66.1139
66.1182
66.1217
66.1255
66.1283
66.1299
66.1285
66.1292
66.1299
66.1299
66.1292
66.1288
66.1265
66.1248
66.1236
66.1271
66.1281
66.131
66.1393
66.1476
66.1522
66.155
66.152
66.1491
66.1482
66.1446
66.14
66.1368
66.1327
66.1306
66.1284
66.1252
66.1202
66.1167
66.111
66.1039
66.0969
66.0898
66.0817
66.0745
66.0658
66.0537
66.0403
66.0281
66.0184
66.0074
65.9966
65.9839
65.97
65.9522
65.9367
65.9204
65.9048
65.8899
65.8734
65.8615
65.8519
65.8412
65.8312
65.819
65.8093
65.8022
65.7947
65.7866
65.7793
65.7735
65.7687
65.7644
65.7598
65.7491
65.7409
65.7334
65.7257
65.7171
65.7094
65.6979
65.6888
65.6787
65.6627
65.6515
65.6462
65.639
