118.2065
118.2125
118.217
118.2207
118.227
118.234
118.241
118.2554
118.2714
118.2865
118.2995
118.3135
118.3279
118.3429
118.3606
118.3767
118.3937
118.4079
118.4232
118.4396
118.4578
118.4758
118.4953
118.5183
118.5394
118.5601
118.5768
118.5993
118.6178
118.6384
118.6601
118.6765
118.6917
118.7096
118.7289
118.7465
118.7656
118.785
118.805
118.8235
118.8385
118.8525
118.8671
118.8819
118.8946
118.9095
118.9245
118.9421
118.9571
118.9725
118.9873
119.0008
119.0136
119.0261
119.0231
119.017
119.0113
119.0018
118.9936
118.988
118.9835
118.9796
118.9765
118.9726
118.9671
118.963
118.9597
118.9543
118.9508
118.9467
118.9385
118.9273
118.9182
118.906
118.8883
118.8723
118.8566
118.8426
118.8286
118.8135
118.7969
118.7809
118.7638
118.7461
118.7297
118.7142
118.6985
118.6815
118.6648
118.6446
118.623
118.6026
118.5824
118.5635
118.5449
118.5272
118.51
118.4935
118.4765
118.4585
118.4443
118.4339
118.4205
118.4058
118.3946
118.382
118.3693
118.3576
118.3464
118.3356
118.3245
118.314
118.302
118.2887
118.2764
118.2628
118.2484
118.2327
118.2182
118.2052
118.1918
118.1772
118.1537
118.1358
118.1169
118.1016
118.0836
118.0643
118.044
118.0259
118.0105
117.997
117.9805
117.9677
117.9584
117.9482
117.938
117.9295
117.9175
117.9082
117.8961
117.887
117.8776
117.8715
117.859
117.848
117.8357
117.8252
117.8149
117.8059
117.7977
117.7898
117.787
117.781
117.7745
117.7677
117.76
117.7505
117.7425
117.7348
117.7261
117.7139
117.7025
117.6946
117.6854
117.6761
117.6736
117.6668
117.6626
117.6578
117.6532
117.648
117.6439
117.6417
117.638
117.6364
117.6351
117.6341
117.6331
117.6307
117.6271
117.6244
117.6318
117.6326
117.6346
117.6317
117.6335
117.6356
117.6392
117.6426
117.6466
117.6511
117.6563
