23.0556
23.0664
23.0767
23.0818
23.0821
23.085
23.0871
23.0891
23.0905
23.0911
23.0902
23.0889
23.0882
23.0877
23.0862
23.0868
23.0882
23.0903
23.0922
23.0956
23.0987
23.1009
23.1001
23.0991
23.0951
23.0879
23.0824
23.0748
23.0729
23.0715
23.0671
23.0584
23.0463
23.0348
23.0235
23.0126
23.0016
22.9903
22.9788
22.967
22.9551
22.9438
22.9321
22.9206
22.9088
22.8962
22.8833
22.8697
22.8551
22.8414
22.8274
22.8153
22.8018
22.7892
22.7792
22.7703
22.7618
22.7522
22.7437
22.736
22.7287
22.722
22.7156
22.7085
22.7048
22.6978
22.6911
22.685
22.6791
22.6739
22.6691
22.6639
22.6593
22.6549
22.6501
22.6444
22.6359
22.6268
22.6228
22.6169
22.6119
22.6102
22.6108
22.6134
22.6196
22.6298
22.6384
22.6495
22.6579
22.6651
22.6731
22.6805
22.6898
22.6983
22.7064
22.7132
22.7194
22.7255
22.7314
22.7377
22.7443
22.7511
22.7575
22.7639
22.7704
22.7778
22.7868
22.7963
22.8064
22.8162
22.8257
22.8335
22.8423
22.8489
22.8549
22.8611
22.8676
22.8734
22.8798
22.8862
22.892
22.8977
22.9034
22.9101
22.9153
22.9215
22.928
22.9348
22.9412
22.949
22.9574
22.9705
22.9832
22.9964
23.0122
23.0282
23.0477
23.0652
23.0803
23.0979
23.1144
23.1293
23.1429
23.1547
23.166
23.1758
23.1853
23.1946
23.2043
23.2142
23.2236
23.2331
23.2428
23.2526
23.2613
23.2716
23.2833
23.2953
23.3087
23.3247
23.3398
23.3548
23.3678
23.3817
23.3967
23.4118
23.4264
23.4411
23.4553
23.4694
23.4849
23.4999
23.5151
23.5304
23.5436
23.5575
23.5712
23.5857
23.6006
23.6144
23.6295
23.6441
23.658
23.6738
23.6899
23.7062
23.7204
23.7336
23.7469
23.7579
23.7682
23.7737
23.7799
23.7867
23.7918
23.7977
23.8022
23.8083
