61.9268
61.9279
61.9285
61.9253
61.9247
61.9249
61.9236
61.914
61.9068
61.9005
61.8937
61.8839
61.8698
61.8553
61.8433
61.8328
61.8217
61.8106
61.8033
61.7966
61.7908
61.7839
61.7824
61.7794
61.7804
61.7812
61.7807
61.7755
61.764
61.7552
61.7537
61.7534
61.7497
61.7524
61.7571
61.7627
61.7721
61.7837
61.7955
61.8082
61.8185
61.8258
61.8322
61.8417
61.8485
61.8575
61.8673
61.8807
61.8948
61.9097
61.9237
61.9362
61.9436
61.9507
61.9564
61.9679
61.9793
61.9835
61.9812
61.9858
61.9943
62.0008
62.0071
62.0123
62.0229
62.0356
62.0496
62.0706
62.0927
62.1154
62.1369
62.1617
62.1896
62.2179
62.2449
62.2743
62.3049
62.3359
62.3678
62.3981
62.4289
62.4648
62.4988
62.5315
62.5661
62.6009
62.6381
62.6826
62.7246
62.7609
62.7912
62.8231
62.8534
62.8831
62.9115
62.9391
62.9618
62.9842
63.0033
63.0213
63.0418
63.0622
63.0807
63.096
63.1135
63.1403
63.1763
63.2083
63.2433
63.2847
63.3243
63.3631
63.4058
63.4472
63.49
63.5302
63.572
63.6189
63.6746
63.7207
63.7638
63.8103
63.8525
63.8946
63.9337
63.9706
64.0061
64.0447
64.0822
64.1122
64.1397
64.1664
64.1891
64.2059
64.2257
64.2437
64.2557
64.2681
64.2747
64.2824
64.2871
64.2844
64.2784
64.2745
64.2675
64.2591
64.2503
64.2378
64.228
64.2207
64.2143
64.2067
64.2008
64.1925
64.1816
64.1725
64.1651
64.1538
64.1451
64.1431
64.1383
64.1377
64.1368
64.1435
64.1497
64.1462
64.1323
64.1184
64.1084
64.0894
64.0716
64.0566
64.0357
64.0174
64.0017
63.9892
63.9761
63.9685
63.9604
63.9539
63.949
63.9427
63.9417
63.9417
63.9412
63.9428
63.9443
63.9432
63.9397
63.9413
63.9473
63.9537
63.965
63.9805
63.9932
