54.6877
54.7052
54.7233
54.7424
54.7615
54.78
54.7983
54.8166
54.8334
54.85
54.8653
54.8815
54.8998
54.9173
54.934
54.9492
54.9649
54.9814
54.9975
55.0136
55.033
55.0556
55.0785
55.0983
55.1126
55.1264
55.1391
55.1422
55.1508
55.1601
55.1692
55.1784
55.1902
55.2008
55.2112
55.2245
55.2381
55.2467
55.2549
55.2612
55.2673
55.2739
55.2797
55.2845
55.2904
55.2974
55.3081
55.3187
55.3302
55.3431
55.3601
55.3741
55.3871
55.4011
55.4096
55.4149
55.4184
55.4264
55.4304
55.4372
55.4419
55.4464
55.4508
55.4535
55.4561
55.4581
55.4616
55.4644
55.4672
55.4708
55.4743
55.4781
55.482
55.4889
55.4997
55.5133
55.5315
55.5473
55.5664
55.5864
55.605
55.6194
55.6327
55.6501
55.6712
55.693
55.7148
55.7394
55.7663
55.7908
55.8143
55.8352
55.8527
55.8687
55.8847
55.8995
55.9152
55.9323
55.9495
55.963
55.9792
55.9937
56.0066
56.0199
56.0328
56.047
56.0596
56.0735
56.0882
56.0981
56.1021
56.1079
56.114
56.1186
56.1292
56.1422
56.1527
56.1585
56.1647
56.1701
56.1752
56.1777
56.181
56.1833
56.1829
56.1801
56.1778
56.1745
56.1759
56.1758
56.1732
56.1699
56.1636
56.1516
56.1288
56.1093
56.0844
56.0564
56.0243
55.9911
55.9567
55.921
55.887
55.8545
55.8212
55.7858
55.7478
55.7118
55.6728
55.6333
55.5947
55.558
55.5412
55.5222
55.505
55.4795
55.4542
55.4349
55.4119
55.3939
55.3737
55.353
55.337
55.3165
55.2991
55.2818
55.2615
55.2412
55.22
55.2015
55.1858
55.1711
55.1572
55.1438
55.1303
55.1205
55.1124
55.1045
55.0971
55.0883
55.0792
55.0712
55.0635
55.0568
55.0512
55.0485
55.0452
55.0438
55.0373
