15.524
15.5164
15.5072
15.4979
15.4904
15.4816
15.4721
15.462
15.4517
15.4414
15.4304
15.4197
15.4108
15.4021
15.394
15.3852
15.3776
15.3691
15.3607
15.3502
15.3384
15.3229
15.3071
15.2892
15.2712
15.2539
15.2374
15.2213
15.2065
15.1923
15.1772
15.1618
15.1465
15.1315
15.1159
15.1012
15.0873
15.0748
15.0617
15.0483
15.0364
15.0246
15.0135
15.0023
14.9905
14.9801
14.9681
14.9565
14.9431
14.9293
14.9143
14.8981
14.8859
14.8731
14.8636
14.8544
14.8476
14.8397
14.831
14.8236
14.8143
14.8054
14.7961
14.7872
14.7783
14.7698
14.7631
14.7564
14.7503
14.7428
14.736
14.7295
14.7228
14.7165
14.7094
14.7052
14.7004
14.6963
14.6934
14.6916
14.6906
14.6942
14.6979
14.7044
14.7128
14.7201
14.7272
14.7341
14.7411
14.7492
14.7566
14.7634
14.7711
14.7787
14.786
14.792
14.7972
14.8021
14.8068
14.811
14.815
14.8184
14.8182
14.8178
14.8156
14.8122
14.8074
14.8013
14.7968
14.7944
14.7925
14.7923
14.7884
14.786
14.7832
14.7813
14.7784
14.7766
14.7757
14.7751
14.7748
14.7746
14.7748
14.7751
14.7755
14.7758
14.7747
14.7725
14.7701
14.7701
14.7703
14.7703
14.7707
14.772
14.7737
14.772
14.77
14.7667
14.7612
14.7552
14.7494
14.7424
14.7351
14.7268
14.7168
14.7062
14.696
14.6847
14.6725
14.6595
14.6467
14.6345
14.623
14.6114
14.6007
14.5908
14.585
14.5798
14.5746
14.5702
14.5671
14.5632
14.5613
14.5603
14.5611
14.5623
14.566
14.5713
14.5766
14.5793
14.5833
14.587
14.591
14.595
14.6005
14.6062
14.6125
14.6184
14.6244
14.63
14.6359
14.6415
14.6467
14.6527
14.6587
14.6656
14.6742
14.6846
14.6949
14.7043
14.7137
14.724
14.7342
14.7438
14.7546
14.7647
14.7744
14.7843
