48.7063
48.6945
48.6823
48.6664
48.6505
48.6371
48.6256
48.6105
48.5959
48.5791
48.5643
48.5495
48.5356
48.5222
48.5106
48.499
48.4896
48.4805
48.4725
48.464
48.4548
48.4377
48.4176
48.4001
48.3885
48.3758
48.3651
48.3553
48.3551
48.3571
48.3581
48.3559
48.3486
48.3422
48.3389
48.3358
48.3325
48.329
48.3255
48.3162
48.3082
48.3011
48.2938
48.2852
48.2768
48.2668
48.2599
48.2553
48.2523
48.2512
48.2487
48.2489
48.2509
48.2508
48.2511
48.2545
48.2575
48.2646
48.2689
48.2754
48.2813
48.2869
48.2939
48.3019
48.312
48.3211
48.3294
48.3386
48.3465
48.3562
48.3644
48.3729
48.3806
48.3839
48.3839
48.3857
48.3889
48.3916
48.3956
48.4007
48.4052
48.4187
48.4358
48.4517
48.4612
48.4704
48.4812
48.4897
48.4976
48.5028
48.5073
48.5127
48.5209
48.5296
48.538
48.5452
48.5537
48.563
48.5699
48.5805
48.5938
48.6071
48.6171
48.6286
48.6414
48.6551
48.6685
48.6807
48.6889
48.6948
48.7033
48.7103
48.7163
48.7238
48.7318
48.7413
48.7505
48.758
48.7677
48.7784
48.7886
48.7981
48.8068
48.8154
48.8214
48.8279
48.8336
48.8487
48.8642
48.8787
48.895
48.9088
48.9242
48.9441
48.9651
48.9848
48.9996
49.0161
49.0291
49.0434
49.0576
49.0716
49.0844
49.0964
49.1089
49.1219
49.1331
49.1442
49.1561
49.1683
49.1811
49.1924
49.2039
49.2134
49.2216
49.2311
49.2409
49.2516
49.2633
49.2743
49.2812
49.2896
49.2992
49.3051
49.3096
49.3142
49.3168
49.3175
49.3185
49.3215
49.3228
49.3244
49.3249
49.3262
49.3279
49.3279
49.3286
49.3276
49.3261
49.3238
49.3235
49.325
49.3274
49.3302
49.335
49.3385
49.3415
49.335
49.3297
49.3257
49.3206
49.3174
49.3128
49.3089
49.3051
49.3005
