83.6022
83.6014
83.6014
83.597
83.5952
83.5981
83.6011
83.6072
83.6098
83.6125
83.614
83.6133
83.6112
83.6121
83.6151
83.6173
83.6214
83.6236
83.6229
83.625
83.6271
83.6275
83.6236
83.6201
83.6126
83.6008
83.5917
83.5849
83.5783
83.572
83.5645
83.5599
83.5533
83.5444
83.5384
83.5324
83.5271
83.5211
83.5154
83.5088
83.5033
83.4956
83.4882
83.4806
83.474
83.4666
83.4579
83.4463
83.4321
83.4202
83.4097
83.4014
83.3894
83.3784
83.3677
83.3593
83.3512
83.3448
83.3431
83.3401
83.335
83.3254
83.3175
83.3109
83.3055
83.3012
83.2956
83.2894
83.2828
83.2773
83.274
83.2713
83.2685
83.2627
83.2565
83.2491
83.2401
83.2295
83.2159
83.1978
83.1818
83.1613
83.1454
83.1267
83.1126
83.1045
83.0932
83.0804
83.0676
83.0546
83.0422
83.0285
83.0139
82.9999
82.9857
82.9724
82.9582
82.9438
82.9302
82.9179
82.9044
82.8913
82.8778
82.8654
82.8543
82.8413
82.8293
82.8188
82.8114
82.7996
82.7896
82.7786
82.7683
82.7556
82.7462
82.7376
82.728
82.7176
82.7076
82.6967
82.686
82.6746
82.6619
82.6477
82.6334
82.6179
82.6041
82.5903
82.5769
82.5639
82.5559
82.5516
82.5519
82.5544
82.5591
82.5662
82.5739
82.5862
82.6013
82.6188
82.6342
82.6529
82.6713
82.6915
82.7107
82.7293
82.7488
82.7683
82.789
82.8097
82.8294
82.8504
82.872
82.8943
82.9165
82.9374
82.9586
82.9824
83.0059
83.0215
83.0375
83.054
83.0699
83.0859
83.099
83.1155
83.1317
83.1491
83.1647
83.1811
83.1963
83.2116
83.2269
83.2436
83.2573
83.2724
83.2869
83.3005
83.3124
83.327
83.3393
83.3506
83.3611
83.3733
83.3828
83.3934
83.4011
83.409
83.4176
83.4252
83.4311
83.435
83.4351
83.4326
83.4275
83.4208
83.4156
83.4076
83.401
