91.2454
91.2347
91.2275
91.2178
91.2025
91.191
91.1839
91.1792
91.1724
91.1633
91.1559
91.1486
91.1443
91.1396
91.1346
91.1302
91.1249
91.1194
91.1152
91.1115
91.1075
91.1062
91.1029
91.0999
91.0927
91.084
91.0772
91.0707
91.0749
91.0796
91.0733
91.0721
91.071
91.0724
91.0691
91.0708
91.0626
91.054
91.051
91.043
91.0301
91.0186
91.0031
90.993
90.9826
90.9733
90.959
90.9436
90.9261
90.9073
90.8913
90.8734
90.8541
90.8308
90.8104
90.8019
90.7964
90.7929
90.7891
90.7928
90.7925
90.7925
90.7922
90.789
90.7881
90.7803
90.7729
90.767
90.765
90.767
90.7655
90.762
90.7597
90.76
90.7635
90.7642
90.7592
90.7583
90.7612
90.7653
90.7694
90.7718
90.7776
90.7818
90.7844
90.7831
90.7801
90.7816
90.7843
90.779
90.7828
90.7841
90.7863
90.7865
90.7899
90.7919
90.7969
90.8011
90.8068
90.8139
90.8223
90.8321
90.8411
90.8529
90.8651
90.8786
90.8981
90.9216
90.9472
90.9711
90.9981
91.0329
91.0708
91.1122
91.1497
91.1856
91.2184
91.2507
91.2842
91.3191
91.3542
91.3874
91.4151
91.4412
91.4655
91.497
91.5267
91.5577
91.5866
91.61
91.6408
91.6711
91.7006
91.7309
91.7614
91.7947
91.8379
91.8782
91.914
91.9495
91.9804
92.009
92.0334
92.0595
92.0925
92.1274
92.1622
92.1932
92.2227
92.2557
92.2816
92.3065
92.3294
92.3519
92.3766
92.3989
92.4219
92.4451
92.4596
92.4638
92.4712
92.4763
92.4813
92.4836
92.4885
92.4896
92.4876
92.4846
92.483
92.4815
92.475
92.4642
92.4537
92.443
92.4334
92.4232
92.4127
92.3999
92.3867
92.3742
92.3619
92.3494
92.3396
92.3319
92.3266
92.3202
92.3156
92.3116
92.3041
92.2996
92.2924
92.2848
92.2761
92.2648
92.2519
92.2388
92.2253
92.2099
92.1962
