161.3245
161.5041
161.6907
161.8547
162.0372
162.2008
162.3478
162.4983
162.644
162.7923
162.9453
163.0926
163.2278
163.349
163.4741
163.6106
163.7529
163.8901
164.0355
164.1825
164.3304
164.4807
164.6356
164.7937
164.9548
165.1062
165.2643
165.4165
165.5625
165.7309
165.8983
166.0588
166.225
166.3931
166.566
166.7333
166.915
167.0984
167.2731
167.4374
167.5841
167.7189
167.8492
167.9702
168.0791
168.1904
168.2915
168.4047
168.5189
168.6411
168.7534
168.836
168.893
168.962
169.0592
169.1325
169.2059
169.198
169.1164
169.0809
169.0372
168.9895
168.9337
168.8892
168.8472
168.82
168.8157
168.809
168.8104
168.8133
168.8116
168.8249
168.8411
168.8737
168.9117
168.9379
169.003
169.1005
169.205
169.3019
169.406
169.5241
169.6418
169.7316
169.8217
169.9214
170.0092
170.1
170.1897
170.2694
170.3426
170.4076
170.4645
170.5236
170.5741
170.6185
170.6489
170.6692
170.6937
170.729
170.7732
170.8179
170.8698
170.9231
170.9622
170.9975
171.0453
171.0957
171.1482
171.1961
171.2463
171.314
171.4053
171.4687
171.5067
171.5464
171.5818
171.6593
171.7912
171.8829
171.9723
172.0513
172.1358
172.2025
172.2567
172.3065
172.3355
172.3698
172.3972
172.4193
172.4518
172.4605
172.492
172.5151
172.5312
172.5464
172.5217
172.4617
172.3911
172.3246
172.2501
172.1585
172.0652
172.0019
171.9426
171.8817
171.8206
171.7639
171.7069
171.6451
171.5766
171.52
171.4628
171.4023
171.3396
171.2795
171.2138
171.1455
171.0951
171.0393
170.9868
170.9403
170.9025
170.863
170.8375
170.8143
170.7962
170.7974
170.7947
170.7655
170.7341
170.7026
170.6694
170.6519
170.6331
170.6208
170.6096
170.5984
170.58
170.5688
170.5551
170.5457
170.5344
170.5321
170.5362
170.5409
170.5567
170.5657
170.5816
170.5993
170.6183
170.6507
170.6668
170.6862
