633.8914
633.7351
633.5196
633.3461
633.2475
633.1478
633.0018
632.8495
632.7236
632.6021
632.4775
632.3303
632.139
631.9571
631.7544
631.573
631.4068
631.2575
631.1343
631.0422
630.9247
630.8286
630.7239
630.624
630.5366
630.4635
630.3811
630.2571
630.1966
630.163
630.1348
630.091
630.0296
630.0261
629.9815
629.9216
629.8572
629.7971
629.7548
629.7011
629.6216
629.4956
629.3891
629.27
629.2068
629.0971
628.9936
628.8511
628.6998
628.578
628.4695
628.3841
628.1558
627.9195
627.7135
627.585
627.4869
627.3506
627.3079
627.2614
627.1893
627.131
627.1366
627.0751
626.9853
626.9055
626.8285
626.7423
626.6307
626.5337
626.455
626.4248
626.4407
626.4732
626.4743
626.4628
626.3402
626.2378
626.0595
625.8509
625.6549
625.4408
625.2726
625.0998
624.9115
624.7095
624.5423
624.4013
624.2608
624.0593
623.8001
623.5226
623.2243
622.8566
622.5212
622.1728
621.8168
621.4317
620.9923
620.5487
620.1558
619.8482
619.6018
619.3678
619.1247
618.9548
618.7757
618.6498
618.5168
618.3317
618.1307
617.8822
617.8112
617.7903
617.7578
617.6912
617.627
617.6206
617.6028
617.5668
617.5478
617.4293
617.2752
617.1708
617.0309
616.8378
616.6908
616.5704
616.4279
616.2625
616.1206
615.9393
615.7672
615.5495
615.4105
615.28
615.2447
615.1793
615.1712
615.1686
615.1591
615.1299
615.0673
615.0159
614.9696
614.9241
614.8408
614.7565
614.667
614.631
614.6396
614.6496
614.7135
614.775
614.8202
614.9007
614.9917
615.1234
615.3565
615.5931
615.811
615.9826
616.0922
616.2287
616.3567
616.4441
616.4919
616.5267
616.5711
616.6209
616.7127
616.8404
616.9447
617.0791
617.1715
617.28
617.3817
617.4858
617.5502
617.634
617.7284
617.8852
618.0785
618.2435
618.4155
618.6247
618.8016
618.9569
619.1168
619.2772
