43.7457
43.6425
43.5475
43.4585
43.3585
43.281
43.2158
43.148
43.0955
43.0319
42.9766
42.9298
42.8903
42.8544
42.8005
42.7454
42.7005
42.66
42.611
42.5597
42.5158
42.4763
42.4444
42.4174
42.3898
42.35
42.2977
42.2473
42.1793
42.1016
42.0287
41.9647
41.8966
41.8353
41.7846
41.7334
41.6802
41.6319
41.5886
41.5394
41.4897
41.4446
41.4031
41.3659
41.322
41.2741
41.2278
41.1815
41.1361
41.0823
41.0301
41.0058
40.9936
40.9785
40.9688
40.9617
40.9598
40.962
40.9747
40.985
40.994
41.0005
41.0004
41.0038
41.0204
41.0242
41.0296
41.0369
41.041
41.0456
41.0511
41.0501
41.0445
41.0457
41.0487
41.0523
41.0421
41.0299
41.0299
41.0211
41.0071
40.9937
40.9742
40.9593
40.9435
40.9395
40.95
40.9585
40.9758
40.997
41.0191
41.0411
41.0598
41.0691
41.0706
41.0728
41.0786
41.0887
41.096
41.1078
41.127
41.1441
41.1625
41.1903
41.2176
41.2571
41.2974
41.3412
41.3872
41.442
41.4952
41.5223
41.5425
41.5681
41.6095
41.655
41.6956
41.7346
41.7745
41.8134
41.8534
41.8944
41.9359
41.9732
42.0103
42.0479
42.0829
42.1194
42.1557
42.1919
42.2252
42.2613
42.3012
42.3344
42.3658
42.3949
42.4356
42.4768
42.5068
42.5455
42.5872
42.6265
42.6712
42.7112
42.7478
42.7841
42.8159
42.8417
42.871
42.9043
42.936
42.9638
42.9949
43.0247
43.0522
43.0791
43.1021
43.1212
43.1414
43.1605
43.1725
43.1887
43.2091
43.2204
43.2329
43.2386
43.2414
43.2463
43.2445
43.2387
43.2314
43.2186
43.2038
43.1869
43.1535
43.1248
43.0982
43.0704
43.0419
43.016
42.9908
42.9582
42.9249
42.8938
42.8674
42.8429
42.8178
42.7854
42.7571
42.7329
42.7098
42.686
42.662
42.6377
42.6157
