28.2954
28.314
28.3368
28.3537
28.3662
28.3793
28.3973
28.4173
28.4302
28.4458
28.4652
28.4839
28.5059
28.5255
28.5488
28.5717
28.5931
28.6147
28.6373
28.6624
28.685
28.7064
28.7227
28.7367
28.753
28.7697
28.7859
28.8055
28.824
28.8409
28.8512
28.8644
28.8804
28.8994
28.9171
28.9318
28.9406
28.9514
28.9652
28.9814
28.995
29.0092
29.021
29.0355
29.0516
29.0671
29.0837
29.1
29.1115
29.1223
29.1318
29.1448
29.1578
29.1694
29.1814
29.189
29.1977
29.2059
29.2059
29.2054
29.2061
29.2022
29.1955
29.1902
29.1892
29.1887
29.1842
29.1787
29.1763
29.1743
29.1698
29.1659
29.1594
29.1554
29.1504
29.1437
29.1335
29.1242
29.1128
29.1002
29.0874
29.0751
29.0683
29.0626
29.0498
29.0363
29.0228
29.0059
28.9863
28.9696
28.9514
28.9317
28.9092
28.8872
28.8662
28.8473
28.8277
28.8089
28.7898
28.77
28.7494
28.7302
28.7128
28.6951
28.6779
28.6649
28.6522
28.6404
28.6317
28.6197
28.6074
28.5932
28.5796
28.5674
28.5626
28.5583
28.5513
28.5423
28.5318
28.5227
28.5157
28.5078
28.4975
28.4905
28.4827
28.4767
28.4695
28.4623
28.4537
28.4443
28.4362
28.4277
28.4201
28.4113
28.4022
28.3943
28.3893
28.3839
28.38
28.3782
28.3757
28.3749
28.3717
28.3737
28.3791
28.3844
28.3922
28.4021
28.4137
28.4243
28.4338
28.4425
28.4523
28.4605
28.4673
28.4742
28.4817
28.4915
28.4994
28.5069
28.5158
28.5262
28.5367
28.5485
28.5592
28.5671
28.5747
28.5835
28.5943
28.6083
28.6172
28.6202
28.6265
28.6355
28.6397
28.6446
28.6511
28.6559
28.6619
28.6636
28.6631
28.6621
28.6611
28.6614
28.6617
28.6609
28.66
28.658
28.6561
28.6569
28.6587
28.6619
28.6651
28.6681
28.6707
