36.9322
36.9548
36.9757
36.981
36.9835
36.9896
37.002
37.0183
37.0337
37.0457
37.0632
37.0833
37.1037
37.1267
37.1439
37.161
37.1795
37.2002
37.2209
37.2415
37.2615
37.2782
37.3003
37.3213
37.3393
37.3567
37.3739
37.3868
37.3992
37.4093
37.4237
37.4402
37.4528
37.4721
37.496
37.516
37.5358
37.557
37.5792
37.5992
37.6205
37.6402
37.6533
37.6705
37.6885
37.704
37.7191
37.7304
37.7439
37.7519
37.7588
37.7591
37.7621
37.7741
37.7836
37.7872
37.794
37.7886
37.7793
37.779
37.7809
37.7718
37.7652
37.7659
37.7674
37.7641
37.7586
37.7491
37.7409
37.7334
37.7232
37.7127
37.6999
37.6859
37.6732
37.6591
37.6386
37.6174
37.5944
37.5704
37.5488
37.5286
37.4993
37.4713
37.4533
37.4365
37.4197
37.408
37.3954
37.3847
37.3759
37.3634
37.3534
37.3404
37.3234
37.3127
37.3043
37.2953
37.2848
37.2768
37.2673
37.2558
37.2481
37.2344
37.2191
37.2018
37.185
37.1663
37.148
37.144
37.1427
37.1499
37.1587
37.157
37.1647
37.171
37.176
37.1873
37.2013
37.2159
37.233
37.2499
37.2658
37.2821
37.3014
37.3209
37.3409
37.3629
37.3847
37.4047
37.424
37.4453
37.4698
37.4931
37.5181
37.5424
37.5724
37.6012
37.6335
37.6662
37.6974
37.725
37.756
37.792
37.8295
37.8638
37.8988
37.9359
37.9702
38.0088
38.0497
38.0918
38.1319
38.1703
38.208
38.244
38.2798
38.3143
38.3472
38.3785
38.4139
38.454
38.4958
38.546
38.5948
38.647
38.699
38.7522
38.7992
38.8377
38.8745
38.9215
38.9657
39.0125
39.0517
39.0917
39.1286
39.1565
39.1823
39.2044
39.225
39.2462
39.269
39.2897
39.2977
39.3062
39.315
39.3222
39.3261
39.3328
39.3398
39.3437
39.3439
39.3447
39.3454
