12.1303
12.1313
12.1364
12.1427
12.1536
12.1646
12.1746
12.1843
12.195
12.2065
12.218
12.2287
12.2401
12.2523
12.2639
12.277
12.2912
12.3045
12.3171
12.3303
12.3433
12.3561
12.3675
12.3784
12.3887
12.3993
12.4087
12.4176
12.4263
12.4355
12.4463
12.4552
12.4638
12.4739
12.4839
12.4927
12.5027
12.5132
12.5228
12.5296
12.5358
12.5422
12.5507
12.5585
12.5673
12.5759
12.5839
12.5918
12.5984
12.6047
12.6108
12.6152
12.6181
12.6232
12.6301
12.6437
12.6577
12.66
12.6628
12.6722
12.6838
12.6931
12.6971
12.7024
12.7056
12.7096
12.7141
12.7187
12.7233
12.7282
12.7328
12.7375
12.7432
12.7486
12.7548
12.759
12.7653
12.7716
12.779
12.7862
12.7943
12.8033
12.813
12.8242
12.8362
12.8477
12.8606
12.8741
12.8887
12.9015
12.9137
12.9266
12.9401
12.9521
12.9635
12.9762
12.9872
12.9982
13.0092
13.0212
13.0333
13.0452
13.0544
13.0636
13.0722
13.0807
13.0885
13.0967
13.1047
13.1126
13.1206
13.1288
13.1368
13.1425
13.1466
13.1475
13.1502
13.1578
13.1657
13.1708
13.1747
13.1788
13.1838
13.1883
13.192
13.195
13.1976
13.2003
13.2029
13.2044
13.2068
13.2093
13.2069
13.2069
13.2049
13.2026
13.197
13.193
13.1878
13.1824
13.1771
13.171
13.1657
13.1595
13.1543
13.1491
13.1438
13.1384
13.1327
13.1273
13.1217
13.1144
13.1075
13.1009
13.0946
13.0883
13.0838
13.0775
13.0714
13.0653
13.06
13.0532
13.0463
13.0398
13.0327
13.0275
13.0229
13.0187
13.0138
13.0093
13.0012
12.9921
12.9801
12.9696
12.9613
12.9548
12.9473
12.9409
12.9353
12.9284
12.921
12.9128
12.9052
12.8973
12.8896
12.8823
12.8755
12.8693
12.8624
12.856
12.8487
12.8413
12.8383
12.8328
12.8294
