26.2377
26.2647
26.2926
26.3127
26.3277
26.3447
26.3627
26.3792
26.3905
26.4042
26.4222
26.4398
26.4572
26.4762
26.4968
26.5172
26.5353
26.5527
26.5687
26.5865
26.6038
26.6218
26.6393
26.6565
26.6757
26.6976
26.7179
26.7391
26.7579
26.7762
26.7866
26.7982
26.8126
26.8302
26.8482
26.864
26.8771
26.8899
26.9047
26.9212
26.9356
26.9496
26.9614
26.9744
26.9872
26.998
27.01
27.0188
27.0264
27.0321
27.0374
27.0447
27.0506
27.0532
27.0562
27.0544
27.0556
27.0539
27.0493
27.0463
27.0413
27.0291
27.0188
27.0125
27.0093
27.0033
26.9975
26.9922
26.9883
26.9832
26.9748
26.969
26.9632
26.9559
26.9492
26.9425
26.932
26.9225
26.9143
26.9061
26.8959
26.8839
26.8724
26.8622
26.8446
26.8236
26.8053
26.7851
26.7628
26.7442
26.725
26.7033
26.6792
26.6545
26.6293
26.6071
26.5848
26.5626
26.5404
26.5171
26.4936
26.4714
26.4498
26.4295
26.4102
26.395
26.3815
26.3703
26.3594
26.3484
26.3379
26.3253
26.3143
26.3063
26.3023
26.2983
26.294
26.2907
26.2877
26.2878
26.2943
26.2997
26.3023
26.3055
26.3104
26.3181
26.3251
26.3326
26.3376
26.3425
26.3481
26.3525
26.3571
26.3617
26.3653
26.3695
26.3773
26.384
26.393
26.4012
26.4106
26.4222
26.4332
26.4443
26.4605
26.4768
26.4915
26.5111
26.5334
26.5537
26.5722
26.5899
26.6084
26.6275
26.6452
26.6625
26.6789
26.6972
26.7132
26.729
26.745
26.7616
26.7789
26.7954
26.8112
26.8239
26.8355
26.848
26.8635
26.8805
26.8925
26.901
26.9096
26.9221
26.9326
26.9446
26.9538
26.9627
26.9685
26.9703
26.9655
26.9623
26.96
26.9601
26.9583
26.9536
26.948
26.9424
26.9381
26.9361
26.9343
26.9333
26.9324
26.9323
26.9315
