74.4019
74.4383
74.4798
74.5275
74.575
74.6165
74.6555
74.6937
74.7293
74.7623
74.7958
74.83
74.865
74.9027
74.9378
74.9744
75.0125
75.0512
75.0882
75.1272
75.1642
75.2034
75.2441
75.2791
75.3147
75.3525
75.3934
75.4376
75.4818
75.5261
75.5686
75.6093
75.6431
75.6744
75.7029
75.7275
75.7517
75.7719
75.7895
75.8059
75.8193
75.8256
75.8319
75.8348
75.8445
75.8483
75.8558
75.8602
75.8667
75.8737
75.8787
75.8871
75.8936
75.8989
75.9116
75.9249
75.9384
75.9507
75.9622
75.9708
75.9721
75.9786
75.9819
75.9817
75.9821
75.9868
75.9909
75.9941
75.9967
76.0028
76.0078
76.0111
76.0151
76.0171
76.0213
76.0242
76.0274
76.028
76.0295
76.0331
76.039
76.0436
76.043
76.0468
76.0507
76.051
76.0497
76.0456
76.0408
76.0369
76.0309
76.0274
76.0251
76.0221
76.0187
76.0162
76.0139
76.0111
76.009
76.0095
76.0094
76.0129
76.0149
76.0146
76.0135
76.0182
76.024
76.0327
76.0398
76.0476
76.0571
76.065
76.0717
76.0838
76.0923
76.1063
76.1236
76.1418
76.1578
76.1755
76.1936
76.2085
76.2245
76.2388
76.252
76.2639
76.2768
76.2905
76.3045
76.3183
76.3373
76.3556
76.374
76.3927
76.4139
76.4361
76.4541
76.4764
76.4946
76.5114
76.5275
76.5431
76.5625
76.5791
76.5961
76.6142
76.6322
76.6517
76.672
76.6905
76.7112
76.729
76.7467
76.7647
76.7831
76.8014
76.8204
76.8426
76.8603
76.8778
76.8951
76.9125
76.9297
76.9497
76.9699
76.9845
76.9967
77.0085
77.0216
77.0341
77.0446
77.0544
77.066
77.0745
77.0847
77.0884
77.0904
77.0922
77.0971
77.1004
77.1024
77.1062
77.1095
77.116
77.1243
77.1327
77.1411
77.1499
77.1597
77.1632
77.1631
77.1633
77.1647
77.1666
77.1657
77.1639
77.1671
77.1679
77.1716
