157.7735
157.7808
157.7917
157.7872
157.7899
157.7905
157.7952
157.8006
157.8009
157.8064
157.809
157.8057
157.7902
157.776
157.7647
157.7525
157.7488
157.745
157.7341
157.7306
157.7324
157.7328
157.7213
157.7114
157.7078
157.6952
157.6819
157.6634
157.6356
157.6061
157.5791
157.5447
157.5023
157.4556
157.4059
157.3653
157.3264
157.2927
157.261
157.229
157.1979
157.1723
157.1421
157.1178
157.0921
157.0673
157.0366
157.0168
156.98
156.9371
156.9066
156.8785
156.8464
156.8042
156.7625
156.7232
156.6816
156.6431
156.6144
156.5919
156.5668
156.5382
156.5057
156.4887
156.4657
156.4474
156.4199
156.3938
156.3684
156.3415
156.3089
156.2789
156.2499
156.2376
156.2218
156.2174
156.2123
156.1991
156.1843
156.1714
156.1614
156.1574
156.1713
156.1858
156.1943
156.2063
156.2234
156.2356
156.2464
156.2596
156.2718
156.2934
156.3187
156.3432
156.3764
156.4097
156.4447
156.4751
156.5097
156.5399
156.5585
156.5834
156.6152
156.6387
156.6644
156.6856
156.7107
156.7322
156.7705
156.8114
156.8428
156.8691
156.9073
156.9489
156.9888
157.0286
157.0674
157.1032
157.1382
157.177
157.215
157.2532
157.2929
157.3349
157.3795
157.4242
157.474
157.526
157.5775
157.6255
157.6802
157.7286
157.7748
157.805
157.8425
157.8701
157.9026
157.9395
157.9727
157.9946
158.0131
158.0202
158.0254
158.0302
158.035
158.039
158.0372
158.0399
158.0439
158.0459
158.0488
158.0466
158.0454
158.0504
158.0516
158.0504
158.0494
158.0494
158.0478
158.0499
158.0713
158.0903
158.1041
158.1254
158.1531
158.1873
158.2085
158.2171
158.2193
158.2192
158.2167
158.2202
158.2141
158.2032
158.1841
158.1715
158.1605
158.1487
158.1374
158.117
158.1004
158.0851
158.0733
158.0583
158.0419
158.0284
158.0125
157.993
157.9717
