35.7568
35.7621
35.766
35.7713
35.7742
35.7777
35.781
35.7853
35.794
35.8028
35.8122
35.8219
35.8315
35.8399
35.8493
35.8587
35.8703
35.8822
35.8926
35.9038
35.9181
35.9321
35.9438
35.9528
35.9592
35.9652
35.9727
35.98
35.9858
35.9903
35.9954
36.0022
36.0084
36.0145
36.0205
36.0235
36.0237
36.0248
36.029
36.032
36.0356
36.0399
36.0429
36.0472
36.0526
36.0571
36.0609
36.0636
36.0671
36.07
36.0725
36.0744
36.0777
36.0862
36.0945
36.0999
36.1024
36.1029
36.1038
36.1028
36.1004
36.0978
36.0954
36.0916
36.0884
36.0846
36.0812
36.0769
36.0741
36.0701
36.0668
36.0624
36.0614
36.0584
36.0552
36.0518
36.0474
36.0434
36.0398
36.0349
36.0274
36.0209
36.018
36.0174
36.0189
36.0212
36.0249
36.029
36.0322
36.0372
36.0413
36.0454
36.0485
36.0507
36.0536
36.057
36.0595
36.0639
36.066
36.0695
36.073
36.0753
36.0802
36.0847
36.0903
36.0954
36.1009
36.1046
36.1082
36.1118
36.1164
36.1229
36.1294
36.1329
36.1372
36.1441
36.1497
36.156
36.1622
36.1682
36.1748
36.1809
36.1866
36.1922
36.2
36.2082
36.2193
36.2298
36.2415
36.2508
36.2586
36.2654
36.2703
36.2774
36.2842
36.2899
36.2971
36.3041
36.3106
36.3182
36.3245
36.3305
36.3355
36.3392
36.3425
36.346
36.3478
36.3503
36.3532
36.3558
36.3582
36.3633
36.3688
36.3781
36.3853
36.3932
36.4034
36.4117
36.422
36.4326
36.4429
36.4535
36.4619
36.4694
36.4764
36.4838
36.4912
36.5011
36.5102
36.5203
36.5284
36.5353
36.5436
36.5514
36.5596
36.5667
36.5746
36.5817
36.5882
36.5968
36.6052
36.6126
36.6194
36.6273
36.633
36.6377
36.6397
36.6412
36.6428
36.6467
36.6506
36.6553
