145.58
144.25
146.65
149.65
151.55
155.77
156.98
157.97
160.02
174.24
181.75
182.7
182.71
187.01
185.81
187.51
179.38
181.18
180.65
181.43
177.81
178.02
178.5
179.1
177.45
170.01
167.6
169.0
168.8
168.25
166.25
165.72
165.8
164.23
167.04
166.7
166.15
165.5
165.6
164.73
169.37
173.86
173.92
172.44
173.73
177.1
176.25
178.03
180.64
182.55
182.07
181.43
182.73
184.17
183.2
184.51
186.39
177.7
176.55
180.7
179.36
180.65
176.58
177.55
181.25
184.49
192.05
196.56
192.1
193.81
194.71
197.19
197.86
197.77
194.25
191.16
193.77
191.03
191.4
193.01
194.08
196.22
197.07
195.22
196.0
197.09
197.99
198.09
194.8
194.74
190.81
189.5
191.0
193.0
191.53
193.75
192.65
191.9
194.97
193.63
