30.5243
30.5605
30.6003
30.633
30.6594
30.6866
30.7144
30.7441
30.7684
30.7934
30.8236
30.8544
30.8879
30.922
30.9612
30.9987
31.034
31.0705
31.1032
31.1365
31.1675
31.1984
31.2272
31.2575
31.2912
31.3202
31.3475
31.376
31.3967
31.4181
31.434
31.4526
31.4693
31.4885
31.5096
31.5275
31.542
31.5555
31.5735
31.5948
31.6129
31.6299
31.6442
31.661
31.6795
31.695
31.7117
31.7258
31.7356
31.7411
31.7452
31.7494
31.7532
31.7516
31.7477
31.7362
31.729
31.7182
31.6998
31.6818
31.6653
31.6432
31.6213
31.6023
31.5894
31.5753
31.5594
31.5412
31.5247
31.5102
31.4917
31.4726
31.4513
31.4315
31.4115
31.388
31.3593
31.3292
31.293
31.2567
31.2224
31.183
31.146
31.1058
31.058
31.011
30.9678
30.9223
30.8757
30.8323
30.7847
30.7344
30.6812
30.6292
30.5761
30.5244
30.4706
30.4161
30.3612
30.3035
30.245
30.1884
30.1346
30.0807
30.0282
29.9812
29.9337
29.8887
29.8477
29.8092
29.7706
29.7304
29.6904
29.6523
29.6294
29.6081
29.5845
29.562
29.54
29.5247
29.5122
29.4987
29.4822
29.4665
29.4489
29.4314
29.4127
29.3931
29.3714
29.3482
29.3262
29.3051
29.2852
29.2658
29.2441
29.2244
29.2099
29.1949
29.1901
29.1863
29.1796
29.1784
29.176
29.1797
29.188
29.201
29.2173
29.2395
29.265
29.2885
29.3124
29.3359
29.3621
29.3868
29.4098
29.4336
29.4583
29.488
29.5154
29.5444
29.5741
29.6044
29.6353
29.6654
29.6941
29.7184
29.7442
29.7708
29.7995
29.8273
29.8462
29.8655
29.8882
29.915
29.9307
29.9478
29.9612
29.9748
29.9867
29.9907
29.989
29.9883
29.9872
29.9892
29.9915
29.995
29.999
30.0026
30.0088
30.0189
30.0312
30.0448
30.0584
30.0713
30.0849
