27.1131
27.1128
27.1138
27.1159
27.1176
27.1214
27.1266
27.13
27.1328
27.1362
27.1383
27.1408
27.1442
27.1462
27.1488
27.1511
27.1531
27.1553
27.1568
27.1596
27.1622
27.1657
27.1694
27.1756
27.1812
27.1858
27.1895
27.1927
27.196
27.198
27.2013
27.2046
27.209
27.2147
27.2207
27.2277
27.232
27.236
27.2381
27.2405
27.2433
27.2469
27.25
27.2532
27.2575
27.2608
27.2639
27.2673
27.2725
27.276
27.2807
27.285
27.2892
27.2924
27.2955
27.2997
27.3042
27.3055
27.3087
27.3097
27.3113
27.3134
27.3144
27.3171
27.3193
27.3212
27.3217
27.3228
27.3252
27.3265
27.329
27.3313
27.3318
27.3351
27.3373
27.3389
27.3429
27.3468
27.3508
27.3532
27.3563
27.357
27.3569
27.3542
27.3516
27.3486
27.3464
27.3441
27.3397
27.3357
27.3327
27.3295
27.3253
27.3199
27.3138
27.3079
27.3038
27.2986
27.294
27.2877
27.2818
27.2753
27.2654
27.2549
27.2448
27.2343
27.2234
27.2117
27.1993
27.1886
27.1769
27.165
27.1528
27.1425
27.132
27.122
27.1125
27.106
27.0998
27.0957
27.0902
27.0833
27.0773
27.0693
27.0613
27.0536
27.0448
27.0371
27.0296
27.0251
27.0198
27.0138
27.008
27.0011
26.9959
26.9928
26.9877
26.9823
26.9772
26.9724
26.9677
26.963
26.9586
26.9548
26.9507
26.9479
26.9446
26.9417
26.9397
26.9386
26.9365
26.9344
26.9325
26.9303
26.9286
26.9262
26.9215
26.9184
26.9153
26.9132
26.9117
26.9102
26.9122
26.9155
26.9179
26.9197
26.9219
26.9241
26.9272
26.9296
26.9325
26.9361
26.9403
26.9441
26.9487
26.9542
26.9594
26.9647
26.9687
26.9727
26.9763
26.9809
26.9853
26.9908
26.9971
27.0018
27.0076
27.0119
27.0157
27.0172
27.0197
27.0236
