59.5449
59.5602
59.5715
59.5847
59.6014
59.6182
59.6327
59.6471
59.6605
59.6712
59.6852
59.6986
59.7114
59.7256
59.7429
59.7566
59.7686
59.7815
59.7937
59.8057
59.8158
59.8267
59.8476
59.8659
59.8827
59.8968
59.9107
59.9414
59.9651
59.9881
60.0125
60.0348
60.0624
60.0902
60.1227
60.1531
60.1806
60.2075
60.231
60.2483
60.2652
60.2829
60.298
60.3115
60.3266
60.3393
60.3536
60.3696
60.3851
60.3936
60.4013
60.4121
60.4172
60.4218
60.4263
60.4215
60.4179
60.4155
60.4207
60.4225
60.4261
60.4286
60.4315
60.4319
60.4299
60.4237
60.4187
60.4167
60.4127
60.4082
60.4012
60.3939
60.3864
60.3778
60.3725
60.3691
60.3726
60.3735
60.3779
60.3811
60.3853
60.3884
60.3815
60.3723
60.3632
60.3562
60.3533
60.3468
60.339
60.3317
60.3207
60.3093
60.2965
60.2823
60.2629
60.2463
60.2321
60.2191
60.2076
60.2009
60.1936
60.1946
60.1993
60.1946
60.1893
60.1853
60.1798
60.1722
60.1642
60.1621
60.1612
60.1586
60.1594
60.1547
60.1491
60.1511
60.1544
60.1549
60.1511
60.1516
60.1507
60.1502
60.1492
60.149
60.1491
60.15
60.1513
60.1528
60.1566
60.1616
60.1685
60.1744
60.181
60.1848
60.1833
60.1851
60.1813
60.1778
60.1695
60.1623
60.155
60.147
60.1395
60.1365
60.1372
60.1367
60.1324
60.1291
60.125
60.121
60.1198
60.1175
60.1154
60.1135
60.1115
60.1082
60.1032
60.1038
60.1077
60.1148
60.1203
60.1177
60.1155
60.1304
60.1391
60.148
60.156
60.1661
60.1891
60.2084
60.2271
60.2476
60.2678
60.2949
60.3204
60.3416
60.3586
60.3761
60.3919
60.4079
60.4222
60.4354
60.4494
60.4615
60.4747
60.4889
60.503
60.5175
60.53
60.5438
60.5568
60.5702
60.584
