36.8153
36.8018
36.7883
36.7702
36.7536
36.7371
36.7217
36.7128
36.7026
36.6929
36.6849
36.6761
36.6672
36.6582
36.6489
36.6394
36.6296
36.6228
36.6161
36.6106
36.6114
36.6119
36.6243
36.637
36.6483
36.668
36.6927
36.7233
36.7523
36.7798
36.7987
36.8187
36.8392
36.8592
36.8753
36.8895
36.903
36.9146
36.9286
36.9422
36.9542
36.9647
36.9785
36.9902
37.002
37.0159
37.028
37.0402
37.0474
37.0557
37.067
37.08
37.0935
37.1084
37.1219
37.1378
37.1542
37.17
37.1822
37.1983
37.2147
37.2387
37.2704
37.2999
37.3266
37.3532
37.3806
37.4059
37.4308
37.4549
37.4785
37.5038
37.5273
37.5514
37.5744
37.5993
37.6235
37.6437
37.6653
37.6878
37.7027
37.7172
37.7195
37.724
37.7299
37.7276
37.7217
37.7128
37.7036
37.6968
37.6949
37.6915
37.6875
37.6842
37.685
37.6878
37.6903
37.6945
37.697
37.7
37.7042
37.7084
37.7115
37.7158
37.7229
37.7302
37.7395
37.7489
37.7635
37.775
37.7854
37.793
37.8009
37.8072
37.8138
37.8197
37.8239
37.8276
37.8327
37.8372
37.8421
37.8478
37.8511
37.854
37.8569
37.8607
37.8644
37.8682
37.873
37.8769
37.8801
37.8812
37.8849
37.8873
37.8907
37.8941
37.8973
37.9035
37.9102
37.9168
37.9232
37.9303
37.9373
37.9425
37.9475
37.9535
37.959
37.9639
37.968
37.9714
37.9737
37.9765
37.9807
37.9838
37.9848
37.9849
37.9851
37.9826
37.9795
37.9759
37.9746
37.9749
37.9736
37.9708
37.9641
37.9563
37.9495
37.943
37.9367
37.9343
37.9331
37.9345
37.9346
37.9369
37.9386
37.9414
37.9436
37.9456
37.9492
37.9533
37.9562
37.9571
37.9591
37.9611
37.9627
37.9634
37.9632
