306.84
306.6793
306.5537
306.4374
306.3494
306.2534
306.1534
306.0604
305.9655
305.8632
305.7635
305.6689
305.5553
305.4476
305.3389
305.2308
305.1159
304.9991
304.8823
304.7987
304.714
304.6149
304.5317
304.4475
304.3557
304.256
304.157
304.079
304.022
303.9508
303.8715
303.7845
303.7074
303.6342
303.5342
303.4287
303.333
303.2385
303.1407
303.0412
302.9239
302.8125
302.7089
302.6172
302.5097
302.4017
302.2989
302.1814
302.0685
301.9575
301.8404
301.7336
301.6152
301.503
301.4185
301.3367
301.2599
301.1593
301.0742
300.982
300.9591
300.9849
300.9909
300.9786
300.9466
300.9109
300.8774
300.8245
300.7744
300.7227
300.6742
300.6257
300.6117
300.5765
300.5453
300.5246
300.5173
300.5137
300.5098
300.4793
300.4569
300.4469
300.4211
300.3958
300.3797
300.3691
300.3626
300.3389
300.3184
300.3027
300.2939
300.2901
300.2897
300.2779
300.2651
300.2576
300.2399
300.2221
300.2219
300.2386
300.25
300.2529
300.2643
300.2856
300.3198
300.3498
300.3784
300.4168
300.4546
300.4918
300.517
300.5275
300.5592
300.6025
300.6388
300.6795
300.7248
300.7863
300.8518
300.9222
300.9893
301.0478
301.1148
301.1901
301.2721
301.3714
301.4779
301.5999
301.7127
301.8251
301.9364
302.0537
302.1486
302.2674
302.3832
302.4931
302.5964
302.6973
302.8025
302.9037
302.9946
303.0897
303.1852
303.2837
303.3829
303.4791
303.5796
303.6729
303.7652
303.8596
303.9524
304.0519
304.1379
304.2236
304.3111
304.395
304.474
304.5513
304.5918
304.6533
304.7261
304.7903
304.8551
304.9107
304.9638
305.0201
305.062
305.11
305.1552
305.2167
305.3072
305.3968
305.4761
305.5482
305.6222
305.6963
305.7702
305.8415
305.897
305.9554
306.0178
306.081
306.1375
306.1863
306.2353
