33.0292
33.0529
33.0812
33.1034
33.1274
33.1526
33.1778
33.2061
33.2293
33.2538
33.2829
33.3119
33.3391
33.3704
33.4039
33.4348
33.4618
33.489
33.5169
33.5443
33.5707
33.5966
33.6171
33.641
33.6656
33.6926
33.7235
33.7542
33.7827
33.811
33.8315
33.8502
33.8693
33.8883
33.9079
33.9279
33.9439
33.9616
33.9812
34.0012
34.0193
34.0367
34.0507
34.0641
34.0801
34.0928
34.1067
34.121
34.133
34.1428
34.1493
34.1545
34.1578
34.1583
34.1573
34.1505
34.1453
34.1393
34.1312
34.1246
34.1183
34.11
34.1005
34.0914
34.0849
34.0779
34.0715
34.0602
34.0492
34.0387
34.0246
34.0114
33.9984
33.9819
33.9653
33.9492
33.9329
33.9147
33.8961
33.8781
33.862
33.845
33.8325
33.8187
33.799
33.7749
33.7462
33.7172
33.6857
33.6572
33.6278
33.596
33.5628
33.531
33.4999
33.4692
33.4383
33.4073
33.3769
33.3469
33.3152
33.2849
33.2569
33.2298
33.2026
33.1756
33.1474
33.1186
33.0924
33.0616
33.0312
33.0021
32.9753
32.9484
32.936
32.9247
32.9137
32.9019
32.8862
32.8707
32.8577
32.8435
32.8282
32.8149
32.8016
32.7882
32.774
32.7598
32.7457
32.7317
32.7193
32.7067
32.6957
32.6865
32.6769
32.6684
32.6616
32.6557
32.6508
32.6451
32.637
32.6303
32.6237
32.6216
32.6257
32.6324
32.6412
32.6534
32.6671
32.6806
32.6927
32.7062
32.7187
32.7297
32.737
32.7437
32.7503
32.7604
32.7685
32.7771
32.7872
32.7992
32.8114
32.8247
32.8381
32.8515
32.8652
32.8792
32.8949
32.9172
32.9374
32.9547
32.976
32.9993
33.0119
33.0271
33.0399
33.0516
33.066
33.0797
33.0892
33.1005
33.111
33.123
33.1347
33.146
33.157
33.1658
33.1757
33.1866
33.1975
33.2098
33.2218
33.2321
33.2409
