28.2791
28.2964
28.3139
28.333
28.3535
28.3739
28.3964
28.4178
28.4377
28.4585
28.4808
28.5046
28.5274
28.5488
28.5624
28.5768
28.5875
28.5997
28.6133
28.6251
28.6321
28.6418
28.6525
28.6643
28.6739
28.6833
28.6926
28.7048
28.7192
28.7318
28.744
28.7552
28.7686
28.7817
28.7939
28.806
28.8222
28.837
28.8503
28.8648
28.8791
28.8922
28.9041
28.916
28.9276
28.9389
28.9477
28.9587
28.9687
28.9812
28.9927
29.0055
29.0193
29.0323
29.0412
29.0497
29.06
29.0761
29.0901
29.1032
29.1133
29.1254
29.1382
29.1493
29.1632
29.1723
29.1805
29.1892
29.1991
29.209
29.2168
29.2235
29.2282
29.2352
29.2451
29.2532
29.2601
29.2683
29.2763
29.2862
29.3017
29.315
29.3275
29.3388
29.3507
29.3612
29.371
29.3783
29.386
29.3942
29.4024
29.4104
29.4188
29.4267
29.4338
29.4402
29.4443
29.4498
29.4545
29.4576
29.4588
29.4581
29.4592
29.4586
29.4589
29.4593
29.4631
29.4668
29.4696
29.4696
29.4681
29.4659
29.4631
29.4632
29.4635
29.4653
29.4673
29.4658
29.4647
29.4631
29.4619
29.4598
29.4558
29.4515
29.4498
29.4474
29.4468
29.4464
29.4466
29.4474
29.4477
29.4492
29.4528
29.4546
29.4575
29.4605
29.4646
29.4665
29.4683
29.4706
29.4716
29.4718
29.4696
29.4669
29.4647
29.4615
29.4599
29.4579
29.4568
29.4558
29.4564
29.4548
29.448
29.4427
29.4351
29.4302
29.4249
29.4191
29.4132
29.4063
29.4029
29.4003
29.3946
29.3903
29.3855
29.3806
29.3753
29.3695
29.3647
29.3608
29.3582
29.355
29.3527
29.3496
29.347
29.3435
29.3438
29.3416
29.3393
29.3356
29.3316
29.3283
29.3246
29.3204
29.3109
29.3047
29.2954
29.287
29.2763
29.2671
