127.3559
127.3401
127.3284
127.3166
127.304
127.2889
127.2847
127.2838
127.2891
127.2923
127.2919
127.2947
127.2987
127.3027
127.3087
127.3147
127.3222
127.3307
127.3338
127.3362
127.3372
127.3297
127.3078
127.2858
127.2597
127.2437
127.2273
127.2195
127.221
127.224
127.213
127.1989
127.1906
127.1821
127.1757
127.1669
127.1549
127.1445
127.133
127.12
127.1047
127.0829
127.0612
127.0374
127.0217
127.004
126.9869
126.9641
126.9419
126.9352
126.9217
126.9057
126.8963
126.8951
126.8981
126.9068
126.9181
126.9395
126.9644
126.9965
127.034
127.0715
127.1049
127.14
127.1715
127.2035
127.2298
127.2575
127.288
127.3145
127.3454
127.3692
127.3924
127.4134
127.4357
127.4472
127.4601
127.4827
127.5097
127.5248
127.5464
127.5692
127.6124
127.6488
127.6832
127.7022
127.7185
127.7293
127.7462
127.7653
127.7857
127.8106
127.8312
127.8497
127.8697
127.8906
127.9111
127.9316
127.9558
127.9816
128.0016
128.0297
128.0524
128.0647
128.0767
128.0917
128.0988
128.1103
128.1244
128.1237
128.1311
128.1392
128.1399
128.1319
128.1206
128.1086
128.0941
128.0729
128.0468
128.0182
127.9858
127.9478
127.9095
127.8722
127.8328
127.7979
127.7612
127.7276
127.6848
127.6575
127.6322
127.6115
127.5999
127.5905
127.5829
127.5827
127.5848
127.5802
127.5694
127.572
127.571
127.5753
127.574
127.5796
127.5922
127.6114
127.6332
127.6572
127.6804
127.6982
127.7177
127.7361
127.7565
127.7761
127.7952
127.8184
127.8452
127.8661
127.8996
127.9312
127.9642
127.9947
128.0291
128.071
128.1052
128.1345
128.169
128.1998
128.2292
128.2595
128.289
128.321
128.352
128.3873
128.4233
128.4633
128.5001
128.5403
128.5888
128.6348
128.6825
128.7271
128.7728
128.818
128.8645
128.9105
128.969
129.0303
129.0947
129.1391
129.1789
129.2174
129.2436
129.2686
129.2894
129.3159
129.3427
129.3707
