56.3999
56.4071
56.4069
56.4269
56.4406
56.4485
56.4532
56.4624
56.4749
56.4887
56.4992
56.5095
56.5242
56.537
56.548
56.5613
56.5715
56.5778
56.5831
56.5916
56.598
56.6027
56.6149
56.6274
56.6548
56.6766
56.7014
56.7223
56.7398
56.7558
56.7691
56.7818
56.7924
56.8016
56.8129
56.8313
56.8463
56.86
56.874
56.8857
56.8946
56.9035
56.9063
56.9088
56.9103
56.9125
56.9124
56.9154
56.9188
56.9016
56.8851
56.8658
56.8464
56.8324
56.8183
56.8081
56.8076
56.7813
56.7525
56.7254
56.7044
56.6931
56.6864
56.6739
56.6619
56.6532
56.6507
56.6432
56.6327
56.6215
56.6116
56.5986
56.5844
56.5752
56.5689
56.5614
56.5606
56.5577
56.5795
56.5936
56.605
56.6223
56.6308
56.636
56.6245
56.6233
56.6166
56.6143
56.6115
56.6066
56.5966
56.5888
56.5843
56.577
56.5691
56.5595
56.5513
56.544
56.5341
56.5229
56.5111
56.4946
56.4834
56.4656
56.4496
56.4332
56.4197
56.4065
56.3932
56.4003
56.4093
56.4228
56.4339
56.4419
56.4454
56.4483
56.4478
56.4623
56.4799
56.4943
56.5063
56.5157
56.5257
56.5351
56.5436
56.5473
56.546
56.5462
56.5448
56.545
56.5437
56.5457
56.5532
56.5591
56.5649
56.5692
56.5734
56.5837
56.5682
56.5595
56.5571
56.5527
56.5506
56.5482
56.5492
56.5459
56.5448
56.5398
56.5386
56.5424
56.5471
56.5542
56.5606
56.5682
56.5726
56.5746
56.5784
56.5826
56.5854
56.5946
56.6016
56.6067
56.6176
56.6344
56.6531
56.6714
56.6881
56.7057
56.7384
56.7679
56.7904
56.8092
56.8324
56.8604
56.8929
56.9263
56.9631
56.9971
57.0353
57.0679
57.0998
57.1355
57.1673
57.1984
57.2284
57.2628
57.2993
57.3362
57.3702
57.4023
57.4374
57.4736
57.5026
57.5284
57.5528
