92.3416
92.35
92.3585
92.3665
92.3763
92.3911
92.4016
92.4135
92.4221
92.4243
92.4223
92.4181
92.4131
92.4081
92.4088
92.4121
92.4159
92.417
92.4156
92.4185
92.4178
92.4173
92.4073
92.3947
92.3813
92.3703
92.3668
92.359
92.3747
92.386
92.4038
92.4191
92.4278
92.4388
92.4478
92.4573
92.4695
92.4829
92.4951
92.5063
92.5207
92.5328
92.5432
92.5542
92.565
92.5778
92.5932
92.6043
92.6223
92.6394
92.6576
92.6775
92.6947
92.708
92.7262
92.7539
92.7799
92.8009
92.8248
92.8541
92.8859
92.91
92.9335
92.9583
92.9868
93.0183
93.0478
93.0743
93.1048
93.135
93.1665
93.1947
93.2194
93.2424
93.2672
93.2866
93.2966
93.3107
93.3232
93.3427
93.3619
93.3872
93.4201
93.4606
93.5026
93.5406
93.5766
93.6154
93.6466
93.6792
93.7101
93.7399
93.7705
93.8012
93.8335
93.8637
93.8887
93.9135
93.937
93.9612
93.9809
94.0041
94.0269
94.0521
94.0764
94.0944
94.1085
94.13
94.1458
94.16
94.1747
94.1847
94.1949
94.2092
94.2197
94.2252
94.2312
94.2361
94.238
94.2392
94.2416
94.2454
94.2475
94.2483
94.249
94.248
94.2485
94.2482
94.2465
94.2426
94.2443
94.2415
94.2479
94.25
94.2515
94.263
94.2845
94.3032
94.3267
94.3369
94.3469
94.3516
94.3591
94.3638
94.3666
94.3708
94.3699
94.3699
94.3712
94.3717
94.3714
94.3724
94.3728
94.3746
94.3758
94.3779
94.3794
94.3808
94.3886
94.395
94.4
94.4072
94.4135
94.4215
94.428
94.435
94.4407
94.4437
94.4474
94.453
94.4548
94.4597
94.4673
94.4716
94.4776
94.4832
94.4903
94.4992
94.5095
94.5193
94.5264
94.5301
94.5323
94.5358
94.5406
94.5321
94.5337
94.5332
94.5356
94.5367
94.5307
94.5289
94.5231
94.5246
94.5284
94.5259
94.5244
94.5196
94.5124
