55.901
55.9208
55.9441
55.9771
56.0151
56.0502
56.0839
56.1174
56.1501
56.1822
56.2144
56.2486
56.2817
56.3121
56.3441
56.3783
56.4114
56.4408
56.4678
56.4938
56.5174
56.5417
56.5671
56.5962
56.6265
56.6597
56.69
56.7153
56.7412
56.776
56.8109
56.8416
56.8653
56.8969
56.9294
56.9674
57.0069
57.0495
57.0934
57.1347
57.1712
57.2079
57.2444
57.2779
57.3106
57.3404
57.369
57.3988
57.43
57.457
57.483
57.5079
57.5315
57.5543
57.5858
57.6147
57.6361
57.635
57.6305
57.6293
57.6304
57.6321
57.6329
57.6299
57.6277
57.6263
57.6249
57.6256
57.6286
57.6304
57.6299
57.6294
57.6279
57.6284
57.6264
57.6355
57.6535
57.6757
57.703
57.7272
57.7536
57.7786
57.8026
57.8271
57.8524
57.8752
57.9025
57.9354
57.9707
57.9969
58.0216
58.0468
58.0731
58.0972
58.1175
58.1353
58.148
58.1583
58.1674
58.1811
58.1943
58.1998
58.2046
58.1956
58.1891
58.1916
58.1947
58.2002
58.2014
58.2039
58.209
58.2117
58.2102
58.2121
58.2056
58.2027
58.2057
58.2257
58.2431
58.256
58.2664
58.2762
58.2822
58.2868
58.2921
58.2979
58.3031
58.307
58.3197
58.3315
58.362
58.3859
58.4117
58.4362
58.4547
58.4667
58.4674
58.4605
58.449
58.4395
58.4275
58.4155
58.406
58.392
58.3745
58.3574
58.3375
58.3187
58.2968
58.2761
58.2584
58.2384
58.2168
58.1938
58.1743
58.1528
58.1354
58.1219
58.1115
58.0945
58.0835
58.0822
58.0842
58.0988
58.1113
58.1178
58.1376
58.1568
58.1842
58.2127
58.2443
58.2846
58.3308
58.376
58.4213
58.4672
58.515
58.5558
58.5915
58.6331
58.6779
58.7297
58.7767
58.8262
58.8728
58.92
58.962
59.0074
59.0434
59.0782
59.0967
59.1215
59.1443
