214.9216
214.9162
214.9192
214.9099
214.9224
214.899
214.8615
214.8282
214.7671
214.7164
214.6524
214.5795
214.4982
214.4039
214.3104
214.2331
214.1687
214.0992
214.0335
213.9885
213.9282
213.8624
213.7729
213.687
213.5495
213.4116
213.2895
213.1787
213.0785
212.97
212.8694
212.7806
212.6931
212.6275
212.5683
212.4974
212.4373
212.3644
212.2829
212.2095
212.1495
212.0892
212.0346
211.9883
211.9511
211.921
211.8811
211.8352
211.7827
211.766
211.7545
211.7492
211.7375
211.7372
211.7472
211.756
211.7678
211.7571
211.7453
211.7621
211.7831
211.7889
211.7838
211.7652
211.7462
211.7234
211.6944
211.665
211.6526
211.6428
211.643
211.6363
211.6195
211.6218
211.6191
211.6011
211.6199
211.6334
211.6404
211.6622
211.67
211.6802
211.718
211.7579
211.8163
211.8843
211.9341
211.9917
212.0346
212.0831
212.1364
212.1784
212.2122
212.2377
212.2651
212.2988
212.3344
212.3689
212.4099
212.4593
212.4876
212.5043
212.5202
212.5478
212.5738
212.5827
212.5953
212.6132
212.6433
212.6335
212.6357
212.6299
212.6345
212.6432
212.6633
212.6754
212.6812
212.6864
212.6978
212.708
212.7267
212.7454
212.7639
212.777
212.792
212.8114
212.8278
212.8382
212.8522
212.8615
212.9133
212.9667
213.0164
213.0638
213.1228
213.1998
213.2295
213.2637
213.2945
213.3034
213.3211
213.3346
213.3511
213.3627
213.4077
213.4525
213.5064
213.56
213.6099
213.6632
213.7184
213.781
213.8509
213.9202
213.9989
214.0732
214.1415
214.2317
214.3209
214.3657
214.4225
214.4878
214.5444
214.591
214.6275
214.679
214.7212
214.7625
214.7962
214.8264
214.8448
214.8643
214.8836
214.9052
214.9112
214.9127
214.9204
214.9337
214.9446
214.9592
214.9725
214.984
214.996
215.0103
215.041
215.0674
215.0938
215.1356
215.1693
215.2035
215.2121
215.2206
215.2407
215.2609
215.2729
215.2727
215.2829
215.2926
215.3074
