30.738
30.7486
30.7595
30.7581
30.7561
30.7518
30.7556
30.7598
30.7643
30.7708
30.7793
30.7894
30.8
30.8125
30.8265
30.8392
30.8518
30.8658
30.878
30.891
30.9062
30.9204
30.9413
30.9613
30.9879
31.0121
31.037
31.0585
31.0785
31.0997
31.1145
31.1319
31.1451
31.1571
31.1692
31.1797
31.1912
31.2052
31.223
31.2414
31.2634
31.2844
31.3021
31.3199
31.3376
31.3543
31.3709
31.3847
31.3996
31.4151
31.4301
31.4417
31.4528
31.464
31.4745
31.4845
31.4944
31.5049
31.5154
31.5273
31.5413
31.5523
31.5616
31.5735
31.5888
31.6018
31.6128
31.6229
31.6327
31.6426
31.6518
31.6636
31.6722
31.6813
31.691
31.7003
31.7076
31.7145
31.7234
31.7329
31.7415
31.7491
31.7504
31.7523
31.7503
31.753
31.7551
31.7579
31.7627
31.7673
31.7688
31.7707
31.7759
31.7809
31.7871
31.7924
31.7995
31.8035
31.8069
31.8097
31.8073
31.8064
31.8078
31.8082
31.8125
31.8155
31.817
31.8161
31.8002
31.7857
31.7694
31.7585
31.749
31.7367
31.7262
31.7201
31.7094
31.6946
31.6798
31.6648
31.6493
31.6365
31.6234
31.6119
31.5998
31.5864
31.5712
31.5544
31.5368
31.5191
31.5006
31.4811
31.4636
31.4461
31.429
31.4135
31.3991
31.3845
31.3705
31.3559
31.342
31.3292
31.3165
31.3041
31.2894
31.2742
31.2614
31.2472
31.2317
31.2149
31.2005
31.1844
31.1675
31.1504
31.1311
31.1122
31.0946
31.0781
31.0616
31.0467
31.0323
31.0168
31.0001
30.984
30.9654
30.9485
30.933
30.9227
30.9255
30.9272
30.9291
30.9287
30.9309
30.9351
30.9404
30.9431
30.9501
30.9592
30.9667
30.9744
30.9814
30.9889
30.9996
31.0084
31.0175
31.027
31.0366
31.0446
31.0517
31.0576
31.0643
31.0711
31.0783
31.0846
