16.3908
16.3938
16.3958
16.3921
16.3871
16.3829
16.3788
16.3758
16.3733
16.3725
16.3717
16.3696
16.3671
16.3629
16.3588
16.3558
16.3533
16.3504
16.3479
16.3454
16.3425
16.3392
16.3383
16.3367
16.3387
16.3412
16.3437
16.3446
16.3487
16.3512
16.3554
16.3612
16.3683
16.3758
16.3842
16.3912
16.3987
16.4054
16.4167
16.4267
16.4367
16.4479
16.4571
16.4662
16.475
16.4833
16.4917
16.5
16.5079
16.5167
16.5258
16.5333
16.5387
16.5437
16.5487
16.5508
16.5558
16.5612
16.5666
16.5716
16.5754
16.5791
16.5821
16.5871
16.595
16.6016
16.6079
16.6133
16.6171
16.62
16.6225
16.6254
16.6275
16.63
16.6329
16.6354
16.6404
16.6471
16.6496
16.6525
16.655
16.6575
16.6579
16.6604
16.6587
16.6571
16.6546
16.6537
16.6525
16.6487
16.6441
16.6391
16.6329
16.6275
16.6221
16.6166
16.6112
16.6071
16.6
16.5941
16.5875
16.58
16.5741
16.5687
16.5625
16.5575
16.5521
16.5479
16.5441
16.5387
16.5333
16.5295
16.527
16.5237
16.5229
16.5233
16.5208
16.52
16.5183
16.5175
16.5179
16.5196
16.5204
16.5225
16.5233
16.5237
16.5258
16.5279
16.5308
16.5341
16.5375
16.5416
16.5458
16.5496
16.5529
16.5566
16.5583
16.5591
16.5637
16.5687
16.5733
16.5808
16.5871
16.5937
16.6021
16.6104
16.6187
16.6279
16.6366
16.6454
16.6533
16.6604
16.6675
16.6754
16.6829
16.6908
16.6979
16.705
16.7104
16.7162
16.7216
16.7271
16.7329
16.7379
16.7437
16.75
16.7558
16.7612
16.7691
16.7762
16.7787
16.7796
16.7804
16.7821
16.7808
16.7808
16.7804
16.7796
16.7808
16.7817
16.7817
16.7808
16.7812
16.7817
16.7825
16.7833
16.7842
16.7846
16.785
16.7854
16.7858
16.7862
16.785
16.7842
16.7821
