16.2567
16.2578
16.2586
16.2549
16.2494
16.2449
16.2403
16.237
16.2338
16.2312
16.2286
16.2261
16.2225
16.2178
16.2124
16.2077
16.2035
16.1995
16.1955
16.1918
16.187
16.1825
16.1804
16.178
16.1795
16.1809
16.1825
16.1829
16.1828
16.1857
16.1899
16.1952
16.2021
16.2093
16.2175
16.2243
16.2315
16.2379
16.2487
16.2582
16.2687
16.2793
16.2879
16.2958
16.3037
16.3109
16.3186
16.3259
16.333
16.3407
16.3477
16.3553
16.3608
16.3662
16.3719
16.3761
16.3809
16.386
16.392
16.3979
16.4032
16.4081
16.413
16.419
16.428
16.4349
16.442
16.4483
16.4534
16.4582
16.4623
16.4662
16.4695
16.473
16.4773
16.4812
16.4862
16.4932
16.4967
16.5004
16.5042
16.5071
16.5076
16.509
16.5074
16.5057
16.5032
16.5019
16.5002
16.4959
16.4912
16.4857
16.4794
16.4736
16.467
16.4615
16.4562
16.4517
16.4439
16.4373
16.4295
16.4216
16.415
16.4088
16.4028
16.398
16.393
16.3887
16.3852
16.3799
16.3759
16.3707
16.3672
16.3628
16.3612
16.3607
16.3577
16.3562
16.3539
16.3517
16.3503
16.3504
16.35
16.3503
16.3499
16.3498
16.3508
16.3511
16.3521
16.3535
16.3554
16.3576
16.3599
16.3618
16.3633
16.3646
16.3656
16.3652
16.3685
16.3717
16.3752
16.3799
16.3856
16.3912
16.3975
16.4041
16.4107
16.4175
16.4244
16.4309
16.4362
16.4415
16.4469
16.4521
16.4581
16.4635
16.4685
16.4731
16.4768
16.4801
16.4834
16.4864
16.4898
16.4932
16.4967
16.5
16.5027
16.5062
16.5104
16.5156
16.5166
16.5159
16.5147
16.5145
16.5112
16.5086
16.5074
16.5054
16.5046
16.5039
16.5022
16.4997
16.4977
16.4957
16.4942
16.4931
16.4915
16.4898
16.4882
16.4865
16.4848
16.4831
16.4806
16.4781
16.4752
