56.0117
55.993
55.9773
55.9658
55.9585
55.9485
55.9356
55.9261
55.9154
55.9039
55.8934
55.8812
55.8704
55.8602
55.8499
55.8381
55.8279
55.8172
55.803
55.7896
55.7746
55.7624
55.7513
55.7382
55.7246
55.7127
55.6981
55.6841
55.6736
55.6638
55.6554
55.6499
55.6436
55.6344
55.6228
55.6096
55.5954
55.5781
55.5638
55.5511
55.5381
55.5263
55.5141
55.5028
55.4913
55.4831
55.474
55.4643
55.4562
55.4467
55.4361
55.4256
55.4143
55.4056
55.3972
55.3912
55.3847
55.3874
55.3891
55.3896
55.3963
55.4021
55.4084
55.4134
55.4145
55.416
55.4184
55.4189
55.4199
55.4205
55.4205
55.4224
55.4225
55.4262
55.4297
55.432
55.4342
55.4367
55.4408
55.4471
55.4561
55.4607
55.4656
55.4707
55.4757
55.4779
55.4809
55.4836
55.4874
55.4881
55.4883
55.4871
55.485
55.485
55.4883
55.4926
55.4971
55.5003
55.5048
55.5097
55.5137
55.5167
55.5216
55.5257
55.5294
55.5299
55.5299
55.5294
55.5257
55.5227
55.5239
55.5254
55.5281
55.5303
55.5335
55.533
55.534
55.5325
55.5295
55.5267
55.5208
55.5152
55.5085
55.4986
55.4906
55.4839
55.4786
55.4724
55.4652
55.4597
55.4546
55.4484
55.4414
55.4292
55.4168
55.4055
55.3923
55.3771
55.3622
55.3447
55.3296
55.3153
55.2986
55.2813
55.2622
55.2444
55.2254
55.2084
55.1917
55.1759
55.1626
55.1517
55.1453
55.1382
55.1303
55.1207
55.1097
55.1017
55.0924
55.0812
55.0725
55.0652
55.0573
55.053
55.0483
55.0447
55.045
55.044
55.0467
55.0515
55.056
55.0587
55.061
55.0638
55.0645
55.0653
55.0648
55.0657
55.0672
55.0675
55.0685
55.0703
55.0724
55.0752
55.0785
55.0831
55.0866
