52.3522
52.3334
52.3162
52.2995
52.2818
52.267
52.2513
52.2373
52.2227
52.2078
52.1942
52.1816
52.1676
52.1556
52.146
52.1343
52.1224
52.1116
52.0998
52.0875
52.074
52.0588
52.0416
52.0216
51.9964
51.9667
51.9369
51.9095
51.8837
51.8569
51.8292
51.8005
51.771
51.7446
51.7189
51.696
51.6737
51.6531
51.6309
51.6054
51.5823
51.5591
51.5368
51.5138
51.4916
51.4701
51.4517
51.4304
51.4073
51.3836
51.3596
51.3306
51.3023
51.2797
51.2569
51.2346
51.2096
51.1913
51.1754
51.1584
51.1444
51.1279
51.1094
51.0903
51.0748
51.0579
51.0409
51.0254
51.0094
50.996
50.9812
50.9658
50.9517
50.9369
50.9215
50.9059
50.8933
50.8801
50.8658
50.8504
50.8369
50.8248
50.8156
50.8072
50.8033
50.8017
50.7997
50.7989
50.7931
50.7892
50.7859
50.7812
50.7745
50.769
50.764
50.7584
50.7516
50.7454
50.7411
50.7381
50.7329
50.7299
50.7253
50.7183
50.714
50.7068
50.6989
50.6933
50.6929
50.6941
50.6961
50.7014
50.7081
50.7076
50.7071
50.7056
50.705
50.7054
50.7045
50.7043
50.7031
50.7009
50.6979
50.6976
50.6954
50.6948
50.6936
50.6934
50.7004
50.7073
50.7159
50.7195
50.7254
50.731
50.7367
50.7419
50.742
50.7442
50.747
50.7504
50.7513
50.7502
50.749
50.7493
50.7478
50.747
50.7432
50.7362
50.7308
50.7252
50.7192
50.7135
50.7057
50.6997
50.6934
50.691
50.688
50.6845
50.6802
50.6747
50.6677
50.6624
50.6592
50.6592
50.6539
50.6526
50.6516
50.6462
50.6359
50.6264
50.6174
50.6104
50.6019
50.5959
50.5916
50.5877
50.5818
50.5757
50.5689
50.5633
50.5588
50.5551
50.5556
50.5569
50.5611
50.5646
50.5706
50.5781
50.5778
50.5775
50.5787
50.5848
50.5896
50.5937
50.5954
50.5969
50.5997
