67.4613
67.4811
67.4983
67.5079
67.5136
67.5147
67.5229
67.5296
67.5329
67.5374
67.5403
67.5403
67.5446
67.5521
67.5626
67.5707
67.5792
67.5897
67.601
67.6088
67.6121
67.6122
67.6072
67.6027
67.5925
67.5842
67.5805
67.5727
67.5687
67.5628
67.5576
67.5526
67.5433
67.5356
67.5284
67.5231
67.5146
67.5076
67.5014
67.4943
67.4886
67.4839
67.4789
67.4749
67.4698
67.4658
67.4643
67.4625
67.4628
67.4602
67.4548
67.4532
67.4495
67.4416
67.4351
67.4296
67.4258
67.4181
67.4073
67.3923
67.3749
67.3579
67.344
67.3364
67.3325
67.325
67.3192
67.311
67.3044
67.2985
67.2925
67.2875
67.2785
67.271
67.2624
67.256
67.248
67.2492
67.2574
67.2679
67.2853
67.3057
67.3289
67.3502
67.3794
67.4065
67.4335
67.471
67.5069
67.5447
67.583
67.621
67.6577
67.694
67.7337
67.772
67.8112
67.8477
67.8867
67.9244
67.962
67.9986
68.0306
68.0576
68.0971
68.1354
68.17
68.2045
68.2337
68.2715
68.3065
68.336
68.3691
68.4045
68.4365
68.4741
68.5136
68.5527
68.5944
68.6368
68.6794
68.7204
68.7603
68.8003
68.8399
68.8781
68.9146
68.9482
68.9827
69.0195
69.06
69.1008
69.1433
69.19
69.236
69.2823
69.3315
69.369
69.4025
69.4288
69.4505
69.4685
69.4898
69.5141
69.5391
69.5603
69.5778
69.5896
69.5984
69.6053
69.6116
69.6161
69.6234
69.6284
69.6309
69.6333
69.6344
69.6356
69.6352
69.636
69.6391
69.6411
69.6465
69.6531
69.6473
69.6416
69.6371
69.6338
69.6331
69.628
69.6292
69.6316
69.6326
69.6326
69.6328
69.6295
69.6233
69.6157
69.6042
69.5892
69.5757
69.5623
69.5473
69.5315
69.5185
69.508
69.4927
69.4794
69.4673
69.4517
69.4353
69.4193
69.4038
69.3841
69.3647
69.3451
69.3243
69.3072
