49.1741
49.1772
49.1791
49.1771
49.1814
49.1851
49.1874
49.1907
49.1958
49.1991
49.202
49.2046
49.2068
49.2082
49.2096
49.2102
49.2116
49.2118
49.2106
49.2089
49.2071
49.204
49.1973
49.1899
49.1846
49.1776
49.1729
49.1676
49.1659
49.1647
49.1612
49.1586
49.1549
49.1506
49.1467
49.1423
49.1359
49.1293
49.1231
49.1159
49.1086
49.1026
49.0968
49.0908
49.0854
49.0798
49.0743
49.0668
49.0584
49.0546
49.0513
49.0487
49.045
49.0447
49.0467
49.0494
49.0531
49.0586
49.0667
49.0757
49.0822
49.0879
49.0947
49.1042
49.1095
49.1142
49.1186
49.1224
49.1243
49.1275
49.1312
49.1334
49.1351
49.1363
49.1372
49.1377
49.1348
49.1323
49.1312
49.1292
49.1288
49.1302
49.1335
49.1367
49.1377
49.1417
49.1422
49.1435
49.1447
49.1443
49.1442
49.1437
49.1442
49.1452
49.1467
49.1476
49.1494
49.1512
49.153
49.1555
49.1576
49.157
49.1572
49.1597
49.1597
49.1602
49.1607
49.1621
49.1639
49.1612
49.1596
49.1566
49.1531
49.1467
49.1386
49.1304
49.1216
49.1138
49.1044
49.0951
49.0882
49.0803
49.073
49.0668
49.0606
49.0536
49.0498
49.0457
49.0422
49.0374
49.0322
49.0267
49.0212
49.0143
49.0077
49.0017
48.9984
48.9942
48.9868
48.9817
48.9757
48.9658
48.9574
48.9495
48.9426
48.9341
48.9278
48.9209
48.9139
48.9068
48.9012
48.8952
48.8883
48.8819
48.8749
48.8683
48.8622
48.8553
48.8493
48.8426
48.8394
48.8378
48.8328
48.8251
48.8194
48.8115
48.8041
48.7981
48.792
48.7865
48.7799
48.7729
48.7667
48.7604
48.7535
48.7465
48.739
48.7322
48.7248
48.7188
48.7116
48.7044
48.6967
48.6893
48.6861
48.6827
48.6776
48.6742
48.6706
48.6675
48.6667
48.6668
48.6683
48.6713
48.6737
48.677
48.6818
48.6874
48.6937
