214.7839
214.916
215.0412
215.1131
215.154
215.2063
215.2421
215.3113
215.3839
215.4268
215.4743
215.5074
215.5319
215.5629
215.5729
215.5873
215.6166
215.6578
215.6943
215.7248
215.756
215.7757
215.7762
215.7811
215.7688
215.7991
215.806
215.8088
215.828
215.8442
215.8287
215.8236
215.8129
215.7992
215.789
215.784
215.7822
215.7934
215.8084
215.8221
215.8347
215.8535
215.8714
215.8945
215.9321
215.9683
215.9998
216.0348
216.0862
216.1262
216.1627
216.2057
216.2452
216.3027
216.3817
216.3487
216.3257
216.3085
216.2775
216.2491
216.2353
216.2379
216.2589
216.2952
216.3518
216.3899
216.4374
216.4626
216.4809
216.5228
216.5663
216.6194
216.6714
216.7235
216.7879
216.8427
216.9002
216.9639
217.0402
217.1155
217.201
217.278
217.3589
217.4357
217.5494
217.6261
217.7129
217.8098
217.901
217.9948
218.0851
218.1753
218.2539
218.333
218.4099
218.479
218.557
218.6341
218.7181
218.7998
218.8763
218.9662
219.0567
219.1327
219.1943
219.2614
219.3269
219.4001
219.4667
219.545
219.6434
219.7347
219.7924
219.8237
219.837
219.861
219.8758
219.9
219.9108
219.929
219.9503
219.9776
220.0081
220.0346
220.0721
220.1072
220.1446
220.1841
220.2164
220.2404
220.2574
220.2736
220.2579
220.2207
220.1872
220.1724
220.1439
220.1099
220.0516
219.9912
219.9152
219.8406
219.7719
219.7029
219.6293
219.5514
219.478
219.4063
219.3305
219.2542
219.1802
219.1035
219.0424
218.9849
218.9254
218.8615
218.7815
218.7084
218.6159
218.5602
218.5233
218.4964
218.4694
218.4764
218.4913
218.4854
218.4849
218.4925
218.4979
218.4811
218.4353
218.3872
218.3769
218.3765
218.3717
218.3653
218.3598
218.3444
218.3333
218.3227
218.307
218.2868
218.261
218.2306
218.1638
218.1255
218.0626
217.9935
217.9301
217.8768
217.8338
217.7938
217.7802
217.7802
217.7817
217.7681
217.7519
217.7391
217.7366
