68.1292
68.1083
68.0828
68.0565
68.0318
68.0099
67.9866
67.9629
67.9429
67.9216
67.9022
67.8849
67.8729
67.8611
67.8476
67.832
67.8168
67.8008
67.7852
67.7588
67.7312
67.7018
67.6742
67.6461
67.6201
67.5989
67.5793
67.5622
67.5483
67.5286
67.5044
67.4796
67.4547
67.4318
67.4069
67.3859
67.3664
67.3445
67.3193
67.2954
67.2719
67.2473
67.2214
67.1949
67.1733
67.1491
67.1228
67.1041
67.0849
67.0764
67.0652
67.0531
67.041
67.0308
67.0273
67.0226
67.0162
67.0107
67.0064
67.0015
66.9976
66.9984
66.9987
67.0011
67.0058
67.0069
67.0061
67.0061
67.0057
67.0072
67.0053
67.0033
67.012
67.0195
67.0375
67.0567
67.0778
67.0961
67.1154
67.142
67.1698
67.1988
67.2253
67.2546
67.2834
67.3086
67.3361
67.3604
67.3842
67.4089
67.4351
67.4637
67.4911
67.5155
67.5398
67.5645
67.59
67.6153
67.6438
67.6708
67.6943
67.7191
67.7446
67.7707
67.7951
67.8223
67.8491
67.8706
67.8908
67.9005
67.9153
67.9285
67.9452
67.9607
67.9756
67.9901
68.0042
68.0182
68.0314
68.0435
68.0542
68.0638
68.0731
68.0814
68.0886
68.1015
68.1167
68.1293
68.1442
68.1575
68.1734
68.1894
68.1912
68.194
68.1853
68.1733
68.1621
68.1541
68.146
68.1384
68.1285
68.1207
68.1141
68.1058
68.0974
68.088
68.0775
68.0705
68.0621
68.0522
68.0435
68.04
68.0389
68.0374
68.0379
68.0344
68.0313
68.0291
68.0261
68.0255
68.0278
68.0305
68.0316
68.0308
68.0312
68.03
68.0292
68.0303
68.0333
68.0376
68.0401
68.0438
68.0463
68.0481
68.0509
68.055
68.0583
68.0658
68.0732
68.0832
68.095
68.1073
68.1185
68.1292
68.1415
68.1483
68.1558
68.1649
68.1704
68.1759
68.1806
