64.7144
64.7184
64.7247
64.731
64.7385
64.7463
64.7538
64.7635
64.7734
64.7815
64.7887
64.7975
64.8102
64.8211
64.8345
64.8485
64.8638
64.8785
64.8933
64.9066
64.92
64.933
64.9454
64.9576
64.9658
64.9699
64.9745
64.9792
64.985
64.9914
64.9997
65.0094
65.0174
65.0252
65.0304
65.0368
65.0421
65.0459
65.0493
65.0499
65.0502
65.05
65.0502
65.0506
65.0496
65.0486
65.0479
65.044
65.0366
65.0328
65.0275
65.0231
65.0189
65.0175
65.016
65.0211
65.03
65.038
65.0458
65.0558
65.0638
65.0711
65.0778
65.0856
65.1041
65.1203
65.1348
65.148
65.1612
65.1772
65.193
65.2061
65.214
65.2231
65.2291
65.2335
65.2323
65.2344
65.2309
65.2273
65.2233
65.2188
65.2128
65.2062
65.2002
65.1982
65.1965
65.1962
65.1954
65.1931
65.1905
65.1878
65.1869
65.1864
65.1873
65.1874
65.1869
65.1864
65.1851
65.1832
65.1828
65.1818
65.1808
65.1798
65.175
65.1745
65.1753
65.178
65.183
65.187
65.1907
65.1923
65.1921
65.189
65.1854
65.1849
65.1823
65.1797
65.1785
65.177
65.1772
65.1757
65.1749
65.1724
65.1583
65.1459
65.1357
65.1251
65.1147
65.0999
65.0888
65.0795
65.073
65.0645
65.0563
65.0478
65.0457
65.0428
65.0449
65.0486
65.0525
65.0573
65.0628
65.0688
65.0771
65.0859
65.0941
65.1009
65.1077
65.1147
65.1217
65.1287
65.1349
65.1411
65.1463
65.1508
65.1569
65.1619
65.1679
65.1683
65.1699
65.1722
65.1721
65.1723
65.1758
65.1743
65.1689
65.1654
65.1637
65.1579
65.1521
65.1474
65.1449
65.142
65.1389
65.1342
65.1295
65.1253
65.1193
65.1126
65.1055
65.0982
65.0903
65.0823
65.0724
65.0636
65.0558
65.0449
65.0333
65.0221
65.0091
64.9967
64.9824
64.9721
64.9616
64.9509
64.9414
64.9314
64.9229
