19.1831
19.1862
19.1891
19.1837
19.1702
19.1607
19.1524
19.1422
19.1314
19.1211
19.1117
19.1044
19.0986
19.093
19.0883
19.0835
19.078
19.0735
19.0695
19.0673
19.0656
19.0627
19.0622
19.0621
19.0644
19.0661
19.0668
19.0681
19.0669
19.0659
19.0658
19.0671
19.0684
19.0703
19.0729
19.0728
19.0723
19.0719
19.0718
19.0718
19.0712
19.0712
19.0692
19.0658
19.0621
19.0594
19.059
19.059
19.0589
19.0595
19.0629
19.0643
19.0648
19.0659
19.0674
19.0702
19.0734
19.0769
19.0818
19.0861
19.0878
19.0894
19.0909
19.0976
19.109
19.1179
19.1251
19.1324
19.1399
19.1472
19.1527
19.1569
19.1602
19.162
19.1642
19.1657
19.1675
19.1745
19.1759
19.1769
19.1778
19.1779
19.1753
19.1738
19.1686
19.1636
19.1585
19.1523
19.1449
19.1376
19.1309
19.1247
19.1184
19.1119
19.1056
19.0992
19.0926
19.0854
19.0789
19.0723
19.0648
19.0564
19.0488
19.0408
19.0349
19.0284
19.0203
19.0126
19.0057
18.9993
18.9907
18.9852
18.9809
18.9763
18.9736
18.9689
18.9614
18.9534
18.9447
18.9362
18.9297
18.9237
18.9173
18.911
18.9057
18.9003
18.8953
18.8905
18.8868
18.8833
18.8798
18.8772
18.8748
18.8734
18.8713
18.8698
18.8682
18.8617
18.8615
18.8609
18.8603
18.8593
18.8571
18.8543
18.8523
18.8498
18.8468
18.8448
18.843
18.8405
18.8377
18.8343
18.8304
18.8268
18.8228
18.8193
18.8158
18.8128
18.809
18.8058
18.8028
18.7997
18.7968
18.7952
18.7918
18.7888
18.7855
18.7822
18.7793
18.7748
18.7717
18.7684
18.7655
18.7628
18.7578
18.7533
18.7508
18.75
18.7507
18.7504
18.7498
18.7483
18.7483
18.7485
18.7478
18.7465
18.7455
18.7445
18.7437
18.7425
18.7414
18.7402
18.738
18.7364
18.7353
