69.2475
69.2426
69.244
69.2389
69.2245
69.211
69.193
69.1792
69.1648
69.1513
69.1353
69.1228
69.108
69.0976
69.0883
69.0784
69.0694
69.0595
69.0487
69.039
69.0262
69.0104
68.9914
68.974
68.9456
68.918
68.888
68.8606
68.8444
68.831
68.8182
68.808
68.7947
68.783
68.7705
68.7582
68.7458
68.7327
68.7189
68.7037
68.6894
68.6717
68.6547
68.6384
68.6241
68.6083
68.5931
68.5751
68.5585
68.5443
68.5299
68.5184
68.5192
68.5205
68.5186
68.5233
68.5315
68.5379
68.5424
68.5441
68.5533
68.562
68.569
68.5778
68.5911
68.6033
68.6163
68.6269
68.6376
68.6503
68.6664
68.6796
68.6951
68.7083
68.7211
68.7348
68.7374
68.7301
68.7126
68.6958
68.6714
68.6445
68.6235
68.6007
68.5919
68.5809
68.565
68.5442
68.5202
68.4909
68.4634
68.4377
68.4155
68.3906
68.3654
68.3379
68.3113
68.2899
68.2643
68.2389
68.2149
68.1923
68.1694
68.1461
68.1223
68.1069
68.0916
68.0799
68.0698
68.0571
68.0478
68.0374
68.0103
67.9843
67.9601
67.9326
67.9047
67.8772
67.8522
67.8267
67.8006
67.7756
67.7493
67.7236
67.6955
67.6667
67.6377
67.6085
67.5814
67.5499
67.5265
67.4997
67.478
67.4564
67.4325
67.4056
67.3883
67.3801
67.3835
67.3848
67.3976
67.415
67.4279
67.4385
67.4504
67.4639
67.483
67.5044
67.5234
67.5434
67.5628
67.5786
67.5931
67.6105
67.6281
67.6476
67.6658
67.6804
67.6991
67.7239
67.7455
67.769
67.7948
67.8173
67.8396
67.8523
67.863
67.8716
67.879
67.8854
67.8875
67.8885
67.8947
67.9002
67.9052
67.9117
67.9177
67.9223
67.924
67.9285
67.9329
67.9364
67.9392
67.9416
67.9393
67.9398
67.9349
67.9266
67.9137
67.9029
67.8831
67.8673
67.8457
67.8204
67.798
67.7801
67.764
67.7495
67.7315
