56.6227
56.6399
56.655
56.6687
56.6817
56.6933
56.7018
56.7063
56.703
56.7038
56.7083
56.713
56.718
56.7212
56.7209
56.7198
56.7158
56.7143
56.7112
56.7077
56.7039
56.6987
56.7005
56.7007
56.6967
56.6921
56.6821
56.6689
56.6531
56.6351
56.6161
56.5964
56.5817
56.5648
56.5501
56.5375
56.5238
56.5121
56.4983
56.4849
56.4733
56.4606
56.4495
56.437
56.424
56.4069
56.3911
56.3733
56.3532
56.3361
56.3203
56.2981
56.2756
56.2529
56.2259
56.2024
56.1797
56.1612
56.1396
56.1197
56.098
56.0755
56.054
56.0338
56.0145
55.9942
55.9746
55.955
55.933
55.9132
55.8934
55.8727
55.8503
55.8274
55.8033
55.7798
55.7566
55.7305
55.7026
55.6776
55.6515
55.6266
55.596
55.5674
55.5397
55.511
55.4855
55.4613
55.4405
55.4201
55.3983
55.3773
55.3517
55.327
55.3014
55.2754
55.2501
55.2235
55.1967
55.1678
55.1376
55.1069
55.0746
55.0416
55.0147
54.9797
54.94
54.9012
54.8627
54.8197
54.7779
54.7389
54.7008
54.6601
54.6259
54.5877
54.5496
54.5089
54.4694
54.4288
54.3901
54.3508
54.3112
54.2714
54.2331
54.1943
54.1557
54.1168
54.0762
54.0336
53.9907
53.9477
53.9025
53.8593
53.8227
53.7866
53.7531
53.7189
53.6917
53.6622
53.6322
53.6015
53.5711
53.5426
53.5157
53.4927
53.4709
53.4519
53.4357
53.4226
53.4126
53.4024
53.3942
53.3838
53.3698
53.3548
53.3422
53.3293
53.3139
53.3089
53.3011
53.2929
53.2879
53.2856
53.2855
53.295
53.3074
53.3239
53.3378
53.3555
53.3706
53.3846
53.3978
53.4106
53.4212
53.434
53.447
53.463
53.4779
53.4943
53.5088
53.5252
53.5413
53.5584
53.5768
53.5947
53.6098
53.6275
53.6465
53.6675
53.6888
53.7087
53.7313
53.7533
53.7677
53.7821
53.7981
53.8153
53.8279
