1737.3348
1736.9636
1736.591
1736.3385
1735.9602
1735.8299
1735.8935
1735.8585
1735.8674
1735.8322
1735.843
1735.9065
1736.0657
1736.2447
1736.2781
1736.2963
1736.3643
1736.2781
1736.2181
1736.1551
1736.1434
1736.1422
1736.2689
1736.4131
1736.6211
1736.8745
1736.8259
1736.8726
1736.7735
1736.6123
1736.4943
1736.4631
1736.3271
1736.0778
1735.8756
1735.5778
1735.2918
1735.2
1735.1867
1735.0848
1734.9946
1734.9399
1734.8398
1734.6639
1734.5161
1734.4143
1734.2928
1734.0182
1733.6742
1733.3158
1733.0273
1732.8817
1732.8411
1732.7328
1732.4715
1732.5577
1732.6327
1732.7882
1732.9345
1733.0194
1733.0789
1733.1212
1733.1472
1733.2926
1733.4674
1733.589
1733.699
1733.7634
1733.8289
1733.8194
1733.8051
1733.7846
1733.629
1733.5281
1733.4156
1733.2924
1732.995
1732.7375
1732.3894
1732.032
1731.6593
1731.3653
1730.9786
1730.5729
1730.1398
1729.6827
1729.4477
1729.2069
1728.9658
1728.7822
1728.6425
1728.4648
1728.3051
1728.1375
1727.9304
1727.7659
1727.56
1727.268
1726.9145
1726.601
1726.2541
1725.9106
1725.5591
1725.054
1724.5368
1723.8201
1723.0995
1722.5084
1722.1033
1721.9026
1721.6781
1721.3234
1720.9271
1720.6139
1720.6906
1720.7241
1720.7338
1720.6851
1720.5834
1720.4922
1720.4792
1720.4804
1720.4945
1720.4191
1720.4641
1720.4935
1720.4633
1720.4196
1720.3558
1720.3226
1720.2794
1720.2744
1720.3289
1720.3332
1720.3437
1720.2586
1720.3598
1720.439
1720.5499
1720.6984
1720.769
1720.8154
1720.8382
1721.059
1721.159
1721.3082
1721.4083
1721.5051
1721.5226
1721.5922
1721.6513
1721.7503
1721.8833
1721.9918
1722.0454
1722.0946
1722.1408
1722.1633
1722.1003
1722.0396
1721.9933
1721.9059
1721.8489
1722.0029
1722.1344
1722.4956
1722.8539
1723.1897
1723.4361
1723.4321
1723.6524
1723.8821
1724.1083
1724.3153
1724.2584
1724.2272
1724.1978
1724.1473
1724.1461
1724.1554
1724.1303
1724.0409
1723.9908
1723.989
1723.9882
1723.9458
1723.8773
1723.7893
1723.7706
1723.7243
1723.6824
1723.6501
1723.6342
1723.6096
1723.5571
