33.4749
33.4563
33.4396
33.4257
33.4122
33.3963
33.3785
33.3582
33.3397
33.3241
33.3106
33.3024
33.2919
33.2846
33.2782
33.2723
33.2681
33.263
33.2603
33.2594
33.2613
33.2651
33.2677
33.2699
33.2711
33.2817
33.2955
33.3163
33.3336
33.3521
33.3708
33.3866
33.4041
33.4205
33.4387
33.4623
33.4883
33.5111
33.5351
33.5593
33.5834
33.6061
33.6258
33.6471
33.6689
33.6919
33.7135
33.7325
33.7514
33.7787
33.8089
33.8495
33.8875
33.9265
33.9669
34.0134
34.0592
34.1192
34.1785
34.2405
34.294
34.347
34.3985
34.4513
34.5021
34.5521
34.6066
34.6604
34.7119
34.7638
34.8146
34.8649
34.9139
34.9646
35.0138
35.0619
35.1041
35.1496
35.1923
35.2356
35.2808
35.3252
35.3703
35.4143
35.4552
35.4845
35.5158
35.539
35.5647
35.5885
35.613
35.6375
35.6545
35.6718
35.6907
35.7063
35.7243
35.7459
35.7681
35.7909
35.8136
35.8403
35.8673
35.8868
35.9052
35.9191
35.9304
35.9381
35.9461
35.9457
35.9422
35.9274
35.9147
35.8981
35.8801
35.8571
35.8338
35.8108
35.7883
35.7688
35.7495
35.7263
35.7039
35.6815
35.6618
35.6433
35.6214
35.5999
35.579
35.5558
35.5088
35.4604
35.4141
35.3806
35.3467
35.3185
35.2949
35.2577
35.2162
35.1742
35.131
35.0869
35.0499
35.0187
34.9932
34.9727
34.9467
34.9229
34.8928
34.8611
34.8282
34.7911
34.7591
34.7322
34.7081
34.6831
34.6589
34.6401
34.6186
34.6019
34.5877
34.5716
34.5585
34.5546
34.5533
34.5533
34.5575
34.5657
34.5731
34.5791
34.5857
34.5924
34.6019
34.6107
34.6212
34.6364
34.6517
34.6702
34.6881
34.7012
34.7179
34.7346
34.7459
34.7575
34.7665
34.7753
34.7772
34.7766
34.779
34.7793
34.8065
34.8334
34.8595
34.8726
34.8875
34.8998
34.9102
34.9335
34.963
