52.5882
52.6047
52.6211
52.6381
52.6534
52.6664
52.6799
52.6884
52.6994
52.7088
52.7163
52.7236
52.7273
52.7294
52.7334
52.7404
52.748
52.7572
52.7672
52.7758
52.7879
52.8009
52.8168
52.8304
52.8403
52.8478
52.8563
52.8612
52.8645
52.8673
52.8658
52.8631
52.8612
52.8632
52.8663
52.8672
52.8655
52.861
52.8578
52.8571
52.8559
52.8549
52.8552
52.8558
52.8568
52.8578
52.8591
52.86
52.8622
52.8637
52.8648
52.8615
52.8573
52.8545
52.853
52.8501
52.8459
52.8406
52.8349
52.8285
52.825
52.8226
52.8216
52.8191
52.8158
52.8166
52.8142
52.8139
52.8116
52.8089
52.8066
52.8026
52.7986
52.7949
52.7938
52.7896
52.787
52.784
52.7796
52.7777
52.7708
52.7597
52.7438
52.7288
52.7233
52.721
52.7168
52.7141
52.709
52.7061
52.704
52.7016
52.6999
52.6971
52.6968
52.6957
52.6965
52.701
52.7042
52.7046
52.7049
52.7033
52.6998
52.6908
52.6796
52.6636
52.6493
52.6328
52.6158
52.5969
52.5799
52.5671
52.5561
52.543
52.526
52.5073
52.4865
52.4706
52.4541
52.4404
52.4245
52.4083
52.3915
52.3758
52.362
52.3476
52.3336
52.3205
52.3061
52.292
52.279
52.2668
52.2555
52.2436
52.2289
52.215
52.1979
52.1815
52.1657
52.1491
52.138
52.1285
52.1214
52.1144
52.1062
52.098
52.0865
52.0795
52.0711
52.061
52.0523
52.0435
52.0328
52.0235
52.0139
52.0036
51.9923
51.9804
51.9685
51.9568
51.945
51.9347
51.9265
51.9247
51.9237
51.9294
51.9344
51.9391
51.9428
51.9507
51.9578
51.967
51.973
51.9769
51.9798
51.9833
51.9915
51.9969
52.0029
52.006
52.0119
52.0183
52.0246
52.0288
52.0313
52.035
52.0387
52.0425
52.0467
52.0516
52.0557
52.0598
52.0638
52.0681
52.0724
