116.3098
116.3203
116.3277
116.3398
116.3515
116.363
116.3802
116.3992
116.4145
116.4292
116.4418
116.4513
116.4632
116.4746
116.4827
116.4926
116.4962
116.5045
116.5132
116.5283
116.5412
116.5529
116.561
116.5708
116.5769
116.5863
116.5974
116.6064
116.6068
116.6096
116.6167
116.617
116.6199
116.6238
116.6291
116.6379
116.6504
116.6636
116.6693
116.6743
116.6762
116.679
116.6808
116.6808
116.6806
116.6804
116.6807
116.681
116.6797
116.6797
116.676
116.672
116.6687
116.666
116.654
116.6406
116.6311
116.6226
116.6151
116.607
116.5986
116.5963
116.5986
116.598
116.5941
116.593
116.5836
116.5713
116.5635
116.5563
116.5514
116.5469
116.5404
116.5345
116.5317
116.5264
116.5344
116.541
116.5457
116.551
116.5729
116.5934
116.6123
116.6286
116.6481
116.6701
116.6884
116.7079
116.7294
116.7483
116.7678
116.7889
116.8059
116.8243
116.8388
116.8489
116.8548
116.8609
116.8704
116.8791
116.8883
116.8985
116.9082
116.9242
116.9398
116.9526
116.9693
116.9876
117.0064
117.0261
117.0483
117.0718
117.0913
117.1079
117.1317
117.1538
117.1733
117.1977
117.2185
117.2392
117.2527
117.2645
117.2758
117.2903
117.3063
117.3225
117.3385
117.354
117.3693
117.3868
117.4076
117.4281
117.4532
117.4785
117.5023
117.5273
117.5455
117.5655
117.588
117.6072
117.6128
117.6182
117.628
117.6423
117.6548
117.663
117.6732
117.6848
117.6981
117.7149
117.7331
117.7533
117.7733
117.7921
117.8123
117.8331
117.8558
117.8741
117.8904
117.9054
117.925
117.9378
117.954
117.9579
117.9641
117.9724
117.9781
117.9789
117.9612
117.9417
117.9154
117.8916
117.8699
117.8506
117.8346
117.8184
117.8013
117.782
117.763
117.747
117.73
117.7156
117.699
117.6811
117.6631
117.6438
117.6245
117.606
117.586
117.5648
117.5392
117.5137
117.484
117.4548
117.4244
