36.226
36.2287
36.2328
36.2395
36.2456
36.2533
36.2597
36.2644
36.2682
36.2716
36.2741
36.2757
36.277
36.2795
36.2808
36.282
36.2831
36.2838
36.2849
36.2889
36.2904
36.2921
36.2967
36.3022
36.3084
36.3149
36.3204
36.3244
36.3279
36.3308
36.333
36.336
36.3382
36.3398
36.3419
36.3445
36.3466
36.3474
36.3467
36.3446
36.3403
36.3362
36.3316
36.3278
36.3247
36.3218
36.318
36.3121
36.3058
36.2981
36.2905
36.2829
36.2769
36.2696
36.2611
36.2507
36.2381
36.2248
36.2111
36.197
36.1865
36.1785
36.1702
36.1588
36.1475
36.133
36.1192
36.1063
36.0935
36.082
36.0697
36.0589
36.0503
36.0412
36.0323
36.0224
36.0121
36.002
35.9913
35.9766
35.9636
35.9513
35.9361
35.9196
35.9038
35.8872
35.871
35.8562
35.8429
35.8305
35.817
35.8047
35.7929
35.7807
35.7683
35.7557
35.7432
35.7315
35.7187
35.7049
35.692
35.6786
35.6662
35.6532
35.6407
35.628
35.6165
35.6062
35.6001
35.5965
35.5923
35.5895
35.5852
35.58
35.5734
35.5671
35.5624
35.5597
35.5578
35.5562
35.5547
35.5551
35.5548
35.5541
35.5538
35.5548
35.5567
35.5584
35.5602
35.5617
35.5646
35.5649
35.5625
35.5626
35.564
35.5682
35.573
35.5768
35.5827
35.5883
35.5945
35.6016
35.6093
35.6182
35.6264
35.6349
35.6436
35.6526
35.6615
35.67
35.6783
35.6878
35.6975
35.7072
35.7178
35.7293
35.7394
35.7491
35.7614
35.7782
35.7936
35.8109
35.8304
35.849
35.8678
35.887
35.9068
35.929
35.9485
35.9676
35.9893
36.0087
36.0271
36.0455
36.0648
36.0857
36.1055
36.125
36.1433
36.1616
36.1798
36.1967
36.2138
36.2308
36.2481
36.2639
