68.0389
68.0319
68.0253
68.0293
68.0322
68.035
68.0371
68.0437
68.0476
68.0516
68.0509
68.0517
68.0537
68.0552
68.0571
68.0594
68.0616
68.0649
68.0651
68.0657
68.0671
68.0692
68.0609
68.0547
68.0434
68.0346
68.0341
68.034
68.0438
68.0557
68.0651
68.0702
68.0731
68.0766
68.0854
68.0911
68.0959
68.1026
68.1139
68.1249
68.1346
68.1441
68.1528
68.1615
68.1725
68.1817
68.19
68.1952
68.2048
68.2173
68.2278
68.239
68.248
68.2567
68.2702
68.2909
68.3114
68.3234
68.3328
68.3438
68.3593
68.3713
68.3798
68.3818
68.3876
68.3964
68.4036
68.4095
68.4141
68.421
68.4291
68.4352
68.4381
68.4429
68.4502
68.4564
68.4567
68.4579
68.4652
68.4692
68.4762
68.4816
68.4966
68.5136
68.5363
68.5571
68.5706
68.5852
68.5976
68.6062
68.6144
68.6164
68.6199
68.6224
68.6232
68.6246
68.6279
68.6296
68.6292
68.6271
68.6231
68.6224
68.6268
68.6268
68.6305
68.6347
68.6364
68.6415
68.6433
68.6432
68.6428
68.6403
68.6397
68.6413
68.6387
68.6354
68.6342
68.6339
68.6372
68.6451
68.6493
68.6554
68.6604
68.6657
68.6727
68.6797
68.6867
68.6948
68.7016
68.7114
68.7239
68.737
68.7447
68.7533
68.7602
68.767
68.7795
68.7877
68.7883
68.7917
68.7903
68.7898
68.7889
68.7869
68.7839
68.7806
68.7773
68.7733
68.7676
68.7609
68.7569
68.7539
68.7531
68.7513
68.7506
68.7484
68.7456
68.7416
68.7423
68.7439
68.7463
68.7473
68.7449
68.7469
68.7401
68.7335
68.7312
68.7272
68.7227
68.717
68.7122
68.7092
68.7049
68.6997
68.6954
68.6904
68.6831
68.6751
68.6681
68.6589
68.6496
68.6399
68.6323
68.6282
68.6242
68.6167
68.6102
68.6049
68.6041
68.5962
68.5867
68.5759
68.5729
68.568
68.5634
68.5592
68.5565
68.5557
