89.0868
89.104
89.1171
89.1301
89.1498
89.168
89.182
89.1941
89.2036
89.2114
89.2207
89.2285
89.235
89.2393
89.2442
89.2489
89.2545
89.2596
89.2661
89.2708
89.277
89.2832
89.2915
89.2986
89.3073
89.3145
89.3217
89.3205
89.3232
89.3275
89.3317
89.3401
89.3533
89.3687
89.3838
89.3979
89.4134
89.426
89.4393
89.4491
89.4602
89.4711
89.4805
89.4895
89.4988
89.5103
89.5272
89.541
89.5558
89.5736
89.5898
89.5992
89.6092
89.62
89.626
89.6364
89.6415
89.6505
89.6554
89.67
89.6825
89.6926
89.7034
89.7138
89.7205
89.729
89.7406
89.7517
89.7639
89.7765
89.7877
89.7999
89.8124
89.826
89.8381
89.8595
89.8925
89.9286
89.9646
89.9988
90.0345
90.0668
90.1031
90.1403
90.1759
90.2104
90.2464
90.2799
90.3124
90.3452
90.3779
90.4061
90.4295
90.4478
90.4697
90.4951
90.5196
90.5418
90.5635
90.5893
90.6171
90.6442
90.6675
90.6956
90.7247
90.7484
90.7677
90.7904
90.8119
90.831
90.8527
90.8797
90.9045
90.9284
90.9561
90.9836
91.0106
91.0336
91.0602
91.0827
91.1067
91.1311
91.1532
91.1761
91.1978
91.2177
91.2405
91.2646
91.2873
91.3105
91.3322
91.3545
91.376
91.397
91.4188
91.4315
91.4328
91.4285
91.4258
91.4245
91.4215
91.4215
91.414
91.4058
91.3985
91.3931
91.3858
91.3821
91.3784
91.3738
91.3697
91.3657
91.361
91.3512
91.34
91.3257
91.3061
91.2886
91.2691
91.2499
91.2279
91.2071
91.1878
91.1603
91.1324
91.1073
91.0843
91.0621
91.0401
91.0168
90.9924
90.9714
90.9509
90.9293
90.9075
90.8841
90.8614
90.8396
90.8159
90.7911
90.765
90.7406
90.7188
90.697
90.6751
90.6548
90.6329
90.6101
