53.0153
53.0253
53.0222
53.0123
53.0137
53.012
53.0115
53.0133
53.0166
53.0196
53.0266
53.0336
53.0403
53.0518
53.0635
53.0763
53.0887
53.1043
53.122
53.1405
53.1576
53.1834
53.2164
53.2432
53.2694
53.2957
53.3263
53.3535
53.3802
53.4093
53.4385
53.4688
53.4992
53.5285
53.5571
53.5837
53.6091
53.6311
53.6512
53.671
53.6867
53.699
53.7107
53.7225
53.7366
53.7551
53.7747
53.7958
53.8167
53.8371
53.8576
53.8772
53.8982
53.9226
53.9419
53.963
53.9798
53.9966
54.0143
54.0288
54.046
54.0617
54.0858
54.1148
54.1378
54.1613
54.1831
54.2041
54.2244
54.2443
54.2613
54.2778
54.2918
54.3048
54.3159
54.3283
54.3433
54.3615
54.3768
54.3903
54.4014
54.405
54.4053
54.4112
54.419
54.4257
54.4277
54.4298
54.4318
54.4348
54.437
54.4383
54.44
54.4415
54.4416
54.4423
54.4446
54.4483
54.4527
54.4567
54.4612
54.4652
54.4679
54.4702
54.4738
54.4768
54.4828
54.4868
54.4915
54.496
54.5007
54.5084
54.5131
54.5158
54.5211
54.5232
54.5253
54.5281
54.5326
54.5396
54.5453
54.55
54.5541
54.5593
54.564
54.5703
54.5761
54.5813
54.5884
54.596
54.6047
54.6128
54.624
54.6343
54.6461
54.6568
54.6663
54.6715
54.6783
54.686
54.6967
54.7036
54.7069
54.7059
54.7041
54.7031
54.7043
54.7049
54.7051
54.7058
54.7081
54.7098
54.7101
54.7106
54.7122
54.7128
54.713
54.7128
54.7131
54.7128
54.7142
54.7169
54.7204
54.7251
54.7348
54.7442
54.7583
54.7731
54.7843
54.7954
54.8033
54.8099
54.8175
54.8248
54.8298
54.8373
54.8462
54.8528
54.8577
54.8646
54.8722
54.8802
54.8897
54.8988
54.9072
54.9137
54.9213
54.9278
54.9325
54.9378
54.9418
