181.4432
181.4115
181.379
181.333
181.2906
181.2528
181.215
181.1888
181.1532
181.1239
181.0928
181.0618
181.0316
181.0009
180.966
180.9297
180.8943
180.8563
180.8169
180.7773
180.7264
180.6568
180.5994
180.5383
180.4791
180.4261
180.3738
180.3187
180.2778
180.2526
180.2236
180.193
180.1605
180.1303
180.1037
180.0694
180.0373
180.0091
179.9734
179.9359
179.8993
179.864
179.822
179.7878
179.7524
179.7276
179.7074
179.6952
179.6923
179.684
179.6732
179.6703
179.6623
179.6593
179.6598
179.6807
179.7006
179.7261
179.7601
179.7941
179.8306
179.8701
179.9105
179.9477
179.9827
180.0207
180.0603
180.0952
180.1325
180.1707
180.2095
180.2463
180.2695
180.2989
180.3296
180.3544
180.3871
180.4269
180.464
180.5043
180.5482
180.6158
180.6787
180.7443
180.8109
180.8701
180.9253
180.9823
181.0348
181.0818
181.1259
181.1705
181.2177
181.2697
181.3199
181.3713
181.4202
181.4683
181.5178
181.5843
181.6479
181.7049
181.7596
181.8202
181.8816
181.9374
181.9881
182.0313
182.0632
182.0982
182.1417
182.176
182.2195
182.2617
182.2995
182.3332
182.3645
182.3943
182.4148
182.43
182.4413
182.4455
182.4481
182.4597
182.4732
182.4899
182.5094
182.5331
182.5626
182.5856
182.6087
182.6356
182.6796
182.7166
182.7555
182.8024
182.8372
182.8682
182.9035
182.9394
182.9822
183.0212
183.0604
183.098
183.1305
183.163
183.1983
183.2376
183.2733
183.31
183.3483
183.3911
183.438
183.481
183.5215
183.5642
183.6199
183.6705
183.724
183.7596
183.7965
183.8345
183.8789
183.9108
183.941
183.971
183.9992
184.0239
184.0493
184.0744
184.0944
184.1157
184.1385
184.163
184.187
184.2087
184.2336
184.259
184.2772
184.2937
184.3092
184.3257
184.3412
184.3557
184.3672
184.3692
184.3657
184.3592
184.3486
184.3394
184.3264
