33.9529
33.9664
33.9786
33.9811
33.9769
33.9764
33.9798
33.9811
33.9835
33.9866
33.9916
33.9991
34.0052
34.0127
34.0177
34.0218
34.0248
34.0271
34.0278
34.0279
34.0293
34.0321
34.0444
34.059
34.0686
34.0783
34.0882
34.1004
34.1079
34.1141
34.1202
34.1249
34.1291
34.1367
34.1424
34.1457
34.1466
34.1482
34.1499
34.1494
34.1476
34.1477
34.1446
34.1434
34.1449
34.1494
34.1545
34.1588
34.1632
34.1561
34.1479
34.1297
34.1128
34.0978
34.0826
34.0709
34.0591
34.0516
34.0453
34.0368
34.027
34.0158
34.005
34.0027
34.0072
34.0073
34.0036
34.0005
33.9967
33.9922
33.9869
33.9795
33.9709
33.961
33.9528
33.945
33.9364
33.9282
33.9246
33.9192
33.9133
33.9043
33.8853
33.8684
33.8541
33.8409
33.8264
33.8096
33.7947
33.78
33.7653
33.7497
33.7318
33.7112
33.6918
33.6727
33.6539
33.6336
33.6128
33.5909
33.5674
33.5449
33.5244
33.5018
33.4783
33.4595
33.4423
33.4225
33.4047
33.4018
33.4006
33.4092
33.4191
33.4277
33.4379
33.4446
33.4505
33.4523
33.4553
33.4602
33.4675
33.4747
33.4812
33.4884
33.4964
33.503
33.5103
33.5175
33.5244
33.5307
33.5352
33.5414
33.5483
33.5574
33.5663
33.5753
33.5865
33.5987
33.6066
33.6182
33.6295
33.6388
33.6508
33.6553
33.6607
33.6656
33.6702
33.673
33.6775
33.6813
33.686
33.6911
33.6975
33.7052
33.7119
33.7181
33.7258
33.7361
33.7459
33.7567
33.7693
33.7813
33.7923
33.8056
33.8189
33.8262
33.8319
33.8408
33.8488
33.8528
33.8568
33.8612
33.8657
33.8703
33.8713
33.8743
33.8772
33.8804
33.8853
33.8891
33.8896
33.8904
33.8923
33.8923
33.8903
33.8877
33.8835
33.8804
33.8769
33.872
33.8665
33.8608
33.8566
33.8501
