73.6015
73.609
73.6129
73.6147
73.618
73.6172
73.6102
73.6027
73.6003
73.5983
73.5951
73.5923
73.5895
73.5866
73.5829
73.5794
73.575
73.5708
73.565
73.5588
73.5541
73.5488
73.5471
73.5436
73.5399
73.5372
73.5318
73.5254
73.5124
73.5038
73.5009
73.5038
73.5005
73.4963
73.4928
73.4948
73.5005
73.5043
73.5037
73.4994
73.4959
73.4983
73.5028
73.5048
73.5051
73.5043
73.5038
73.5052
73.5024
73.5019
73.5035
73.4986
73.491
73.4821
73.4731
73.463
73.4576
73.4378
73.4103
73.3856
73.3656
73.3503
73.3386
73.3276
73.321
73.3163
73.3163
73.319
73.3155
73.309
73.3038
73.2953
73.2878
73.28
73.2732
73.2679
73.2668
73.2616
73.2513
73.2358
73.2173
73.1971
73.17
73.1334
73.0909
73.0433
73.0012
72.9652
72.9275
72.8872
72.8497
72.8133
72.7761
72.7361
72.6955
72.6481
72.5943
72.5397
72.4865
72.4324
72.3782
72.3193
72.2554
72.1881
72.1304
72.0708
72.0192
71.9636
71.9089
71.8544
71.7988
71.747
71.6938
71.6382
71.5796
71.5208
71.4631
71.416
71.3742
71.3327
71.2867
71.239
71.1922
71.1416
71.0869
71.0279
70.9646
70.9003
70.8371
70.7786
70.7239
70.6684
70.6103
70.5521
70.4947
70.4342
70.3712
70.3143
70.2637
70.2192
70.1742
70.1295
70.0873
70.0583
70.0345
70.0137
69.9905
69.9632
69.939
69.914
69.8868
69.8584
69.8301
69.8036
69.7783
69.7561
69.7394
69.7203
69.7039
69.6936
69.6846
69.6817
69.6868
69.6955
69.6963
69.7015
69.6988
69.6983
69.7008
69.7049
69.7053
69.705
69.7087
69.7182
69.7348
69.7531
69.7706
69.7902
69.8083
69.8258
69.845
69.8653
69.8853
69.9088
69.9354
69.9641
69.9951
70.0239
70.0533
70.0794
70.1019
70.1278
70.1551
70.1814
