66.76
66.7434
66.7262
66.7081
66.6891
66.6696
66.6534
66.6427
66.6296
66.6147
66.6017
66.5866
66.5709
66.5552
66.5376
66.5201
66.5046
66.4881
66.4745
66.4601
66.4444
66.4289
66.4184
66.4084
66.3896
66.373
66.3588
66.3463
66.3328
66.3212
66.305
66.29
66.28
66.274
66.2687
66.2673
66.2678
66.2622
66.2552
66.244
66.2332
66.2235
66.215
66.2098
66.2017
66.1941
66.1827
66.1762
66.1691
66.1652
66.158
66.1604
66.1605
66.1614
66.1586
66.1527
66.1436
66.1333
66.1226
66.1115
66.1001
66.0852
66.0749
66.0693
66.0636
66.0619
66.0606
66.0544
66.0511
66.0484
66.0474
66.0472
66.0483
66.0491
66.0505
66.052
66.0635
66.0769
66.0826
66.0912
66.0964
66.1027
66.1006
66.0948
66.099
66.1045
66.1064
66.1082
66.1109
66.1103
66.1156
66.1208
66.1268
66.1283
66.1288
66.1295
66.1265
66.125
66.1238
66.1238
66.1234
66.1252
66.1252
66.1204
66.1148
66.0981
66.0824
66.0604
66.0376
66.0107
65.9874
65.9606
65.9346
65.9061
65.8851
65.8611
65.8368
65.8183
65.8018
65.7876
65.7736
65.7596
65.7471
65.7323
65.7175
65.698
65.6768
65.6543
65.6316
65.6099
65.5828
65.5561
65.5317
65.4991
65.4676
65.4342
65.3899
65.3482
65.3119
65.2744
65.2402
65.2037
65.1719
65.1422
65.1106
65.0765
65.0443
65.0136
64.9843
64.958
64.9305
64.9046
64.8774
64.8487
64.8201
64.7906
64.7655
64.7432
64.7203
64.6994
64.6798
64.6568
64.6379
64.6318
64.6298
64.6387
64.6477
64.6582
64.677
64.6965
64.7163
64.736
64.7577
64.7782
64.797
64.8191
64.8444
64.8704
64.8968
64.9243
64.9493
64.9759
64.9993
65.0244
65.0512
65.0815
65.1097
65.1384
65.1644
65.1887
65.2164
65.2421
65.2644
65.2964
65.3265
