22.97
22.1
21.99
22.26
22.5
22.8
22.9
23.027
23.2
22.99
22.72
22.93
22.57
22.67
22.54
22.51
22.71
22.565
22.5
22.5
22.74
23.02
23.295
23.04
23.03
22.79
23.62
24.22
24.22
23.67
23.9
24.08
23.49
23.55
23.91
24.02
24.14
24.26
24.59
24.49
24.66
24.76
25.05
24.53
24.795
24.91
24.74
24.97
25.15
25.58
25.48
25.57
25.79
25.83
26.361
26.29
26.41
26.11
26.34
26.65
26.83
26.831
26.89
26.45
26.26
26.1
25.78
26.11
26.24
26.38
26.55
26.155
25.89
25.84
26.0
25.55
26.16
26.37
26.17
25.59
25.95
25.701
25.61
26.17
26.46
26.15
26.3
26.55
25.56
28.4
29.11
29.43
29.941
30.09
29.81
30.34
30.03
29.93
30.7
31.03
