103.2316
103.2499
103.2691
103.2819
103.2894
103.3014
103.3099
103.3195
103.3287
103.337
103.3451
103.353
103.3607
103.3687
103.3749
103.3819
103.3872
103.3914
103.3944
103.3972
103.3958
103.3892
103.3775
103.362
103.3455
103.3234
103.2997
103.2781
103.2577
103.2374
103.2096
103.1826
103.156
103.1316
103.1077
103.0803
103.0522
103.0246
102.9966
102.969
102.9415
102.9148
102.8866
102.8591
102.8341
102.8089
102.7822
102.7556
102.7302
102.7115
102.6913
102.68
102.668
102.6609
102.654
102.6479
102.6417
102.6394
102.6367
102.6379
102.6402
102.6365
102.635
102.6362
102.636
102.633
102.6283
102.6252
102.6217
102.6199
102.6173
102.6129
102.6049
102.594
102.5842
102.5726
102.5544
102.5375
102.5263
102.5188
102.5129
102.5126
102.5194
102.5252
102.5377
102.5528
102.568
102.5807
102.5928
102.6067
102.6211
102.6357
102.6488
102.6608
102.6717
102.6844
102.6954
102.7062
102.7214
102.7355
102.7492
102.7607
102.7715
102.7825
102.7977
102.8185
102.8379
102.8643
102.8849
102.8979
102.9168
102.9253
102.9281
102.9294
102.9309
102.9329
102.9307
102.9289
102.9247
102.9207
102.9148
102.9107
102.9022
102.8926
102.8859
102.8757
102.8677
102.8573
102.8459
102.8394
102.8346
102.8364
102.8405
102.8492
102.8666
102.8813
102.9031
102.926
102.9459
102.9629
102.9819
102.9987
103.0144
103.0312
103.0449
103.0584
103.0738
103.089
103.1059
103.1225
103.1379
103.1519
103.1665
103.1813
103.1942
103.2078
103.2192
103.2348
103.2445
103.2552
103.2664
103.2797
103.2905
103.3013
103.3116
103.3174
103.3249
103.3216
103.3273
103.3328
103.3321
103.3318
103.3381
103.3433
103.3486
103.3516
103.3588
103.3673
103.3763
103.3872
103.3987
103.4123
103.4263
103.445
103.4638
103.4725
103.4837
103.4949
103.5053
103.51
103.5147
103.5152
103.5152
103.5129
103.4997
103.4907
103.4845
103.4767
