140.141
140.2151
140.2468
140.2368
140.2476
140.2708
140.2873
140.2971
140.3073
140.33
140.3484
140.3765
140.4163
140.45
140.4895
140.526
140.5618
140.596
140.631
140.6755
140.7225
140.8007
140.8617
140.9426
141.0249
141.1021
141.1838
141.2777
141.3489
141.4146
141.4808
141.5547
141.6237
141.6864
141.7524
141.807
141.8627
141.917
141.9669
142.0189
142.0687
142.114
142.1455
142.1637
142.1826
142.2196
142.2619
142.3091
142.3606
142.3997
142.4426
142.5004
142.5671
142.6364
142.7099
142.7716
142.8413
142.9215
142.9841
143.0301
143.0709
143.1132
143.1951
143.2966
143.3769
143.448
143.5116
143.5763
143.6328
143.6733
143.7111
143.7387
143.766
143.7878
143.802
143.8075
143.8178
143.8361
143.8635
143.894
143.9344
143.9382
143.9554
143.9534
143.941
143.929
143.914
143.8902
143.8755
143.8705
143.8646
143.8541
143.8424
143.8316
143.8172
143.7972
143.7751
143.7541
143.7392
143.7148
143.6832
143.6435
143.6112
143.589
143.5717
143.5455
143.5244
143.5144
143.5013
143.4944
143.4857
143.4735
143.4717
143.4648
143.4387
143.4214
143.3996
143.3793
143.368
143.3589
143.3534
143.3474
143.3429
143.3326
143.3249
143.3183
143.3142
143.3125
143.3132
143.3193
143.3268
143.341
143.3515
143.3705
143.3942
143.4328
143.4652
143.4896
143.5056
143.5173
143.5252
143.538
143.5463
143.5497
143.5517
143.5563
143.5587
143.5617
143.5621
143.5528
143.5468
143.5481
143.547
143.5471
143.5438
143.5421
143.5384
143.5361
143.5341
143.5372
143.5437
143.5631
143.5786
143.5857
143.5879
143.5986
143.6076
143.6188
143.6312
143.6506
143.6784
143.7001
143.7009
143.7041
143.7322
143.7619
143.7939
143.8252
143.8541
143.8872
143.9207
143.9519
143.9849
144.0252
144.0629
144.1062
144.1519
144.1932
144.235
144.2736
144.319
144.362
