69.1722
69.1765
69.1798
69.1788
69.1797
69.1803
69.181
69.1818
69.1858
69.1884
69.1886
69.1881
69.1884
69.1899
69.1941
69.1986
69.202
69.2027
69.205
69.2078
69.2097
69.2108
69.2207
69.2303
69.2454
69.2606
69.2804
69.2991
69.3096
69.3266
69.3444
69.3626
69.3828
69.404
69.4222
69.4458
69.4719
69.5044
69.5379
69.5718
69.6041
69.6371
69.6714
69.7061
69.738
69.7703
69.8018
69.8348
69.8693
69.9088
69.947
69.9804
70.0096
70.0346
70.0584
70.0843
70.1159
70.1386
70.1521
70.1653
70.1832
70.1963
70.2095
70.2265
70.2428
70.2598
70.2767
70.2937
70.3095
70.3273
70.3468
70.3683
70.3903
70.4105
70.4277
70.4442
70.4675
70.4965
70.5178
70.5334
70.5538
70.5736
70.5828
70.5929
70.5937
70.5954
70.5968
70.5966
70.602
70.5987
70.5922
70.5888
70.5833
70.5763
70.5697
70.5562
70.5379
70.5123
70.4874
70.4611
70.4344
70.4058
70.3749
70.3418
70.3008
70.2637
70.2207
70.1837
70.146
70.1033
70.0618
70.0206
69.9843
69.9503
69.9161
69.8828
69.8453
69.8188
69.8023
69.7848
69.7613
69.7403
69.7187
69.6942
69.6692
69.6437
69.6175
69.5903
69.5647
69.5345
69.5017
69.4712
69.4467
69.4176
69.3889
69.3629
69.3302
69.2963
69.2682
69.2472
69.2228
69.2015
69.1815
69.16
69.1435
69.1249
69.1063
69.0911
69.0758
69.0632
69.0517
69.04
69.0287
69.0179
69.0049
68.9959
68.9892
68.9805
68.97
68.9637
68.9615
68.9583
68.9577
68.9613
68.9752
68.9872
69.0057
69.0198
69.034
69.048
69.0602
69.0777
69.0945
69.114
69.1373
69.1627
69.188
69.2115
69.235
69.2569
69.2783
69.2991
69.3224
69.3461
69.3716
69.3966
69.4241
69.4515
69.4765
69.5048
69.537
69.5661
69.5871
69.612
69.6366
