90.212
90.2315
90.2485
90.2738
90.2957
90.3244
90.3579
90.3929
90.4227
90.4502
90.4774
90.502
90.5259
90.5511
90.5766
90.5994
90.6211
90.6437
90.6643
90.6839
90.7051
90.7279
90.7505
90.77
90.7969
90.8209
90.8451
90.8674
90.8839
90.9016
90.9193
90.9347
90.9498
90.9669
90.9815
90.9967
91.0129
91.0225
91.0324
91.0394
91.0496
91.0629
91.0745
91.0862
91.0995
91.1135
91.1285
91.1437
91.1633
91.1858
91.2083
91.2277
91.25
91.2695
91.2846
91.2973
91.3122
91.3232
91.3287
91.3363
91.3444
91.3466
91.3514
91.3546
91.3567
91.3576
91.3522
91.3446
91.3384
91.3347
91.3317
91.3289
91.3279
91.3235
91.3195
91.3178
91.3203
91.3181
91.3204
91.3277
91.3297
91.3335
91.3356
91.3393
91.3323
91.3245
91.3137
91.3007
91.2861
91.2651
91.2427
91.2225
91.2016
91.1804
91.1602
91.1404
91.1187
91.1036
91.087
91.0666
91.0458
91.0233
91.0024
90.9804
90.9467
90.9029
90.8655
90.8305
90.7919
90.751
90.7099
90.6724
90.6302
90.5924
90.5573
90.5254
90.4968
90.4676
90.4386
90.4133
90.3853
90.3607
90.3342
90.3045
90.2749
90.2425
90.2114
90.1813
90.1498
90.1236
90.0978
90.0761
90.0545
90.0296
90.0046
89.981
89.9563
89.9438
89.9278
89.9073
89.8893
89.8678
89.8503
89.8333
89.8178
89.8043
89.7914
89.7817
89.7737
89.7685
89.766
89.7641
89.7593
89.7559
89.7519
89.7468
89.7401
89.731
89.7183
89.7112
89.7016
89.6922
89.6839
89.6776
89.6844
89.7017
89.7098
89.7171
89.7258
89.7308
89.7414
89.75
89.7632
89.7747
89.7853
89.7968
89.8099
89.8248
89.8393
89.8562
89.8726
89.8887
89.9038
89.9222
89.9427
89.9653
89.9868
90.0049
90.0263
90.0406
90.0554
90.0685
90.0802
90.0965
