116.5922
116.6186
116.6444
116.6697
116.6902
116.7131
116.7277
116.7467
116.7643
116.7864
116.8049
116.8227
116.8411
116.8582
116.8762
116.8955
116.9135
116.9328
116.9507
116.9703
116.989
117.0089
117.0307
117.0516
117.0693
117.0892
117.1077
117.1297
117.147
117.1687
117.1878
117.1982
117.2077
117.2213
117.2375
117.2558
117.2707
117.2835
117.2845
117.2862
117.2825
117.2769
117.2737
117.2709
117.2655
117.2594
117.2564
117.2561
117.2508
117.2568
117.2665
117.2622
117.2564
117.2482
117.237
117.2207
117.2031
117.1781
117.1448
117.1047
117.0759
117.0465
117.0129
116.9845
116.9625
116.938
116.9165
116.8979
116.8854
116.8725
116.8615
116.8479
116.835
116.8227
116.806
116.7905
116.8059
116.8057
116.8107
116.8199
116.8392
116.8537
116.8745
116.8979
116.9191
116.9371
116.958
116.9816
117.0073
117.0238
117.0363
117.0515
117.0645
117.0734
117.0822
117.0839
117.0817
117.083
117.0955
117.1074
117.1265
117.1451
117.1598
117.1661
117.1745
117.172
117.1665
117.1714
117.1841
117.1873
117.1868
117.1946
117.2034
117.2136
117.2262
117.2415
117.258
117.2852
117.319
117.3568
117.3831
117.4094
117.4404
117.4651
117.4877
117.5107
117.53
117.5453
117.5568
117.5631
117.5654
117.5733
117.5866
117.5974
117.6063
117.6167
117.5968
117.5972
117.5902
117.5765
117.5538
117.5353
117.505
117.471
117.4407
117.413
117.3798
117.3392
117.3018
117.2628
117.226
117.1902
117.1559
117.1211
117.0826
117.0496
117.0196
116.9851
116.9584
116.9309
116.9034
116.8788
116.8576
116.8426
116.8251
116.8156
116.8073
116.7943
116.7753
116.7573
116.7333
116.7139
116.6898
116.6673
116.6453
116.6257
116.6068
116.5853
116.5667
116.5474
116.5293
116.5114
116.4948
116.4779
116.4627
116.4487
116.4335
116.4157
116.3962
116.38
116.3682
116.3572
116.3379
116.322
116.3114
