36.5081
36.5159
36.5246
36.5333
36.5438
36.5555
36.5662
36.5754
36.586
36.5979
36.6093
36.62
36.6297
36.6385
36.6484
36.6599
36.6704
36.6824
36.6949
36.7078
36.72
36.7331
36.7429
36.754
36.7647
36.7729
36.782
36.7893
36.7967
36.8027
36.8091
36.8147
36.8199
36.8255
36.8304
36.8347
36.8369
36.8395
36.8416
36.8422
36.8417
36.8402
36.841
36.8408
36.8404
36.8382
36.8347
36.8291
36.8241
36.816
36.8106
36.8057
36.8005
36.797
36.7875
36.7767
36.7666
36.7577
36.7471
36.7362
36.7254
36.7134
36.7013
36.6889
36.6779
36.6654
36.6521
36.6393
36.6264
36.6134
36.6003
36.5863
36.5739
36.5601
36.5473
36.5361
36.525
36.5121
36.4982
36.4843
36.4723
36.4592
36.4512
36.4419
36.432
36.4237
36.4147
36.4071
36.3996
36.3916
36.3833
36.3756
36.3673
36.3593
36.3506
36.3415
36.3339
36.3265
36.3156
36.3034
36.2909
36.2788
36.2669
36.2554
36.2459
36.2378
36.2311
36.2272
36.2221
36.22
36.2159
36.2112
36.2074
36.2033
36.2001
36.1969
36.1919
36.1869
36.1823
36.1773
36.1724
36.1676
36.162
36.1577
36.1534
36.1489
36.1461
36.1429
36.1403
36.1378
36.1355
36.1341
36.1332
36.1345
36.134
36.1321
36.13
36.1281
36.1265
36.1242
36.1213
36.1186
36.1151
36.1116
36.1077
36.1045
36.1012
36.0983
36.0944
36.0893
36.0845
36.0794
36.0749
36.0697
36.0655
36.0625
36.0589
36.055
36.0564
36.0574
36.0603
36.0634
36.0653
36.067
36.0677
36.0682
36.0684
36.0681
36.0696
36.0709
36.0716
36.0725
36.0733
36.0731
36.0731
36.0761
36.0801
36.0845
36.0901
36.0947
36.0995
36.1036
36.1092
36.1127
36.1155
36.1185
36.1212
36.1241
36.1275
