86.436
86.452
86.4705
86.4898
86.5092
86.535
86.5687
86.6024
86.6424
86.6824
86.7184
86.7509
86.7866
86.8262
86.8666
86.9107
86.9521
86.9912
87.0272
87.0596
87.0911
87.1194
87.1619
87.2031
87.2415
87.2803
87.3203
87.346
87.3612
87.3807
87.4102
87.4341
87.4513
87.4723
87.4963
87.52
87.5447
87.5695
87.5904
87.6129
87.6315
87.6434
87.6576
87.6687
87.6779
87.6836
87.6866
87.6924
87.6971
87.7011
87.6965
87.7057
87.7212
87.7427
87.7635
87.7793
87.7953
87.7833
87.7663
87.7499
87.7376
87.7268
87.7134
87.6933
87.6831
87.6734
87.6712
87.6689
87.6587
87.6459
87.6345
87.626
87.6164
87.6057
87.5928
87.5744
87.5701
87.5673
87.5607
87.5541
87.5507
87.5426
87.5231
87.5012
87.4754
87.4589
87.4353
87.4314
87.4349
87.4344
87.4332
87.4339
87.4324
87.4301
87.4247
87.421
87.4088
87.3934
87.3771
87.3581
87.3421
87.324
87.3067
87.291
87.2764
87.2607
87.2377
87.2117
87.1734
87.1242
87.0794
87.0265
86.9729
86.9156
86.8641
86.8113
86.758
86.7193
86.6883
86.654
86.6148
86.5693
86.524
86.4815
86.4317
86.3813
86.318
86.256
86.1972
86.1377
86.0745
86.0102
85.9372
85.868
85.7952
85.7207
85.6314
85.536
85.4462
85.3577
85.2668
85.1803
85.0911
85.0011
84.9241
84.8365
84.752
84.6626
84.5736
84.4932
84.4152
84.3358
84.2587
84.1816
84.1041
84.0212
83.9447
83.8753
83.8061
83.7285
83.6551
83.5788
83.4987
83.4272
83.3597
83.2986
83.2442
83.1902
83.1877
83.186
83.1836
83.1816
83.1688
83.1711
83.1729
83.1789
83.1865
83.193
83.206
83.2172
83.231
83.247
83.2637
83.277
83.2954
83.3144
83.3394
83.3665
83.3954
83.4272
83.4582
83.4899
83.5349
83.5746
83.6151
