110.9274
111.0548
111.1864
111.3034
111.4249
111.5409
111.6564
111.7733
111.8899
112.0088
112.1303
112.2479
112.3593
112.4586
112.5579
112.6629
112.7698
112.8728
112.976
113.0812
113.1864
113.2899
113.4104
113.5187
113.6365
113.744
113.8525
113.955
114.0484
114.1546
114.2623
114.3642
114.4684
114.5707
114.6781
114.7844
114.8922
115.0001
115.1017
115.1957
115.2809
115.3622
115.4447
115.5249
115.5992
115.6704
115.736
115.8073
115.8731
115.9406
116.0038
116.0512
116.0927
116.1404
116.1927
116.2274
116.2649
116.2442
116.1942
116.1644
116.1331
116.0954
116.0504
116.0101
115.9761
115.9501
115.9257
115.8969
115.8709
115.8442
115.8157
115.7879
115.7624
115.7526
115.7481
115.7398
115.759
115.7793
115.8029
115.8211
115.8441
115.8744
115.8877
115.9165
115.9313
115.9547
115.9769
116.009
116.0457
116.0693
116.0838
116.0967
116.108
116.1175
116.1244
116.1309
116.1305
116.1279
116.1257
116.1289
116.1403
116.1505
116.1605
116.1702
116.1847
116.1877
116.1894
116.1924
116.1989
116.2066
116.2192
116.2387
116.2647
116.2877
116.2966
116.3055
116.3126
116.3493
116.4068
116.4488
116.4863
116.5198
116.557
116.5941
116.623
116.6445
116.661
116.672
116.6862
116.6934
116.6984
116.708
116.7217
116.7347
116.7387
116.7389
116.7159
116.6994
116.6776
116.6621
116.6394
116.6114
116.5812
116.5452
116.5185
116.4947
116.4718
116.445
116.4165
116.3883
116.3616
116.3353
116.3095
116.2843
116.2541
116.223
116.1965
116.1585
116.1221
116.095
116.0645
116.0403
116.0173
116.005
115.9895
115.9907
115.9974
116.0048
116.0154
116.0217
116.0203
116.0198
116.0133
116.0091
116.0164
116.0235
116.0342
116.0463
116.0556
116.0585
116.0628
116.0674
116.0709
116.0734
116.0769
116.0861
116.1026
116.1247
116.1405
116.1638
116.188
116.2131
116.2369
116.2594
116.2859
