211.5821
211.4971
211.4299
211.3397
211.2582
211.1738
211.092
211.0142
210.9392
210.8451
210.7542
210.6595
210.559
210.467
210.3779
210.2997
210.2229
210.135
210.0484
209.9601
209.8741
209.7867
209.7074
209.6129
209.5287
209.4628
209.3972
209.3379
209.3101
209.2666
209.272
209.3157
209.3775
209.4468
209.5246
209.633
209.751
209.8529
209.9388
210.0201
210.0968
210.1646
210.2302
210.2882
210.3536
210.4086
210.4544
210.508
210.5681
210.6459
210.7133
210.7799
210.8526
210.919
210.9743
211.0482
211.1157
211.195
211.2724
211.3514
211.4391
211.5259
211.6064
211.6894
211.7569
211.8171
211.864
211.8986
211.9369
211.9897
212.0357
212.0802
212.1187
212.1515
212.1767
212.1915
212.1907
212.1854
212.2004
212.2044
212.2033
212.2035
212.1924
212.1908
212.1812
212.155
212.1312
212.1082
212.0872
212.0669
212.0384
212.0029
211.9687
211.9304
211.8809
211.8154
211.7584
211.7099
211.6647
211.6252
211.5851
211.5638
211.5345
211.5184
211.4913
211.4794
211.4763
211.4672
211.4454
211.4094
211.3739
211.3431
211.3103
211.2883
211.2803
211.2477
211.2172
211.1862
211.1536
211.1252
211.0866
211.0426
210.9963
210.9511
210.9159
210.8868
210.862
210.8442
210.8287
210.8124
210.7947
210.7769
210.7602
210.7495
210.7592
210.7625
210.7772
210.814
210.8358
210.8677
210.8978
210.9325
210.9589
210.9944
211.0241
211.0574
211.0922
211.1241
211.1529
211.1852
211.2216
211.2607
211.2922
211.3137
211.3462
211.3882
211.42
211.4455
211.4608
211.464
211.46
211.4368
211.414
211.3963
211.3751
211.3434
211.3104
211.2791
211.2358
211.1792
211.1258
211.0809
211.0338
210.9753
210.9278
210.8935
210.875
210.858
210.8495
210.8485
210.8434
210.8406
210.8444
210.8501
210.8581
210.8704
210.8731
210.8691
210.8592
210.8412
210.8219
210.8017
210.788
210.7643
210.7265
