189.5991
189.5265
189.4628
189.3997
189.3719
189.3442
189.3126
189.2841
189.2544
189.2229
189.1965
189.1705
189.1376
189.1071
189.0754
189.0476
189.0172
188.9932
188.9698
188.9787
188.972
188.9676
188.9716
188.9766
188.9654
188.9446
188.9231
188.8976
188.8755
188.845
188.805
188.7632
188.7213
188.6823
188.6378
188.5932
188.5472
188.4945
188.437
188.3654
188.2859
188.2145
188.1405
188.068
187.9899
187.8995
187.8169
187.7165
187.6257
187.5342
187.4446
187.3575
187.2681
187.1783
187.1062
187.0378
186.973
186.8993
186.8361
186.7703
186.7463
186.747
186.7337
186.7145
186.6716
186.6285
186.5815
186.5253
186.4668
186.4095
186.3465
186.2829
186.2561
186.222
186.1935
186.1736
186.1556
186.1387
186.1249
186.0806
186.0518
186.0242
185.9944
185.9608
185.9406
185.9194
185.8941
185.8691
185.8451
185.814
185.7861
185.7648
185.7421
185.7135
185.6885
185.6661
185.6424
185.6162
185.606
185.6125
185.6139
185.6028
185.6025
185.6022
185.6117
185.6294
185.6454
185.6804
185.7011
185.7194
185.7387
185.7511
185.757
185.7646
185.7768
185.789
185.8094
185.8374
185.864
185.8992
185.9336
185.9689
186.0008
186.0343
186.0737
186.1171
186.1661
186.2206
186.2763
186.3296
186.3873
186.4473
186.4791
186.5207
186.5585
186.583
186.6133
186.6361
186.6491
186.6563
186.661
186.667
186.6716
186.6778
186.6849
186.6986
186.7202
186.7409
186.7629
186.7976
186.8326
186.8646
186.9019
186.9368
186.969
186.9972
187.0267
187.0593
187.0723
187.0733
187.067
187.0694
187.0504
187.0405
187.0335
187.0323
187.0286
187.0186
187.0236
187.0296
187.0367
187.0516
187.0668
187.0807
187.0955
187.1106
187.1184
187.1277
187.1321
187.1319
187.132
187.1271
187.1266
187.1261
187.1194
187.1128
