57.8
57.4
57.54
57.75
57.53
58.02
58.12
58.28
58.28
57.69
57.9
58.0
57.83
57.93
57.98
57.78
57.93
53.41
53.95
53.97
54.67
55.5
55.09
55.42
54.36
53.3
52.99
53.05
53.18
52.89
53.25
52.99
52.58
52.8
53.39
53.65
53.77
54.19
54.02
54.0
54.04
54.57
54.88
54.6
54.13
53.25
53.05
53.61
53.33
53.49
54.1
54.16
54.57
54.56
54.58
54.86
54.86
54.7
54.8
54.96
54.45
53.36
53.75
53.9
53.69
53.92
54.25
54.96
55.08
55.26
55.31
55.61
54.89
54.29
54.22
54.9
54.18
54.18
54.02
53.66
54.5
54.68
54.4
54.7
54.94
54.77
54.05
55.63
56.33
57.0
56.79
56.54
56.55
56.41
56.51
56.75
56.84
56.58
56.88
56.8
