42.9412
42.9772
43.0127
43.05
43.0849
43.1194
43.1606
43.1999
43.2359
43.2651
43.2939
43.3201
43.3448
43.3666
43.3875
43.4096
43.4321
43.4539
43.4747
43.4975
43.5225
43.542
43.5644
43.5884
43.6191
43.648
43.6741
43.6934
43.7092
43.7246
43.7339
43.7396
43.7444
43.7472
43.7516
43.7569
43.7613
43.7578
43.75
43.7385
43.7299
43.7203
43.7099
43.7029
43.6971
43.6948
43.6916
43.6906
43.6931
43.6953
43.7004
43.7057
43.7117
43.7162
43.7227
43.7302
43.743
43.7497
43.7498
43.7468
43.7443
43.7427
43.7447
43.7483
43.7552
43.7597
43.7594
43.7592
43.7612
43.7702
43.7805
43.7913
43.8047
43.8201
43.8351
43.8477
43.8602
43.8726
43.8814
43.8845
43.8845
43.8865
43.8855
43.8833
43.8747
43.8674
43.8642
43.8664
43.8674
43.8694
43.8752
43.8797
43.8857
43.8934
43.9004
43.9064
43.9139
43.9296
43.9483
43.9681
43.9853
44.0048
44.0249
44.0454
44.0674
44.0805
44.0923
44.0971
44.097
44.0921
44.079
44.0631
44.0446
44.0269
44.0055
43.9829
43.9571
43.9311
43.9066
43.8884
43.8688
43.8526
43.8333
43.8166
43.7997
43.7809
43.7626
43.7431
43.7247
43.7079
43.69
43.674
43.6561
43.6386
43.6186
43.5977
43.5777
43.5561
43.5402
43.5275
43.5146
43.5011
43.4881
43.4793
43.4696
43.4601
43.4536
43.4485
43.445
43.4371
43.4276
43.4216
43.4186
43.4143
43.4083
43.403
43.3958
43.3844
43.3709
43.3643
43.3593
43.3515
43.3445
43.3351
43.3266
43.3252
43.3253
43.3291
43.3433
43.3641
43.3903
43.4243
43.4601
43.5037
43.5473
43.5942
43.6369
43.6835
43.7253
43.7629
43.7992
43.8351
43.8712
43.9037
43.9353
43.9667
43.9984
44.0299
44.0589
44.0851
44.1104
44.1371
44.1683
44.201
44.2379
