46.2872
46.3302
46.3707
46.4073
46.4449
46.4816
46.5177
46.555
46.593
46.6319
46.6703
46.7084
46.7422
46.7785
46.8181
46.8578
46.8977
46.9375
46.9785
47.018
47.0585
47.108
47.1574
47.2035
47.2516
47.3018
47.3521
47.4009
47.4549
47.5132
47.5723
47.6284
47.6844
47.7395
47.7946
47.8516
47.9096
47.9663
48.02
48.0694
48.1169
48.167
48.2131
48.2567
48.3005
48.3409
48.3848
48.427
48.4692
48.5009
48.5343
48.566
48.6022
48.641
48.6705
48.6992
48.7032
48.7046
48.7119
48.7238
48.7341
48.7446
48.7571
48.7714
48.7899
48.8081
48.8264
48.8424
48.8569
48.8735
48.8897
48.9059
48.9273
48.9504
48.9715
49.0079
49.0404
49.0813
49.1216
49.1618
49.2023
49.2341
49.2696
49.3065
49.3461
49.3842
49.426
49.4685
49.5051
49.5364
49.5737
49.6119
49.6531
49.6951
49.7402
49.7769
49.8117
49.849
49.8927
49.9374
49.9784
50.0192
50.0625
50.1065
50.1478
50.1828
50.2178
50.257
50.2972
50.3467
50.3907
50.4342
50.4727
50.5045
50.5351
50.5672
50.6107
50.6557
50.6952
50.7297
50.7632
50.7998
50.8357
50.8678
50.8957
50.9225
50.9463
50.9725
50.9988
51.0201
51.0388
51.0616
51.085
51.1048
51.1237
51.1295
51.1427
51.1462
51.1488
51.151
51.1503
51.1508
51.1463
51.1455
51.1421
51.1363
51.1264
51.1177
51.1089
51.1007
51.0877
51.0755
51.0608
51.0437
51.0243
51.0096
50.9898
50.9685
50.9512
50.9348
50.9208
50.9103
50.9023
50.8956
50.8921
50.8963
50.9004
50.9048
50.9071
50.8993
50.8903
50.8774
50.8684
50.8616
50.8561
50.8498
50.8435
50.8431
50.8416
50.842
50.8418
50.8406
50.8384
50.8376
50.8402
50.8439
50.8516
50.8572
50.8643
50.8756
50.8938
50.9086
50.9199
50.9308
