46.8697
46.8993
46.9214
46.946
46.9706
46.9948
47.016
47.0346
47.0518
47.0681
47.0842
47.0992
47.1121
47.1248
47.1373
47.1495
47.1604
47.1723
47.1835
47.1934
47.2045
47.2176
47.2355
47.2515
47.2678
47.2834
47.3042
47.3241
47.3468
47.3661
47.3815
47.397
47.4165
47.4357
47.4559
47.476
47.4963
47.5143
47.5313
47.5481
47.5651
47.5825
47.5976
47.6121
47.6283
47.6427
47.6598
47.6768
47.6897
47.7021
47.7116
47.7206
47.7312
47.7392
47.7444
47.7477
47.7482
47.7463
47.7471
47.7478
47.7529
47.7584
47.7632
47.7694
47.7738
47.7753
47.7773
47.7782
47.7802
47.7842
47.7889
47.7953
47.8038
47.8157
47.8264
47.8374
47.8492
47.8604
47.8745
47.888
47.9012
47.912
47.9207
47.9316
47.9411
47.9501
47.9579
47.964
47.9717
47.9797
47.9854
47.9879
47.9879
47.9887
47.9897
47.9909
47.9935
47.9957
47.9975
47.9933
47.9902
47.9887
47.9888
47.9888
47.9902
47.9917
47.9907
47.9913
47.9968
47.9997
48.004
48.0076
48.0105
48.0197
48.0333
48.046
48.0562
48.0681
48.0797
48.0906
48.0989
48.1072
48.1156
48.1207
48.1267
48.1312
48.1342
48.1397
48.1432
48.1447
48.1472
48.1478
48.1458
48.1377
48.1304
48.1219
48.1127
48.1045
48.0923
48.0793
48.0673
48.0565
48.0445
48.0312
48.0203
48.0127
48.002
47.9912
47.9774
47.9631
47.9507
47.942
47.9347
47.9267
47.9206
47.9158
47.9117
47.9095
47.9058
47.9085
47.911
47.9113
47.9095
47.9077
47.9023
47.8994
47.8992
47.8962
47.8922
47.8887
47.8851
47.8812
47.8778
47.8732
47.8687
47.865
47.8617
47.8572
47.8527
47.8483
47.8441
47.8408
47.8363
47.8331
47.8289
47.8263
47.8261
