39.2
38.55
38.3
38.5
38.35
38.2
38.35
38.4
38.45
38.475
38.85
39.3
39.65
39.55
39.9
40.8
40.91
41.35
40.78
40.6
41.65
40.85
40.75
41.25
42.03
41.35
41.73
41.89
42.8
42.55
42.18
41.56
40.8
40.08
39.55
40.5
40.7
40.7
41.5
41.15
41.3
41.8
42.4
42.15
42.3
42.0
41.7
41.05
41.05
41.38
41.48
41.6
42.15
42.15
42.2
41.65
41.3
41.4
41.55
41.95
42.2
42.5
42.65
43.1
43.03
42.45
42.35
41.7
42.05
41.25
40.65
40.73
40.7
40.86
40.9
40.8
41.2
41.4
41.73
42.2
42.75
43.4
42.15
38.45
37.6
37.25
37.35
37.83
37.75
37.75
37.65
38.15
38.8
38.31
38.5
38.6
39.05
39.4
39.1
39.35
