396.9624
396.9948
397.0376
397.0103
396.9888
396.9241
396.9018
396.8841
396.8818
396.8886
396.908
396.9462
396.9755
397.0349
397.0802
397.1067
397.1367
397.1558
397.1898
397.202
397.2042
397.2018
397.2388
397.2958
397.3893
397.566
397.7617
397.9718
398.203
398.4008
398.5987
398.8557
399.081
399.3073
399.5381
399.7559
399.9561
400.1618
400.3498
400.5208
400.6842
400.8417
400.9649
401.104
401.2313
401.3634
401.5378
401.6994
401.8501
401.9613
402.0876
402.2193
402.3513
402.4909
402.6324
402.7678
402.8933
402.9968
403.1088
403.2282
403.3679
403.4848
403.6133
403.7813
403.9556
404.1771
404.3561
404.5404
404.7489
404.9448
405.1338
405.3218
405.5027
405.6438
405.7944
405.9564
406.0763
406.1982
406.3373
406.4761
406.6158
406.7507
406.8318
406.9148
406.9554
406.8789
406.7903
406.6974
406.5796
406.4484
406.3181
406.1646
406.0091
405.8521
405.7086
405.5667
405.427
405.2716
405.1303
404.9913
404.8502
404.7112
404.5795
404.4411
404.3045
404.1784
404.0732
403.9648
403.8734
403.8498
403.8311
403.7975
403.7711
403.7386
403.7337
403.7089
403.7255
403.753
403.7645
403.799
403.8133
403.8695
403.9201
403.9861
404.0473
404.1138
404.1911
404.264
404.3422
404.4406
404.5446
404.6298
404.7115
404.7726
404.81
404.8437
404.9248
405.0245
405.0941
405.1797
405.2732
405.3631
405.4643
405.5421
405.6454
405.7714
405.8779
405.9844
406.0771
406.1689
406.2661
406.3711
406.4786
406.5903
406.6893
406.7701
406.8448
406.9274
407.0133
407.1061
407.2164
407.3165
407.4195
407.5275
407.6392
407.7452
407.8306
407.9146
408.0114
408.0678
408.1301
408.1861
408.2516
408.3127
408.363
408.396
408.4073
408.403
408.3845
408.3569
408.3211
408.2728
408.228
408.1756
408.1362
408.1039
408.0686
408.0167
407.9467
407.8551
407.7656
407.6959
407.6437
407.6223
407.5967
