70.2418
70.2422
70.2418
70.2213
70.1927
70.187
70.1662
70.1633
70.1627
70.1575
70.1647
70.1647
70.1712
70.1768
70.1952
70.2101
70.2198
70.235
70.2559
70.2862
70.3215
70.354
70.3807
70.3971
70.4171
70.4539
70.5065
70.5457
70.6
70.6613
70.7176
70.7869
70.8688
70.945
71.012
71.0694
71.1329
71.1884
71.2524
71.3031
71.3711
71.4569
71.5367
71.6193
71.705
71.792
71.8868
71.9765
72.0617
72.1489
72.2178
72.2721
72.3293
72.3953
72.4728
72.5648
72.6505
72.7033
72.755
72.8093
72.8655
72.9113
72.9606
73.0111
73.0643
73.1107
73.1616
73.2183
73.2711
73.3176
73.3574
73.4102
73.4586
73.5087
73.5481
73.5883
73.6494
73.7059
73.7831
73.8658
73.9434
74.0234
74.0965
74.1827
74.2687
74.3404
74.397
74.4734
74.5336
74.5891
74.6491
74.6991
74.7372
74.7806
74.8268
74.8749
74.9265
74.9816
75.0435
75.0998
75.1396
75.1818
75.2263
75.2639
75.3071
75.3427
75.3642
75.3978
75.4328
75.4762
75.5357
75.597
75.6488
75.6918
75.7227
75.7523
75.7828
75.8367
75.8855
75.9453
75.9927
76.0358
76.0827
76.1275
76.1673
76.2004
76.2436
76.2797
76.3221
76.3622
76.1196
75.8732
75.5709
75.2627
74.9575
74.6647
74.334
74.0103
73.6658
73.3072
72.9465
72.5928
72.2464
71.882
71.5083
71.1235
70.7402
70.3404
69.9357
69.5257
69.1069
68.6903
68.2785
67.8742
67.4721
67.0861
66.6893
66.2986
65.9065
65.5466
65.2151
64.8692
64.5013
64.1243
63.7256
63.3299
62.9501
62.5647
62.1858
61.7974
61.4003
61.0164
60.6364
60.2515
59.8744
59.4925
59.1152
58.726
58.3405
57.9418
57.5453
57.1546
56.7588
56.3709
55.9834
55.601
55.1949
54.7871
54.3688
53.9468
53.8091
53.6674
53.5824
53.4973
53.4032
53.2983
53.2102
53.1157
53.0197
