105.1336
105.2241
105.3103
105.3843
105.4639
105.5413
105.6225
105.7045
105.7943
105.8757
105.9535
106.0285
106.1
106.1732
106.2435
106.312
106.3787
106.4499
106.5205
106.5899
106.655
106.7127
106.7734
106.8355
106.8979
106.9573
107.0105
107.0729
107.115
107.1722
107.1985
107.2202
107.235
107.2447
107.26
107.2749
107.2904
107.3126
107.3361
107.3526
107.3743
107.4025
107.4225
107.4418
107.4636
107.4878
107.5056
107.5182
107.5367
107.6257
107.7456
107.8441
107.9496
108.0676
108.2013
108.3421
108.4944
108.63
108.7897
108.9537
109.1095
109.2607
109.4178
109.5618
109.7037
109.8493
110.0013
110.1523
110.2975
110.4475
110.5985
110.7553
110.9095
111.0588
111.2046
111.3495
111.4848
111.6175
111.7531
111.8816
112.0116
112.131
112.2309
112.3253
112.4259
112.5274
112.6308
112.7275
112.8272
112.9275
113.0245
113.129
113.2269
113.3256
113.4238
113.5219
113.6238
113.7184
113.8179
113.9236
114.0264
114.1291
114.2394
114.3563
114.4718
114.5862
114.7208
114.8638
115.01
115.0708
115.0947
115.1336
115.1546
115.1628
115.155
115.1415
115.1274
115.1209
115.079
115.0335
114.9907
114.9462
114.8959
114.8587
114.823
114.7816
114.7304
114.6852
114.635
114.5813
114.5317
114.4788
114.424
114.3649
114.3095
114.2642
114.2274
114.1885
114.1534
114.1214
114.0912
114.0654
114.0532
114.0451
114.0359
114.0337
114.0356
114.0327
114.0234
114.0152
114.0123
114.0088
114.0085
114.0085
114.0115
114.0121
114.0041
113.9919
113.9733
113.9478
113.9179
113.8968
113.8724
113.8457
113.8189
113.7902
113.7497
113.7054
113.658
113.6155
113.58
113.549
113.529
113.5058
113.4793
113.4562
113.4287
113.4015
113.38
113.357
113.3333
113.3118
113.2946
113.273
113.2598
113.2453
113.2203
113.1849
113.1449
113.1089
113.0695
113.0302
112.9981
112.9667
112.9375
112.894
112.8515
112.8147
112.7694
