62.8432
62.881
62.9198
62.9513
62.9753
63.0068
63.038
63.068
63.0911
63.1198
63.1615
63.2066
63.2464
63.2889
63.3377
63.3856
63.4279
63.47
63.5119
63.5548
63.596
63.6365
63.6747
63.7157
63.765
63.8175
63.872
63.9302
63.9854
64.0374
64.0763
64.1146
64.1576
64.2011
64.2449
64.2834
64.3186
64.359
64.4004
64.4419
64.4806
64.5157
64.5504
64.5846
64.6199
64.6486
64.6784
64.7106
64.7361
64.7604
64.7847
64.8181
64.8451
64.8658
64.8865
64.9046
64.924
64.9225
64.9182
64.9125
64.9127
64.908
64.902
64.8977
64.8987
64.8955
64.8913
64.8819
64.8748
64.8665
64.8479
64.8295
64.8084
64.7859
64.7638
64.7406
64.7166
64.692
64.6585
64.6242
64.5874
64.5465
64.508
64.4709
64.4172
64.362
64.3065
64.2452
64.1786
64.1185
64.0603
64.0011
63.9348
63.8695
63.8045
63.7464
63.6839
63.6258
63.5684
63.5147
63.4599
63.4084
63.3576
63.3101
63.2624
63.2258
63.1909
63.1534
63.1184
63.0815
63.0427
62.9956
62.9526
62.9151
62.8846
62.8514
62.8191
62.7895
62.7539
62.7232
62.6916
62.6585
62.628
62.5993
62.5731
62.5463
62.5162
62.488
62.4603
62.4349
62.4137
62.3948
62.3798
62.3668
62.3514
62.3395
62.3339
62.3293
62.3367
62.3444
62.3578
62.3734
62.3964
62.4226
62.4543
62.4884
62.5218
62.5581
62.603
62.6478
62.6922
62.7389
62.7842
62.826
62.866
62.9048
62.9491
62.9929
63.0344
63.0742
63.1148
63.1562
63.1981
63.2389
63.281
63.317
63.3502
63.393
63.4345
63.4749
63.5137
63.5485
63.5894
63.6329
63.6736
63.7126
63.7459
63.7808
63.817
63.8509
63.8807
63.9127
63.9468
63.9821
64.0144
64.0423
64.0708
64.0983
64.1283
64.1598
64.1892
64.2171
64.2413
64.2653
