100.793
100.7987
100.8153
100.8263
100.84
100.8542
100.8755
100.9005
100.9227
100.9418
100.9582
100.9786
100.9943
101.0113
101.0322
101.0503
101.066
101.0813
101.094
101.1127
101.1273
101.1378
101.1543
101.1704
101.1833
101.2032
101.2156
101.2297
101.253
101.2798
101.3072
101.3338
101.3703
101.4087
101.4494
101.4831
101.5229
101.5606
101.593
101.6242
101.6567
101.6899
101.7276
101.7663
101.8035
101.839
101.8714
101.9017
101.9344
101.9632
101.9894
102.0184
102.0521
102.0863
102.1221
102.155
102.176
102.1893
102.2026
102.2138
102.2236
102.2343
102.244
102.2536
102.2623
102.2683
102.2695
102.2644
102.2604
102.2617
102.2604
102.2533
102.2519
102.2505
102.2444
102.254
102.2664
102.2909
102.3104
102.3334
102.352
102.3765
102.3855
102.3991
102.4209
102.4405
102.4667
102.491
102.5105
102.5291
102.5503
102.571
102.5915
102.6126
102.6398
102.6696
102.6966
102.7243
102.752
102.7803
102.8135
102.8449
102.9085
102.9354
102.9485
102.9669
102.9837
102.9982
103.0085
103.0159
103.0257
103.0311
103.0322
103.0248
103.0217
103.0163
103.0303
103.0443
103.0613
103.0732
103.0885
103.1023
103.1187
103.1358
103.151
103.1675
103.1866
103.2086
103.2312
103.2484
103.2659
103.2806
103.2922
103.2924
103.2896
103.2778
103.2669
103.2504
103.2402
103.2239
103.2117
103.1931
103.1861
103.1692
103.1504
103.1273
103.1067
103.0847
103.0632
103.0389
103.0181
102.9931
102.9699
102.9491
102.9259
102.9057
102.8846
102.8592
102.8311
102.8029
102.7723
102.7398
102.6718
102.6414
102.6231
102.6016
102.5867
102.5744
102.5487
102.5294
102.5082
102.4909
102.4742
102.4662
102.4573
102.4562
102.4534
102.4514
102.4464
102.4469
102.446
102.447
102.4448
102.442
102.4363
102.4295
102.4215
102.4147
102.408
102.4038
102.402
102.4038
102.4028
