168.1289
168.1648
168.2048
168.2354
168.2661
168.2918
168.3165
168.3532
168.3815
168.417
168.435
168.4653
168.5009
168.5303
168.5541
168.5826
168.6114
168.6339
168.6541
168.6944
168.7421
168.7886
168.8669
168.9543
169.035
169.1182
169.2018
169.2859
169.3566
169.4324
169.5066
169.5844
169.6678
169.7453
169.8189
169.8864
169.966
170.0426
170.1121
170.1796
170.2185
170.2645
170.3105
170.3556
170.4084
170.4596
170.4796
170.5056
170.5432
170.586
170.6306
170.6801
170.7263
170.7724
170.8348
170.9013
170.972
171.0388
171.1017
171.1579
171.2369
171.3252
171.3978
171.4612
171.5225
171.5885
171.6359
171.6814
171.7204
171.7606
171.8026
171.8384
171.8774
171.9187
171.9457
171.9759
172.0152
172.0627
172.1026
172.1147
172.1178
172.1163
172.0835
172.0384
172.0056
171.9617
171.9183
171.8652
171.8121
171.7481
171.6804
171.6047
171.5332
171.4627
171.3877
171.3182
171.2372
171.1525
171.091
171.0259
170.9599
170.8879
170.8344
170.7889
170.7458
170.6974
170.6798
170.6806
170.6666
170.6386
170.6188
170.5953
170.5938
170.6014
170.6037
170.6054
170.6152
170.6273
170.6395
170.6545
170.6629
170.6702
170.6748
170.6831
170.6899
170.6989
170.7145
170.7306
170.7471
170.7601
170.7736
170.7881
170.8003
170.829
170.8714
170.9197
170.9642
170.9927
171.0268
171.0661
171.09
171.1346
171.1763
171.2211
171.2515
171.2845
171.3132
171.3442
171.3693
171.4013
171.4362
171.4788
171.5165
171.5508
171.5938
171.6318
171.6758
171.7122
171.729
171.7548
171.7765
171.7942
171.7962
171.7938
171.7964
171.8038
171.8113
171.7935
171.7823
171.7792
171.773
171.765
171.7428
171.7167
171.696
171.6743
171.653
171.6275
171.6067
171.5785
171.5528
171.5292
171.5033
171.4795
171.461
