79.9152
79.9235
79.9366
79.9517
79.9666
79.9837
80.0049
80.0247
80.0477
80.0719
80.0969
80.1204
80.1457
80.1729
80.2003
80.2279
80.2546
80.2836
80.3101
80.3349
80.3623
80.3931
80.4191
80.4464
80.4789
80.5056
80.5326
80.5594
80.5861
80.6114
80.6413
80.6715
80.6999
80.7274
80.7579
80.7884
80.8198
80.8519
80.8834
80.9146
80.9422
80.9686
80.9928
81.0183
81.0421
81.0673
81.0915
81.1168
81.1423
81.1727
81.2078
81.2309
81.2574
81.2805
81.3022
81.3298
81.3626
81.3751
81.3789
81.3866
81.4008
81.4141
81.4253
81.4403
81.4582
81.4736
81.4886
81.5059
81.5246
81.5429
81.5604
81.5767
81.5927
81.6124
81.631
81.6485
81.6738
81.6947
81.7215
81.7542
81.7918
81.823
81.8568
81.8942
81.9287
81.969
82.0103
82.0498
82.0928
82.1295
82.1672
82.2065
82.2475
82.2835
82.3212
82.3552
82.3847
82.4163
82.45
82.4822
82.5118
82.543
82.5755
82.6105
82.65
82.6672
82.6877
82.7066
82.7226
82.7352
82.7456
82.7611
82.7737
82.7907
82.8091
82.8221
82.8347
82.8541
82.8773
82.8954
82.9103
82.9259
82.9389
82.9494
82.9547
82.9606
82.9621
82.9634
82.964
82.9618
82.9593
82.968
82.9558
82.9471
82.9361
82.9244
82.9088
82.8976
82.8776
82.8518
82.8239
82.7968
82.7703
82.7386
82.7021
82.6661
82.6261
82.5916
82.5556
82.5266
82.4953
82.4623
82.4282
82.4002
82.3681
82.3385
82.3115
82.2807
82.2533
82.222
82.1981
82.1684
82.1398
82.1068
82.0719
82.0573
82.039
82.0205
82.0077
82.002
81.9844
81.9684
81.9489
81.9296
81.9109
81.8928
81.8769
81.8624
81.8479
81.8409
81.8334
81.8254
81.8169
81.8082
81.7996
81.7919
81.7874
81.7826
81.7778
81.7725
81.7675
81.7543
81.7615
81.7632
81.7644
