51.6765
51.6824
51.6902
51.7013
51.7118
51.7215
51.7314
51.7401
51.7488
51.7586
51.77
51.7825
51.7953
51.8079
51.818
51.8273
51.8351
51.8451
51.8556
51.8669
51.8796
51.891
51.9031
51.9175
51.9313
51.9474
51.9608
51.9748
51.9865
51.9973
52.0033
52.0088
52.0156
52.0209
52.0272
52.033
52.0383
52.0437
52.0475
52.0508
52.0526
52.0526
52.0528
52.0534
52.0536
52.0545
52.0567
52.0585
52.0597
52.0623
52.0649
52.0662
52.0648
52.0645
52.0628
52.0643
52.0684
52.0688
52.0697
52.068
52.0659
52.0635
52.0591
52.0539
52.0489
52.0453
52.0406
52.037
52.0323
52.0285
52.0236
52.0181
52.0112
52.0045
51.9991
51.9948
51.9832
51.9704
51.9554
51.9414
51.9243
51.9065
51.888
51.8681
51.8504
51.832
51.8159
51.8019
51.7896
51.7777
51.7675
51.7584
51.7464
51.7348
51.7209
51.7046
51.6884
51.671
51.6541
51.6369
51.6209
51.6051
51.5899
51.5732
51.558
51.5434
51.5282
51.5124
51.4978
51.4841
51.4716
51.4609
51.4539
51.4463
51.4395
51.4307
51.4201
51.4084
51.397
51.3859
51.3745
51.3611
51.3491
51.3376
51.3251
51.3117
51.299
51.2864
51.2732
51.2621
51.2518
51.243
51.2315
51.2207
51.21
51.2
51.1982
51.1962
51.1968
51.1965
51.1978
51.199
51.2008
51.2026
51.2032
51.2033
51.2043
51.2043
51.2031
51.2033
51.203
51.2024
51.2027
51.2019
51.2029
51.2059
51.2096
51.2135
51.2189
51.2232
51.2275
51.2316
51.2337
51.2377
51.2432
51.2472
51.2521
51.2572
51.2628
51.2678
51.2713
51.2746
51.2767
51.278
51.2798
51.2803
51.2818
51.2838
51.286
51.2883
51.2909
51.2938
51.2967
51.3007
51.3059
51.3132
51.3202
51.3281
51.3362
51.3415
51.346
51.349
51.354
51.3577
51.3599
51.3618
51.3638
51.3659
