159.9384
160.0419
160.1449
160.2402
160.3218
160.4117
160.4878
160.5695
160.6447
160.7124
160.7788
160.8442
160.9037
160.9556
161.0108
161.0642
161.1133
161.1562
161.2054
161.2493
161.2958
161.3563
161.4122
161.4687
161.5181
161.5771
161.6666
161.7446
161.8251
161.8876
161.9571
162.009
162.055
162.0976
162.136
162.1676
162.1913
162.2178
162.2388
162.2761
162.3146
162.345
162.3828
162.4247
162.464
162.5054
162.5559
162.6015
162.6518
162.6868
162.7142
162.7473
162.7835
162.8165
162.8333
162.8473
162.8655
162.8765
162.8944
162.9138
162.9299
162.9421
162.9564
162.9693
162.9989
163.0111
163.0269
163.0331
163.0421
163.0538
163.0587
163.0655
163.0658
163.0694
163.0694
163.0734
163.0802
163.1032
163.1244
163.1407
163.1445
163.1395
163.1369
163.1284
163.1225
163.1122
163.0855
163.0533
163.0258
162.9992
162.9748
162.9556
162.9426
162.9318
162.9251
162.9146
162.9056
162.8966
162.8813
162.8679
162.8569
162.8466
162.8236
162.795
162.774
162.7619
162.748
162.7354
162.7158
162.7077
162.7039
162.6989
162.6892
162.6667
162.6459
162.6174
162.5915
162.5552
162.5123
162.4797
162.4527
162.4335
162.4117
162.3995
162.3817
162.3655
162.355
162.3441
162.3337
162.323
162.3175
162.3035
162.2884
162.277
162.2652
162.245
162.2236
162.1863
162.1566
162.1366
162.133
162.1209
162.1121
162.1235
162.1284
162.138
162.1509
162.1691
162.1808
162.1829
162.1937
162.1972
162.195
162.1928
162.1845
162.1759
162.1678
162.151
162.143
162.1282
162.1137
162.0992
162.1
162.1057
162.1065
162.0992
162.0843
162.1368
162.1857
162.2128
162.2364
162.2676
162.3133
162.3636
162.4216
162.4871
162.5449
162.6131
162.6815
162.7435
162.8041
162.8546
162.9061
162.9509
163.0013
163.0566
163.124
163.2025
163.2908
163.3816
163.4664
163.5538
163.6449
163.7299
