165.0858
165.0297
164.9735
164.9283
164.8877
164.8593
164.829
164.8112
164.8102
164.8173
164.8316
164.8594
164.8904
164.9178
164.9341
164.9551
164.9799
165.0124
165.0439
165.0949
165.0596
165.1057
165.1543
165.1995
165.2445
165.2846
165.3229
165.3486
165.4148
165.473
165.5327
165.5884
165.6473
165.6958
165.7316
165.7786
165.8216
165.8583
165.8948
165.9363
165.9639
165.9926
166.0355
166.0877
166.1429
166.1904
166.2408
166.3257
166.3873
166.4549
166.5111
166.5686
166.6308
166.6876
166.7646
166.8226
166.8626
166.8936
166.9406
166.9869
167.0629
167.1564
167.2306
167.2933
167.3573
167.4201
167.4789
167.5371
167.5829
167.6233
167.6623
167.695
167.7312
167.7802
167.8338
167.8758
167.9168
167.9573
168.0041
168.0346
168.1504
168.1815
168.2125
168.245
168.2766
168.3103
168.344
168.3737
168.3946
168.4163
168.4318
168.4463
168.4663
168.4868
168.5118
168.5313
168.5529
168.5712
168.5732
168.5745
168.5778
168.5901
168.5947
168.6142
168.6367
168.6605
168.6875
168.6759
168.6962
168.7095
168.732
168.749
168.7709
168.7977
168.8144
168.8275
168.8498
168.8834
168.9109
168.9382
168.9732
169.0078
169.0435
169.0822
169.1223
169.1612
169.1987
169.2347
169.2807
169.3282
169.3762
169.4247
169.4703
169.5025
169.5457
169.6038
169.6689
169.7234
169.7593
169.7898
169.8176
169.8471
169.8871
169.9264
169.9685
170.0128
170.058
170.104
170.1475
170.1982
170.249
170.301
170.3522
170.398
170.4427
170.4876
170.5327
170.5801
170.6331
170.6892
170.7504
170.8116
170.8771
170.9269
170.9779
171.0282
171.0796
171.1346
171.1881
171.2454
171.3002
171.3566
171.4037
171.4509
171.5037
171.5591
171.6153
171.6682
171.7204
171.7717
171.8269
171.8842
171.9372
171.9873
172.0353
172.0746
