64.0308
64.0312
64.032
64.0208
64.0013
63.9772
63.9577
63.9488
63.9378
63.9303
63.9273
63.9209
63.9183
63.9151
63.9106
63.9079
63.9043
63.8999
63.8952
63.8876
63.8801
63.8751
63.8631
63.8508
63.8273
63.8042
63.7764
63.7521
63.7322
63.7144
63.6991
63.6821
63.6643
63.6466
63.6296
63.6128
63.5951
63.5779
63.5613
63.545
63.5313
63.5178
63.5029
63.4875
63.4721
63.4562
63.4397
63.4246
63.4104
63.3954
63.3814
63.373
63.3663
63.3621
63.3597
63.3638
63.3634
63.3627
63.3617
63.3611
63.3613
63.3524
63.3394
63.3292
63.3201
63.3108
63.3033
63.2939
63.2865
63.2793
63.2701
63.2599
63.2465
63.2335
63.2193
63.2012
63.1828
63.1641
63.1428
63.1287
63.1237
63.1182
63.1158
63.1135
63.1167
63.1193
63.1213
63.1255
63.1281
63.1319
63.1363
63.1373
63.1394
63.1429
63.1479
63.1499
63.1526
63.1523
63.1474
63.1423
63.1359
63.1299
63.1242
63.1191
63.1141
63.1027
63.0892
63.0674
63.0397
63.0087
62.9824
62.9506
62.9173
62.8837
62.8484
62.8163
62.7867
62.7605
62.7364
62.7112
62.6853
62.6685
62.6564
62.6462
62.6382
62.6269
62.6131
62.5987
62.5851
62.5715
62.5695
62.5622
62.5507
62.5405
62.5334
62.5321
62.5316
62.5365
62.5389
62.5332
62.5204
62.5093
62.5002
62.4906
62.4883
62.4858
62.4817
62.4765
62.4711
62.4626
62.4539
62.4454
62.4356
62.4232
62.4105
62.3998
62.3914
62.3859
62.3832
62.3799
62.3758
62.3713
62.3661
62.3626
62.3616
62.3669
62.3774
62.3953
62.418
62.4435
62.4614
62.4785
62.4972
62.5145
62.5305
62.5429
62.5535
62.5651
62.5759
62.5877
62.6009
62.6122
62.6214
62.6274
62.6349
62.6472
62.6614
62.6717
62.6816
62.6917
62.6948
62.7053
62.72
62.7322
62.7442
62.7565
62.7673
62.7724
62.7801
