121.4224
121.4527
121.4855
121.5165
121.5375
121.5647
121.5967
121.6309
121.6592
121.6874
121.7181
121.7484
121.7754
121.7987
121.818
121.8363
121.8582
121.8795
121.8993
121.92
121.9401
121.9666
121.9875
122.0062
122.0297
122.0454
122.0529
122.0553
122.0506
122.0497
122.0261
122.0044
121.9841
121.9667
121.9525
121.9382
121.9227
121.9043
121.8832
121.8615
121.8385
121.8149
121.79
121.7644
121.7389
121.7144
121.6899
121.6624
121.6327
121.6044
121.5808
121.55
121.5216
121.4881
121.4546
121.4251
121.3943
121.3597
121.3244
121.2874
121.2482
121.2046
121.1611
121.1178
121.0781
121.039
120.9933
120.9461
120.9021
120.8588
120.8151
120.7708
120.7273
120.6876
120.6515
120.6138
120.5748
120.5385
120.4986
120.4548
120.4079
120.3514
120.3022
120.2528
120.201
120.155
120.1131
120.0808
120.0563
120.0339
120.0184
120.0005
119.9822
119.9635
119.9453
119.9266
119.9071
119.8906
119.8753
119.8588
119.8425
119.8224
119.8021
119.7877
119.7649
119.7369
119.7071
119.6801
119.6604
119.6412
119.6203
119.605
119.5862
119.5725
119.5602
119.5453
119.5302
119.5158
119.4982
119.484
119.4682
119.4543
119.4422
119.4317
119.4157
119.4007
119.3885
119.3763
119.3627
119.3515
119.3425
119.3276
119.3099
119.2922
119.2755
119.2642
119.2492
119.2373
119.2303
119.2247
119.2197
119.2174
119.2149
119.2114
119.206
119.2004
119.1984
119.1937
119.1845
119.1765
119.1695
119.1609
119.152
119.141
119.1287
119.1199
119.1084
119.099
119.0965
119.0856
119.0755
119.0637
119.045
119.0251
119.0136
119.0046
119.001
118.9938
118.9811
118.968
118.9526
118.9383
118.9263
118.916
118.9072
118.8984
118.8907
118.8834
118.8774
118.8716
118.8697
118.8643
118.8576
118.8569
118.8572
118.8587
118.8582
118.8567
118.8576
118.8554
118.8491
118.8488
118.847
118.8434
118.8386
118.8334
118.8297
118.8214
