57.029
57.0402
57.0459
57.051
57.0614
57.0705
57.0775
57.0838
57.0868
57.0896
57.092
57.0933
57.0948
57.0988
57.1036
57.1081
57.1125
57.1185
57.1264
57.1349
57.1352
57.1332
57.135
57.1445
57.1539
57.1679
57.1846
57.2078
57.2338
57.2561
57.2763
57.2943
57.3125
57.3327
57.353
57.375
57.3975
57.4194
57.4359
57.4507
57.4679
57.4844
57.4959
57.508
57.518
57.531
57.5438
57.5535
57.568
57.5808
57.5935
57.6106
57.6253
57.6404
57.6594
57.6706
57.6814
57.6952
57.7077
57.7209
57.7299
57.7393
57.7501
57.7643
57.7753
57.7879
57.7979
57.8086
57.8193
57.8256
57.8321
57.8386
57.8391
57.8378
57.839
57.8421
57.8443
57.849
57.8539
57.8578
57.872
57.8885
57.9018
57.9096
57.9169
57.9208
57.9237
57.9247
57.9233
57.9238
57.9258
57.9284
57.9317
57.9345
57.9362
57.9364
57.9361
57.9334
57.9333
57.9351
57.9363
57.9358
57.9373
57.9393
57.9443
57.9465
57.9456
57.9449
57.9415
57.9393
57.9363
57.9286
57.9223
57.9178
57.9146
57.911
57.9085
57.9079
57.9054
57.9021
57.8991
57.8971
57.8945
57.8919
57.8909
57.8926
57.8894
57.8862
57.8849
57.8866
57.8901
57.8947
57.9035
57.9116
57.9171
57.9194
57.9246
57.9255
57.9256
57.9238
57.922
57.9208
57.9195
57.917
57.916
57.9131
57.9097
57.9083
57.9058
57.9036
57.9
57.8979
57.8964
57.8939
57.8937
57.8915
57.8923
57.8925
57.8911
57.8861
57.8811
57.8766
57.8731
57.867
57.86
57.8534
57.847
57.8431
57.839
57.8363
57.8343
57.8326
57.8315
57.829
57.8263
57.8228
57.8185
57.8122
57.8064
57.7967
57.7869
57.7751
57.7628
57.7495
57.7357
57.718
57.7088
57.7011
57.6923
57.6833
57.6723
