92.2785
92.3162
92.3587
92.3935
92.4365
92.4858
92.5329
92.5825
92.6282
92.6807
92.7353
92.7867
92.8358
92.8828
92.9308
92.9834
93.0356
93.0853
93.1364
93.1884
93.2406
93.2942
93.3555
93.4152
93.4765
93.534
93.5938
93.6494
93.7031
93.7644
93.8323
93.8934
93.9543
94.0213
94.0878
94.1531
94.2233
94.29
94.3547
94.4178
94.475
94.525
94.5762
94.622
94.6629
94.7055
94.7465
94.7908
94.8367
94.8837
94.9303
94.9655
94.9976
95.0371
95.0822
95.1107
95.1393
95.137
95.1257
95.1292
95.1359
95.1367
95.1296
95.1227
95.116
95.1136
95.1159
95.1178
95.123
95.1269
95.129
95.1322
95.1389
95.1521
95.1665
95.1793
95.2189
95.2619
95.2982
95.341
95.3905
95.4389
95.4774
95.5142
95.5532
95.5962
95.6377
95.6827
95.7275
95.7654
95.8005
95.8375
95.8734
95.9092
95.9395
95.968
95.9924
96.014
96.0334
96.0584
96.0847
96.1135
96.1474
96.1767
96.2028
96.2266
96.2588
96.2941
96.3274
96.3592
96.3907
96.432
96.4735
96.5039
96.5308
96.5586
96.5889
96.6361
96.7003
96.7526
96.7969
96.8424
96.8907
96.9357
96.9776
97.0138
97.0466
97.0788
97.1092
97.1346
97.1583
97.1809
97.2022
97.216
97.2306
97.2427
97.2337
97.2218
97.2183
97.2096
97.1956
97.1813
97.1686
97.1636
97.1543
97.142
97.1298
97.118
97.1085
97.0976
97.0848
97.0733
97.0593
97.0398
97.0211
97.0045
96.9811
96.9625
96.9468
96.9333
96.9198
96.9061
96.896
96.8891
96.8876
96.8918
96.8895
96.8888
96.8852
96.875
96.8655
96.8538
96.8461
96.8451
96.8414
96.8379
96.8324
96.8284
96.8182
96.8092
96.8015
96.7955
96.7896
96.7842
96.7812
96.7817
96.7881
96.7929
96.8002
96.8112
96.829
96.85
96.8728
96.9022
