37.7339
37.7412
37.7486
37.7441
37.7444
37.7411
37.7387
37.7347
37.7317
37.7248
37.7187
37.7114
37.7029
37.6954
37.6884
37.6794
37.6734
37.6689
37.6634
37.6586
37.6511
37.642
37.6307
37.6193
37.6103
37.6002
37.5918
37.584
37.5788
37.5752
37.573
37.5734
37.5775
37.5832
37.5889
37.5917
37.5947
37.5982
37.6025
37.6035
37.6065
37.611
37.6145
37.6183
37.6222
37.6244
37.626
37.6281
37.6307
37.6367
37.6408
37.6542
37.6693
37.6842
37.6995
37.7196
37.7439
37.7654
37.7882
37.8121
37.8365
37.8635
37.8864
37.9115
37.9362
37.962
37.9848
38.0082
38.0328
38.0608
38.0893
38.1171
38.1453
38.1741
38.2006
38.2281
38.2566
38.2826
38.3021
38.3235
38.3463
38.3712
38.3963
38.4222
38.4472
38.4762
38.5077
38.5376
38.5683
38.6004
38.6323
38.6615
38.6891
38.7147
38.7436
38.7732
38.8023
38.8308
38.8581
38.889
38.9189
38.9474
38.9744
39.0007
39.028
39.0527
39.079
39.1033
39.128
39.1476
39.1738
39.1895
39.2031
39.2181
39.2343
39.2464
39.2572
39.2697
39.2806
39.2925
39.305
39.314
39.3274
39.3415
39.3571
39.3721
39.3884
39.403
39.4167
39.429
39.4445
39.4596
39.4768
39.4945
39.516
39.5368
39.555
39.5739
39.5994
39.6235
39.6474
39.6712
39.6975
39.7238
39.7494
39.7722
39.7918
39.8147
39.8334
39.8478
39.8623
39.8768
39.891
39.9066
39.9175
39.9281
39.9386
39.9468
39.9561
39.9633
39.974
39.9838
39.9953
40.0073
40.0172
40.0302
40.0435
40.0586
40.0738
40.0938
40.1069
40.1219
40.1379
40.1529
40.1669
40.1797
40.1926
40.2031
40.2125
40.2212
40.2277
40.2383
40.2479
40.2565
40.2624
40.2694
40.2712
40.2771
40.2817
40.2853
40.286
40.2854
40.2851
40.2841
40.2844
40.2844
40.285
40.286
40.2856
