220.2319
220.1202
219.9959
219.8907
219.7838
219.6728
219.553
219.4447
219.344
219.2449
219.1462
219.042
218.9404
218.8348
218.7355
218.6443
218.5508
218.4585
218.3622
218.2565
218.1495
218.0448
217.9442
217.8442
217.7398
217.623
217.5273
217.4457
217.381
217.3163
217.2798
217.2377
217.1755
217.1233
217.0772
217.0338
216.9845
216.9334
216.872
216.811
216.7468
216.6868
216.6289
216.571
216.5054
216.4447
216.389
216.3407
216.2892
216.2473
216.2076
216.1616
216.1213
216.0775
216.0313
215.9836
215.9292
215.9076
215.9132
215.9267
215.9533
215.9848
216.0389
216.0989
216.1718
216.2518
216.3335
216.4135
216.4887
216.5603
216.6296
216.6963
216.7476
216.8005
216.8453
216.8945
216.9602
217.0213
217.0453
217.0736
217.0976
217.1081
217.1168
217.1215
217.125
217.1485
217.1442
217.1332
217.1115
217.0888
217.0565
217.0264
216.9928
216.9724
216.9423
216.9144
216.8921
216.865
216.8423
216.8255
216.8098
216.7897
216.7771
216.7629
216.7599
216.7499
216.7456
216.7489
216.7506
216.7416
216.7222
216.7098
216.685
216.6635
216.645
216.6197
216.5932
216.5806
216.5699
216.5546
216.5428
216.5288
216.5017
216.4751
216.4459
216.4183
216.3825
216.3465
216.3152
216.2852
216.2683
216.2572
216.2663
216.2721
216.2818
216.2815
216.2568
216.2255
216.2395
216.2547
216.2775
216.3147
216.3521
216.3892
216.4315
216.4625
216.5014
216.539
216.5749
216.6129
216.6486
216.6888
216.7246
216.7396
216.7622
216.7798
216.7957
216.8153
216.8323
216.8687
216.9002
216.9273
216.944
216.9622
216.9762
216.9987
217.0116
217.0138
217.0161
217.0277
217.0389
217.0511
217.0733
217.093
217.1073
217.1229
217.1404
217.1574
217.177
217.1984
217.2227
217.243
217.2679
217.2879
217.3108
217.3279
217.346
217.3602
217.3706
217.3794
217.3798
217.3776
217.3634
217.3546
217.3444
