168.2472
168.2478
168.2602
168.24
168.2019
168.1978
168.2122
168.218
168.2277
168.2439
168.2619
168.2821
168.3064
168.33
168.3544
168.3724
168.3944
168.4164
168.4396
168.4598
168.4807
168.5061
168.5507
168.5914
168.6398
168.6881
168.7351
168.7741
168.8093
168.8506
168.869
168.89
168.9204
168.9607
168.9981
169.0281
169.0618
169.1016
169.1411
169.1768
169.2076
169.236
169.2408
169.2455
169.2607
169.273
169.291
169.303
169.3149
169.3169
169.326
169.3306
169.3288
169.3285
169.3288
169.3336
169.3462
169.3602
169.3678
169.3751
169.3829
169.3886
169.3858
169.4201
169.472
169.4977
169.514
169.535
169.557
169.573
169.5851
169.5912
169.5968
169.5976
169.5987
169.5979
169.6005
169.6067
169.6113
169.6029
169.5878
169.5828
169.5566
169.5391
169.514
169.4898
169.4608
169.4383
169.4148
169.3943
169.3778
169.3578
169.3314
169.3035
169.2784
169.2565
169.2288
169.2024
169.1783
169.1551
169.1287
169.1018
169.082
169.0584
169.0224
168.9973
168.9876
168.9653
168.9388
168.9342
168.9298
168.9298
168.9303
168.9288
168.9271
168.9133
168.8782
168.8398
168.8026
168.7731
168.7421
168.7176
168.6906
168.6569
168.6244
168.5897
168.5559
168.5249
168.4969
168.4692
168.4436
168.4201
168.396
168.3724
168.3444
168.3199
168.2906
168.2588
168.2313
168.2193
168.2187
168.2085
168.1992
168.1768
168.1634
168.1486
168.1309
168.1143
168.0989
168.0858
168.0748
168.056
168.0412
168.0307
168.016
167.9962
167.9839
167.9719
167.9524
167.9311
167.9123
167.8907
167.8724
167.8549
167.8429
167.8184
167.7746
167.7436
167.7156
167.6777
167.6313
167.5928
167.5564
167.5154
167.4781
167.449
167.4349
167.4258
167.4166
167.4056
167.3928
167.3776
167.3675
167.36
167.349
167.3418
167.3341
167.3156
167.2998
167.2875
167.2718
167.2546
167.2333
167.2125
167.1954
