110.3685
110.371
110.3737
110.3702
110.3708
110.3761
110.3914
110.4076
110.4211
110.4334
110.4422
110.4475
110.453
110.4585
110.4685
110.478
110.4884
110.4929
110.4947
110.5015
110.5077
110.5167
110.523
110.5238
110.4796
110.4397
110.4098
110.3803
110.3696
110.3633
110.3594
110.3458
110.3251
110.2995
110.2757
110.2479
110.2217
110.1922
110.1599
110.1264
110.0983
110.0688
110.0439
110.0214
109.9999
109.9823
109.9603
109.9347
109.9102
109.9006
109.8905
109.8918
109.8963
109.8928
109.8883
109.8934
109.8927
109.888
109.8753
109.8646
109.8494
109.8288
109.8104
109.7951
109.7776
109.7563
109.7301
109.7074
109.6899
109.6744
109.667
109.6609
109.65
109.6413
109.6278
109.6125
109.6078
109.604
109.5865
109.5598
109.5353
109.5157
109.5057
109.5003
109.5342
109.5672
109.5954
109.6284
109.6609
109.6874
109.7074
109.7232
109.7423
109.7655
109.7897
109.8141
109.8338
109.8556
109.881
109.9046
109.9206
109.9376
109.952
109.9608
109.9689
109.986
110.0018
110.0169
110.0329
110.0337
110.0389
110.0358
110.0261
110.0263
110.029
110.0259
110.0229
110.0222
110.0217
110.0224
110.0277
110.0307
110.0332
110.0282
110.0207
110.0159
110.0126
110.0059
109.9993
109.99
109.9913
109.992
110.0043
110.0102
110.0183
110.0252
110.0195
110.0187
110.0335
110.0523
110.0709
110.0819
110.0886
110.0921
110.1013
110.1063
110.1071
110.1026
110.0967
110.0915
110.0862
110.083
110.0811
110.0796
110.0758
110.068
110.063
110.0622
110.0633
110.0505
110.0435
110.0328
110.019
110.013
110.0088
109.9932
109.9774
109.9669
109.9532
109.9396
109.9214
109.9028
109.8859
109.8672
109.8428
109.8218
109.8067
109.787
109.7655
109.7479
109.7272
109.7119
109.6944
109.6796
109.6643
109.6506
109.6346
109.6216
109.6079
109.5919
109.5651
109.5402
109.5101
109.4874
109.4689
109.4545
109.4485
109.4384
109.4251
