6.4301
6.4315
6.4329
6.4311
6.4273
6.4245
6.4225
6.4204
6.4161
6.4128
6.4105
6.408
6.4061
6.4046
6.4037
6.4028
6.4015
6.4006
6.399
6.3983
6.397
6.3948
6.3929
6.3913
6.3897
6.3881
6.3854
6.3836
6.3818
6.3802
6.3773
6.3743
6.3731
6.3734
6.3749
6.376
6.3759
6.3766
6.3771
6.3783
6.3789
6.3793
6.3797
6.3813
6.3833
6.3843
6.3851
6.3855
6.3846
6.3822
6.3794
6.3772
6.3742
6.3699
6.3636
6.3565
6.3493
6.3411
6.3318
6.323
6.3148
6.3061
6.2975
6.2904
6.285
6.2786
6.2719
6.2652
6.2597
6.2544
6.2492
6.2447
6.2392
6.2345
6.2304
6.2254
6.2204
6.2157
6.2104
6.2045
6.1991
6.1938
6.1876
6.1807
6.1733
6.1653
6.1586
6.1508
6.1436
6.1368
6.1293
6.1212
6.1119
6.1027
6.0933
6.0844
6.0757
6.0672
6.0583
6.0484
6.0383
6.0291
6.0202
6.0099
6.0
5.9923
5.9856
5.9789
5.9733
5.9673
5.9615
5.9548
5.9472
5.9403
5.9339
5.927
5.9207
5.9139
5.9052
5.8976
5.8905
5.8827
5.8749
5.8672
5.8596
5.8527
5.8457
5.8384
5.8309
5.8232
5.8147
5.8057
5.7969
5.7875
5.7767
5.7667
5.7567
5.7463
5.7368
5.7275
5.7176
5.7101
5.7028
5.6992
5.6967
5.6952
5.6935
5.6925
5.6911
5.6892
5.6877
5.686
5.685
5.684
5.6824
5.6815
5.6807
5.6805
5.6804
5.6808
5.6816
5.6824
5.6836
5.6856
5.6875
5.6885
5.6884
5.6881
5.6882
5.6888
5.689
5.687
5.6866
5.6868
5.6884
5.6905
5.691
5.6918
5.6934
5.6937
5.6931
5.693
5.6923
5.6925
5.692
5.6911
5.69
5.689
5.6877
5.6865
5.6864
5.6865
5.6865
5.6865
5.6877
