32.3137
32.3217
32.3254
32.3292
32.3339
32.3385
32.3448
32.352
32.357
32.3605
32.3643
32.3701
32.3763
32.3817
32.3872
32.3934
32.4002
32.4067
32.4141
32.421
32.4272
32.4262
32.4246
32.4215
32.4215
32.4268
32.4293
32.4315
32.4332
32.4325
32.4315
32.4321
32.4331
32.4341
32.4365
32.4382
32.4422
32.4443
32.4455
32.4476
32.4488
32.4502
32.4501
32.4523
32.4528
32.4535
32.4526
32.4542
32.4697
32.4848
32.5004
32.5141
32.5268
32.5425
32.5598
32.5774
32.5918
32.6057
32.6195
32.6321
32.644
32.6573
32.6715
32.6872
32.7035
32.719
32.7343
32.7489
32.7644
32.7816
32.7981
32.8129
32.8275
32.8424
32.8577
32.8729
32.8867
32.9024
32.9196
32.936
32.9554
32.9825
33.0112
33.0427
33.0728
33.0999
33.1292
33.1554
33.1821
33.2077
33.232
33.2558
33.2805
33.3046
33.3268
33.3477
33.3687
33.391
33.4149
33.4382
33.4608
33.4834
33.5057
33.5258
33.551
33.5785
33.607
33.6326
33.6416
33.6521
33.6635
33.6739
33.6853
33.696
33.7054
33.7145
33.7266
33.7386
33.7504
33.7621
33.7735
33.7826
33.7911
33.7991
33.8081
33.8176
33.827
33.8351
33.8412
33.8484
33.8571
33.8647
33.8698
33.8737
33.8784
33.8812
33.8832
33.8833
33.8807
33.879
33.8731
33.8694
33.8646
33.8604
33.8534
33.8451
33.8382
33.834
33.8293
33.8255
33.823
33.8199
33.8156
33.8128
33.8113
33.8115
33.8134
33.8144
33.815
33.8148
33.8138
33.8127
33.8128
33.8123
33.8075
33.7992
33.79
33.7813
33.7741
33.7641
33.7528
33.7461
33.7401
33.7336
33.7281
33.7222
33.7171
33.7122
33.7081
33.7044
33.7007
33.6971
33.6946
33.6912
33.6864
33.679
33.6723
33.6661
33.66
33.6529
33.6441
33.6372
33.6341
33.6331
33.6304
33.6296
33.6313
33.6328
