155.1603
155.1574
155.1619
155.1504
155.1379
155.1239
155.1226
155.1259
155.1383
155.1543
155.1834
155.2116
155.2394
155.2619
155.2859
155.3091
155.3447
155.3743
155.4097
155.4328
155.4548
155.4805
155.5086
155.5371
155.5636
155.5793
155.5997
155.6284
155.6439
155.6536
155.6539
155.6474
155.6358
155.6276
155.6248
155.6108
155.5933
155.5804
155.5581
155.5339
155.5041
155.4669
155.4159
155.3623
155.3065
155.2507
155.1945
155.1357
155.0772
155.0179
154.9641
154.9272
154.8798
154.8388
154.7938
154.7442
154.6962
154.6657
154.6213
154.5799
154.5312
154.4851
154.4304
154.3998
154.3719
154.3406
154.298
154.2592
154.2142
154.1674
154.1107
154.0582
154.0045
153.9474
153.8874
153.8245
153.7553
153.6885
153.6072
153.5402
153.4729
153.4062
153.3359
153.2682
153.2054
153.1568
153.0994
153.0396
152.9776
152.9099
152.8624
152.8099
152.7662
152.7144
152.6674
152.6232
152.5752
152.5286
152.4857
152.4436
152.4059
152.3722
152.3427
152.3256
152.3329
152.2964
152.2732
152.2424
152.219
152.1946
152.1681
152.1227
152.0876
152.0472
152.0192
151.9986
151.9686
151.9426
151.9136
151.8851
151.8632
151.849
151.8357
151.8209
151.82
151.816
151.8108
151.7961
151.7821
151.7708
151.7641
151.7559
151.7496
151.7416
151.7344
151.7268
151.7199
151.7104
151.7128
151.7116
151.7109
151.7079
151.7078
151.7051
151.7094
151.7143
151.7163
151.7171
151.7199
151.7252
151.7308
151.7392
151.7462
151.7582
151.7634
151.767
151.777
151.7852
151.792
151.8042
151.815
151.827
151.8404
151.8472
151.832
151.8624
151.8825
151.9117
151.9452
151.98
152.0071
152.0443
152.0783
152.1069
152.1294
152.1528
152.1798
152.2039
152.2329
152.263
152.2929
152.314
152.3362
152.3609
152.3794
152.4044
152.4292
152.4609
152.4942
152.5317
152.5659
152.605
152.6452
152.6826
152.7168
