28.8037
28.8025
28.8029
28.7996
28.7959
28.7932
28.7899
28.7869
28.7864
28.7859
28.7851
28.7846
28.7848
28.7834
28.7824
28.7822
28.7809
28.7787
28.776
28.7726
28.7689
28.7645
28.7624
28.7575
28.7545
28.7502
28.7478
28.7463
28.7448
28.7413
28.7445
28.7453
28.747
28.749
28.7515
28.7536
28.7561
28.7575
28.7585
28.7586
28.7585
28.7554
28.7532
28.7517
28.7513
28.7521
28.7531
28.7554
28.7578
28.7585
28.7575
28.7573
28.7576
28.7577
28.7598
28.7641
28.7692
28.7719
28.7718
28.7746
28.7799
28.7873
28.7931
28.802
28.8109
28.82
28.8302
28.8421
28.8503
28.8592
28.8686
28.877
28.8836
28.8902
28.897
28.9045
28.912
28.9191
28.9198
28.9172
28.9083
28.8988
28.8856
28.8707
28.8534
28.8382
28.8207
28.8038
28.7888
28.7737
28.7572
28.7417
28.7248
28.709
28.6894
28.6706
28.6496
28.6303
28.6113
28.5951
28.5807
28.5659
28.549
28.53
28.5101
28.4957
28.4783
28.4607
28.4431
28.4236
28.4039
28.3844
28.3646
28.3435
28.3188
28.2934
28.2677
28.2449
28.2234
28.2011
28.1802
28.1577
28.1353
28.1116
28.0869
28.0602
28.0317
28.0037
27.9788
27.9522
27.9246
27.8988
27.8724
27.8462
27.8199
27.7914
27.763
27.7359
27.7153
27.6973
27.6858
27.675
27.6677
27.6624
27.6575
27.6494
27.6426
27.6349
27.6262
27.6199
27.6125
27.606
27.6006
27.5948
27.5904
27.5847
27.5803
27.5753
27.5698
27.5598
27.5497
27.541
27.5361
27.5348
27.5329
27.5264
27.5219
27.5166
27.5138
27.5145
27.515
27.5145
27.5127
27.5127
27.5153
27.5176
27.5207
27.5225
27.5278
27.5327
27.5383
27.544
27.5491
27.5542
27.5598
27.568
27.5789
27.5873
27.592
27.598
27.605
27.6115
27.6197
27.6279
27.6359
