54.1295
54.137
54.1512
54.162
54.1721
54.1773
54.1852
54.1914
54.2012
54.2087
54.2171
54.2263
54.2346
54.2426
54.2496
54.2582
54.2684
54.2797
54.2912
54.3032
54.3177
54.3297
54.3407
54.3492
54.3542
54.3582
54.3607
54.3662
54.3756
54.3842
54.3891
54.3952
54.4069
54.4127
54.4193
54.4268
54.4321
54.4373
54.4399
54.4424
54.4432
54.4441
54.4441
54.4434
54.4421
54.4443
54.4461
54.4462
54.4467
54.4529
54.4567
54.4653
54.4697
54.4763
54.4852
54.5015
54.5169
54.5287
54.5389
54.5492
54.5567
54.5612
54.5625
54.563
54.5638
54.5651
54.5664
54.5683
54.5677
54.5682
54.5678
54.5667
54.5646
54.5617
54.5597
54.5579
54.5507
54.5421
54.5411
54.5467
54.5485
54.5482
54.545
54.5432
54.5441
54.5464
54.5539
54.5604
54.5607
54.5646
54.5678
54.5715
54.5733
54.5775
54.5812
54.5832
54.5875
54.5928
54.5993
54.6061
54.6154
54.6255
54.6375
54.6511
54.6625
54.6721
54.6833
54.6948
54.7068
54.7152
54.7262
54.7329
54.7418
54.7495
54.7572
54.7616
54.765
54.7703
54.7752
54.7803
54.7863
54.7929
54.7993
54.8057
54.8126
54.8187
54.8249
54.8319
54.8378
54.8427
54.8487
54.8564
54.8604
54.8664
54.8699
54.8748
54.8834
54.8883
54.886
54.8788
54.8741
54.8701
54.8689
54.8674
54.8679
54.869
54.8654
54.8629
54.8639
54.8624
54.8617
54.8605
54.8614
54.8601
54.8589
54.858
54.856
54.8547
54.8512
54.8503
54.8479
54.8473
54.8441
54.8421
54.8425
54.8401
54.8368
54.8338
54.8307
54.8271
54.8235
54.8201
54.8187
54.8146
54.8096
54.8059
54.8032
54.8
54.7961
54.7932
54.7897
54.787
54.7847
54.7817
54.7806
54.781
54.782
54.7798
54.7795
54.7786
54.7773
54.775
54.7758
54.7753
54.7768
54.7783
54.7808
54.7873
54.7933
