36.4255
36.4359
36.4429
36.4411
36.4409
36.4403
36.4445
36.4459
36.4468
36.4473
36.4489
36.4483
36.4488
36.4525
36.4552
36.457
36.4577
36.4593
36.4629
36.4719
36.4909
36.5064
36.5219
36.539
36.5526
36.5669
36.5806
36.5955
36.6081
36.6232
36.636
36.652
36.6692
36.6816
36.6929
36.7058
36.7222
36.7397
36.7523
36.7652
36.7771
36.7911
36.8063
36.8199
36.8339
36.8451
36.8521
36.8568
36.8646
36.8692
36.8765
36.8846
36.8906
36.8999
36.9061
36.9086
36.9135
36.9166
36.9207
36.9259
36.9326
36.9454
36.9585
36.9691
36.9795
36.9873
36.9941
37.0012
37.0063
37.0117
37.0139
37.0135
37.0129
37.0104
37.0078
37.0037
37.0007
36.9975
36.9922
36.9818
36.9596
36.9397
36.9187
36.8975
36.8801
36.8606
36.8426
36.8236
36.8039
36.785
36.7654
36.7458
36.7252
36.7057
36.6853
36.6651
36.6437
36.621
36.6004
36.5791
36.56
36.5415
36.5231
36.5044
36.4855
36.4704
36.4593
36.4518
36.4407
36.4338
36.4263
36.4174
36.4102
36.4011
36.3916
36.3833
36.3751
36.3672
36.3595
36.3508
36.3458
36.3402
36.334
36.327
36.3203
36.3136
36.3082
36.3031
36.2979
36.293
36.2923
36.2966
36.3018
36.308
36.314
36.3215
36.3297
36.3389
36.3481
36.356
36.3658
36.3749
36.3842
36.3932
36.4014
36.4107
36.418
36.4248
36.4328
36.4407
36.4513
36.4612
36.4704
36.4796
36.4884
36.4972
36.5065
36.5155
36.5266
36.5379
36.5478
36.5586
36.5704
36.5867
36.6054
36.622
36.64
36.6575
36.6775
36.6973
36.7163
36.7362
36.7574
36.7803
36.8034
36.8282
36.8536
36.8777
36.9032
36.9303
36.9548
36.9801
37.0041
37.0292
37.0552
37.082
37.1072
