79.0548
79.0247
78.9937
78.9622
78.9303
78.9011
78.8734
78.8474
78.8223
78.7983
78.7708
78.7376
78.7034
78.6666
78.6256
78.5849
78.5446
78.5011
78.4536
78.4064
78.359
78.3099
78.2602
78.219
78.1691
78.121
78.0743
78.0276
77.9806
77.9381
77.9093
77.8818
77.8505
77.8248
77.7973
77.7734
77.7521
77.7302
77.7104
77.6896
77.6679
77.6485
77.6275
77.6078
77.5882
77.5695
77.5558
77.5423
77.5287
77.5212
77.5192
77.525
77.53
77.5362
77.5442
77.5618
77.5747
77.5838
77.5895
77.6
77.614
77.6267
77.6445
77.6692
77.6962
77.7279
77.7576
77.7861
77.8196
77.8527
77.8872
77.9175
77.9467
77.9795
78.0177
78.0538
78.0975
78.1395
78.1895
78.245
78.3031
78.3626
78.4241
78.4782
78.5381
78.5986
78.6577
78.7174
78.7821
78.8404
78.8939
78.9434
78.9914
79.0406
79.0931
79.1463
79.1914
79.2393
79.2878
79.3313
79.3752
79.4195
79.4688
79.5187
79.5723
79.6114
79.6421
79.6775
79.7165
79.7516
79.7805
79.8016
79.8251
79.8484
79.8689
79.8849
79.9064
79.9334
79.9654
79.9947
80.0185
80.0465
80.0709
80.0923
80.112
80.1293
80.1463
80.1621
80.1732
80.1862
80.2046
80.234
80.2576
80.2867
80.3149
80.3469
80.3704
80.3939
80.4101
80.4234
80.4309
80.4392
80.4492
80.461
80.4753
80.4877
80.5005
80.512
80.5242
80.5379
80.5511
80.5654
80.5766
80.5844
80.5911
80.5926
80.5962
80.5984
80.5961
80.5987
80.5984
80.5951
80.5854
80.5778
80.5668
80.5691
80.5768
80.5742
80.5635
80.5497
80.5335
80.5152
80.4982
80.4824
80.4674
80.4526
80.4366
80.4219
80.4059
80.3893
80.3762
80.3625
80.3537
80.346
80.3387
80.3296
80.3221
80.3161
80.3111
80.3036
80.2928
80.2788
80.2696
