36.7898
36.7952
36.7988
36.8027
36.806
36.812
36.817
36.8213
36.8277
36.8357
36.8462
36.8565
36.8668
36.8787
36.8907
36.9042
36.9175
36.9323
36.9475
36.9667
36.9873
37.007
37.0282
37.0502
37.0723
37.0968
37.1208
37.1414
37.1591
37.1791
37.1986
37.2198
37.2434
37.2653
37.2869
37.3059
37.3248
37.3444
37.3654
37.3843
37.4026
37.4198
37.4361
37.4543
37.4703
37.4868
37.503
37.5188
37.5373
37.5545
37.5723
37.5905
37.6043
37.6087
37.6113
37.6124
37.6134
37.6158
37.6218
37.6301
37.6388
37.6473
37.6572
37.6685
37.6809
37.6924
37.7009
37.7108
37.7208
37.7301
37.7383
37.7469
37.7581
37.7677
37.7742
37.7811
37.7863
37.7899
37.7933
37.7961
37.8018
37.8086
37.8158
37.8146
37.8133
37.8111
37.8107
37.8136
37.8196
37.8261
37.8259
37.8252
37.8228
37.8235
37.8233
37.8245
37.8247
37.8295
37.8335
37.8343
37.831
37.8298
37.8313
37.8321
37.8372
37.8423
37.8483
37.8541
37.8581
37.8632
37.8675
37.871
37.8788
37.8952
37.9131
37.9272
37.9437
37.9583
37.9715
37.9842
37.9991
38.0141
38.0284
38.0412
38.0534
38.0657
38.0737
38.0793
38.0818
38.0858
38.0883
38.0884
38.0853
38.08
38.078
38.0723
38.0676
38.0628
38.0566
38.0474
38.0344
38.0207
38.0054
38.0004
37.9951
37.9877
37.9788
37.9672
37.9564
37.9429
37.9361
37.925
37.9129
37.9014
37.8935
37.8854
37.8782
37.8652
37.8499
37.8447
37.841
37.834
37.8249
37.8175
37.8099
37.8042
37.7998
37.7956
37.7901
37.7837
37.7779
37.771
37.7679
37.7634
37.7579
37.7526
37.7457
37.7414
37.7383
37.7354
37.7307
37.7245
37.7184
37.7137
37.7087
