274.3189
274.3487
274.3403
274.386
274.4192
274.4681
274.5397
274.6164
274.7073
274.8056
274.9038
275.0005
275.0858
275.1682
275.2548
275.3365
275.4265
275.5305
275.6288
275.7217
275.8012
275.8891
275.9938
276.0998
276.2026
276.3024
276.4247
276.5419
276.6386
276.7553
276.869
276.995
277.1158
277.2342
277.3578
277.4855
277.6227
277.734
277.8496
277.9831
278.1084
278.2257
278.3491
278.483
278.6132
278.7385
278.8669
279.0052
279.1489
279.2911
279.4281
279.5162
279.5792
279.6391
279.7018
279.7664
279.8312
279.8768
279.8871
279.9018
279.97
280.0235
280.0735
280.122
280.1867
280.247
280.3273
280.4028
280.4552
280.5096
280.5554
280.5914
280.6223
280.6603
280.6985
280.746
280.8195
280.8965
280.9363
280.9727
281.0067
281.038
281.0161
280.996
280.9575
280.9127
280.8555
280.789
280.7232
280.6242
280.525
280.4417
280.3578
280.2763
280.193
280.1146
280.0167
279.9259
279.8192
279.7025
279.5813
279.47
279.3423
279.2156
279.0896
278.9503
278.7835
278.6343
278.4887
278.3322
278.1838
278.0723
277.9697
277.86
277.7364
277.591
277.4373
277.3272
277.242
277.1373
277.0083
276.8885
276.7745
276.6565
276.5263
276.4004
276.2558
276.1271
276.0096
275.8736
275.7483
275.6317
275.5502
275.4683
275.3758
275.2848
275.1508
275.0176
274.9056
274.7939
274.6798
274.5553
274.4538
274.3594
274.284
274.2093
274.1265
274.0696
274.0206
273.977
273.9396
273.8893
273.8478
273.8046
273.764
273.7201
273.677
273.6258
273.5911
273.5398
273.5331
273.503
273.4955
273.495
273.4935
273.5045
273.553
273.5851
273.6083
273.6348
273.6725
273.7019
273.72
273.7451
273.7915
273.8376
273.8898
273.9307
273.9754
274.0296
274.08
274.1251
274.173
274.2121
274.2654
274.3256
274.3975
274.4525
274.51
274.5643
274.613
274.6578
274.6733
274.6802
274.6962
