95.0399
95.0277
95.0103
94.9995
94.9889
94.9752
94.9595
94.9439
94.9351
94.9278
94.9224
94.9163
94.9143
94.9119
94.9138
94.9132
94.9087
94.9037
94.8952
94.8855
94.876
94.8661
94.8613
94.8531
94.8451
94.8381
94.8308
94.8261
94.8144
94.8039
94.7968
94.7914
94.7833
94.7772
94.7699
94.7665
94.7602
94.7542
94.7424
94.7286
94.7118
94.6958
94.6794
94.664
94.6464
94.6309
94.6159
94.6054
94.5937
94.5762
94.5515
94.52
94.4869
94.4592
94.4254
94.3874
94.3569
94.3117
94.2607
94.2252
94.2007
94.1723
94.1494
94.1273
94.1132
94.0998
94.091
94.0825
94.0712
94.0627
94.0562
94.0479
94.0339
94.0219
94.0072
93.9959
93.9984
94.0004
93.9966
93.9952
93.9927
93.99
93.9743
93.9538
93.9346
93.919
93.9053
93.892
93.8799
93.8622
93.8428
93.827
93.8133
93.7946
93.7791
93.7606
93.741
93.7216
93.7031
93.6866
93.671
93.6513
93.6266
93.6024
93.5772
93.554
93.5292
93.5054
93.4811
93.4605
93.4499
93.4466
93.4433
93.4331
93.4233
93.415
93.4017
93.4057
93.4212
93.4307
93.438
93.4396
93.4381
93.4353
93.4313
93.4253
93.4136
93.403
93.391
93.3762
93.3549
93.3318
93.315
93.2936
93.27
93.245
93.2067
93.1675
93.1385
93.105
93.0723
93.0441
93.0204
93.0026
92.985
92.9641
92.9405
92.9146
92.892
92.8738
92.855
92.8336
92.813
92.7945
92.7741
92.7514
92.7294
92.7129
92.7161
92.7188
92.7195
92.7246
92.74
92.7556
92.7706
92.7816
92.7918
92.8316
92.8631
92.8954
92.9275
92.9559
92.9846
93.0156
93.0481
93.0791
93.1103
93.1428
93.1745
93.2056
93.2374
93.2716
93.3055
93.3403
93.3755
93.4115
93.4518
93.487
93.5195
93.5516
93.5884
93.6299
93.6655
93.7053
