12.4338
12.4268
12.4183
12.4087
12.3997
12.3917
12.3839
12.3753
12.3666
12.3582
12.3496
12.3405
12.3315
12.3233
12.3153
12.3068
12.2991
12.2918
12.2843
12.2776
12.2712
12.2648
12.2576
12.2504
12.2409
12.2332
12.226
12.2172
12.2122
12.2076
12.2035
12.199
12.196
12.193
12.1918
12.1904
12.1898
12.1894
12.1882
12.1867
12.1856
12.184
12.182
12.1802
12.1787
12.1773
12.1754
12.1731
12.171
12.1687
12.1668
12.1663
12.1658
12.1668
12.1684
12.1711
12.1737
12.178
12.1833
12.1896
12.1972
12.2024
12.2086
12.2158
12.2235
12.2304
12.2374
12.2448
12.2512
12.257
12.2629
12.2705
12.2777
12.2852
12.2922
12.2993
12.307
12.3144
12.3246
12.3341
12.3428
12.3534
12.3666
12.3792
12.3949
12.4103
12.4263
12.4433
12.4599
12.4757
12.492
12.5078
12.5228
12.5381
12.5524
12.5659
12.5789
12.5926
12.6064
12.6195
12.6322
12.6459
12.6601
12.6734
12.686
12.6993
12.7106
12.7239
12.7358
12.7478
12.7599
12.7709
12.7809
12.7891
12.7969
12.8039
12.8118
12.8204
12.8289
12.8367
12.8445
12.853
12.8609
12.8684
12.876
12.8842
12.8918
12.8999
12.9079
12.9167
12.926
12.9349
12.9412
12.9474
12.9544
12.9614
12.9685
12.9743
12.9777
12.9812
12.986
12.9892
12.9906
12.9926
12.995
12.9968
12.9974
12.9965
12.9949
12.9938
12.9923
12.9914
12.9903
12.9889
12.9879
12.9879
12.9883
12.9889
12.9904
12.9922
12.9947
12.9959
12.9962
12.9974
12.9989
12.9995
13.002
13.0018
13.0025
13.0033
13.0037
13.0046
13.0067
13.0085
13.011
13.0136
13.0152
13.0163
13.0167
13.0167
13.0163
13.0167
13.0168
13.0164
13.0158
13.0144
13.0138
13.0126
13.0117
13.011
13.0093
13.0074
13.0081
13.0079
13.0075
13.0074
13.0059
13.0055
13.006
