60.681
60.6741
60.6586
60.6466
60.6297
60.6068
60.5902
60.5732
60.5519
60.5273
60.504
60.4778
60.448
60.4185
60.3885
60.3597
60.3335
60.3115
60.2948
60.2181
60.1383
60.0391
59.9389
59.842
59.7357
59.6237
59.51
59.3936
59.2788
59.1635
59.0483
58.9341
58.8249
58.7206
58.6183
58.5198
58.4232
58.3283
58.233
58.1451
58.0598
57.9749
57.8919
57.8024
57.7065
57.6073
57.5092
57.4093
57.3173
57.2228
57.1235
57.025
56.93
56.8493
56.7643
56.6839
56.6005
56.522
56.4458
56.3709
56.2965
56.2234
56.147
56.0714
55.9943
55.9225
55.8464
55.7704
55.6913
55.6173
55.5417
55.4673
55.4086
55.3476
55.2997
55.2647
55.231
55.1936
55.1461
55.161
55.1768
55.2086
55.2423
55.2703
55.3087
55.3532
55.3993
55.4458
55.4858
55.5288
55.5757
55.6231
55.6737
55.7239
55.7743
55.8201
55.8671
55.9231
55.9851
56.0347
56.0854
56.131
56.171
56.2132
56.2573
56.3097
56.3573
56.4013
56.4417
56.4873
56.5339
56.5786
56.6261
56.6761
56.7191
56.7634
56.8083
56.8507
56.8967
56.9426
56.9888
57.0341
57.08
57.1228
57.1671
57.2105
57.2474
57.2836
57.3182
57.351
57.384
57.4161
57.4358
57.4553
57.4633
57.461
57.4541
57.4452
57.4457
57.4428
57.4421
57.444
57.4444
57.444
57.4449
57.4439
57.4401
57.437
57.4358
57.4341
57.4311
57.4333
57.4315
57.4312
57.4306
57.4281
57.4233
57.4071
57.386
57.3771
57.3688
57.3667
57.3662
57.3667
57.3709
57.3714
57.376
57.3836
57.3892
57.394
57.3992
57.4027
57.4024
57.4002
57.3982
57.3952
57.3909
57.3964
57.3991
57.3881
57.3763
57.3619
57.3458
57.3299
57.3106
57.2881
57.273
57.2576
57.2474
57.2356
57.2203
57.2036
