92.2034
92.241
92.2784
92.321
92.3584
92.3924
92.4307
92.4668
92.5045
92.5398
92.5718
92.6065
92.6405
92.6755
92.713
92.7484
92.786
92.8204
92.8553
92.8911
92.9253
92.954
92.9846
93.014
93.031
93.0544
93.0748
93.094
93.1166
93.1395
93.1545
93.1628
93.159
93.1557
93.1555
93.1538
93.1495
93.142
93.1337
93.122
93.1169
93.117
93.1155
93.1134
93.1105
93.1083
93.1052
93.0989
93.094
93.0962
93.0912
93.0795
93.0677
93.0635
93.0622
93.0744
93.0879
93.095
93.0948
93.0948
93.1003
93.1003
93.1015
93.1
93.101
93.1025
93.1015
93.1007
93.0998
93.0981
93.1006
93.0986
93.0959
93.0906
93.0823
93.0748
93.0696
93.0679
93.0584
93.0556
93.0641
93.0741
93.0863
93.1011
93.1302
93.1508
93.1787
93.2175
93.2497
93.288
93.3259
93.3632
93.3972
93.431
93.4679
93.499
93.5334
93.571
93.6087
93.6495
93.6845
93.719
93.7537
93.7892
93.8342
93.8644
93.8903
93.9185
93.9465
93.9721
93.995
94.0235
94.0506
94.075
94.0972
94.124
94.1462
94.172
94.1984
94.2272
94.2522
94.2755
94.2979
94.319
94.3414
94.3631
94.3842
94.4042
94.4233
94.4401
94.4318
94.4238
94.4248
94.4181
94.4111
94.4121
94.4096
94.4058
94.4152
94.4192
94.4154
94.4077
94.3968
94.3819
94.3654
94.3479
94.3299
94.3064
94.2873
94.2584
94.2329
94.2121
94.1933
94.1708
94.1434
94.1176
94.0911
94.0669
94.0423
94.022
94.0068
93.9913
93.9754
93.9619
93.938
93.9299
93.9297
93.9294
93.9317
93.9255
93.9237
93.9223
93.9235
93.9208
93.9202
93.9186
93.9156
93.9084
93.9
93.8907
93.8812
93.8733
93.8628
93.8559
93.8491
93.8469
93.8361
93.8354
93.8347
93.838
93.8628
93.8892
93.9045
93.9293
93.9517
93.9675
93.9807
93.9904
93.9891
