71.4642
71.5274
71.5894
71.6494
71.7229
71.7962
71.8704
71.9492
72.026
72.1041
72.1858
72.2635
72.3422
72.418
72.4924
72.5677
72.6407
72.7152
72.7876
72.8601
72.9288
72.9957
73.0547
73.1147
73.1882
73.2622
73.332
73.401
73.4645
73.531
73.5995
73.671
73.7404
73.806
73.8759
73.9454
74.019
74.096
74.17
74.2475
74.3212
74.3895
74.4602
74.528
74.5952
74.6669
74.737
74.8062
74.8698
74.9303
74.9902
75.047
75.1024
75.1579
75.2146
75.2696
75.3247
75.3446
75.3476
75.3576
75.3746
75.386
75.3977
75.4096
75.4172
75.4245
75.4293
75.4316
75.4331
75.4342
75.432
75.4319
75.4323
75.4376
75.4436
75.4518
75.4646
75.477
75.5046
75.5398
75.5823
75.6287
75.6784
75.7379
75.7837
75.8254
75.8691
75.9094
75.9545
75.9924
76.028
76.0599
76.091
76.1259
76.154
76.1841
76.2026
76.2196
76.2366
76.2535
76.2751
76.2988
76.319
76.3243
76.3285
76.3315
76.3412
76.3487
76.3568
76.3626
76.3706
76.3793
76.3832
76.386
76.3888
76.3882
76.3834
76.4037
76.4268
76.4375
76.4399
76.4474
76.4555
76.4644
76.4696
76.4736
76.4775
76.4763
76.4783
76.4821
76.4871
76.4964
76.5024
76.5089
76.5103
76.5058
76.4984
76.4939
76.4761
76.4491
76.4148
76.3774
76.3445
76.303
76.2616
76.2256
76.1877
76.1533
76.1176
76.0853
76.0516
76.0169
75.9873
75.9584
75.9259
75.8903
75.8608
75.8326
75.8031
75.7721
75.7346
75.6959
75.6581
75.6314
75.6064
75.5815
75.5503
75.5213
75.4894
75.4622
75.4277
75.3922
75.3476
75.3001
75.2564
75.2153
75.1774
75.136
75.0952
75.0531
75.0166
74.979
74.9385
74.8972
74.856
74.8137
74.77
74.7332
74.695
74.6595
74.6258
74.5921
74.5604
74.5257
74.4951
