86.5333
86.6041
86.6759
86.7419
86.8086
86.8703
86.9258
86.9816
87.0377
87.0948
87.1512
87.2056
87.2558
87.3049
87.3536
87.4063
87.4597
87.5102
87.5602
87.6135
87.6659
87.7172
87.7741
87.8302
87.8825
87.936
87.9884
88.0421
88.0874
88.1381
88.1866
88.2354
88.2858
88.3393
88.3943
88.449
88.508
88.5682
88.6259
88.677
88.7237
88.7682
88.8125
88.8547
88.8932
88.9304
88.9659
89.0025
89.0347
89.0719
89.0982
89.1134
89.1259
89.1446
89.1658
89.1821
89.1949
89.1741
89.1363
89.1159
89.0924
89.0693
89.0449
89.0216
89.0046
88.9904
88.9784
88.9654
88.9531
88.9399
88.928
88.9146
88.9044
88.9009
88.9019
88.8989
88.9088
88.9129
88.9213
88.9284
88.9372
88.9489
88.9499
88.9576
88.9661
88.9762
88.9889
89.0022
89.0184
89.0241
89.0241
89.0252
89.0247
89.0246
89.0235
89.0211
89.0111
89.001
88.992
88.99
88.9922
88.9942
88.9957
88.9979
89.0049
89.0034
89.0007
89.0037
89.0106
89.0156
89.0299
89.051
89.073
89.0902
89.1017
89.1117
89.1217
89.1532
89.1919
89.2172
89.2421
89.2612
89.2841
89.3067
89.3234
89.3357
89.3479
89.3561
89.3641
89.3719
89.3785
89.385
89.3987
89.4059
89.4126
89.4189
89.4121
89.4142
89.4122
89.4107
89.4068
89.399
89.3945
89.387
89.3864
89.3858
89.384
89.382
89.3788
89.3753
89.3741
89.3695
89.3686
89.3658
89.36
89.3537
89.349
89.3357
89.3234
89.3132
89.2992
89.2867
89.2762
89.2665
89.2528
89.2517
89.255
89.2552
89.2593
89.2603
89.2551
89.2559
89.2522
89.2519
89.2561
89.2614
89.2687
89.2748
89.2848
89.2948
89.3053
89.3181
89.3306
89.3423
89.3544
89.3691
89.3828
89.3974
89.4129
89.4294
89.4451
89.4646
89.4789
89.4963
89.5108
