187.8958
187.8546
187.8312
187.8219
187.822
187.8391
187.8678
187.8868
187.911
187.9322
187.9373
187.9471
187.9607
187.9749
187.9899
188.0135
188.0371
188.0658
188.1065
188.1614
188.2018
188.2396
188.2812
188.3376
188.3812
188.4453
188.4809
188.525
188.5683
188.6107
188.6452
188.6694
188.6938
188.7041
188.7065
188.7143
188.7215
188.7203
188.7267
188.7257
188.7274
188.7242
188.7206
188.7138
188.7074
188.7042
188.7082
188.7052
188.7076
188.7202
188.7332
188.7483
188.7693
188.7984
188.8335
188.8725
188.9165
188.9504
188.9776
188.9989
189.0194
189.0345
189.0402
189.0445
189.0464
189.049
189.0516
189.0704
189.0909
189.1157
189.1492
189.1703
189.1982
189.2294
189.2612
189.2717
189.2935
189.313
189.3338
189.3471
189.3677
189.3946
189.4143
189.4256
189.4733
189.5019
189.5456
189.5893
189.6361
189.6815
189.7296
189.7781
189.8256
189.8734
189.9172
189.9594
189.9995
190.0409
190.083
190.1258
190.164
190.1905
190.2232
190.2526
190.3026
190.3547
190.3841
190.4198
190.4522
190.483
190.5072
190.5408
190.5678
190.5885
190.5993
190.6131
190.6276
190.6404
190.6586
190.6769
190.6984
190.7123
190.7264
190.7434
190.7601
190.7766
190.7891
190.7941
190.8056
190.8208
190.8264
190.8361
190.8441
190.8472
190.8607
190.8933
190.9096
190.9313
190.9512
190.9807
191.0085
191.0262
191.0499
191.0698
191.0837
191.1092
191.1331
191.1525
191.1846
191.2142
191.2371
191.261
191.2803
191.2938
191.3153
191.3453
191.3767
191.4027
191.4357
191.4692
191.5047
191.5558
191.6008
191.6428
191.6661
191.6841
191.7174
191.7495
191.7805
191.8068
191.8365
191.8595
191.8818
191.9042
191.9307
191.9584
191.9871
192.0166
192.0463
192.0747
192.1048
192.1349
192.1688
192.2009
192.2411
192.2683
192.2989
192.3346
192.3611
192.3819
192.4189
192.4502
192.4789
192.507
192.5328
192.5628
192.6046
