34.5409
34.5478
34.5529
34.5473
34.5448
34.5353
34.5274
34.5208
34.5183
34.5161
34.5213
34.5247
34.5335
34.5431
34.5504
34.5604
34.5667
34.5729
34.5781
34.5819
34.5844
34.5838
34.5853
34.591
34.5976
34.6038
34.614
34.6209
34.6299
34.6406
34.655
34.6676
34.6767
34.6849
34.6969
34.7072
34.7124
34.7144
34.7164
34.721
34.7236
34.7249
34.7241
34.7236
34.7239
34.7204
34.7194
34.7213
34.7209
34.7246
34.7253
34.7216
34.7214
34.7211
34.7166
34.7098
34.7029
34.6915
34.676
34.6654
34.6611
34.6534
34.6473
34.6428
34.6384
34.6342
34.6307
34.6284
34.6234
34.6187
34.608
34.598
34.5872
34.5763
34.5673
34.5578
34.555
34.5525
34.5555
34.5555
34.5588
34.5613
34.5647
34.5647
34.5618
34.5602
34.5546
34.55
34.547
34.5432
34.5418
34.5425
34.5411
34.5436
34.5514
34.5599
34.5637
34.5683
34.5733
34.5757
34.5794
34.5848
34.5882
34.5909
34.5939
34.6007
34.6049
34.603
34.6045
34.6029
34.5994
34.6017
34.6007
34.5992
34.5989
34.599
34.5996
34.6024
34.6039
34.605
34.6037
34.6029
34.6029
34.6019
34.6016
34.6024
34.6029
34.6043
34.6056
34.6055
34.6033
34.6041
34.6035
34.6056
34.6071
34.6099
34.6076
34.6077
34.6022
34.6038
34.6028
34.6002
34.5955
34.5913
34.5905
34.5867
34.5824
34.5807
34.5778
34.5763
34.571
34.568
34.5638
34.5548
34.5404
34.5257
34.5182
34.5085
34.499
34.4881
34.4778
34.4689
34.4656
34.4588
34.4525
34.4435
34.439
34.44
34.4428
34.4441
34.455
34.4626
34.4651
34.4666
34.4701
34.472
34.4727
34.4744
34.4785
34.4814
34.4837
34.4897
34.4939
34.4969
34.4987
34.5004
34.5019
34.5026
34.5026
34.5024
34.5059
34.5084
34.5102
34.5094
34.5096
