98.9472
99.0167
99.0844
99.1385
99.189
99.2386
99.2786
99.3185
99.3544
99.3923
99.4358
99.4826
99.5224
99.5604
99.6024
99.6458
99.686
99.7206
99.7611
99.8059
99.853
99.9026
99.9621
100.0208
100.0729
100.129
100.1916
100.2646
100.3373
100.4153
100.495
100.5758
100.6473
100.7175
100.7855
100.8533
100.925
101.0062
101.08
101.145
101.2038
101.258
101.315
101.3693
101.4167
101.475
101.5323
101.5968
101.6564
101.7156
101.7749
101.8204
101.8699
101.9273
101.9844
102.0348
102.0816
102.0821
102.0604
102.0541
102.0509
102.0376
102.022
102.0163
102.0143
102.0151
102.0229
102.0373
102.0538
102.0751
102.0945
102.1107
102.1348
102.1708
102.2055
102.2368
102.2795
102.3167
102.3548
102.3873
102.4099
102.4331
102.4486
102.4708
102.4976
102.5186
102.5394
102.5524
102.5612
102.5646
102.5622
102.5574
102.5567
102.5572
102.5576
102.5609
102.5569
102.5437
102.534
102.5334
102.5394
102.5474
102.5524
102.5702
102.6025
102.6054
102.6053
102.6069
102.6089
102.6099
102.6072
102.6142
102.6136
102.6041
102.5904
102.5751
102.566
102.5867
102.6182
102.6391
102.657
102.6721
102.6917
102.704
102.711
102.716
102.7199
102.7194
102.7192
102.712
102.6968
102.6823
102.6773
102.6615
102.6441
102.6233
102.5993
102.589
102.5739
102.563
102.5589
102.5514
102.5364
102.5125
102.4952
102.4818
102.465
102.4446
102.4287
102.4119
102.3983
102.3809
102.3651
102.3484
102.3304
102.3136
102.2984
102.2806
102.2591
102.2444
102.2336
102.2236
102.2177
102.2036
102.1779
102.1752
102.1772
102.1751
102.1591
102.1463
102.1347
102.1352
102.1365
102.141
102.1501
102.159
102.1616
102.1655
102.174
102.1841
102.1947
102.2102
102.2249
102.2374
102.2536
102.2727
102.2887
102.3067
102.3237
102.3425
102.3694
102.3971
102.4131
102.4301
102.4451
