131.5934
131.6749
131.7625
131.8398
131.915
131.9858
132.0558
132.1248
132.1876
132.2588
132.3223
132.3886
132.4478
132.5073
132.5628
132.6196
132.6802
132.7334
132.7951
132.8591
132.9229
132.9828
133.0571
133.1275
133.1907
133.2512
133.307
133.3655
133.4338
133.5156
133.5769
133.6259
133.6836
133.7431
133.8009
133.8674
133.9413
134.0211
134.0948
134.1636
134.2258
134.2872
134.3438
134.3991
134.4552
134.5087
134.56
134.6125
134.6649
134.7294
134.785
134.8302
134.8639
134.9034
134.9479
134.9818
135.0191
135.027
135.0261
135.0355
135.0462
135.0545
135.0641
135.0762
135.0895
135.1122
135.1322
135.1516
135.1811
135.2081
135.2352
135.2617
135.2929
135.3244
135.3607
135.3982
135.4342
135.4759
135.5186
135.5554
135.6006
135.6488
135.6843
135.7323
135.7824
135.8314
135.8833
135.9328
135.9779
136.0127
136.0457
136.0727
136.0882
136.1017
136.1136
136.1228
136.1278
136.1348
136.1403
136.1483
136.1559
136.1644
136.181
136.2027
136.2196
136.2239
136.223
136.2289
136.2369
136.2205
136.2149
136.2129
136.2187
136.2219
136.2216
136.2178
136.2131
136.2208
136.24
136.2552
136.2614
136.2675
136.2705
136.2779
136.2824
136.2806
136.2799
136.2724
136.2589
136.2421
136.2348
136.2284
136.2208
136.2137
136.2013
136.1842
136.1702
136.1582
136.1403
136.1322
136.1127
136.0853
136.0577
136.0223
135.9932
135.9675
135.9442
135.9178
135.8928
135.8688
135.8482
135.8297
135.8195
135.8085
135.7986
135.7873
135.7734
135.7416
135.7138
135.6849
135.6499
135.6184
135.5808
135.5363
135.4949
135.4743
135.4577
135.4392
135.4062
135.3817
135.346
135.3105
135.274
135.232
135.1892
135.1497
135.106
135.0627
135.0252
134.9865
134.9508
134.916
134.8791
134.8376
134.7976
134.7581
134.7155
134.682
134.6512
134.6212
134.5815
134.5433
134.5036
134.4634
134.4303
