65.594
65.666
65.7388
65.8085
65.883
65.9655
66.0514
66.1355
66.2195
66.308
66.4011
66.493
66.5833
66.6715
66.7562
66.8506
66.9452
67.0355
67.121
67.209
67.2952
67.3812
67.4659
67.5503
67.6399
67.7288
67.8096
67.8797
67.9452
68.0171
68.0746
68.1326
68.1901
68.2471
68.3008
68.349
68.4028
68.4561
68.5045
68.5531
68.5923
68.6308
68.6698
68.7045
68.7398
68.7779
68.8137
68.8497
68.8822
68.9174
68.9522
68.9908
69.0216
69.0499
69.0657
69.0782
69.0917
69.0627
69.0274
69.0071
68.9999
68.9902
68.9794
68.9697
68.9522
68.933
68.9088
68.8886
68.8674
68.8445
68.8195
68.7962
68.7727
68.7515
68.7306
68.7043
68.6824
68.6639
68.6494
68.6404
68.6324
68.6212
68.6032
68.5848
68.5627
68.541
68.5228
68.5153
68.5127
68.5058
68.4955
68.484
68.471
68.4592
68.4493
68.4376
68.4207
68.4087
68.3964
68.3852
68.3802
68.3752
68.3699
68.3755
68.3829
68.385
68.3887
68.3919
68.3969
68.3939
68.389
68.3774
68.3739
68.3709
68.3834
68.3903
68.3961
68.4183
68.4456
68.4589
68.4635
68.4777
68.4925
68.5077
68.5202
68.5325
68.5451
68.5533
68.5631
68.5726
68.5836
68.5946
68.6101
68.6251
68.6351
68.6395
68.6351
68.6316
68.6288
68.6073
68.5863
68.561
68.5408
68.5175
68.4998
68.4833
68.4685
68.4545
68.4416
68.4322
68.4212
68.4102
68.4021
68.3934
68.3777
68.3631
68.3451
68.3232
68.3014
68.2866
68.2677
68.2492
68.2316
68.1946
68.1584
68.1284
68.0971
68.0687
68.0406
68.0162
67.9949
67.9757
67.9459
67.9152
67.8807
67.8549
67.8306
67.8077
67.7831
67.7616
67.7451
67.7179
67.6912
67.6622
67.6396
67.6191
67.5963
67.5771
67.554
67.5321
67.5086
67.4869
67.4599
67.4336
67.4137
