326.33
306.3
307.38
303.13
314.3
324.5
319.97
321.22
313.45
315.66
323.22
324.2
325.8
330.01
334.15
338.12
326.29
332.51
321.04
316.13
311.22
343.15
343.3
352.75
357.4
358.95
354.66
353.62
362.6
359.37
362.52
351.59
345.8
331.85
337.37
338.3
349.74
347.3
339.72
338.75
347.0
352.82
353.69
345.89
341.56
343.45
342.3
350.0
360.4
359.59
362.63
372.7
377.68
373.57
371.07
364.51
350.88
342.88
340.9
340.5
335.4
338.6
335.51
331.28
349.6
351.35
352.25
342.67
345.53
351.15
352.64
353.68
347.16
350.07
354.13
348.2
344.34
336.25
336.16
323.56
323.2
316.66
317.25
320.18
320.26
292.63
295.13
299.01
300.03
301.3
296.3
301.85
299.11
306.9
301.5
311.3
313.15
304.75
308.71
311.84
