74.723
74.767
74.8102
74.8498
74.8896
74.9315
74.9745
75.0158
75.0577
75.0903
75.1257
75.1602
75.1966
75.2301
75.2626
75.2948
75.333
75.3725
75.4085
75.4448
75.48
75.5191
75.5612
75.6011
75.6397
75.6779
75.7199
75.7651
75.8007
75.8449
75.8711
75.902
75.9333
75.9632
75.9962
76.0281
76.0534
76.0787
76.1026
76.1249
76.1441
76.1667
76.1936
76.2124
76.2347
76.2603
76.2783
76.2953
76.3167
76.337
76.3496
76.365
76.3868
76.4078
76.4282
76.4465
76.4598
76.4735
76.4919
76.5099
76.5245
76.5435
76.5601
76.576
76.5927
76.6118
76.6278
76.6432
76.6611
76.6832
76.7064
76.7229
76.7381
76.7559
76.7769
76.7899
76.8111
76.8376
76.8622
76.8891
76.9153
76.9381
76.9565
76.9794
77.001
77.0224
77.0417
77.0579
77.0772
77.095
77.1172
77.1366
77.1548
77.1735
77.1918
77.2125
77.2349
77.2584
77.283
77.3083
77.3298
77.3498
77.3725
77.4001
77.4306
77.461
77.4979
77.5354
77.5704
77.6079
77.6509
77.6909
77.7272
77.7642
77.8
77.8378
77.8756
77.9111
77.9448
77.9769
78.0089
78.0376
78.0651
78.0914
78.1178
78.1474
78.1776
78.2026
78.2254
78.248
78.2769
78.3139
78.3527
78.3915
78.4251
78.4659
78.4961
78.5188
78.5441
78.5676
78.596
78.6212
78.6467
78.6704
78.6938
78.7148
78.7368
78.7578
78.7795
78.7998
78.8186
78.8402
78.8626
78.8844
78.9041
78.9237
78.9417
78.9592
78.9831
79.0092
79.0312
79.0542
79.0789
79.1005
79.119
79.1364
79.1515
79.1657
79.1775
79.186
79.1967
79.2073
79.2188
79.2287
79.2379
79.2468
79.2564
79.2659
79.2754
79.2858
79.2949
79.3044
79.3182
79.3319
79.3477
79.3614
79.3727
79.3933
79.4147
79.4387
79.4539
79.469
79.484
79.4992
79.5191
79.5383
79.5583
