72.4252
72.4385
72.457
72.4672
72.4767
72.4953
72.5087
72.524
72.542
72.5599
72.5782
72.5994
72.6208
72.6408
72.664
72.6858
72.7068
72.7263
72.7438
72.7614
72.7777
72.7927
72.8065
72.8182
72.8182
72.8203
72.8212
72.8301
72.8431
72.8618
72.8827
72.8993
72.9112
72.9247
72.942
72.9583
72.9743
72.9897
73.0033
73.0183
73.034
73.0465
73.0498
73.0505
73.0487
73.0507
73.0533
73.0567
73.061
73.0692
73.0797
73.0913
73.1028
73.112
73.1285
73.1448
73.16
73.1775
73.1977
73.2213
73.2445
73.2644
73.2821
73.3032
73.3267
73.352
73.3759
73.3944
73.4094
73.4215
73.434
73.4421
73.4462
73.4519
73.4569
73.464
73.466
73.4674
73.4757
73.4771
73.4829
73.4921
73.5051
73.5219
73.5469
73.5717
73.5959
73.6141
73.6304
73.6413
73.6501
73.6623
73.6778
73.6899
73.6993
73.7093
73.7211
73.7323
73.7433
73.7536
73.7649
73.7777
73.7912
73.806
73.8194
73.8369
73.8532
73.867
73.8797
73.8882
73.8933
73.9011
73.9069
73.9133
73.9126
73.9124
73.9141
73.9134
73.913
73.9045
73.898
73.8911
73.8817
73.8704
73.8579
73.842
73.825
73.8095
73.7948
73.7805
73.7733
73.7655
73.7636
73.7681
73.771
73.772
73.7805
73.7876
73.7903
73.7985
73.8038
73.8053
73.801
73.7965
73.7955
73.7915
73.7895
73.7886
73.7881
73.7863
73.784
73.779
73.7745
73.7713
73.769
73.7657
73.7625
73.766
73.7725
73.773
73.772
73.7728
73.7748
73.777
73.78
73.7773
73.7732
73.7721
73.7719
73.7714
73.7728
73.7704
73.7701
73.7704
73.7708
73.7706
73.7714
73.7734
73.777
73.7814
73.7862
73.7917
73.7971
73.8035
73.8149
73.8279
73.8487
73.8658
73.8821
73.8997
73.9101
73.9219
73.9309
73.932
73.9341
73.9376
73.9404
73.9471
73.9542
