17.42
17.63
17.97
17.77
18.1
18.91
19.08
19.33
19.73
19.41
19.83
20.18
20.0
19.82
19.69
19.27
16.5
16.52
16.0
15.91
15.95
16.05
16.13
16.24
16.05
15.96
15.73
15.67
16.01
15.93
15.96
15.86
15.77
15.93
16.14
16.44
16.78
16.51
16.61
16.6
16.8
16.88
16.58
16.44
16.52
16.83
17.08
17.27
17.7
18.09
17.94
17.95
17.47
17.48
17.51
17.35
17.42
16.82
16.57
16.76
16.75
16.75
16.78
17.12
17.5
17.74
17.66
17.65
17.39
17.43
17.73
18.35
18.23
18.11
17.97
17.65
17.83
17.34
17.23
17.03
18.9
20.15
21.06
20.46
20.4
19.64
19.52
19.26
19.51
19.37
19.36
19.74
19.93
19.88
19.73
19.99
20.25
20.7
21.15
21.8
