91.0712
91.0918
91.1053
91.1128
91.1206
91.1344
91.1549
91.1758
91.1953
91.211
91.2273
91.2443
91.2613
91.2748
91.2906
91.3044
91.3179
91.3302
91.345
91.3558
91.3752
91.4001
91.4301
91.4621
91.496
91.526
91.5564
91.5817
91.6055
91.6285
91.652
91.6766
91.7044
91.7285
91.7493
91.7695
91.7942
91.8204
91.8436
91.8601
91.8794
91.8987
91.9219
91.9446
91.9674
91.9911
92.0143
92.0305
92.0464
92.0634
92.079
92.0889
92.0965
92.1078
92.1117
92.118
92.1152
92.1146
92.1186
92.122
92.124
92.1295
92.1406
92.1522
92.1637
92.1759
92.1818
92.1869
92.1895
92.1877
92.1845
92.176
92.1685
92.1578
92.1473
92.1388
92.1297
92.1228
92.1167
92.113
92.0965
92.0737
92.0443
92.0063
91.9668
91.9321
91.8976
91.8625
91.8231
91.7826
91.7459
91.7117
91.6752
91.638
91.5996
91.559
91.518
91.475
91.437
91.4073
91.3766
91.3497
91.3162
91.2834
91.2486
91.2112
91.174
91.1433
91.1107
91.0752
91.0457
91.0197
90.9923
90.9639
90.9362
90.9111
90.8897
90.8661
90.8416
90.8173
90.7938
90.7733
90.7515
90.729
90.7055
90.6809
90.6577
90.6332
90.6111
90.5941
90.5788
90.5695
90.5605
90.5577
90.5573
90.5546
90.5556
90.5538
90.5496
90.5453
90.5436
90.5423
90.5435
90.5498
90.5553
90.5596
90.5614
90.5651
90.5696
90.5775
90.582
90.5845
90.588
90.5892
90.592
90.5975
90.6043
90.6135
90.6148
90.615
90.6208
90.6241
90.6254
90.6296
90.6329
90.6375
90.6432
90.6499
90.6572
90.6665
90.6732
90.679
90.6845
90.6909
90.6977
90.7035
90.708
90.7139
90.7222
90.731
90.7405
90.7468
90.7513
90.7568
90.7543
90.757
90.759
