96.8936
96.8955
96.8971
96.8965
96.8968
96.8954
96.8956
96.8985
96.9004
96.9009
96.899
96.8962
96.8952
96.8941
96.8932
96.892
96.892
96.8892
96.8862
96.885
96.885
96.8828
96.8788
96.8743
96.8648
96.8559
96.8523
96.8517
96.8634
96.8824
96.8969
96.913
96.9249
96.9302
96.9351
96.9353
96.9337
96.9323
96.9281
96.9234
96.9244
96.9258
96.9285
96.9278
96.9272
96.9265
96.9259
96.9205
96.915
96.914
96.9154
96.9175
96.9214
96.9305
96.9447
96.9644
96.9812
97.0016
97.0238
97.0441
97.0634
97.0804
97.102
97.1235
97.1463
97.1718
97.1981
97.2258
97.2554
97.2861
97.3183
97.3514
97.3828
97.415
97.4455
97.4722
97.502
97.5308
97.5525
97.5725
97.5913
97.6125
97.6343
97.6537
97.6781
97.7062
97.7295
97.751
97.7694
97.7794
97.7861
97.7881
97.7897
97.7969
97.8076
97.821
97.8355
97.8509
97.8664
97.8837
97.8945
97.9035
97.9103
97.9239
97.9374
97.9563
97.9736
97.9974
98.025
98.0495
98.0722
98.0959
98.1159
98.1333
98.1488
98.1647
98.1762
98.1872
98.1985
98.2137
98.2301
98.2476
98.2578
98.266
98.2733
98.2788
98.281
98.2828
98.2829
98.2804
98.2864
98.2901
98.3009
98.3154
98.3297
98.3455
98.3525
98.366
98.385
98.403
98.4224
98.4404
98.4602
98.4819
98.5042
98.5227
98.5408
98.5581
98.5726
98.5891
98.6053
98.6261
98.647
98.6688
98.6905
98.711
98.7297
98.7488
98.7712
98.7836
98.8008
98.8205
98.8407
98.8597
98.8772
98.8868
98.8947
98.8988
98.8979
98.8968
98.8954
98.894
98.8925
98.8916
98.888
98.8813
98.8771
98.8722
98.8692
98.8652
98.8578
98.8504
98.8438
98.8386
98.8331
98.8281
98.8351
98.8406
98.8469
98.8572
98.8617
98.8677
98.8654
98.8584
98.8522
98.8476
98.8506
98.8487
98.8487
