53.9957
53.9866
53.9763
53.9693
53.9606
53.9515
53.9395
53.9271
53.9166
53.9061
53.895
53.8846
53.8744
53.8643
53.8535
53.8446
53.836
53.8269
53.8174
53.8091
53.7977
53.7846
53.7629
53.7401
53.7156
53.6864
53.6568
53.6284
53.6053
53.581
53.5618
53.5405
53.5182
53.4982
53.4808
53.4628
53.4429
53.4233
53.405
53.3847
53.365
53.3442
53.322
53.3003
53.2778
53.2551
53.2339
53.2122
53.1905
53.1712
53.1517
53.1377
53.1218
53.1057
53.0904
53.0809
53.0722
53.0587
53.0469
53.0344
53.0212
53.0061
52.9909
52.9764
52.9629
52.9518
52.9413
52.9302
52.918
52.9104
52.902
52.8916
52.8806
52.8695
52.8588
52.8465
52.8303
52.8153
52.8045
52.7956
52.7885
52.7823
52.783
52.7856
52.7888
52.7973
52.8088
52.8195
52.8276
52.8346
52.8442
52.8524
52.8632
52.8729
52.8816
52.8943
52.9083
52.9228
52.9354
52.9485
52.9599
52.972
52.9799
52.9895
52.9976
53.0069
53.0121
53.0196
53.0271
53.0349
53.0453
53.0506
53.0563
53.0619
53.0683
53.0744
53.0837
53.0942
53.105
53.1157
53.128
53.1394
53.1504
53.1614
53.1729
53.182
53.1906
53.2
53.2103
53.2152
53.2283
53.2418
53.2558
53.2683
53.2856
53.3038
53.324
53.3425
53.3552
53.3657
53.377
53.3882
53.401
53.4138
53.4278
53.4421
53.4549
53.4676
53.4785
53.4895
53.499
53.51
53.5203
53.5321
53.5418
53.5484
53.5536
53.5576
53.5631
53.5678
53.5753
53.5828
53.5943
53.6029
53.6129
53.6216
53.6343
53.6444
53.6536
53.6611
53.6656
53.6723
53.6809
53.6894
53.6973
53.7026
53.7059
53.7074
53.7082
53.711
53.7134
53.717
53.719
53.7212
53.7235
53.7265
53.7264
53.7278
53.7266
53.7263
53.7206
53.7138
53.7074
53.7022
53.6937
53.6835
53.6737
53.6648
53.6573
