11.4666
11.4703
11.4761
11.4812
11.4874
11.4964
11.5041
11.513
11.5225
11.5311
11.541
11.5518
11.564
11.576
11.5879
11.6012
11.6145
11.6269
11.639
11.6519
11.6655
11.6798
11.6941
11.709
11.7266
11.7419
11.7557
11.7654
11.7751
11.7859
11.7985
11.8111
11.8229
11.8347
11.8471
11.8577
11.8695
11.8807
11.8904
11.9005
11.9098
11.9175
11.9249
11.9318
11.9399
11.9478
11.956
11.9641
11.9723
11.9797
11.9871
11.9893
11.993
11.9971
12.0
12.0036
12.0074
12.0043
11.9982
11.9909
11.9869
11.9829
11.9771
11.9711
11.9655
11.9604
11.9549
11.9494
11.9434
11.9372
11.9309
11.9235
11.9152
11.9085
11.9018
11.8951
11.8901
11.8856
11.8836
11.8809
11.8791
11.8765
11.8725
11.8684
11.8618
11.8569
11.8539
11.8557
11.8582
11.8588
11.8577
11.8561
11.8551
11.8541
11.8538
11.8536
11.8517
11.851
11.8514
11.8508
11.851
11.8513
11.8511
11.8521
11.8516
11.8495
11.8466
11.8434
11.8399
11.8366
11.8329
11.8342
11.8343
11.8339
11.8335
11.8321
11.8305
11.831
11.8338
11.836
11.8373
11.8386
11.8402
11.8412
11.8416
11.8405
11.8397
11.8389
11.8393
11.839
11.8393
11.8361
11.8343
11.8336
11.8311
11.8281
11.8236
11.8188
11.8119
11.8052
11.7974
11.7902
11.7842
11.7783
11.7713
11.7647
11.7576
11.7498
11.7417
11.7344
11.7283
11.7213
11.7144
11.7072
11.6988
11.6903
11.6837
11.6769
11.6725
11.669
11.6655
11.6632
11.6622
11.6601
11.6605
11.661
11.6624
11.6662
11.6702
11.6756
11.6807
11.6857
11.6906
11.6963
11.7043
11.7116
11.7188
11.7255
11.7325
11.7395
11.748
11.7562
11.7637
11.7717
11.7799
11.7873
11.7953
11.8038
11.8124
11.8223
11.8315
11.8446
11.8565
11.8652
