12.8466
12.8523
12.8588
12.8651
12.8726
12.8821
12.8898
12.898
12.907
12.9168
12.9283
12.9397
12.9516
12.9641
12.9774
12.9922
13.006
13.0188
13.0326
13.0467
13.0623
13.0775
13.0928
13.1125
13.1291
13.144
13.1548
13.165
13.1753
13.1888
13.2025
13.2161
13.2296
13.2432
13.2552
13.2678
13.28
13.2908
13.3023
13.3126
13.3216
13.3303
13.3374
13.3465
13.3554
13.364
13.3724
13.3803
13.3884
13.3956
13.3984
13.4023
13.4068
13.4093
13.412
13.4142
13.4098
13.4024
13.3947
13.3912
13.3875
13.3828
13.3771
13.3718
13.367
13.3625
13.3585
13.354
13.3494
13.3444
13.3374
13.3302
13.324
13.3179
13.3109
13.3066
13.3026
13.3005
13.2975
13.2952
13.2922
13.2886
13.2843
13.277
13.2716
13.268
13.2686
13.2711
13.2719
13.2706
13.2682
13.2662
13.2645
13.2636
13.2627
13.2605
13.2594
13.2592
13.2581
13.2573
13.2565
13.2551
13.2554
13.2554
13.2539
13.2507
13.2477
13.2443
13.2403
13.2372
13.2379
13.2377
13.2372
13.2377
13.2365
13.236
13.237
13.2406
13.2435
13.244
13.245
13.245
13.2452
13.2439
13.2408
13.2375
13.2341
13.2321
13.2302
13.2286
13.2273
13.2228
13.2186
13.2153
13.2113
13.2045
13.1982
13.1906
13.183
13.1748
13.1668
13.1604
13.1544
13.1476
13.1413
13.1344
13.1269
13.1185
13.1115
13.1045
13.0983
13.0916
13.0841
13.0757
13.0675
13.0597
13.0513
13.043
13.0388
13.0353
13.0333
13.0328
13.0316
13.0308
13.0323
13.0347
13.0375
13.0415
13.0455
13.0518
13.0574
13.0629
13.0687
13.0752
13.084
13.0921
13.1002
13.1079
13.1163
13.1247
13.134
13.1432
13.1517
13.16
13.1693
13.1784
13.1877
13.1978
13.2084
13.2181
13.2284
13.2422
13.2551
13.2663
