59.6625
59.6925
59.7283
59.7655
59.8071
59.8485
59.8886
59.9316
59.9768
60.0241
60.0739
60.1248
60.1782
60.2291
60.2815
60.334
60.3853
60.4367
60.4878
60.535
60.5824
60.6313
60.6841
60.7384
60.8002
60.8639
60.9301
60.9955
61.0531
61.1196
61.1899
61.26
61.3191
61.3798
61.4405
61.5002
61.5595
61.6205
61.6782
61.7341
61.792
61.8483
61.9046
61.9643
62.0193
62.077
62.1336
62.1917
62.2502
62.3051
62.3562
62.4067
62.453
62.5061
62.5598
62.6045
62.6497
62.6702
62.6826
62.7001
62.7248
62.7513
62.7742
62.7965
62.817
62.8374
62.8594
62.8782
62.8929
62.9051
62.9155
62.9219
62.9289
62.9384
62.9464
62.9533
62.9785
63.0064
63.029
63.0599
63.0944
63.1261
63.1499
63.1773
63.1931
63.2056
63.2154
63.2228
63.2363
63.239
63.2342
63.2271
63.2236
63.2102
63.2049
63.1974
63.1869
63.1765
63.1649
63.1549
63.1442
63.1354
63.1229
63.1042
63.0877
63.0631
63.047
63.0278
63.0078
62.9946
62.9884
62.9812
62.9752
62.9601
62.9456
62.9311
62.919
62.9184
62.9222
62.9199
62.9159
62.9089
62.9031
62.8931
62.8822
62.8729
62.8628
62.8535
62.849
62.844
62.8357
62.8303
62.8286
62.8209
62.8134
62.8032
62.7734
62.7434
62.7197
62.6912
62.6569
62.6236
62.5954
62.5632
62.5358
62.5103
62.4838
62.4588
62.4352
62.415
62.3962
62.3759
62.3581
62.3457
62.3267
62.3085
62.2905
62.2727
62.2572
62.2481
62.2399
62.2264
62.2168
62.2138
62.2158
62.2311
62.2362
62.2461
62.2979
62.3436
62.3793
62.4104
62.4394
62.4705
62.5022
62.5339
62.5697
62.6083
62.6457
62.6807
62.7138
62.7471
62.7794
62.8112
62.8443
62.8773
62.9106
62.9434
62.9712
62.9996
63.0307
63.0607
63.0828
63.1087
63.1312
