39.2569
39.2632
39.2722
39.2763
39.2825
39.2879
39.291
39.2928
39.2963
39.2992
39.2998
39.3003
39.2983
39.2966
39.296
39.296
39.2955
39.2954
39.2951
39.2937
39.2915
39.2899
39.29
39.2909
39.2886
39.2848
39.2823
39.2831
39.281
39.2769
39.2772
39.2797
39.2817
39.2827
39.2823
39.2801
39.2774
39.2758
39.2748
39.2735
39.2725
39.2711
39.2698
39.2695
39.2696
39.271
39.2726
39.2756
39.2783
39.282
39.2838
39.2831
39.281
39.2782
39.2749
39.2679
39.2612
39.2524
39.2412
39.2323
39.226
39.2194
39.2134
39.2104
39.2071
39.2045
39.1996
39.1948
39.1893
39.1839
39.1799
39.1757
39.1712
39.1655
39.159
39.152
39.1455
39.1406
39.1371
39.1321
39.1255
39.1178
39.1086
39.0981
39.0909
39.0845
39.0773
39.0685
39.0596
39.0522
39.0429
39.0317
39.0219
39.0122
39.0053
38.9982
38.9918
38.9858
38.98
38.9738
38.9674
38.9608
38.9539
38.9474
38.9411
38.9318
38.9243
38.9143
38.9084
38.9009
38.8954
38.8914
38.8888
38.8853
38.8804
38.8751
38.8719
38.8686
38.8658
38.8633
38.8606
38.8601
38.8593
38.8586
38.86
38.862
38.865
38.8687
38.8715
38.8746
38.8779
38.8809
38.8834
38.8865
38.8895
38.8927
38.8952
38.8961
38.8957
38.8975
38.9066
38.9157
38.9214
38.9276
38.9337
38.9389
38.9446
38.9499
38.9556
38.9607
38.9669
38.9739
38.9802
38.9872
38.9935
38.9998
39.0062
39.012
39.0187
39.0254
39.0325
39.0383
39.0432
39.0478
39.0528
39.0602
39.0659
39.0722
39.0774
39.0799
39.0832
39.0884
39.0951
39.1014
39.1107
39.1207
39.1289
39.1371
39.1446
39.1506
39.1564
39.1615
39.1666
39.1727
39.1774
39.1824
39.1871
39.1915
39.1963
39.2022
39.2068
39.2116
39.2177
39.2238
