97.0821
97.0437
97.0098
96.9855
96.9569
96.9266
96.8974
96.8691
96.8496
96.837
96.8297
96.819
96.8126
96.7958
96.7851
96.7741
96.7661
96.7586
96.75
96.741
96.7364
96.7237
96.7132
96.6782
96.6536
96.6217
96.5894
96.5639
96.5516
96.5553
96.5568
96.5604
96.5549
96.5518
96.555
96.5579
96.5581
96.5563
96.5526
96.5543
96.5573
96.5603
96.5598
96.5638
96.5651
96.5565
96.5425
96.5227
96.5119
96.4985
96.4992
96.4941
96.4828
96.4711
96.4684
96.4751
96.4846
96.4936
96.5075
96.5181
96.5208
96.5266
96.5329
96.5413
96.5574
96.5804
96.5989
96.6251
96.6442
96.6692
96.6917
96.7218
96.7512
96.7873
96.8172
96.8445
96.8672
96.8892
96.9171
96.9441
96.9717
96.9975
97.0175
97.0505
97.076
97.1075
97.14
97.1704
97.1942
97.2201
97.2422
97.2666
97.2894
97.3101
97.3317
97.3548
97.3819
97.4068
97.4334
97.4568
97.4766
97.4957
97.5116
97.5231
97.5389
97.5511
97.5526
97.5586
97.5532
97.5516
97.5314
97.5132
97.4987
97.4863
97.4712
97.4515
97.4293
97.4123
97.391
97.3797
97.371
97.3537
97.3373
97.3217
97.3085
97.2957
97.285
97.2697
97.2544
97.2424
97.2376
97.2088
97.1805
97.1508
97.1245
97.1007
97.0762
97.0517
97.0242
97.0007
96.9829
96.9723
96.9658
96.9685
96.967
96.9639
96.9658
96.9717
96.9775
96.9855
96.9951
97.004
97.0223
97.0413
97.0611
97.0804
97.0937
97.1084
97.1511
97.2128
97.2711
97.3358
97.4038
97.4676
97.5338
97.6055
97.6865
97.7683
97.8541
97.9325
98.0125
98.0918
98.1685
98.2443
98.3228
98.403
98.4805
98.5541
98.6296
98.7025
98.7768
98.853
98.926
98.9906
99.0535
99.1
99.1451
99.192
99.2408
99.2837
99.3154
99.3664
99.4193
99.4713
99.5268
99.5813
99.6351
99.6953
