199.6313
199.666
199.7025
199.6799
199.649
199.6002
199.5325
199.5188
199.517
199.4954
199.4834
199.4678
199.4498
199.4464
199.4349
199.4145
199.4015
199.3981
199.3825
199.3653
199.3518
199.3323
199.2953
199.2497
199.1762
199.1224
199.0761
199.0115
198.9676
198.9362
198.942
198.9433
198.9287
198.9114
198.9112
198.925
198.9418
198.953
198.9667
198.9665
198.9807
199.0245
199.0708
199.1176
199.1499
199.1863
199.2321
199.2747
199.331
199.4095
199.483
199.515
199.5492
199.5788
199.6556
199.7276
199.8065
199.8459
199.8716
199.9105
200.0005
200.0789
200.1435
200.2257
200.3192
200.4051
200.5013
200.5794
200.6587
200.7467
200.8589
200.964
201.0707
201.1734
201.2855
201.3955
201.54
201.6907
201.8299
202.0382
202.2352
202.4575
202.6947
202.9299
203.1833
203.4286
203.6673
203.9328
204.1767
204.4023
204.6264
204.8604
205.1008
205.3379
205.5766
205.7953
206.0204
206.2583
206.4995
206.7602
206.9975
207.2388
207.4845
207.7434
208.0173
208.2501
208.4693
208.6535
208.8372
209.0056
209.1769
209.3766
209.5519
209.7063
209.8285
209.9527
210.0699
210.2014
210.3167
210.4274
210.4871
210.5531
210.6327
210.6979
210.7622
210.8275
210.9101
211.0
211.0761
211.1377
211.1375
211.1947
211.2165
211.225
211.236
211.3134
211.3647
211.4027
211.4225
211.3653
211.3191
211.2686
211.2075
211.1548
211.0991
211.037
210.9779
210.927
210.876
210.8154
210.7483
210.6848
210.6051
210.5276
210.4546
210.3873
210.3172
210.2507
210.1802
210.1598
210.1386
210.1333
210.1052
210.0457
209.9939
209.9852
210.0077
210.0524
210.1011
210.1444
210.1816
210.2284
210.2822
210.3454
210.4191
210.4834
210.5531
210.6379
210.7181
210.7934
210.8683
210.9398
210.9979
211.0533
211.1019
211.1718
211.1744
211.1653
211.1856
211.2237
211.2872
211.3134
211.3628
211.4148
211.4689
211.4771
211.4837
211.4951
211.5332
