224.5517
224.7007
224.8485
224.9019
224.9259
224.9749
225.0377
225.0912
225.1379
225.1802
225.2259
225.2627
225.2797
225.309
225.3441
225.3891
225.4451
225.4991
225.5563
225.6166
225.6646
225.7187
225.8138
225.9244
226.0328
226.1533
226.2787
226.4143
226.5
226.575
226.6393
226.7129
226.7693
226.8088
226.8339
226.8288
226.8021
226.7679
226.7359
226.6987
226.652
226.6022
226.5453
226.4663
226.3876
226.3271
226.2622
226.1912
226.1035
225.9897
225.8785
225.7937
225.7047
225.6142
225.5066
225.3801
225.2362
225.1451
225.0727
224.9866
224.8901
224.7919
224.6977
224.6171
224.5569
224.4872
224.3971
224.3086
224.2266
224.1447
224.0584
223.9762
223.9062
223.8187
223.7204
223.6243
223.5451
223.4632
223.3744
223.2782
223.1881
223.09
222.9485
222.808
222.679
222.5311
222.3776
222.2107
222.0604
221.9119
221.7719
221.6449
221.5251
221.4162
221.3167
221.2294
221.1484
221.0812
221.0195
220.9545
220.8962
220.8505
220.8018
220.7742
220.7422
220.6838
220.6317
220.5736
220.5175
220.504
220.4942
220.4521
220.4191
220.3793
220.363
220.365
220.3735
220.3887
220.3973
220.4123
220.4292
220.4547
220.4877
220.5169
220.5585
220.6047
220.6606
220.716
220.7658
220.8208
220.8784
220.9403
221.002
221.0651
221.1333
221.1966
221.2405
221.281
221.3273
221.3772
221.4251
221.4795
221.5391
221.5836
221.6228
221.6525
221.6808
221.721
221.7629
221.8127
221.8675
221.9198
221.9713
222.0323
222.0875
222.1326
222.1775
222.2154
222.2545
222.2965
222.3342
222.3724
222.4082
222.4399
222.4786
222.5268
222.5719
222.6309
222.6923
222.7296
222.7681
222.8173
222.8511
222.903
222.9355
222.9431
222.9546
222.9574
222.9612
222.9621
222.9587
222.9434
222.9219
222.9021
222.8821
222.8554
222.8169
222.7773
222.7462
222.7163
222.688
222.6573
222.6286
222.5991
222.5763
