54.5143
54.5545
54.5993
54.6395
54.6792
54.7191
54.7567
54.7959
54.835
54.8764
54.9167
54.957
54.9954
55.0324
55.0692
55.1087
55.1489
55.1881
55.2287
55.2699
55.3113
55.3536
55.4013
55.4495
55.495
55.5404
55.585
55.627
55.6665
55.7137
55.759
55.7985
55.841
55.882
55.9247
55.9674
56.0132
56.0605
56.1041
56.144
56.18
56.2138
56.2475
56.2807
56.3115
56.3426
56.372
56.4025
56.4305
56.4618
56.4908
56.5085
56.5236
56.5443
56.5688
56.5866
56.6038
56.6005
56.5857
56.5809
56.5754
56.5672
56.5564
56.5473
56.5425
56.5403
56.5412
56.5405
56.54
56.5385
56.5379
56.5368
56.5365
56.5414
56.5479
56.5522
56.568
56.5841
56.5983
56.6086
56.6186
56.6301
56.635
56.6413
56.6485
56.6556
56.6658
56.6816
56.696
56.7031
56.7096
56.7155
56.7213
56.7281
56.734
56.7396
56.7396
56.739
56.7386
56.7413
56.7471
56.7536
56.7595
56.7651
56.7688
56.768
56.7671
56.7704
56.7766
56.7784
56.7831
56.7951
56.8086
56.8177
56.8209
56.8237
56.8265
56.843
56.868
56.8874
56.9035
56.9179
56.9332
56.9484
56.9578
56.9644
56.9713
56.9744
56.9786
56.9817
56.9819
56.9814
56.9832
56.9829
56.9819
56.9807
56.9674
56.957
56.9469
56.9412
56.9352
56.9269
56.9185
56.9078
56.9005
56.8936
56.8853
56.873
56.8626
56.8526
56.8425
56.8316
56.8216
56.8118
56.7995
56.7865
56.7735
56.7544
56.7369
56.7259
56.7141
56.7038
56.6953
56.6896
56.6863
56.6888
56.6924
56.6923
56.6934
56.6979
56.6986
56.7004
56.6998
56.701
56.7065
56.7131
56.7208
56.729
56.7375
56.7435
56.7503
56.7576
56.766
56.774
56.7822
56.7917
56.802
56.8158
56.8266
56.8395
56.8547
56.8722
56.8884
56.9044
56.9195
