117.4545
117.4862
117.5192
117.5627
117.615
117.6682
117.7212
117.781
117.8417
117.9132
117.9998
118.0931
118.1797
118.2677
118.3543
118.4323
118.5194
118.6039
118.7069
118.8049
118.9078
119.0154
119.1318
119.2665
119.3943
119.5161
119.6409
119.7859
119.9299
120.0798
120.2317
120.3864
120.5461
120.7157
120.8843
121.0438
121.1993
121.353
121.5033
121.657
121.8177
121.9717
122.1227
122.2751
122.4269
122.5849
122.7414
122.8887
123.0286
123.1621
123.2974
123.4281
123.5591
123.6723
123.7509
123.8391
123.9218
124.0028
124.0788
124.1593
124.2394
124.3119
124.3911
124.4706
124.5376
124.6081
124.6811
124.7525
124.8214
124.8866
124.9432
125.0017
125.0785
125.1422
125.2674
125.3893
125.5281
125.66
125.781
125.9178
126.0406
126.1671
126.2871
126.383
126.4857
126.5915
126.698
126.7805
126.8837
126.9676
127.0612
127.1466
127.2237
127.2734
127.3229
127.3848
127.4551
127.5306
127.6025
127.6553
127.7065
127.7411
127.7656
127.7885
127.8105
127.8275
127.8529
127.889
127.9284
127.9666
127.9933
128.0224
128.0487
128.0917
128.1589
128.1961
128.2428
128.2963
128.3596
128.4126
128.4661
128.5348
128.5921
128.6444
128.7094
128.7697
128.8227
128.8735
128.9257
128.9764
129.0228
129.0633
129.0915
129.1276
129.1059
129.0853
129.0404
129.0035
128.9582
128.9014
128.8549
128.7966
128.7424
128.6956
128.6534
128.6055
128.5462
128.4919
128.4267
128.374
128.3158
128.2644
128.2116
128.1739
128.1407
128.1147
128.0831
128.0449
128.0095
127.9907
127.9708
127.9742
127.9913
128.0223
128.0576
128.0786
128.0978
128.1218
128.1363
128.1443
128.156
128.1758
128.1962
128.223
128.2487
128.2772
128.3045
128.3275
128.3501
128.3797
128.4099
128.4282
128.4485
128.4706
128.4854
128.5007
128.5216
128.5427
