113.7091
113.7561
113.7962
113.8225
113.8434
113.8624
113.8879
113.9072
113.9252
113.9479
113.97
113.9935
114.0168
114.0413
114.0675
114.0955
114.121
114.1445
114.1655
114.1851
114.1979
114.2071
114.2141
114.2201
114.2237
114.2319
114.238
114.227
114.2179
114.2134
114.2078
114.1973
114.185
114.1687
114.152
114.1297
114.1063
114.0855
114.0617
114.038
114.0109
113.9854
113.9594
113.9345
113.909
113.8813
113.8657
113.8463
113.8233
113.7994
113.7775
113.7608
113.7403
113.7223
113.7098
113.6981
113.6916
113.6906
113.6951
113.6949
113.6907
113.6834
113.6777
113.677
113.676
113.673
113.6663
113.6611
113.6549
113.6464
113.6393
113.6278
113.6115
113.5926
113.5743
113.5555
113.5326
113.5111
113.4925
113.4738
113.459
113.4457
113.4317
113.4195
113.4088
113.3964
113.3879
113.3811
113.3736
113.365
113.3588
113.3578
113.3567
113.3556
113.3552
113.3559
113.3556
113.3551
113.3573
113.362
113.3627
113.3638
113.3685
113.3717
113.3761
113.3837
113.3777
113.3742
113.3747
113.3778
113.3777
113.3725
113.3703
113.3667
113.3646
113.3617
113.353
113.3438
113.3323
113.3226
113.3109
113.3
113.2881
113.2738
113.256
113.2387
113.2273
113.2091
113.1985
113.1873
113.179
113.1711
113.1701
113.173
113.1721
113.1693
113.171
113.174
113.1766
113.1827
113.1905
113.2013
113.2182
113.232
113.2473
113.2633
113.277
113.2886
113.3023
113.3162
113.3335
113.3463
113.3592
113.3743
113.3862
113.3961
113.4082
113.4205
113.4308
113.4397
113.4548
113.4657
113.4737
113.4817
113.4897
113.4958
113.5016
113.5093
113.5175
113.5256
113.5343
113.5388
113.548
113.5568
113.5644
113.569
113.5781
113.5891
113.592
113.5937
113.5985
113.6028
113.6065
113.6118
113.6135
113.612
113.6081
113.6118
113.6105
113.6115
113.6101
