30.774
30.8
30.8288
30.8471
30.876
30.9105
30.9399
30.9677
30.9915
31.0187
31.0504
31.0824
31.1132
31.1444
31.1772
31.2134
31.2479
31.2775
31.3054
31.332
31.3576
31.3836
31.409
31.4352
31.4674
31.4925
31.518
31.5391
31.5589
31.5826
31.6083
31.6251
31.6429
31.6624
31.6824
31.702
31.7251
31.7481
31.7693
31.7894
31.8058
31.8218
31.8383
31.8521
31.8643
31.8785
31.8884
31.8944
31.8972
31.9009
31.9029
31.9071
31.9089
31.9129
31.9148
31.9176
31.9156
31.8925
31.8688
31.8512
31.8468
31.838
31.828
31.8175
31.8062
31.7877
31.7709
31.7571
31.7457
31.7344
31.722
31.7088
31.6965
31.6856
31.6724
31.6562
31.6444
31.6382
31.6426
31.6425
31.6481
31.6521
31.658
31.667
31.6732
31.6821
31.6929
31.7059
31.7232
31.7364
31.7486
31.7616
31.7724
31.7819
31.7906
31.7971
31.7981
31.8079
31.8149
31.8201
31.8273
31.8341
31.839
31.8468
31.8551
31.8587
31.8662
31.8811
31.8974
31.9137
31.9314
31.9443
31.9551
31.9634
31.9726
31.9788
31.9903
32.0123
32.0353
32.057
32.0696
32.0858
32.1003
32.1155
32.1275
32.1416
32.1563
32.1724
32.1909
32.2087
32.2312
32.2542
32.2772
32.3035
32.3254
32.3416
32.3542
32.3679
32.3719
32.3763
32.377
32.3783
32.3775
32.3723
32.3644
32.3593
32.3517
32.3479
32.3422
32.342
32.3415
32.3438
32.3486
32.3546
32.3603
32.3676
32.3782
32.3817
32.3834
32.3994
32.41
32.4204
32.4309
32.44
32.4506
32.4655
32.4798
32.4878
32.4981
32.5088
32.518
32.5287
32.5372
32.5445
32.5517
32.561
32.5714
32.5815
32.5904
32.5974
32.6068
32.6165
32.6285
32.6407
32.6525
32.665
32.6765
32.6856
32.6951
32.7055
32.7088
32.7127
32.7162
32.715
32.7195
