154.5846
154.6701
154.7369
154.7932
154.8434
154.8959
154.9466
154.9939
155.0437
155.1107
155.1882
155.2705
155.3499
155.4306
155.5081
155.5872
155.6619
155.7333
155.8
155.8743
155.9632
156.0423
156.134
156.2241
156.3173
156.4151
156.5236
156.6199
156.7226
156.8411
156.95
157.0531
157.1531
157.2489
157.3497
157.451
157.5437
157.6482
157.7464
157.8477
157.9459
158.0315
158.1105
158.2047
158.2894
158.3706
158.4579
158.5273
158.5875
158.6272
158.6674
158.6996
158.7215
158.6975
158.6335
158.6041
158.569
158.5431
158.5015
158.4715
158.4401
158.4
158.3737
158.3592
158.3431
158.325
158.3053
158.292
158.2863
158.285
158.287
158.2843
158.3246
158.3902
158.473
158.5588
158.6398
158.7215
158.8029
158.8715
158.9229
158.979
159.0339
159.0992
159.1582
159.1963
159.2268
159.2674
159.3013
159.3279
159.3557
159.3864
159.4025
159.4095
159.4094
159.4128
159.4297
159.4382
159.437
159.422
159.403
159.3678
159.3587
159.3568
159.3658
159.3992
159.4225
159.4652
159.5021
159.5446
159.5726
159.5979
159.6311
159.7184
159.8448
159.9298
160.0151
160.0976
160.1776
160.2368
160.2911
160.3459
160.391
160.4327
160.4727
160.501
160.5387
160.5785
160.617
160.6354
160.6479
160.6762
160.655
160.6049
160.5374
160.4605
160.3914
160.3175
160.2487
160.181
160.1125
160.0511
159.9816
159.9069
159.8338
159.7748
159.7118
159.6491
159.5809
159.5206
159.4523
159.3835
159.3448
159.32
159.2982
159.2837
159.2817
159.2926
159.3092
159.3326
159.3657
159.4577
159.5214
159.5774
159.6271
159.6684
159.7177
159.7768
159.8443
159.9136
159.9944
160.0755
160.1503
160.2267
160.2935
160.3498
160.4076
160.4666
160.5315
160.6021
160.6785
160.7614
160.8465
160.9329
161.0174
161.1149
161.1988
