52.2438
52.2879
52.3348
52.3806
52.4276
52.472
52.5153
52.561
52.6057
52.6515
52.6987
52.7436
52.7851
52.8247
52.8653
52.9087
52.9541
53.0
53.0496
53.0992
53.1499
53.1997
53.2546
53.3084
53.3655
53.4224
53.4816
53.5382
53.5944
53.655
53.716
53.7738
53.8306
53.8891
53.9478
54.007
54.069
54.1321
54.1941
54.2522
54.3051
54.3561
54.4061
54.4539
54.4994
54.5436
54.5846
54.6274
54.6711
54.7151
54.7571
54.7902
54.8199
54.8533
54.8926
54.9241
54.9547
54.9649
54.9629
54.9671
54.9717
54.9737
54.9724
54.9714
54.9711
54.9762
54.9846
54.9892
54.9951
55.0004
55.0042
55.0088
55.015
55.0247
55.0333
55.0406
55.0608
55.0793
55.1023
55.1261
55.1459
55.1689
55.1893
55.2109
55.2257
55.2412
55.2549
55.2719
55.2885
55.2997
55.31
55.3214
55.3336
55.3453
55.3559
55.3661
55.3703
55.3729
55.3746
55.3784
55.386
55.3939
55.4018
55.4069
55.4131
55.4154
55.4178
55.4184
55.4229
55.4252
55.4319
55.4399
55.4489
55.4589
55.4599
55.4597
55.4589
55.4684
55.4884
55.502
55.5125
55.5212
55.5305
55.5397
55.5452
55.5452
55.5449
55.5425
55.5415
55.5396
55.5387
55.5386
55.5371
55.5366
55.5375
55.5358
55.5197
55.5068
55.4865
55.466
55.4471
55.4259
55.4027
55.3796
55.3618
55.3438
55.3254
55.3049
55.2855
55.265
55.2442
55.2229
55.2033
55.1818
55.1589
55.1348
55.1123
55.0855
55.0597
55.0377
55.0168
54.9972
54.9792
54.9689
54.9573
54.9523
54.9473
54.9451
54.9401
54.9371
54.9215
54.9114
54.9003
54.8877
54.8802
54.8747
54.8686
54.8632
54.8581
54.8518
54.8469
54.8438
54.8435
54.8443
54.8456
54.851
54.8553
54.8623
54.8675
54.875
54.8819
54.8909
54.9021
54.9111
54.9191
