119.6097
119.6368
119.6643
119.6846
119.7139
119.7409
119.7727
119.8078
119.8413
119.8776
119.9127
119.9477
119.9816
120.0162
120.0506
120.0847
120.1207
120.1562
120.1949
120.2449
120.297
120.3516
120.4105
120.4688
120.5236
120.5795
120.6327
120.6762
120.7199
120.749
120.7579
120.7647
120.7776
120.795
120.8131
120.8309
120.8481
120.8631
120.8672
120.8667
120.8554
120.8493
120.8341
120.8252
120.8133
120.8312
120.8448
120.8415
120.831
120.8273
120.8222
120.8165
120.8163
120.809
120.8077
120.8095
120.8095
120.8025
120.7899
120.7769
120.7849
120.8112
120.8352
120.8557
120.8721
120.8902
120.8972
120.9027
120.9072
120.9137
120.9185
120.9218
120.9325
120.952
120.9661
120.9775
120.9868
120.9985
121.0128
121.0116
121.0123
121.0086
121.0007
120.9952
120.9925
120.9863
120.9842
120.9773
120.9683
120.9622
120.9598
120.9577
120.9582
120.9542
120.9494
120.9452
120.9444
120.9462
120.9572
120.9776
121.0112
121.0332
121.0677
121.1028
121.1452
121.154
121.1619
121.1847
121.2152
121.2444
121.2734
121.2998
121.3228
121.3515
121.3785
121.4047
121.4295
121.4623
121.4983
121.5364
121.5729
121.6049
121.6327
121.6597
121.6882
121.7182
121.7533
121.7897
121.825
121.8588
121.8925
121.9294
121.961
121.9824
122.0163
122.0491
122.0941
122.1327
122.1617
122.1924
122.2193
122.2484
122.2769
122.306
122.3362
122.3677
122.3995
122.4324
122.4657
122.4977
122.532
122.5676
122.6035
122.6394
122.6767
122.7121
122.7473
122.7836
122.8153
122.8399
122.8572
122.8847
122.9012
122.917
122.937
122.9607
122.9846
123.0041
123.0266
123.0405
123.0503
123.0613
123.07
123.0794
123.0916
123.1056
123.1199
123.1368
123.1551
123.1704
123.1837
123.1952
123.2122
123.2321
123.2507
123.2671
