111.5949
111.5935
111.589
111.5917
111.5958
111.5971
111.6035
111.6066
111.6085
111.612
111.6152
111.6183
111.6208
111.6206
111.6193
111.6204
111.6218
111.6223
111.6226
111.615
111.5953
111.5743
111.559
111.5453
111.5323
111.5198
111.5068
111.5005
111.4898
111.4725
111.4485
111.4308
111.4142
111.4016
111.3871
111.3718
111.356
111.3381
111.3207
111.3048
111.2885
111.2721
111.2586
111.2416
111.2231
111.2106
111.2012
111.1921
111.1854
111.1811
111.1752
111.1693
111.1669
111.1696
111.1732
111.1751
111.1779
111.1798
111.1775
111.1731
111.1644
111.156
111.1492
111.1387
111.1295
111.1187
111.1062
111.096
111.0863
111.0739
111.06
111.0384
111.0163
110.9928
110.9694
110.948
110.9249
110.8969
110.8708
110.8502
110.8406
110.832
110.8167
110.7992
110.7811
110.7625
110.7441
110.7251
110.7096
110.7
110.694
110.6826
110.6704
110.6573
110.6462
110.6338
110.6216
110.6121
110.6019
110.5987
110.5979
110.5925
110.5886
110.5873
110.5831
110.5771
110.5693
110.5628
110.5523
110.5388
110.5228
110.5088
110.4914
110.4739
110.4557
110.4404
110.4252
110.4076
110.3906
110.3713
110.3508
110.3306
110.3126
110.2914
110.2798
110.2698
110.2661
110.2701
110.2709
110.2726
110.2735
110.2797
110.2878
110.2976
110.3084
110.3171
110.3301
110.3493
110.3674
110.3893
110.408
110.4281
110.4493
110.4706
110.4919
110.5161
110.5381
110.5607
110.5844
110.6059
110.6287
110.6532
110.6757
110.6996
110.7181
110.7348
110.7562
110.7769
110.7976
110.8063
110.8123
110.8215
110.8277
110.8359
110.8472
110.853
110.8589
110.8634
110.8708
110.878
110.8903
110.9007
110.9144
110.9292
110.9414
110.9523
110.9637
110.9848
111.006
111.0336
111.0603
111.0868
111.1151
111.1463
111.1708
111.1959
111.2126
111.2229
111.2363
111.2516
111.2668
111.2823
