109.4095
109.4383
109.4591
109.469
109.4771
109.4957
109.5094
109.5315
109.5583
109.5865
109.6076
109.6285
109.6503
109.6738
109.7008
109.7311
109.7651
109.7968
109.8273
109.856
109.8864
109.9167
109.9497
109.9787
110.0149
110.0546
110.089
110.1221
110.1466
110.18
110.222
110.2653
110.3071
110.3498
110.3926
110.4379
110.4914
110.5469
110.6037
110.6573
110.7073
110.7558
110.8035
110.8497
110.8947
110.9408
110.9868
111.036
111.078
111.1252
111.168
111.2063
111.249
111.2924
111.3317
111.3676
111.4102
111.4348
111.437
111.4352
111.4465
111.4573
111.4788
111.5028
111.5325
111.5617
111.5962
111.6214
111.6432
111.6704
111.7066
111.7364
111.7666
111.7969
111.8254
111.8516
111.8734
111.8981
111.9348
111.9655
112.001
112.03
112.0537
112.0829
112.1007
112.1189
112.1405
112.1624
112.1894
112.207
112.225
112.2415
112.2497
112.2506
112.2468
112.2378
112.2201
112.1951
112.1678
112.1431
112.1133
112.0826
112.049
112.0111
111.9725
111.9376
111.8993
111.8711
111.8451
111.8146
111.7844
111.7604
111.7322
111.7051
111.6745
111.6425
111.604
111.5861
111.5786
111.5648
111.5408
111.5198
111.495
111.4677
111.4335
111.3973
111.3556
111.3077
111.2557
111.1985
111.1373
111.0808
111.027
110.9757
110.9232
110.8697
110.8178
110.7721
110.7191
110.6678
110.6209
110.5798
110.5416
110.4953
110.4556
110.4161
110.3844
110.3479
110.318
110.2913
110.2662
110.245
110.2268
110.2154
110.2036
110.2016
110.2014
110.2059
110.2164
110.2234
110.2469
110.2726
110.3054
110.3352
110.3696
110.3996
110.4376
110.467
110.4971
110.5362
110.5759
110.6076
110.6349
110.6604
110.6961
110.7311
110.7707
110.8011
110.8364
110.8699
110.9069
110.9435
110.981
111.0155
111.0537
111.0909
111.1297
111.1753
111.2228
111.2728
111.3241
111.3713
111.4131
111.4529
111.4921
