73.8199
73.7883
73.7534
73.7016
73.6413
73.5904
73.5509
73.5112
73.4753
73.4324
73.3898
73.3458
73.3043
73.2658
73.2293
73.1916
73.1541
73.1155
73.075
73.0362
72.9973
72.9591
72.9294
72.9011
72.8753
72.8471
72.8159
72.7841
72.7484
72.7123
72.6736
72.6304
72.5951
72.5648
72.5358
72.5038
72.4669
72.4316
72.3969
72.3601
72.3201
72.2777
72.2319
72.1905
72.1537
72.1169
72.0834
72.0503
72.0132
71.9772
71.9422
71.904
71.8627
71.8279
71.795
71.7615
71.731
71.7149
71.6975
71.6725
71.6482
71.6217
71.5977
71.5835
71.5759
71.5642
71.5502
71.5372
71.5219
71.5094
71.4944
71.4799
71.4632
71.4419
71.4241
71.4033
71.3818
71.3615
71.3449
71.3419
71.3378
71.3293
71.3123
71.3031
71.2951
71.2861
71.2792
71.2702
71.2658
71.2622
71.2613
71.2653
71.2678
71.2718
71.276
71.2817
71.2849
71.2889
71.2924
71.2959
71.2976
71.2997
71.3038
71.3038
71.3054
71.3108
71.3126
71.3161
71.3277
71.3417
71.3554
71.3702
71.389
71.404
71.4207
71.4426
71.4693
71.4975
71.5239
71.5535
71.5868
71.6243
71.6598
71.6968
71.7323
71.7649
71.797
71.8302
71.8618
71.8934
71.9274
71.9622
71.9967
72.0363
72.0718
72.1109
72.1521
72.1948
72.2376
72.2688
72.2998
72.3389
72.3753
72.4066
72.4369
72.4638
72.4869
72.5102
72.5312
72.5479
72.5629
72.5774
72.5912
72.6042
72.619
72.633
72.6463
72.6599
72.6744
72.6903
72.7053
72.7221
72.7363
72.7528
72.7656
72.7751
72.7858
72.7988
72.8101
72.8168
72.8255
72.8347
72.8448
72.8562
72.8677
72.8786
72.8829
72.88
72.8797
72.88
72.88
72.8763
72.8751
72.876
72.8755
72.8745
72.8734
72.8701
72.8686
72.867
72.8656
72.8635
72.8603
72.8556
72.8516
