24.6632
24.649
24.6339
24.6131
24.5986
24.5878
24.5737
24.5562
24.5387
24.5218
24.5051
24.4879
24.4717
24.4621
24.4528
24.4427
24.4355
24.4316
24.4271
24.4215
24.417
24.4122
24.419
24.4242
24.4136
24.4106
24.4064
24.3979
24.3898
24.3793
24.3813
24.3802
24.3792
24.3797
24.3804
24.3794
24.3798
24.3837
24.3872
24.3874
24.3904
24.3941
24.3984
24.4044
24.4072
24.4097
24.4117
24.4127
24.417
24.3805
24.3458
24.3218
24.293
24.2679
24.247
24.2237
24.2059
24.1908
24.1784
24.1671
24.1564
24.1419
24.1301
24.1225
24.1193
24.1124
24.1047
24.098
24.089
24.0784
24.0692
24.0609
24.0542
24.0426
24.0328
24.0199
24.0125
24.0034
24.0117
24.0247
24.0337
24.0499
24.0591
24.0617
24.0803
24.0893
24.1043
24.1274
24.1532
24.1802
24.2078
24.2328
24.2537
24.2778
24.3048
24.3333
24.3588
24.3847
24.4122
24.4437
24.4709
24.5002
24.529
24.5624
24.5954
24.6422
24.6769
24.7058
24.7314
24.7964
24.8659
24.9212
24.9776
25.0284
25.0733
25.1204
25.1622
25.2054
25.2486
25.289
25.3315
25.3822
25.4304
25.4775
25.5206
25.5645
25.6085
25.6536
25.6955
25.7391
25.7784
25.8172
25.8591
25.9032
25.9457
25.9938
26.0382
26.0813
26.1082
26.1329
26.1592
26.1802
26.1962
26.2224
26.253
26.2835
26.3076
26.3291
26.3482
26.3681
26.3884
26.4118
26.4378
26.4607
26.4802
26.5005
26.5224
26.5419
26.5606
26.5741
26.5828
26.5868
26.5888
26.5902
26.5923
26.5818
26.5818
26.5871
26.5946
26.6042
26.6096
26.618
26.6291
26.6399
26.6515
26.6617
26.6728
26.6831
26.6919
26.7021
26.7087
26.7145
26.7211
26.7242
26.7286
26.7339
26.7393
26.7411
26.7456
26.7489
26.7558
26.7618
26.7641
26.7658
26.7671
26.7665
26.7633
26.7613
26.7577
