80.9858
80.9948
81.0035
81.0082
81.0123
81.0207
81.0262
81.0328
81.0409
81.0499
81.0624
81.0741
81.0866
81.0986
81.1104
81.1182
81.1257
81.131
81.137
81.1392
81.1414
81.1355
81.1252
81.115
81.1082
81.1005
81.0952
81.0884
81.0874
81.0884
81.0848
81.0828
81.0825
81.0863
81.0916
81.0973
81.1098
81.1206
81.1283
81.1384
81.1476
81.1559
81.1635
81.1725
81.1818
81.1901
81.1981
81.2048
81.216
81.2276
81.2441
81.2629
81.2817
81.3031
81.3261
81.3504
81.365
81.385
81.4024
81.4187
81.4335
81.4449
81.4619
81.4806
81.4951
81.5079
81.5252
81.5434
81.5603
81.5736
81.5849
81.5939
81.6029
81.608
81.6127
81.6218
81.6352
81.6487
81.6622
81.6785
81.6963
81.7208
81.7517
81.7855
81.8123
81.84
81.8662
81.8947
81.9203
81.9465
81.9724
81.9981
82.0201
82.0417
82.0636
82.0829
82.1014
82.1204
82.1394
82.1596
82.1712
82.1812
82.1878
82.1908
82.1932
82.1971
82.2022
82.2102
82.2168
82.2252
82.2307
82.2357
82.2395
82.2419
82.245
82.2467
82.2531
82.2523
82.254
82.2555
82.2561
82.2545
82.2464
82.2379
82.2326
82.2274
82.2195
82.2166
82.2226
82.2354
82.2496
82.2661
82.2856
82.307
82.3289
82.3464
82.3621
82.3824
82.4021
82.4222
82.4392
82.4554
82.4736
82.4904
82.5102
82.5316
82.5529
82.5726
82.5903
82.6095
82.6286
82.6496
82.6703
82.6911
82.7087
82.7146
82.7214
82.7272
82.7281
82.7249
82.7321
82.7386
82.746
82.7571
82.7684
82.7836
82.7967
82.8105
82.8229
82.8322
82.842
82.8524
82.861
82.8712
82.879
82.886
82.8914
82.897
82.9032
82.9085
82.9179
82.9294
82.9434
82.9544
82.9654
82.9735
82.9826
82.9825
82.971
82.959
82.946
82.9334
82.917
82.9016
