120.5686
120.6108
120.6505
120.7018
120.7627
120.8322
120.9124
120.9924
121.0844
121.174
121.2659
121.3619
121.4502
121.5459
121.6469
121.7405
121.844
121.947
122.0469
122.1431
122.2424
122.3367
122.427
122.514
122.5906
122.6693
122.7444
122.8133
122.878
122.957
123.02
123.0912
123.1669
123.2417
123.3244
123.4047
123.4864
123.5592
123.6326
123.7084
123.7989
123.8873
123.9686
124.0488
124.1306
124.2136
124.2756
124.3228
124.377
124.4293
124.4735
124.5033
124.4858
124.473
124.4718
124.4723
124.4798
124.4763
124.4528
124.4355
124.3956
124.3393
124.2978
124.254
124.1973
124.1393
124.0888
124.0367
123.969
123.9124
123.8505
123.8149
123.7854
123.7584
123.7513
123.758
123.7589
123.7665
123.7829
123.8049
123.8137
123.8311
123.8544
123.8744
123.9082
123.9482
123.9925
124.0277
124.0604
124.0764
124.0892
124.0854
124.0812
124.0794
124.0777
124.0804
124.0724
124.0877
124.1027
124.0842
124.0544
124.019
123.9825
123.9357
123.8908
123.8517
123.8234
123.8056
123.7772
123.7416
123.7057
123.6827
123.7064
123.7233
123.7346
123.7422
123.7412
123.7542
123.7836
123.8064
123.838
123.8709
123.8896
123.9017
123.9167
123.9402
123.9491
123.9608
123.9744
123.9814
124.0081
124.0001
123.9848
123.9674
123.9246
123.8679
123.8099
123.7454
123.6733
123.5948
123.5208
123.4553
123.3856
123.3166
123.2486
123.1716
123.0886
123.0068
122.9228
122.8459
122.772
122.7081
122.6391
122.5731
122.5128
122.4508
122.4011
122.3299
122.2581
122.2231
122.2414
122.2639
122.2953
122.3694
122.4222
122.4669
122.5229
122.5784
122.6402
122.711
122.782
122.8573
122.937
123.0043
123.0727
123.1315
123.1851
123.2408
123.2871
123.3321
123.3758
123.4172
123.4612
123.5135
123.5758
123.6253
