75.7886
75.8046
75.8168
75.8205
75.819
75.8225
75.8213
75.823
75.8256
75.8268
75.8286
75.8345
75.8378
75.841
75.8437
75.8454
75.8494
75.8527
75.8593
75.8667
75.8739
75.8799
75.8865
75.891
75.8878
75.8943
75.9012
75.9087
75.9256
75.9395
75.9408
75.9438
75.9489
75.9544
75.9691
75.9891
76.0071
76.0259
76.0461
76.0652
76.0845
76.1008
76.1175
76.1327
76.1492
76.1642
76.1803
76.1935
76.2087
76.2198
76.2335
76.2488
76.2643
76.2772
76.2932
76.3107
76.3283
76.3413
76.3532
76.3642
76.3772
76.3938
76.411
76.4262
76.4415
76.4545
76.4729
76.4899
76.5061
76.5248
76.5416
76.5586
76.5769
76.5942
76.6102
76.6249
76.6322
76.6419
76.648
76.6558
76.6668
76.6798
76.6905
76.7047
76.7263
76.7362
76.7449
76.7531
76.757
76.7599
76.7697
76.78
76.7875
76.7933
76.7968
76.799
76.8005
76.8013
76.8002
76.7983
76.7973
76.7999
76.8021
76.8006
76.7982
76.7895
76.777
76.766
76.7518
76.7385
76.7222
76.7078
76.6938
76.6806
76.6696
76.6539
76.6414
76.6288
76.6159
76.6028
76.5891
76.5778
76.5661
76.5534
76.5407
76.5276
76.5133
76.499
76.4841
76.4705
76.4588
76.4468
76.4375
76.426
76.417
76.4092
76.4073
76.4016
76.4
76.3966
76.389
76.3813
76.3765
76.3693
76.3613
76.3553
76.3511
76.3477
76.3445
76.3455
76.3461
76.3451
76.3437
76.3447
76.3432
76.3406
76.3397
76.3359
76.3297
76.3275
76.3243
76.3187
76.3164
76.3154
76.3113
76.3138
76.3183
76.324
76.3333
76.3425
76.3518
76.3587
76.3666
76.3779
76.3881
76.4022
76.4146
76.4262
76.4422
76.4557
76.4702
76.4829
76.4956
76.5084
76.5184
76.5299
76.5329
76.5356
76.5362
76.5346
76.5317
76.5296
76.5229
76.5192
76.5127
76.5077
76.5028
76.4988
76.4942
