90.2004
90.2057
90.2167
90.2372
90.2532
90.2653
90.278
90.2912
90.3064
90.3203
90.3327
90.3462
90.3592
90.3738
90.3891
90.4049
90.4224
90.4448
90.4643
90.4835
90.503
90.5197
90.5344
90.5451
90.5523
90.563
90.5762
90.5902
90.6078
90.6206
90.6454
90.6658
90.6853
90.7063
90.725
90.7447
90.7587
90.7738
90.788
90.7983
90.8118
90.8213
90.8309
90.8413
90.852
90.8652
90.8798
90.8906
90.9027
90.9195
90.9313
90.9505
90.9683
90.9833
90.9976
91.0157
91.0324
91.041
91.0516
91.0617
91.0669
91.0634
91.0557
91.0457
91.0371
91.0327
91.0257
91.0189
91.0124
91.008
91.0026
90.9976
90.9928
90.9883
90.9843
90.9798
90.9753
90.9681
90.9833
90.9992
91.008
91.0179
91.0285
91.0431
91.0528
91.0591
91.0591
91.0581
91.0607
91.0615
91.0617
91.0632
91.066
91.068
91.0731
91.076
91.0795
91.0833
91.0926
91.1095
91.1266
91.1476
91.1675
91.1834
91.1987
91.2209
91.242
91.2681
91.2864
91.2967
91.317
91.3319
91.3435
91.3575
91.3691
91.3834
91.3996
91.414
91.431
91.4468
91.4642
91.4847
91.5102
91.5331
91.5558
91.5761
91.6009
91.6268
91.6516
91.6763
91.7086
91.7391
91.7781
91.8189
91.8608
91.9029
91.9465
91.9949
92.0213
92.0479
92.0834
92.1216
92.1581
92.1957
92.2375
92.2789
92.3217
92.3674
92.4049
92.4431
92.4819
92.5213
92.5594
92.5982
92.6349
92.67
92.707
92.743
92.7695
92.7984
92.8302
92.8604
92.8925
92.9302
92.9707
92.9999
93.029
93.0549
93.0869
93.1229
93.1564
93.19
93.2277
93.2641
93.304
93.3391
93.3736
93.4086
93.4436
93.4785
93.5141
93.5473
93.5755
93.604
93.6307
93.6594
93.6807
93.7093
93.7386
93.7672
93.7888
93.807
93.8168
93.8208
93.8272
93.8325
93.8372
93.8343
93.8353
