115.1186
115.0838
115.0502
115.0131
114.9738
114.9336
114.9077
114.8912
114.8821
114.8827
114.8847
114.8845
114.8899
114.8921
114.8873
114.8792
114.8798
114.8767
114.8732
114.8728
114.8773
114.882
114.8943
114.9018
114.9128
114.91
114.8878
114.8695
114.8522
114.8278
114.7928
114.7735
114.7628
114.7529
114.7376
114.7261
114.7102
114.7027
114.6902
114.6734
114.6567
114.6328
114.6067
114.5777
114.54
114.5058
114.4632
114.4243
114.3773
114.3225
114.2738
114.2275
114.1803
114.136
114.1041
114.0691
114.0366
114.0096
113.9819
113.9505
113.9152
113.8789
113.8396
113.818
113.7981
113.7826
113.7708
113.7481
113.7244
113.6954
113.6644
113.6357
113.6022
113.5694
113.5361
113.5016
113.4546
113.407
113.3751
113.3346
113.2931
113.2479
113.1951
113.1509
113.1002
113.0582
113.0299
112.9981
112.9681
112.9426
112.9233
112.8935
112.8575
112.8194
112.7872
112.7619
112.7357
112.7081
112.6806
112.656
112.6286
112.6026
112.5771
112.5492
112.5357
112.5251
112.5198
112.5093
112.5065
112.5238
112.5336
112.5398
112.5445
112.5476
112.5461
112.5419
112.5314
112.5276
112.523
112.5197
112.5202
112.5238
112.53
112.5268
112.5297
112.5347
112.5381
112.5437
112.5496
112.5534
112.5587
112.5637
112.5733
112.5835
112.5907
112.5956
112.6104
112.6294
112.6301
112.6377
112.6462
112.6615
112.6825
112.7018
112.7288
112.7632
112.7948
112.8272
112.8622
112.9046
112.9394
112.9799
113.0192
113.0594
113.0951
113.1241
113.1537
113.1799
113.2015
113.2254
113.2509
113.2767
113.3034
113.3337
113.357
113.3791
113.4021
113.4272
113.4574
113.4795
113.4973
113.5157
113.5351
113.5568
113.576
113.5992
113.6233
113.6448
113.6682
113.6931
113.7152
113.7396
113.7656
113.7949
113.8233
113.8519
113.8766
113.8955
113.9152
113.9374
113.9596
113.9877
114.0143
114.0382
114.0622
