144.908
144.8585
144.7993
144.73
144.6072
144.4962
144.3905
144.319
144.2517
144.169
144.111
144.0385
143.9705
143.914
143.8405
143.7613
143.6865
143.598
143.5057
143.4162
143.339
143.2688
143.2278
143.1831
143.1438
143.0995
143.0656
143.023
142.9633
142.9078
142.8398
142.7826
142.7395
142.6944
142.652
142.611
142.5644
142.5172
142.4694
142.4237
142.3596
142.2941
142.229
142.1615
142.083
142.0009
141.9241
141.8478
141.769
141.6721
141.5745
141.5208
141.4682
141.4005
141.3289
141.269
141.1967
141.1315
141.0759
141.0188
140.9455
140.8798
140.8121
140.7696
140.7631
140.7455
140.7416
140.7151
140.6992
140.6851
140.6559
140.6326
140.5952
140.5427
140.4985
140.4565
140.4115
140.3819
140.3354
140.2935
140.2468
140.1969
140.1154
140.0673
140.0199
139.9816
139.9359
139.8923
139.8425
139.7754
139.7109
139.6466
139.5732
139.4978
139.4212
139.3476
139.2747
139.2067
139.1362
139.0617
138.9964
138.9311
138.8622
138.8117
138.7737
138.7216
138.6756
138.6262
138.5859
138.5972
138.6033
138.5723
138.559
138.565
138.5638
138.567
138.5781
138.5895
138.6148
138.6519
138.6897
138.7435
138.8077
138.8622
138.9292
138.9933
139.0548
139.132
139.2084
139.2796
139.3531
139.4324
139.5264
139.6167
139.6953
139.7794
139.8657
139.9357
140.0321
140.1282
140.2175
140.3163
140.4298
140.5134
140.5863
140.6542
140.691
140.7258
140.773
140.8386
140.9081
140.9806
141.0513
141.1168
141.1827
141.247
141.316
141.3815
141.4417
141.5012
141.5607
141.6248
141.6937
141.7498
141.8035
141.8698
141.9285
142.0012
142.0468
142.0606
142.1023
142.1235
142.1487
142.1559
142.1839
142.211
142.2309
142.242
142.2337
142.2164
142.1984
142.1639
142.1289
142.0874
142.0365
141.9906
141.9336
141.8668
141.8057
141.7533
141.708
141.6563
141.6083
141.5626
141.5319
