63.9575
63.936
63.9153
63.8963
63.8796
63.8629
63.8502
63.8434
63.8369
63.8271
63.8212
63.814
63.8081
63.8028
63.7995
63.7971
63.7918
63.7868
63.7823
63.7763
63.7697
63.7624
63.7592
63.7557
63.7524
63.757
63.7625
63.7697
63.7742
63.7758
63.7772
63.7797
63.7868
63.7965
63.8061
63.8176
63.8273
63.8347
63.8382
63.8385
63.8407
63.8433
63.8436
63.8461
63.8475
63.851
63.8517
63.8503
63.8521
63.8596
63.8667
63.8838
63.9019
63.9196
63.9322
63.949
63.9682
63.9859
64.0042
64.0181
64.032
64.044
64.0594
64.0724
64.0824
64.0964
64.108
64.1187
64.1294
64.1434
64.1539
64.1664
64.1799
64.1912
64.2007
64.2118
64.2114
64.2091
64.2112
64.208
64.1981
64.1853
64.1665
64.1446
64.1248
64.1006
64.0733
64.0512
64.0297
64.0083
63.9906
63.9694
63.9494
63.9278
63.9063
63.8854
63.8657
63.8451
63.8243
63.8081
63.7886
63.7733
63.7567
63.7402
63.7253
63.7063
63.6924
63.6797
63.6643
63.6422
63.6195
63.587
63.5535
63.5217
63.4942
63.4668
63.4403
63.4181
63.3926
63.3696
63.3399
63.3139
63.2858
63.2584
63.2315
63.205
63.1773
63.1478
63.1198
63.0904
63.0635
63.0354
63.0079
62.9789
62.9487
62.9114
62.8846
62.8621
62.8352
62.8162
62.8045
62.7946
62.7868
62.7818
62.7711
62.7623
62.7577
62.751
62.7479
62.7476
62.7451
62.7454
62.7451
62.7436
62.744
62.7441
62.7446
62.7493
62.7545
62.7561
62.7623
62.7623
62.7648
62.7733
62.7807
62.7887
62.7935
62.7968
62.8058
62.8141
62.8288
62.8405
62.854
62.8681
62.8801
62.893
62.9038
62.9122
62.9222
62.9332
62.9476
62.9614
62.9755
62.9908
63.0062
63.0182
63.0307
63.0406
63.0501
63.0597
63.0666
63.0742
63.0796
63.0864
