48.06
48.1037
48.149
48.1944
48.2365
48.2859
48.3308
48.3708
48.4128
48.4543
48.4991
48.5414
48.5845
48.6246
48.6626
48.7024
48.7418
48.7819
48.8212
48.8586
48.8958
48.9346
48.9807
49.0246
49.0695
49.1127
49.1584
49.2092
49.2627
49.3142
49.3679
49.42
49.4684
49.5187
49.5688
49.6186
49.6634
49.7097
49.7569
49.8051
49.8496
49.8937
49.9332
49.9711
50.0082
50.0474
50.0861
50.1285
50.1767
50.2254
50.2726
50.3223
50.3682
50.4134
50.4498
50.4802
50.5024
50.5181
50.5319
50.5401
50.5578
50.5728
50.5867
50.6002
50.6171
50.631
50.6454
50.6643
50.6823
50.6983
50.7138
50.7303
50.7505
50.7785
50.8209
50.8541
50.8848
50.9186
50.9495
50.9821
51.0161
51.0481
51.0743
51.1004
51.1236
51.1483
51.1718
51.1909
51.209
51.2306
51.2522
51.2746
51.2938
51.3109
51.327
51.3426
51.3593
51.375
51.3905
51.4064
51.4247
51.4355
51.4404
51.4521
51.461
51.4673
51.4758
51.4817
51.4834
51.4838
51.4831
51.4796
51.4781
51.4747
51.4786
51.4873
51.4985
51.5058
51.5093
51.5093
51.5099
51.511
51.5099
51.5071
51.504
51.4983
51.4897
51.4817
51.4714
51.461
51.449
51.4377
51.4249
51.4064
51.3765
51.3492
51.3252
51.2989
51.2797
51.261
51.2418
51.2214
51.1998
51.1791
51.1576
51.1365
51.1152
51.0956
51.0739
51.0494
51.0252
51.0013
50.9778
50.9544
50.9324
50.9102
50.8892
50.869
50.8505
50.8309
50.8109
50.7965
50.7923
50.7784
50.7665
50.7563
50.7436
50.7311
50.7162
50.6999
50.6889
50.6783
50.6685
50.6586
50.6505
50.6449
50.6394
50.6351
50.6328
50.632
50.632
50.6324
50.6334
50.6372
50.6381
50.6416
50.6503
50.6561
50.6636
