196.8579
196.8504
196.8394
196.8236
196.8149
196.7967
196.7582
196.7187
196.7016
196.6839
196.6662
196.6382
196.6115
196.5927
196.5731
196.5559
196.5474
196.5417
196.5337
196.5179
196.5036
196.4931
196.4881
196.4659
196.451
196.4413
196.4186
196.3907
196.3549
196.3438
196.3512
196.3468
196.3422
196.3542
196.36
196.3623
196.3722
196.3768
196.3815
196.379
196.3855
196.3895
196.3888
196.3892
196.396
196.4057
196.4235
196.4321
196.4319
196.4337
196.4357
196.4342
196.4321
196.4375
196.4362
196.4287
196.4221
196.3767
196.3274
196.2859
196.2674
196.2689
196.2797
196.2895
196.3116
196.3282
196.3569
196.3916
196.4167
196.4468
196.4839
196.5187
196.5582
196.5858
196.6162
196.6527
196.7205
196.8148
196.8992
196.9463
196.9683
196.9662
196.9542
196.9666
196.9647
196.9768
197.0021
197.0616
197.1196
197.169
197.2122
197.274
197.3423
197.3919
197.4384
197.4755
197.5023
197.5188
197.529
197.5272
197.5202
197.4983
197.4629
197.4309
197.3904
197.3514
197.3168
197.3037
197.2898
197.2594
197.2367
197.2188
197.1971
197.172
197.1402
197.1104
197.0694
197.0824
197.0992
197.1167
197.1122
197.1037
197.0964
197.0837
197.0585
197.0335
197.0027
196.9625
196.9214
196.8734
196.8258
196.7779
196.7204
196.6627
196.6004
196.5477
196.4438
196.3266
196.2128
196.1298
196.0746
196.0411
196.0054
195.9474
195.9068
195.8531
195.7944
195.7041
195.6136
195.5255
195.4332
195.3279
195.2144
195.111
195.0137
194.934
194.8629
194.8044
194.753
194.72
194.6905
194.6629
194.6679
194.6839
194.7048
194.7364
194.7548
194.7571
194.7753
194.8137
194.8489
194.8645
194.883
194.8943
194.9135
194.9389
194.9732
195.001
195.0411
195.0784
195.1226
195.1607
195.2051
195.2489
195.3097
195.3787
195.4509
195.5299
195.6104
195.6927
195.7627
195.838
195.9224
196.0099
196.0982
