72.2911
72.2866
72.2796
72.2589
72.2253
72.1964
72.1668
72.141
72.1124
72.0816
72.0495
72.017
71.9859
71.96
71.9358
71.9139
71.8902
71.8752
71.8591
71.8444
71.8337
71.8231
71.8069
71.7927
71.7752
71.7561
71.7416
71.7313
71.7176
71.7087
71.6866
71.664
71.6421
71.622
71.6006
71.5801
71.562
71.5423
71.5226
71.5043
71.4836
71.4631
71.4439
71.4266
71.4094
71.3864
71.3606
71.3382
71.3166
71.2956
71.2779
71.2522
71.2222
71.1912
71.1629
71.1429
71.1174
71.0938
71.0656
71.0392
71.021
70.9944
70.9682
70.9485
70.9418
70.9298
70.9165
70.906
70.8956
70.8913
70.8843
70.8711
70.8539
70.8379
70.8193
70.8016
70.7884
70.7745
70.7558
70.7437
70.7329
70.7158
70.6963
70.677
70.6643
70.6576
70.6451
70.6336
70.6247
70.613
70.604
70.6002
70.5973
70.5986
70.6011
70.6012
70.6027
70.6082
70.6172
70.6266
70.6346
70.6432
70.6492
70.6506
70.6512
70.6387
70.6272
70.6119
70.594
70.572
70.5503
70.5328
70.5212
70.5102
70.4995
70.4857
70.4703
70.4615
70.4573
70.45
70.4433
70.4441
70.4484
70.4543
70.4587
70.4655
70.4748
70.4848
70.4937
70.5023
70.5113
70.5234
70.539
70.5522
70.5659
70.5803
70.5925
70.6045
70.623
70.6356
70.6453
70.6595
70.6789
70.7017
70.7279
70.7529
70.7783
70.8091
70.8366
70.8641
70.8912
70.9205
70.9472
70.9665
70.9874
71.0089
71.0269
71.0419
71.0552
71.066
71.0764
71.0859
71.0956
71.107
71.1162
71.1412
71.1649
71.1899
71.2193
71.2483
71.2693
71.2865
71.3035
71.3229
71.3407
71.3664
71.391
71.4174
71.4376
71.4627
71.4879
71.5073
71.5248
71.5418
71.5556
71.5669
71.5764
71.5841
71.5932
71.6041
71.6143
71.6256
71.6368
71.6476
71.6616
