88.9556
88.9983
89.0491
89.0814
89.1302
89.1726
89.2232
89.2779
89.3292
89.3688
89.3983
89.4337
89.469
89.4988
89.5324
89.5651
89.6014
89.646
89.6888
89.7348
89.7766
89.8164
89.8477
89.8794
89.8948
89.9188
89.9453
89.9735
90.019
90.0538
90.0885
90.1194
90.1569
90.1915
90.2257
90.2556
90.2811
90.3061
90.3303
90.3553
90.384
90.4128
90.4383
90.4638
90.4901
90.5144
90.5414
90.5638
90.5883
90.6244
90.658
90.6945
90.7367
90.7784
90.8209
90.8433
90.8717
90.8924
90.9032
90.912
90.9103
90.9218
90.9229
90.9294
90.9299
90.9289
90.9182
90.9059
90.8986
90.9006
90.9136
90.9203
90.926
90.938
90.9462
90.953
90.954
90.9447
90.9335
90.9234
90.9135
90.9045
90.906
90.9064
90.9278
90.9432
90.9617
90.9781
90.9901
91.004
91.018
91.0329
91.0449
91.0538
91.0685
91.0823
91.0967
91.1107
91.1233
91.1367
91.146
91.1555
91.1691
91.1706
91.1718
91.1771
91.1816
91.1811
91.1765
91.1715
91.1713
91.169
91.1583
91.1499
91.1425
91.1316
91.1155
91.1023
91.0943
91.0891
91.0854
91.0738
91.0622
91.047
91.0337
91.0275
91.0213
91.0109
91.001
90.9885
90.9896
90.9901
90.9974
91.0057
91.0291
91.0506
91.0744
91.1044
91.1407
91.1756
91.2131
91.2516
91.2889
91.3262
91.355
91.3795
91.4027
91.4268
91.4488
91.4704
91.4935
91.517
91.5397
91.5665
91.5877
91.6095
91.6299
91.6488
91.671
91.6852
91.708
91.7285
91.7519
91.7844
91.8165
91.8469
91.8795
91.9227
91.974
92.0206
92.0617
92.0996
92.1384
92.178
92.2164
92.2558
92.2993
92.3365
92.3712
92.4043
92.438
92.4763
92.5152
92.5564
92.5934
92.6249
92.6467
92.678
92.708
92.7347
92.7492
92.7639
92.7784
92.7884
92.7883
92.7901
92.7973
92.7981
92.7939
