69.2753
69.275
69.2787
69.2812
69.2843
69.2867
69.2898
69.2875
69.2887
69.2884
69.2856
69.2827
69.2759
69.2663
69.2575
69.252
69.2475
69.2438
69.242
69.2365
69.2319
69.2294
69.2334
69.2345
69.23
69.229
69.229
69.2257
69.22
69.2175
69.2079
69.2002
69.1918
69.1829
69.1738
69.1611
69.1483
69.1373
69.1228
69.1105
69.0978
69.084
69.0707
69.0602
69.0497
69.0397
69.0268
69.014
69.0008
68.9873
68.9703
68.9485
68.9218
68.899
68.8761
68.8503
68.8233
68.7989
68.7752
68.7544
68.7369
68.721
68.7065
68.6891
68.6702
68.6584
68.6427
68.6312
68.6166
68.602
68.5881
68.5733
68.5588
68.5415
68.5274
68.5115
68.4994
68.4904
68.48
68.4697
68.4565
68.4402
68.4198
68.4039
68.3968
68.3888
68.378
68.3707
68.3608
68.3522
68.3427
68.3327
68.3251
68.3179
68.3133
68.3088
68.3046
68.3013
68.3019
68.2993
68.2977
68.2958
68.2922
68.2872
68.2816
68.2751
68.2723
68.2661
68.2604
68.2576
68.2592
68.2649
68.2766
68.2826
68.2905
68.2978
68.3062
68.3198
68.332
68.3454
68.3581
68.3704
68.3816
68.3926
68.4065
68.4182
68.4319
68.442
68.4517
68.4625
68.473
68.4841
68.4963
68.5103
68.5213
68.5333
68.5381
68.5411
68.5457
68.5528
68.5628
68.5768
68.5889
68.5935
68.5948
68.5934
68.5904
68.5887
68.5874
68.5865
68.5846
68.5839
68.5809
68.5791
68.5769
68.5766
68.5775
68.58
68.582
68.5845
68.5874
68.589
68.5925
68.5975
68.603
68.6131
68.6222
68.6347
68.6475
68.6602
68.6711
68.68
68.6847
68.6887
68.6879
68.6862
68.6855
68.6804
68.678
68.6739
68.6682
68.6649
68.6595
68.6508
68.6398
68.6276
68.6136
68.6015
68.5879
68.5745
68.562
68.547
68.5322
68.5145
68.497
