56.7463
56.766
56.7641
56.749
56.7405
56.7336
56.723
56.7089
56.6973
56.6887
56.6842
56.684
56.6809
56.6759
56.6717
56.6632
56.6542
56.6463
56.647
56.6439
56.6385
56.6489
56.6697
56.6904
56.704
56.7198
56.7408
56.7533
56.7616
56.7707
56.7883
56.8041
56.8248
56.8424
56.8566
56.8722
56.8888
56.9058
56.9223
56.9354
56.9472
56.957
56.961
56.9685
56.9782
56.99
57.0004
57.0118
57.0222
57.036
57.0547
57.0918
57.1291
57.1683
57.2095
57.2526
57.3001
57.3503
57.3928
57.4263
57.4593
57.489
57.5275
57.5728
57.6106
57.6463
57.684
57.725
57.7629
57.7981
57.8291
57.8615
57.8943
57.9318
57.967
58.0065
58.0461
58.0867
58.1259
58.1687
58.2087
58.2305
58.243
58.2512
58.2696
58.2856
58.2994
58.316
58.3357
58.3551
58.374
58.3942
58.4097
58.4272
58.4455
58.4612
58.4789
58.4933
58.5062
58.5163
58.5272
58.5447
58.5684
58.5928
58.6193
58.654
58.6938
58.728
58.7601
58.7936
58.8241
58.8377
58.8481
58.8578
58.8692
58.8791
58.8862
58.8946
58.9044
58.9159
58.9241
58.9349
58.9467
58.9581
58.9726
58.9838
58.9947
59.0065
59.0222
59.0385
59.0535
59.0668
59.0796
59.0913
59.1046
59.1158
59.1283
59.1417
59.1544
59.1577
59.1682
59.1766
59.182
59.1916
59.1971
59.2003
59.2036
59.2031
59.2021
59.2032
59.2041
59.2061
59.2079
59.2115
59.2137
59.2167
59.2176
59.2217
59.2277
59.2357
59.2444
59.2468
59.2466
59.2409
59.2317
59.2171
59.2036
59.1944
59.1869
59.1777
59.1709
59.1674
59.1656
59.1665
59.1686
59.1701
59.1726
59.1747
59.1794
59.1853
59.193
59.2021
59.211
59.221
59.233
59.2479
59.2632
59.2779
59.2914
59.308
59.3239
