166.0676
166.0841
166.0946
166.1119
166.1445
166.1645
166.2006
166.244
166.2884
166.3383
166.3911
166.4388
166.4915
166.5506
166.608
166.6671
166.7311
166.7943
166.8559
166.9184
166.9729
167.0301
167.1036
167.1767
167.2726
167.3737
167.4449
167.4984
167.545
167.5919
167.6516
167.711
167.7586
167.8092
167.8578
167.9128
167.9728
168.0467
168.1112
168.1784
168.242
168.2985
168.3528
168.3983
168.4465
168.4955
168.5443
168.6035
168.6566
168.7084
168.7489
168.7936
168.8229
168.8444
168.8607
168.8697
168.8782
168.8321
168.7764
168.7194
168.6656
168.6254
168.5857
168.5385
168.4932
168.4558
168.408
168.3704
168.33
168.2958
168.2632
168.2259
168.192
168.1556
168.1214
168.0864
168.0803
168.0632
168.0455
168.0514
168.0609
168.0747
168.0914
168.1028
168.0949
168.0896
168.1096
168.1573
168.2093
168.2614
168.3144
168.3642
168.424
168.4811
168.5373
168.5791
168.6199
168.6443
168.6643
168.6887
168.7143
168.7246
168.7159
168.7019
168.6762
168.65
168.6287
168.6157
168.6091
168.6073
168.6225
168.6356
168.654
168.6753
168.6953
168.7143
168.7307
168.7912
168.8625
168.9072
168.9613
169.016
169.0717
169.124
169.1752
169.2167
169.2638
169.3038
169.3439
169.3825
169.4192
169.4609
169.5089
169.5652
169.604
169.646
169.6542
169.6753
169.7006
169.7098
169.7185
169.7239
169.7102
169.6996
169.6912
169.679
169.6633
169.644
169.6323
169.6147
169.5972
169.5819
169.5684
169.5462
169.5209
169.5004
169.4922
169.4682
169.477
169.4887
169.4925
169.51
169.5385
169.5765
169.6273
169.6906
169.748
169.7961
169.8393
169.8785
169.8915
169.9015
169.904
169.9056
169.9103
169.9111
169.9196
169.9158
169.9146
169.9247
169.9277
169.9277
169.9332
169.9374
169.9318
169.9299
169.9261
169.922
169.926
169.928
169.9344
169.9442
169.9432
169.9317
