68.55
68.72
69.3861
69.0
68.75
71.862
72.9
73.1
73.011
72.7
73.505
72.05
72.15
73.1
73.85
75.15
72.75
61.0
61.05
60.8
60.5
61.65
60.1
57.85
57.55
54.55
56.6
56.65
58.35
58.05
56.95
58.95
59.05
58.325
59.1
59.644
59.85
60.1
59.6
59.1
61.05
63.2
64.35
63.4
64.65
64.55
64.95
65.45
66.35
67.45
67.1
68.425
69.2
69.205
69.1
67.2
68.025
65.35
66.35
67.35
69.2
70.65
70.9
70.55
68.95
68.65
68.65
67.55
67.15
67.6
68.6
68.55
68.15
67.5
68.1
67.55
68.4
68.5
68.95
67.55
67.3
67.05
67.75
68.85
68.3
69.1
69.6
69.396
68.6
56.55
56.121
53.8
54.25
53.625
52.8
53.65
56.05
55.0
54.1
53.675
