159.7593
159.7759
159.7961
159.7771
159.7426
159.7343
159.7255
159.7114
159.6987
159.7009
159.701
159.7137
159.729
159.7388
159.7527
159.7688
159.7916
159.8124
159.8364
159.8704
159.9108
159.9493
159.9861
160.0345
160.0804
160.1202
160.1675
160.2247
160.2564
160.2926
160.3183
160.3391
160.3554
160.3702
160.3826
160.3856
160.3909
160.3976
160.3984
160.3962
160.3912
160.3919
160.3946
160.3942
160.3881
160.3851
160.3877
160.3841
160.3708
160.3446
160.3237
160.2824
160.2355
160.183
160.1313
160.0853
160.036
160.0061
159.9695
159.9251
159.8704
159.8125
159.7553
159.7256
159.7133
159.687
159.6538
159.6195
159.5874
159.5473
159.5103
159.4681
159.422
159.3742
159.3235
159.2648
159.2076
159.1538
159.1035
159.0485
158.9888
158.9275
158.8563
158.7828
158.7081
158.6425
158.566
158.4781
158.4037
158.331
158.2672
158.22
158.1748
158.1358
158.1021
158.0716
158.0443
158.0175
157.9885
157.954
157.9177
157.8772
157.83
157.7677
157.7098
157.662
157.5988
157.5507
157.511
157.4692
157.4212
157.3933
157.3745
157.3568
157.3268
157.2848
157.2338
157.1857
157.1462
157.11
157.0792
157.0537
157.022
156.993
156.9667
156.9368
156.9067
156.8718
156.8358
156.7953
156.7503
156.7041
156.6579
156.6154
156.5731
156.5384
156.4994
156.4533
156.4026
156.3543
156.3108
156.2711
156.2388
156.1989
156.1704
156.1321
156.1018
156.07
156.0368
156.005
155.9756
155.9395
155.9062
155.8714
155.8384
155.8019
155.7658
155.7284
155.694
155.6554
155.6123
155.5754
155.5379
155.5115
155.4889
155.4613
155.4471
155.4246
155.3973
155.3731
155.352
155.328
155.2958
155.2733
155.2628
155.2487
155.241
155.2343
155.229
155.2245
155.2187
155.2027
155.1911
155.1751
155.1629
155.1505
155.1392
155.1304
155.1209
155.1153
155.1129
155.1107
155.111
155.1141
155.1124
