82.4358
82.4528
82.4698
82.4748
82.4594
82.4392
82.4195
82.4017
82.3828
82.3655
82.3475
82.3308
82.3122
82.2937
82.2785
82.263
82.2468
82.2313
82.2156
82.1987
82.1842
82.1719
82.1679
82.1654
82.1674
82.1721
82.1807
82.1886
82.2044
82.2231
82.2471
82.2678
82.2859
82.3098
82.3353
82.3617
82.3865
82.4103
82.4325
82.4545
82.4767
82.4944
82.5067
82.518
82.5296
82.5449
82.5614
82.5796
82.5956
82.6141
82.6361
82.657
82.6708
82.6898
82.7087
82.7296
82.7518
82.7716
82.7904
82.8069
82.8252
82.8422
82.8616
82.8914
82.9341
82.9776
83.0141
83.0492
83.0843
83.1147
83.1445
83.1698
83.198
83.2215
83.2455
83.2737
83.303
83.3335
83.3609
83.3902
83.4197
83.4443
83.4595
83.4755
83.488
83.4979
83.5024
83.5057
83.5044
83.4989
83.4933
83.4882
83.4878
83.4867
83.4867
83.4827
83.4765
83.4738
83.471
83.4669
83.4625
83.4612
83.4627
83.4655
83.4663
83.4659
83.4656
83.4668
83.4714
83.4745
83.4775
83.4813
83.4921
83.4948
83.5022
83.5081
83.5101
83.5181
83.5252
83.5329
83.5421
83.5529
83.5633
83.5744
83.5865
83.5962
83.6065
83.6187
83.6305
83.6459
83.6619
83.6807
83.6974
83.7159
83.7334
83.7494
83.7637
83.7777
83.7936
83.8085
83.825
83.8668
83.9049
83.9364
83.9719
84.0054
84.0397
84.0755
84.1103
84.144
84.1792
84.2144
84.2464
84.2761
84.3036
84.3337
84.3629
84.3927
84.4222
84.4537
84.4852
84.5143
84.5442
84.5713
84.5993
84.6285
84.6588
84.689
84.715
84.7407
84.7612
84.7811
84.8024
84.8253
84.8414
84.8558
84.871
84.8824
84.8973
84.9074
84.9173
84.9248
84.9311
84.9384
84.9445
84.9493
84.9555
84.9598
84.9646
84.9704
84.9789
84.9879
84.9961
85.0041
85.0116
