28.1401
28.1465
28.153
28.1635
28.1714
28.1792
28.1868
28.1933
28.198
28.1996
28.2022
28.2048
28.2074
28.2103
28.215
28.2191
28.2233
28.2262
28.2292
28.2314
28.2344
28.238
28.245
28.256
28.2637
28.273
28.2816
28.29
28.3
28.3121
28.3226
28.3326
28.3423
28.3515
28.3595
28.3688
28.3777
28.3875
28.3993
28.4091
28.4192
28.43
28.4452
28.4592
28.4737
28.4875
28.4998
28.5135
28.5303
28.546
28.5613
28.5781
28.5943
28.6112
28.6298
28.6497
28.666
28.6811
28.697
28.7127
28.7295
28.7473
28.7639
28.7799
28.7977
28.8154
28.8317
28.8478
28.8655
28.8852
28.9039
28.9215
28.938
28.9537
28.9709
28.9895
29.0085
29.0276
29.0448
29.0602
29.078
29.0949
29.1084
29.1185
29.1333
29.1476
29.1619
29.1767
29.1881
29.1966
29.2051
29.2137
29.2246
29.2331
29.2392
29.2433
29.2479
29.2531
29.2566
29.2606
29.2634
29.2636
29.2626
29.2611
29.2615
29.2626
29.2632
29.2635
29.2594
29.2565
29.2534
29.2499
29.246
29.2419
29.2354
29.2279
29.2234
29.2214
29.2185
29.214
29.2087
29.2021
29.1961
29.1901
29.1839
29.1784
29.1743
29.1706
29.1674
29.162
29.1581
29.1514
29.1447
29.1398
29.131
29.1197
29.1089
29.0967
29.0858
29.076
29.0637
29.0512
29.0402
29.0283
29.0152
29.0022
28.9906
28.9794
28.9692
28.9592
28.9495
28.9404
28.9295
28.9196
28.9108
28.9036
28.8912
28.8788
28.8662
28.8541
28.8425
28.8294
28.8171
28.8052
28.7924
28.7802
28.7682
28.7596
28.7522
28.7425
28.7305
28.7188
28.7059
28.6939
28.683
28.6711
28.659
28.6487
28.6397
28.631
28.6226
28.6131
28.6056
28.5966
28.5897
28.5839
28.5774
28.5705
28.5626
28.5566
28.5482
28.5428
28.5386
28.5333
