91.322
91.3262
91.3344
91.336
91.3349
91.3278
91.3146
91.3089
91.3031
91.2943
91.2834
91.2715
91.2565
91.241
91.2249
91.2097
91.1937
91.18
91.167
91.1581
91.1553
91.1553
91.1422
91.1264
91.1089
91.1043
91.098
91.0883
91.081
91.0715
91.0598
91.0403
91.0185
90.9951
90.9752
90.957
90.9342
90.912
90.8919
90.8708
90.8507
90.8257
90.8014
90.7769
90.7537
90.7292
90.7043
90.6753
90.6502
90.711
90.7699
90.8452
90.9217
91.0139
91.1177
91.2295
91.3459
91.4539
91.5694
91.6807
91.7951
91.9184
92.0357
92.1546
92.2728
92.397
92.5196
92.6495
92.7831
92.9258
93.0616
93.2039
93.3445
93.4811
93.6189
93.7609
93.9037
94.034
94.1668
94.3035
94.4235
94.5326
94.6649
94.7907
94.9103
95.0181
95.1246
95.2344
95.3376
95.4398
95.5446
95.6458
95.7568
95.8683
95.9768
96.087
96.2014
96.3136
96.4238
96.5369
96.6493
96.7737
96.8767
96.9785
97.0802
97.1847
97.2869
97.3944
97.4971
97.5116
97.5261
97.5262
97.5313
97.5206
97.5016
97.4797
97.4562
97.4377
97.4187
97.4039
97.3882
97.3685
97.361
97.3506
97.337
97.3208
97.3076
97.2879
97.2658
97.2408
97.2239
97.2003
97.169
97.1362
97.1035
97.0705
97.0306
97.0018
96.9661
96.9287
96.9014
96.8857
96.8618
96.8471
96.84
96.8358
96.8335
96.832
96.8346
96.8376
96.8349
96.8363
96.8277
96.8178
96.8085
96.7944
96.7823
96.7707
96.7588
96.7409
96.7258
96.7023
96.7015
96.7031
96.7048
96.7037
96.7047
96.7056
96.7082
96.7139
96.7214
96.7298
96.7319
96.7333
96.7334
96.7385
96.7399
96.7434
96.7459
96.7464
96.7453
96.7404
96.7249
96.7183
96.7149
96.7123
96.7031
96.6951
96.6858
96.6713
96.6581
96.6433
96.6366
96.6329
96.6302
96.6222
96.6208
96.6193
