58.7013
58.6967
58.6992
58.7052
58.7095
58.7163
58.7215
58.7266
58.7303
58.7313
58.7313
58.7309
58.7294
58.7295
58.7277
58.7262
58.7263
58.7263
58.7264
58.7295
58.73
58.7315
58.7314
58.7299
58.7225
58.7144
58.7095
58.7083
58.7146
58.7232
58.7279
58.7312
58.7369
58.7447
58.7499
58.7559
58.7628
58.7681
58.7716
58.7737
58.7754
58.7754
58.7783
58.7809
58.7834
58.7842
58.7854
58.7859
58.7854
58.7924
58.7957
58.8005
58.804
58.8062
58.811
58.8177
58.8302
58.838
58.8444
58.8492
58.8562
58.8647
58.8722
58.8772
58.8832
58.8875
58.8927
58.8977
58.9026
58.908
58.9168
58.9257
58.9362
58.9472
58.9598
58.9709
58.9757
58.9799
58.9895
58.9955
59.0045
59.0125
59.0233
59.0363
59.055
59.077
59.0947
59.1062
59.1128
59.1193
59.128
59.1368
59.1427
59.148
59.1553
59.1623
59.1673
59.1755
59.1835
59.1932
59.2047
59.2179
59.2296
59.2364
59.2404
59.2409
59.2394
59.2352
59.2341
59.2249
59.2232
59.2187
59.2142
59.2117
59.2014
59.1929
59.1822
59.1761
59.1731
59.171
59.1644
59.1557
59.143
59.1307
59.1187
59.1089
59.096
59.0825
59.0692
59.0538
59.0436
59.036
59.0303
59.0232
59.013
59.0038
58.9996
58.9953
58.9851
58.9788
58.9712
58.9635
58.9544
58.9429
58.9305
58.9159
58.9027
58.8934
58.8827
58.8725
58.8616
58.8505
58.8406
58.8299
58.8179
58.8051
58.7922
58.7847
58.7737
58.7616
58.749
58.7383
58.7251
58.7158
58.7117
58.7113
58.7131
58.7173
58.7198
58.7231
58.7215
58.721
58.7206
58.7224
58.7276
58.7316
58.7394
58.7456
58.7523
58.7588
58.7602
58.7611
58.7621
58.7639
58.7726
58.7791
58.7878
58.7973
58.8031
58.8098
58.8118
58.8101
58.8062
58.8048
58.8046
58.8049
58.8059
58.8084
58.8123
