19.9167
19.9085
19.8995
19.8913
19.8831
19.8757
19.8676
19.8596
19.851
19.8434
19.8362
19.8286
19.8212
19.8137
19.807
19.8
19.7934
19.7862
19.7783
19.7708
19.7632
19.755
19.7453
19.7356
19.7244
19.7124
19.7017
19.6905
19.681
19.6707
19.6622
19.6553
19.6487
19.6427
19.6372
19.6322
19.6277
19.6245
19.6217
19.618
19.6143
19.612
19.6102
19.6087
19.6067
19.6047
19.6037
19.6025
19.6015
19.604
19.6052
19.6081
19.6115
19.6162
19.6201
19.6242
19.6279
19.6292
19.6289
19.6282
19.6296
19.6317
19.6347
19.6373
19.6397
19.6419
19.6447
19.6477
19.6512
19.6541
19.6565
19.6584
19.6602
19.6617
19.6632
19.6646
19.6637
19.6631
19.6613
19.6598
19.6596
19.6611
19.6649
19.669
19.6742
19.6801
19.6843
19.6896
19.694
19.6989
19.7031
19.7068
19.7092
19.7121
19.715
19.7176
19.72
19.7209
19.7214
19.7226
19.7241
19.7253
19.7265
19.7286
19.7306
19.7338
19.7363
19.7375
19.7392
19.739
19.7401
19.7404
19.7402
19.7399
19.7393
19.7393
19.7404
19.741
19.7419
19.7421
19.7416
19.7401
19.7377
19.7345
19.7307
19.7282
19.7253
19.7234
19.721
19.7182
19.7156
19.7128
19.7107
19.7095
19.7089
19.7092
19.7111
19.7135
19.7171
19.7205
19.7222
19.7219
19.7209
19.7202
19.7194
19.7196
19.7197
19.7195
19.719
19.7183
19.7174
19.717
19.7174
19.718
19.7189
19.72
19.7202
19.7213
19.7223
19.7231
19.7242
19.7252
19.7257
19.725
19.7246
19.7221
19.7198
19.7191
19.7172
19.7144
19.7118
19.7084
19.7058
19.7023
19.7
19.6973
19.6944
19.6918
19.6888
19.6855
19.6831
19.6813
19.6802
19.6795
19.6793
19.678
19.678
19.6758
19.6728
19.6718
19.6703
19.6684
19.667
19.6654
19.663
19.6606
19.6587
19.6569
19.6546
