35.7592
35.7433
35.7268
35.7128
35.7009
35.6903
35.6806
35.6698
35.6592
35.6499
35.6416
35.6322
35.6244
35.618
35.6127
35.6091
35.6052
35.6009
35.5961
35.5913
35.5867
35.5831
35.5781
35.5717
35.5635
35.5581
35.5566
35.5589
35.554
35.5488
35.5391
35.5322
35.5236
35.5149
35.5055
35.4992
35.4937
35.4881
35.4821
35.4762
35.4699
35.463
35.4572
35.4523
35.4463
35.4407
35.4353
35.4302
35.4223
35.4188
35.4139
35.4076
35.4033
35.3988
35.3932
35.389
35.3851
35.3778
35.3677
35.3603
35.3574
35.3537
35.351
35.3496
35.3495
35.3492
35.3489
35.3474
35.3466
35.346
35.3456
35.3463
35.3485
35.3507
35.3517
35.3539
35.3579
35.3626
35.3661
35.3723
35.3758
35.3755
35.3742
35.3712
35.3709
35.368
35.3626
35.3541
35.3495
35.3456
35.3424
35.3386
35.3361
35.3358
35.335
35.3323
35.3281
35.324
35.3195
35.315
35.3096
35.3051
35.3007
35.2955
35.2904
35.285
35.2797
35.2781
35.278
35.2737
35.2712
35.271
35.2693
35.2667
35.2651
35.2626
35.2603
35.263
35.2677
35.2707
35.2718
35.2726
35.2739
35.275
35.274
35.2732
35.272
35.2715
35.2707
35.2693
35.2678
35.2661
35.2651
35.2636
35.2623
35.2589
35.2512
35.2437
35.2364
35.2266
35.2199
35.2166
35.215
35.2163
35.2172
35.2177
35.2183
35.2184
35.219
35.2194
35.2192
35.2192
35.2192
35.2178
35.2169
35.216
35.2166
35.218
35.2195
35.2217
35.225
35.2284
35.2319
35.239
35.2456
35.2525
35.2605
35.2654
35.2719
35.2775
35.2823
35.2864
35.2904
35.2958
35.3019
35.3096
35.3173
35.3237
35.331
35.3399
35.3488
35.3585
35.367
35.3749
35.3818
35.3875
35.3937
35.3992
35.4042
35.4082
35.4109
35.4135
35.4147
35.4161
35.4179
