106.093
106.0817
106.0705
106.0631
106.0576
106.0573
106.0696
106.0965
106.1222
106.152
106.1785
106.2068
106.2303
106.2458
106.2578
106.2727
106.2876
106.3033
106.3172
106.3328
106.3483
106.3663
106.3733
106.3857
106.378
106.3683
106.363
106.3618
106.3723
106.3786
106.3884
106.3953
106.4027
106.4106
106.4227
106.4333
106.4457
106.4573
106.4614
106.461
106.4582
106.4548
106.4484
106.4447
106.4455
106.4457
106.454
106.4618
106.463
106.4778
106.4875
106.5185
106.5472
106.5756
106.6042
106.6387
106.6704
106.706
106.7428
106.7828
106.8252
106.8593
106.8943
106.9315
106.9695
107.0066
107.034
107.0548
107.0743
107.093
107.1135
107.1347
107.1572
107.1797
107.2063
107.2318
107.2448
107.2563
107.2745
107.2988
107.3187
107.3392
107.3712
107.4001
107.4427
107.4911
107.5371
107.5877
107.6359
107.6857
107.7352
107.7842
107.8306
107.8757
107.9204
107.9684
108.0144
108.0557
108.0963
108.136
108.1754
108.2146
108.2509
108.2875
108.3212
108.3619
108.3931
108.4264
108.4604
108.4842
108.5162
108.5321
108.5499
108.5659
108.5847
108.6089
108.6373
108.6616
108.687
108.7073
108.732
108.7546
108.778
108.8
108.8198
108.841
108.862
108.8831
108.9061
108.9261
108.9555
108.9815
109.0068
109.0395
109.0743
109.1111
109.16
109.2055
109.2409
109.2699
109.3036
109.3367
109.3684
109.4004
109.4347
109.465
109.4966
109.5231
109.5485
109.5748
109.6036
109.6325
109.6615
109.6883
109.7085
109.7253
109.7431
109.7671
109.7826
109.802
109.818
109.8326
109.8453
109.8591
109.8731
109.8826
109.8964
109.9112
109.9266
109.9409
109.9561
109.9663
109.9754
109.9858
109.9946
109.9984
110.0038
110.0101
110.0151
110.0231
110.0293
110.0379
110.0459
110.0541
110.0539
110.0577
110.0491
110.0457
110.0453
110.0475
110.0395
110.0323
110.0213
110.0037
109.9829
109.9584
109.9323
109.9111
109.8866
