154.658
154.6719
154.6884
154.6935
154.6979
154.7029
154.7106
154.723
154.7322
154.7369
154.7296
154.7232
154.7145
154.7061
154.7009
154.6938
154.6881
154.6833
154.6716
154.6624
154.6529
154.6436
154.6129
154.5816
154.5289
154.4756
154.426
154.3788
154.3417
154.3045
154.2272
154.1562
154.0885
154.0226
153.9521
153.8788
153.8013
153.7236
153.6471
153.5712
153.4984
153.4251
153.3524
153.2743
153.1968
153.1216
153.0491
152.9795
152.9161
152.8646
152.8248
152.7798
152.7273
152.6778
152.6351
152.6081
152.5824
152.5815
152.5815
152.5804
152.5847
152.5774
152.5669
152.5503
152.5358
152.5219
152.5084
152.4952
152.4856
152.4861
152.4927
152.4922
152.4882
152.4754
152.4647
152.4545
152.4357
152.4224
152.4038
152.3854
152.3729
152.3637
152.3719
152.382
152.4042
152.4377
152.4671
152.492
152.5141
152.5371
152.5504
152.5606
152.574
152.5915
152.6115
152.6319
152.6506
152.6731
152.6959
152.7162
152.7333
152.7511
152.7653
152.8094
152.8543
152.9382
153.0073
153.082
153.163
153.2348
153.3011
153.3721
153.4541
153.5314
153.6096
153.689
153.7613
153.8191
153.8857
153.9585
154.0216
154.0795
154.1467
154.2122
154.2805
154.3476
154.415
154.4783
154.5393
154.5848
154.6328
154.6943
154.7558
154.8198
154.8881
154.9624
155.0373
155.1138
155.1947
155.2803
155.3608
155.4408
155.5262
155.6065
155.6958
155.7769
155.8561
155.9402
156.0284
156.121
156.2223
156.3235
156.4254
156.5272
156.6279
156.7325
156.834
156.9365
157.0468
157.1461
157.2459
157.3437
157.4555
157.5394
157.6315
157.6736
157.7299
157.7819
157.8232
157.8572
157.8917
157.9208
157.9459
157.9713
157.9946
158.0063
158.0241
158.0494
158.0688
158.083
158.099
158.1288
158.1528
158.1748
158.1925
158.2097
158.2281
158.2559
158.285
158.3225
158.3606
158.3929
158.4353
158.4792
158.5203
158.5533
158.5931
158.6286
158.6621
