115.1889
115.2379
115.3058
115.3663
115.4298
115.4959
115.5602
115.6065
115.6557
115.7049
115.7599
115.8188
115.8863
115.9577
116.0265
116.0858
116.1452
116.208
116.2719
116.3299
116.3802
116.4071
116.4404
116.4464
116.4622
116.4836
116.4974
116.4912
116.4699
116.4481
116.4117
116.3843
116.3663
116.3416
116.3145
116.2734
116.2432
116.2352
116.225
116.1995
116.1797
116.1525
116.1257
116.0969
116.0623
116.0334
116.0006
115.9666
115.9234
115.8744
115.8206
115.7703
115.7139
115.6579
115.5926
115.5223
115.441
115.3712
115.3085
115.2357
115.1569
115.102
115.0344
114.9745
114.9062
114.8321
114.764
114.6967
114.6234
114.5516
114.4816
114.401
114.3108
114.2041
114.0956
113.9955
113.9047
113.8124
113.7225
113.6225
113.5175
113.4263
113.3283
113.2493
113.1713
113.0823
112.9998
112.9146
112.8328
112.7458
112.6653
112.577
112.4886
112.4106
112.3349
112.261
112.1848
112.1025
112.034
111.9843
111.9358
111.8858
111.836
111.7978
111.761
111.7279
111.6922
111.6525
111.6305
111.6095
111.5831
111.5498
111.511
111.4872
111.4575
111.4302
111.3992
111.3682
111.3322
111.3013
111.2687
111.2342
111.2007
111.1692
111.137
111.1119
111.0842
111.0517
111.0266
110.9969
110.9647
110.9496
110.9452
110.9591
110.9736
110.9992
111.0236
111.0434
111.0617
111.0887
111.1264
111.1766
111.2335
111.2891
111.3295
111.3783
111.4262
111.4737
111.5214
111.5643
111.6101
111.6531
111.7008
111.7431
111.7918
111.8417
111.8924
111.9359
111.9709
111.9977
112.023
112.061
112.0864
112.0928
112.1114
112.1378
112.1658
112.1969
112.21
112.2242
112.2463
112.2618
112.2834
112.3021
112.3194
112.3422
112.3647
112.3851
112.4023
112.4161
112.4289
112.4506
112.4727
112.4957
112.5196
112.5434
112.5721
