51.0094
51.0132
51.0189
51.0247
51.0292
51.0359
51.046
51.0584
51.0681
51.077
51.0849
51.0905
51.0964
51.102
51.1079
51.1124
51.1179
51.1238
51.1289
51.1336
51.1391
51.1448
51.1523
51.1593
51.1664
51.1732
51.1797
51.1852
51.1885
51.1957
51.1999
51.2026
51.2044
51.2065
51.2094
51.2136
51.2182
51.22
51.2221
51.2225
51.2226
51.2239
51.2251
51.2264
51.2288
51.2322
51.2358
51.2389
51.2452
51.2538
51.2623
51.2697
51.2773
51.2838
51.2872
51.2895
51.291
51.2962
51.3017
51.3058
51.3123
51.3136
51.3181
51.3216
51.3234
51.3261
51.3254
51.3226
51.3217
51.3221
51.3222
51.3239
51.3267
51.3287
51.3294
51.3321
51.3362
51.3405
51.3417
51.3453
51.3499
51.3522
51.3533
51.3563
51.358
51.3597
51.3609
51.3621
51.3619
51.3589
51.3553
51.3525
51.3488
51.3467
51.3428
51.3389
51.3353
51.3335
51.3307
51.3285
51.3244
51.3201
51.3159
51.3132
51.308
51.2972
51.2832
51.2732
51.2614
51.2471
51.2314
51.2156
51.1994
51.1839
51.1717
51.1613
51.1524
51.1419
51.1311
51.1243
51.1132
51.1067
51.0972
51.0896
51.0831
51.0752
51.0682
51.0596
51.0512
51.041
51.0338
51.0288
51.0241
51.0183
51.0118
51.003
50.9936
50.9856
50.9821
50.9767
50.9696
50.9648
50.9593
50.9541
50.9494
50.9444
50.9411
50.938
50.9366
50.936
50.9365
50.938
50.94
50.9403
50.9411
50.9417
50.9406
50.9396
50.9378
50.9318
50.9289
50.924
50.9178
50.9086
50.9032
50.9031
50.9076
50.9063
50.9043
50.9031
50.9015
50.9051
50.9086
50.9141
50.9195
50.9227
50.9265
50.9307
50.9356
50.94
50.9458
50.9506
50.9546
50.9575
50.961
50.9646
50.9683
50.9728
50.9762
50.9812
50.9821
50.9806
50.9786
50.9782
50.9798
