39.5532
39.5353
39.522
39.5115
39.5016
39.4906
39.4763
39.4604
39.444
39.4298
39.4143
39.3972
39.3796
39.3633
39.3473
39.3329
39.3183
39.3043
39.2893
39.2736
39.254
39.2338
39.2143
39.198
39.1831
39.1717
39.1617
39.1546
39.1536
39.1502
39.1444
39.14
39.1355
39.1328
39.131
39.1306
39.1299
39.1264
39.1217
39.1171
39.1123
39.1081
39.1035
39.0991
39.0954
39.0933
39.0911
39.086
39.0796
39.0716
39.0621
39.0528
39.0451
39.043
39.0368
39.0336
39.0341
39.0335
39.0342
39.0351
39.0346
39.0331
39.0309
39.0294
39.0276
39.0278
39.0285
39.03
39.0313
39.0306
39.0293
39.0271
39.0217
39.0145
39.0064
38.9968
38.9898
38.9838
38.9783
38.9713
38.9672
38.964
38.9634
38.9591
38.9536
38.9461
38.9379
38.9293
38.9198
38.9108
38.9043
38.8977
38.8911
38.8828
38.8753
38.8685
38.8623
38.8542
38.8477
38.8385
38.826
38.8133
38.7991
38.7863
38.7753
38.7639
38.7501
38.7386
38.7286
38.7191
38.7104
38.7028
38.6944
38.6836
38.6771
38.6693
38.6606
38.6533
38.6466
38.6387
38.6317
38.6256
38.6205
38.616
38.612
38.6087
38.6054
38.5997
38.5958
38.5925
38.5891
38.587
38.5884
38.5904
38.5931
38.597
38.599
38.5977
38.5964
38.5969
38.5977
38.5984
38.5968
38.5946
38.5919
38.5893
38.5859
38.5805
38.574
38.5684
38.5609
38.5538
38.548
38.541
38.5342
38.5273
38.5235
38.5209
38.5183
38.5169
38.5186
38.5206
38.5235
38.5257
38.526
38.5255
38.5253
38.5272
38.529
38.5323
38.5345
38.534
38.5335
38.5331
38.5322
38.5306
38.5281
38.5239
38.5192
38.5109
38.5034
38.4954
38.4858
38.4762
38.4667
38.4557
38.4458
38.4381
38.4287
38.4194
38.4094
