69.6595
69.6013
69.5458
69.4939
69.4376
69.3848
69.3503
69.3238
69.2971
69.2701
69.2559
69.2438
69.2341
69.2289
69.2113
69.1891
69.1693
69.1441
69.1128
69.0763
69.0432
69.0153
68.9978
68.9805
68.9637
68.9437
68.9115
68.8822
68.841
68.8068
68.7696
68.734
68.7012
68.6713
68.6432
68.6181
68.5889
68.5651
68.5461
68.5233
68.5003
68.4792
68.4584
68.4392
68.417
68.393
68.3698
68.347
68.324
68.2965
68.2728
68.2595
68.2463
68.2361
68.2277
68.2262
68.2264
68.2452
68.2617
68.2719
68.2786
68.2877
68.293
68.3038
68.3219
68.3342
68.3502
68.3607
68.3779
68.3922
68.4027
68.4097
68.4147
68.4222
68.4299
68.4376
68.4396
68.4465
68.4589
68.473
68.4869
68.4965
68.4937
68.4935
68.4935
68.4996
68.5156
68.5285
68.5468
68.559
68.575
68.5866
68.5945
68.5953
68.5981
68.5954
68.5927
68.5909
68.5865
68.5824
68.5785
68.5724
68.5675
68.5707
68.5716
68.5805
68.5879
68.5939
68.6076
68.6299
68.6487
68.6599
68.6717
68.6815
68.6936
68.7016
68.7046
68.701
68.7029
68.7052
68.708
68.7118
68.7157
68.7147
68.7178
68.7223
68.7258
68.7298
68.7338
68.7398
68.7457
68.7544
68.7639
68.7706
68.7742
68.7766
68.7857
68.7894
68.7885
68.7869
68.7867
68.7834
68.7832
68.7814
68.7739
68.7693
68.7614
68.7523
68.7451
68.7437
68.7397
68.7352
68.7312
68.728
68.7217
68.7211
68.7193
68.7136
68.7088
68.7033
68.6969
68.6921
68.6877
68.6797
68.6736
68.6628
68.6507
68.6431
68.6254
68.6013
68.5796
68.5499
68.5199
68.494
68.4697
68.4504
68.4334
68.419
68.4008
68.3828
68.3654
68.3448
68.3256
68.3096
68.2947
68.2785
68.2614
68.2411
68.2226
68.2051
68.1882
68.1701
68.1511
68.1321
68.1125
