81.4894
81.4978
81.5103
81.5281
81.5454
81.5595
81.5724
81.5871
81.6012
81.6152
81.6311
81.6469
81.6647
81.6837
81.7011
81.7187
81.7364
81.7552
81.7746
81.7968
81.8309
81.8666
81.9006
81.9323
81.9623
81.9947
82.0299
82.0564
82.0722
82.0866
82.1049
82.1252
82.1495
82.1748
82.2007
82.2281
82.2552
82.2809
82.3065
82.3317
82.3566
82.3819
82.4055
82.4307
82.4554
82.4841
82.5128
82.5483
82.5858
82.6203
82.6524
82.6834
82.7162
82.7439
82.7656
82.7895
82.8158
82.8375
82.8613
82.8832
82.9101
82.9372
82.962
82.9816
83.0009
83.0245
83.0488
83.0711
83.0928
83.115
83.1364
83.159
83.1773
83.2004
83.2276
83.2559
83.2844
83.3129
83.3392
83.3615
83.3747
83.387
83.4025
83.4202
83.4377
83.453
83.4636
83.4781
83.4964
83.5157
83.5296
83.5419
83.5499
83.556
83.563
83.5684
83.5748
83.58
83.5843
83.5871
83.59
83.5888
83.5914
83.5917
83.5939
83.5918
83.5928
83.5823
83.5697
83.5591
83.5528
83.5458
83.5377
83.5356
83.5427
83.5425
83.5397
83.5382
83.5322
83.5255
83.516
83.5088
83.5027
83.4954
83.4907
83.4821
83.4735
83.4656
83.4572
83.4502
83.4433
83.431
83.422
83.4046
83.3828
83.3577
83.3362
83.3122
83.2902
83.2695
83.2465
83.2218
83.1965
83.1706
83.1444
83.1205
83.0966
83.0714
83.0425
83.0151
82.9921
82.9698
82.9491
82.9319
82.9129
82.8914
82.8729
82.8554
82.8386
82.8236
82.8092
82.8017
82.7907
82.7797
82.7638
82.7469
82.7312
82.72
82.7072
82.6943
82.6814
82.6699
82.6565
82.6443
82.6304
82.6169
82.6043
82.5924
82.5812
82.5719
82.5638
82.5563
82.5493
82.5447
82.5349
82.5285
82.5218
