28.8563
28.8419
28.8261
28.8063
28.7885
28.7715
28.755
28.7369
28.7193
28.7009
28.6825
28.663
28.6438
28.6253
28.6073
28.5897
28.5737
28.5571
28.5396
28.5223
28.5052
28.486
28.4645
28.4417
28.4195
28.399
28.3807
28.3633
28.3505
28.3382
28.3272
28.3153
28.3032
28.2926
28.2818
28.2711
28.2609
28.2516
28.2418
28.2323
28.2268
28.2215
28.2148
28.2106
28.2062
28.2013
28.1976
28.1945
28.1946
28.1953
28.1956
28.1968
28.1977
28.2007
28.2027
28.2062
28.2088
28.2079
28.2084
28.2084
28.2071
28.204
28.2019
28.2021
28.2021
28.2018
28.2003
28.1999
28.199
28.1987
28.1989
28.1999
28.2006
28.2013
28.2017
28.2034
28.2028
28.2015
28.2017
28.2028
28.2032
28.2058
28.2118
28.2194
28.2254
28.2299
28.2334
28.2362
28.2366
28.2366
28.2374
28.2375
28.237
28.2357
28.2356
28.2351
28.2331
28.2319
28.2334
28.2344
28.2349
28.2359
28.2375
28.2396
28.243
28.2472
28.2484
28.2503
28.2523
28.2523
28.2547
28.2575
28.2602
28.2616
28.2633
28.2645
28.2663
28.2685
28.2707
28.2729
28.2775
28.2829
28.288
28.2938
28.299
28.3053
28.3108
28.316
28.3225
28.3287
28.3369
28.3436
28.3512
28.3594
28.3662
28.3722
28.3767
28.3831
28.3903
28.3966
28.404
28.4116
28.418
28.4237
28.4302
28.4373
28.4434
28.4495
28.4547
28.4602
28.4656
28.4714
28.4767
28.4833
28.4893
28.4958
28.5028
28.5051
28.5052
28.5031
28.5029
28.5022
28.5034
28.5042
28.5031
28.5022
28.5039
28.5034
28.5036
28.5053
28.5048
28.5027
28.5003
28.4974
28.4952
28.4929
28.49
28.4869
28.4833
28.4802
28.4763
28.4739
28.4704
28.4674
28.4664
28.4637
28.4595
28.4558
28.4516
28.449
28.4442
28.4392
28.4345
28.4287
28.4248
28.4203
28.4188
28.4168
28.4141
