66.1625
66.1622
66.164
66.1654
66.1612
66.1584
66.1561
66.1547
66.1522
66.1517
66.1507
66.1529
66.1558
66.1599
66.1636
66.1662
66.1713
66.1757
66.1782
66.18
66.1803
66.1828
66.1796
66.1771
66.1708
66.166
66.158
66.1507
66.1468
66.142
66.1388
66.1333
66.1274
66.1234
66.1164
66.1129
66.1058
66.0976
66.0886
66.0793
66.0708
66.0629
66.0551
66.0478
66.0431
66.0382
66.034
66.0291
66.0239
66.0191
66.0156
66.0139
66.0142
66.0154
66.0205
66.0285
66.0335
66.0367
66.0381
66.0446
66.0507
66.0554
66.0607
66.0633
66.0715
66.0813
66.0908
66.0988
66.106
66.1141
66.1237
66.1297
66.1331
66.1379
66.1436
66.1482
66.1477
66.1446
66.1461
66.1426
66.1386
66.1303
66.1276
66.1261
66.1273
66.1303
66.1373
66.146
66.1536
66.1616
66.1705
66.1805
66.1926
66.2035
66.216
66.2273
66.2399
66.2534
66.2674
66.2812
66.2956
66.3074
66.3187
66.3294
66.3446
66.3553
66.3651
66.3759
66.3869
66.3932
66.4034
66.4161
66.4261
66.4351
66.4411
66.4461
66.4493
66.4533
66.4558
66.4576
66.4593
66.4621
66.4639
66.4668
66.4684
66.4696
66.4706
66.4746
66.4798
66.483
66.4934
66.503
66.5165
66.529
66.5393
66.553
66.5738
66.5972
66.6185
66.6426
66.6687
66.696
66.7224
66.7452
66.7701
66.7918
66.811
66.8302
66.848
66.8659
66.8822
66.8984
66.9135
66.9289
66.9438
66.959
66.974
66.9881
67.0018
67.0213
67.0418
67.0603
67.0798
67.0981
67.11
67.1284
67.1462
67.163
67.1797
67.2005
67.2158
67.2273
67.2393
67.2497
67.2585
67.2658
67.2745
67.2831
67.2929
67.303
67.3144
67.3244
67.3347
67.3452
67.3575
67.3714
67.3882
67.4052
67.4185
67.4305
67.4347
67.4404
67.443
67.4447
67.4489
67.4505
67.4497
67.4502
67.4513
