79.6091
79.6165
79.6265
79.6327
79.6447
79.6592
79.6734
79.6892
79.699
79.708
79.7138
79.7178
79.7206
79.7205
79.7213
79.7209
79.7217
79.7249
79.7271
79.7306
79.7341
79.7341
79.7254
79.7154
79.7036
79.6983
79.6915
79.6888
79.685
79.6788
79.6751
79.6676
79.6609
79.6554
79.6481
79.6412
79.6323
79.6237
79.61
79.5982
79.5873
79.5778
79.5665
79.5557
79.5472
79.5398
79.5338
79.5227
79.5082
79.4915
79.4783
79.4667
79.4502
79.4338
79.4188
79.409
79.398
79.3825
79.3685
79.3567
79.3448
79.3325
79.3192
79.306
79.2921
79.2743
79.2531
79.229
79.2047
79.18
79.1584
79.1352
79.1135
79.0957
79.078
79.0617
79.0414
79.0202
78.996
78.9742
78.9584
78.9402
78.9305
78.9217
78.9122
78.8989
78.8866
78.8731
78.8579
78.845
78.8294
78.8145
78.8018
78.7878
78.7761
78.7655
78.7569
78.7492
78.7415
78.7327
78.7245
78.7147
78.705
78.6969
78.6884
78.6762
78.6615
78.654
78.6508
78.6501
78.645
78.6376
78.634
78.6298
78.6247
78.6198
78.6169
78.6139
78.6121
78.6103
78.6088
78.608
78.6052
78.6019
78.6001
78.6004
78.6032
78.611
78.6201
78.6261
78.6376
78.6481
78.6628
78.674
78.6873
78.7018
78.721
78.739
78.7591
78.7793
78.7935
78.8111
78.829
78.8471
78.8658
78.8828
78.8982
78.9134
78.9313
78.9501
78.97
78.99
79.008
79.025
79.039
79.0509
79.0631
79.0741
79.0885
79.0998
79.1115
79.1278
79.1426
79.1552
79.1692
79.1859
79.2032
79.2188
79.2338
79.2468
79.2571
79.2683
79.2781
79.2889
79.3016
79.3099
79.3182
79.3269
79.3325
79.3384
79.3443
79.3507
79.3577
79.3657
79.3725
79.3792
79.3924
79.4008
79.4069
79.4179
79.4199
79.4246
79.4244
79.4267
79.4264
79.4264
79.4236
79.4232
79.4225
