110.5812
110.5949
110.5981
110.6213
110.6484
110.6826
110.7248
110.775
110.8206
110.8608
110.9002
110.9405
110.983
111.0167
111.0501
111.0814
111.1184
111.1526
111.1821
111.2131
111.2443
111.2733
111.295
111.2975
111.3112
111.3198
111.3298
111.3369
111.3533
111.3679
111.3871
111.4039
111.4168
111.4274
111.4369
111.446
111.456
111.4623
111.4766
111.4921
111.5026
111.5108
111.5273
111.542
111.5575
111.5717
111.5798
111.5887
111.5977
111.6122
111.6204
111.6321
111.6411
111.6571
111.6726
111.6594
111.6677
111.6744
111.6831
111.6974
111.7054
111.7133
111.7215
111.7285
111.7367
111.7433
111.7486
111.7506
111.7463
111.7514
111.7578
111.7539
111.7503
111.7516
111.7518
111.7394
111.7276
111.7258
111.7271
111.7281
111.7281
111.7291
111.7296
111.7554
111.7716
111.7936
111.8102
111.8286
111.843
111.8572
111.871
111.8787
111.8916
111.9021
111.9106
111.9217
111.9318
111.9418
111.9524
111.9621
111.9725
111.9826
111.9892
111.9915
111.9959
112.0024
112.0146
112.0276
112.0382
112.0405
112.0457
112.0485
112.0573
112.0607
112.0607
112.0615
112.0637
112.0637
112.0641
112.0637
112.0626
112.0551
112.0561
112.0535
112.0478
112.0372
112.0282
112.0187
112.0134
112.0216
112.0286
112.0349
112.0457
112.0611
112.0771
112.1087
112.1384
112.1635
112.1922
112.225
112.2588
112.2917
112.3327
112.3653
112.4005
112.4278
112.4618
112.4962
112.5296
112.5619
112.5904
112.6181
112.6449
112.6734
112.7059
112.7376
112.7668
112.7906
112.8046
112.8238
112.8512
112.8776
112.9035
112.9338
112.9598
112.9828
113.002
113.0296
113.0563
113.0788
113.1068
113.1296
113.1439
113.1569
113.1707
113.188
113.2031
113.219
113.2352
113.2491
113.2637
113.2769
113.2877
113.2985
113.3103
113.3186
113.3244
113.3231
113.3261
113.3131
113.304
113.3053
113.3043
113.2985
113.291
113.2848
113.278
113.273
