44.4666
44.5109
44.5608
44.6025
44.645
44.6879
44.7296
44.7689
44.8051
44.8372
44.8672
44.8988
44.9312
44.9651
44.999
45.0362
45.0736
45.111
45.1458
45.1824
45.2183
45.2553
45.2841
45.3199
45.3488
45.3833
45.4245
45.4683
45.5178
45.5681
45.6189
45.6688
45.7168
45.7658
45.8157
45.8658
45.9144
45.9634
46.0112
46.0572
46.103
46.1462
46.187
46.2234
46.2556
46.2816
46.3057
46.327
46.3495
46.3758
46.4003
46.4246
46.4496
46.4685
46.4887
46.5149
46.5362
46.5415
46.5436
46.5466
46.5448
46.5383
46.5287
46.5265
46.5252
46.5268
46.5248
46.5253
46.5251
46.5275
46.5302
46.5309
46.5297
46.5278
46.526
46.5212
46.5127
46.5078
46.4984
46.4866
46.4768
46.4677
46.4682
46.4624
46.4673
46.4678
46.4643
46.4605
46.4553
46.4509
46.4458
46.4367
46.4294
46.4211
46.4143
46.4061
46.4003
46.3944
46.3873
46.3802
46.37
46.3642
46.3582
46.3555
46.3528
46.3557
46.3591
46.366
46.3723
46.3785
46.3842
46.3872
46.3894
46.3985
46.4055
46.4109
46.4174
46.4263
46.4382
46.4494
46.4606
46.4724
46.4832
46.4933
46.5015
46.5109
46.5217
46.5309
46.5415
46.5513
46.5682
46.5827
46.5953
46.6085
46.621
46.6353
46.6534
46.6683
46.6836
46.7018
46.7188
46.7333
46.747
46.7619
46.7763
46.7898
46.8013
46.8117
46.8224
46.8313
46.8401
46.8503
46.8586
46.8681
46.8766
46.8859
46.8935
46.9042
46.9135
46.9222
46.9294
46.9392
46.948
46.9528
46.9568
46.9558
46.9521
46.9466
46.9377
46.9275
46.9165
46.9062
46.8975
46.8863
46.8753
46.8655
46.8562
46.8463
46.8351
46.8243
46.8131
46.8021
46.7903
46.7801
46.7732
46.7665
46.7606
46.7543
46.7474
46.7397
46.7246
46.7121
46.7019
46.6934
46.6866
46.6814
46.676
46.6701
46.667
