68.9347
68.9413
68.9484
68.9569
68.9644
68.9725
68.9832
68.9979
69.0165
69.0362
69.0548
69.0737
69.091
69.1074
69.1228
69.1405
69.1582
69.1744
69.1919
69.2052
69.2157
69.223
69.2273
69.2342
69.2451
69.2569
69.2697
69.2882
69.3056
69.3234
69.3377
69.3534
69.3731
69.3907
69.4081
69.4232
69.437
69.4549
69.4702
69.4878
69.5081
69.5269
69.5473
69.5623
69.5752
69.5942
69.6178
69.642
69.6641
69.6858
69.7065
69.726
69.7445
69.7667
69.7916
69.8118
69.8308
69.85
69.8681
69.8844
69.8988
69.9144
69.9311
69.9494
69.9689
69.9826
69.995
70.005
70.0146
70.0232
70.0327
70.0386
70.0572
70.0749
70.0956
70.1123
70.1284
70.1439
70.1581
70.1779
70.1982
70.2188
70.2415
70.2633
70.2811
70.2989
70.3141
70.3264
70.3396
70.3537
70.3679
70.3801
70.3913
70.4078
70.4226
70.4377
70.4511
70.4626
70.4746
70.4842
70.4894
70.4946
70.5018
70.5155
70.5312
70.545
70.5575
70.5691
70.5801
70.5876
70.5983
70.6119
70.6277
70.6436
70.6584
70.6731
70.6911
70.7079
70.7204
70.7324
70.7441
70.755
70.7652
70.7752
70.7867
70.8035
70.8239
70.8474
70.8705
70.8926
70.9156
70.9429
70.9597
70.9807
70.9972
71.0161
71.036
71.0579
71.0769
71.0961
71.1156
71.1355
71.1545
71.1715
71.1869
71.2007
71.2153
71.2281
71.2395
71.2471
71.2592
71.2649
71.271
71.276
71.2812
71.2887
71.296
71.304
71.3118
71.3191
71.3273
71.337
71.343
71.35
71.357
71.3625
71.3678
71.3724
71.3791
71.3851
71.3901
71.3939
71.3974
71.4002
71.4046
71.4076
71.408
71.4098
71.4105
71.4128
71.4176
71.4204
71.4232
71.4277
71.4297
71.4329
71.4316
71.4277
71.421
